# Bundle file v0.3
9 390
0 0 0
0 0 0
0 0 0
0 0 0
0 0 0
0 0 0
0 0 0
0 0 0
0 0 0
0 0 0
0 0 0
0 0 0
0 0 0
0 0 0
0 0 0
0 0 0
0 0 0
0 0 0
0 0 0
0 0 0
0 0 0
0 0 0
0 0 0
0 0 0
0 0 0
6.9205424031e+002 -1.1504940028e-001 -4.0434764070e-002
9.6925386230e-001 9.3301019479e-002 2.2768809844e-001
-8.3134926107e-002 9.9508174476e-001 -5.3860052916e-002
-2.3159346810e-001 3.3275231074e-002 9.7224339778e-001
1.2515485719e+000 -3.2395228807e-001 -1.1289628457e-001
6.9265792516e+002 -1.1426850581e-001 -2.6331283899e-002
9.9999770329e-001 2.1317326640e-003 -2.2164237863e-004
-2.1329013311e-003 9.9998307241e-001 -5.4134662746e-003
2.1009856387e-004 5.4139265828e-003 9.9998532252e-001
-1.2356103954e-002 -2.6262753435e-002 -1.7059948248e-001
6.9614681854e+002 -1.2428432359e-001 1.7872586684e-002
9.9697052863e-001 5.3599311028e-002 5.6363808345e-002
-5.0343813844e-002 9.9706531042e-001 -5.7673799595e-002
-5.9289673987e-002 5.4661509396e-002 9.9674312335e-001
5.8042202094e-001 -7.3545924913e-001 -6.1589415169e-001
0 0 0
0 0 0
0 0 0
0 0 0
0 0 0
1.9173079932e+000 -1.1592495303e+000 -6.8060924237e+000
203 182 70
3 6 347 186.6000 -113.1100 7 506 185.2800 -144.2900 5 342 138.2400 -120.9400
2.2067601568e+000 -8.9205357918e-001 -6.2560142302e+000
221 195 83
3 6 526 232.6400 -94.3100 7 513 231.1000 -133.6500 5 506 191.1500 -107.3000
2.2067601568e+000 -8.9205357918e-001 -6.2560142302e+000
221 195 83
3 6 525 232.6400 -94.3100 7 512 231.1000 -133.6500 5 505 191.1500 -107.3000
2.2257747369e+000 -8.8160381923e-001 -6.2155409021e+000
177 153 51
3 6 796 235.9500 -93.7400 7 762 234.5900 -133.5800 5 503 194.9600 -107.2700
2.2263971817e+000 -7.7781531845e-001 -6.2326580862e+000
214 189 76
3 6 533 235.6400 -82.6300 7 524 234.7100 -123.2100 5 349 195.4300 -96.4200
2.2166488203e+000 -8.1860084042e-001 -6.2419821214e+000
215 192 85
3 6 799 234.1800 -86.7600 7 771 233.2600 -126.9300 5 722 193.5500 -100.3200
2.5568610514e+000 -4.8656555919e-001 -5.3970972010e+000
226 181 185
3 6 184 308.2200 -59.3600 7 187 306.7600 -113.6100 5 170 278.3900 -82.7800
2.1854939439e+000 -9.8946767002e-001 -6.2965752463e+000
212 189 70
3 6 348 228.6400 -104.2600 7 351 227.0900 -141.5900 5 344 186.2100 -116.0100
2.2347957602e+000 -6.9986937695e-001 -6.2020683045e+000
215 190 73
3 6 350 237.6400 -74.5900 7 357 237.4500 -116.4200 5 352 198.5300 -89.3100
1.9216332350e+000 -1.1197592027e+000 -6.8148783617e+000
41 28 0
3 6 790 186.9300 -109.1500 7 753 185.5800 -140.7200 5 704 138.6900 -116.9400
1.9216332350e+000 -1.1197592027e+000 -6.8148783617e+000
41 28 0
3 6 791 186.9300 -109.1500 7 754 185.5800 -140.7200 5 705 138.6900 -116.9400
2.5698426302e+000 -3.7078932896e-001 -5.3966049525e+000
234 192 195
3 6 549 309.9200 -45.2700 7 531 309.3300 -101.2900 5 530 281.0800 -69.8400
2.5615131988e+000 -4.2194792505e-001 -5.4131142277e+000
240 179 181
3 6 813 308.0100 -51.3500 7 787 307.1300 -106.4500 5 741 278.5100 -75.1800
-9.3053204999e-001 5.2184569459e-001 -4.5764543986e+000
22 27 46
3 6 52 -136.5200 75.6800 7 55 -78.7900 13.0000 5 30 -102.4300 82.8000
-9.3053204999e-001 5.2184569459e-001 -4.5764543986e+000
22 27 46
3 6 53 -136.5200 75.6800 7 56 -78.7900 13.0000 5 31 -102.4300 82.8000
-9.3053204999e-001 5.2184569459e-001 -4.5764543986e+000
22 27 46
3 6 54 -136.5200 75.6800 7 57 -78.7900 13.0000 5 32 -102.4300 82.8000
-8.9149995839e-001 -2.4727996107e-001 -5.0706197109e+000
23 24 28
3 6 69 -118.7600 -32.0200 7 72 -75.0000 -79.6900 5 44 -112.5200 -31.6400
8.7625417878e-001 5.2470278585e-002 -5.6799624842e+000
210 177 196
3 6 47 101.8400 6.4900 7 51 125.1200 -43.7100 5 46 95.9400 -4.6500
5.2920401069e-002 3.5050279851e-001 -5.5490792216e+000
144 19 27
3 6 51 5.2000 42.7500 7 82 38.7800 -8.4300 5 49 8.8000 40.8200
-9.7450846115e-001 6.3778155911e-001 -4.5807584058e+000
201 211 244
3 6 82 -142.6700 92.1100 7 86 -84.0400 29.3100 5 50 -107.6500 101.9400
1.0450683974e+000 -1.1361054650e-002 -5.5006375343e+000
173 109 126
3 6 137 125.8900 0.0900 7 102 147.3800 -53.9900 5 67 121.9300 -16.6700
1.0125138206e+000 5.7451761222e-001 -5.5329236049e+000
213 194 208
3 6 77 121.3100 70.0300 7 83 147.1100 11.8300 5 74 123.8500 55.3800
1.0125138206e+000 5.7451761222e-001 -5.5329236049e+000
213 194 208
3 6 78 121.3100 70.0300 7 84 147.1100 11.8300 5 75 123.8500 55.3800
3.6395896872e-001 4.9558359001e-001 -5.4168287797e+000
73 2 3
3 6 104 43.5200 61.2500 7 110 77.2200 6.3200 5 76 52.9600 54.8300
-9.1308452511e-001 3.9137301764e-001 -4.6330456223e+000
190 201 238
3 6 76 -132.4400 56.2900 7 109 -77.1900 -4.1700 5 77 -102.1300 61.2400
4.5849826227e-001 1.0079623454e+000 -5.5833187222e+000
163 18 29
3 6 112 53.8700 121.3600 7 114 87.7000 64.2300 5 111 63.6800 115.4300
2.3647729920e+000 -1.1541009441e+000 -5.9007615856e+000
202 197 105
3 6 130 262.0300 -128.7200 7 131 257.7300 -168.6600 5 116 220.9600 -142.5300
-6.6900517795e-003 4.5172039270e-001 -5.5203829712e+000
224 55 95
3 6 142 -1.9600 55.0100 7 202 32.6700 3.5800 5 148 3.8900 54.2200
-6.6900517795e-003 4.5172039270e-001 -5.5203829712e+000
224 55 95
3 6 143 -1.9600 55.0100 7 203 32.6700 3.5800 5 149 3.8900 54.2200
8.3513938175e-001 5.6748772621e-001 -5.5350531766e+000
95 0 2
3 6 148 99.7600 69.1500 7 150 127.7900 12.1200 5 150 103.7200 56.8800
-6.0920881383e-001 4.4628894225e-001 -4.6504765052e+000
108 54 70
3 6 147 -88.6900 64.0700 7 148 -35.6400 0.9500 5 151 -54.9600 65.0800
1.5394451161e-001 6.5663301632e-001 -5.4351393492e+000
218 203 221
3 6 152 17.7300 81.4300 7 152 53.7800 25.9700 5 153 28.5700 77.8600
-9.8006098046e-001 5.2174545621e-001 -4.5566958164e+000
17 20 27
3 6 151 -143.7200 76.1100 7 206 -86.2700 12.5800 5 154 -110.0700 84.2400
3.9896691778e-001 1.0997841988e+000 -5.5828033059e+000
171 150 172
3 6 158 46.6800 132.2400 7 160 81.7200 75.0400 5 159 57.8300 127.6300
2.5568610514e+000 -4.8656555919e-001 -5.3970972010e+000
226 181 185
3 6 185 308.2200 -59.3600 7 188 306.7600 -113.6100 5 171 278.3900 -82.7800
9.6913320685e-001 1.5776452731e-001 -5.7375736709e+000
99 3 5
3 6 139 112.1900 19.0000 7 141 133.5200 -32.2400 5 202 104.9900 7.0500
-5.2174161815e-001 3.1109326712e-001 -4.5856176274e+000
156 98 112
3 6 204 -77.4400 45.4100 7 267 -24.4800 -18.2200 5 203 -42.0100 42.7700
1.0526648903e+000 6.6497998993e-001 -5.5320006952e+000
45 10 7
3 6 214 125.7400 80.4100 7 151 152.5800 22.0300 5 208 129.4400 65.9400
1.1298426296e-001 5.8255735763e-001 -5.4181417911e+000
82 11 26
3 6 209 12.9700 72.5900 7 281 48.4300 17.4500 5 210 23.3300 69.1700
-6.2524212962e-001 4.9050828687e-001 -4.6396662390e+000
235 181 194
3 6 208 -91.0600 70.9300 7 275 -37.4500 6.7200 5 211 -56.6700 72.0300
-1.0207221256e+000 4.6896532824e-001 -4.5895926081e+000
183 230 255
3 6 280 -149.1700 67.6200 7 276 -91.3800 6.7000 5 215 -117.5900 75.8000
9.6536720606e-001 -2.6235848806e-002 -5.6336608093e+000
66 13 22
3 6 384 113.6800 -2.4400 7 377 134.6200 -53.5200 5 264 106.9900 -15.3900
1.2541533427e+000 9.0917786577e-002 -5.5307446855e+000
95 35 39
3 6 269 150.5900 11.3300 7 260 169.3700 -43.5700 5 267 145.0000 -4.7500
1.1281741680e+000 9.7751647766e-002 -5.5868388223e+000
172 101 113
3 6 389 133.9300 11.7800 7 261 154.3400 -41.2100 5 268 128.6500 -2.2500
7.2293136990e-001 1.6618687614e-001 -5.7009998136e+000
111 13 20
3 6 275 83.9800 19.6500 7 265 107.9400 -30.0500 5 273 79.8700 10.4500
2.1038066251e+000 3.4331516527e-001 -6.4568725054e+000
147 111 51
3 6 277 216.2500 35.8300 7 388 224.0600 -12.4600 5 275 184.9800 19.3900
9.1947057461e-001 6.1262609419e-001 -5.5295672695e+000
104 11 16
3 6 282 110.3100 74.3300 7 279 137.0200 16.5700 5 286 114.2200 61.6600
-1.0315364396e-001 6.1565976057e-001 -5.4329556359e+000
106 9 21
3 6 284 -13.8700 76.3700 7 285 23.5400 22.9100 5 287 -3.5000 76.2400
-9.4165541345e-001 4.8960834214e-001 -4.5997018866e+000
255 254 254
3 6 281 -137.4800 70.8400 7 277 -80.3100 8.8500 5 288 -105.0000 77.5100
-9.5226164579e-001 7.7718349364e-001 -4.5502391960e+000
224 166 176
3 6 296 -140.0200 113.4000 7 295 -80.4300 48.0300 5 300 -101.7300 123.9500
-9.8562004432e-001 7.7418654187e-001 -4.5502536364e+000
227 167 179
3 6 427 -144.8000 112.9700 7 420 -85.1200 47.8800 5 301 -107.0800 124.0500
-1.0964750788e+000 7.7266044164e-001 -4.5594963952e+000
133 74 96
3 6 621 -160.5600 112.1700 7 421 -100.0800 48.4700 5 302 -125.0500 125.9200
4.3131277241e-001 1.1506012896e+000 -5.5787500827e+000
161 21 32
3 6 301 50.6900 138.3900 7 301 85.6600 80.4200 5 303 62.3000 133.5100
1.6058246608e+000 1.3011624152e+000 -5.3170999064e+000
69 31 28
3 6 220 198.3700 161.6700 7 218 225.5300 90.8900 5 304 208.4600 136.3000
1.6058246608e+000 1.3011624152e+000 -5.3170999064e+000
69 31 28
3 6 221 198.3700 161.6700 7 219 225.5300 90.8900 5 305 208.4600 136.3000
2.7126489266e+000 -2.8725830025e+000 -9.8616618531e+000
59 47 61
3 6 332 182.6200 -192.8900 7 334 163.5400 -201.2600 5 331 89.7800 -189.0300
2.3110515993e+000 -2.2515334373e+000 -1.0847258689e+001
121 117 134
3 6 509 142.7700 -138.2400 7 504 127.0100 -145.6700 5 337 49.5900 -132.9200
9.2416266142e-001 -3.8279452983e-002 -5.6719866425e+000
173 134 153
3 6 380 108.0300 -4.3600 7 376 129.1000 -54.1500 5 379 100.7300 -15.4800
2.1478891715e+000 6.0444070329e-001 -6.3229725738e+000
111 64 25
3 6 403 225.1300 63.6500 7 397 234.4000 12.2900 5 399 198.4400 44.8300
-9.2057101366e-001 4.2153097013e-001 -4.5902159154e+000
165 216 253
3 6 402 -134.6900 61.1200 7 573 -78.2300 -0.4900 5 411 -102.3800 66.4200
-1.0496180760e+000 4.4133459494e-001 -4.6090814538e+000
168 157 198
3 6 597 -152.6200 63.4900 7 882 -95.1300 2.9000 5 417 -122.9700 71.9800
-6.7111927275e-001 6.2826159616e-001 -4.5690208515e+000
170 104 126
3 6 416 -99.1700 91.5100 7 407 -42.6600 25.7000 5 422 -59.9800 94.9900
-9.7747029762e-001 7.4160771073e-001 -4.5381468131e+000
174 107 127
3 6 424 -144.2600 108.2900 7 592 -84.0400 43.5300 5 430 -106.1400 118.9700
-9.7747029762e-001 7.4160771073e-001 -4.5381468131e+000
174 107 127
3 6 425 -144.2600 108.2900 7 593 -84.0400 43.5300 5 431 -106.1400 118.9700
1.7258596875e+000 1.4270821413e+000 -5.4677976743e+000
69 30 30
3 6 308 207.4000 172.1400 7 308 232.5700 102.9200 5 446 213.2200 146.8100
3.0033367584e+000 -3.0367746523e+000 -9.1531776661e+000
56 47 63
3 6 676 215.9600 -218.4400 7 650 195.3000 -228.2500 5 466 124.6100 -215.4300
2.5372884723e+000 -2.9228718274e+000 -1.0273424468e+001
103 99 121
3 6 482 164.3700 -188.9100 7 689 145.7200 -195.7800 5 479 69.7800 -183.4000
2.2827786390e+000 -3.0237839159e+000 -1.1039312898e+001
108 101 118
3 6 485 138.0000 -182.4600 7 707 119.4700 -186.1400 5 483 40.0200 -175.1400
1.7516208006e+000 -3.3707873892e+000 -1.2479064302e+001
97 90 106
3 6 486 93.8900 -180.3500 7 489 74.5900 -179.1000 5 486 -11.1600 -169.6500
2.6292570477e+000 -2.5945091942e+000 -1.0088378845e+001
119 113 129
3 6 493 173.5700 -170.8800 7 713 155.9600 -179.5600 5 488 81.5200 -166.8300
2.4007684196e+000 -2.5727135197e+000 -1.0626823774e+001
64 53 67
3 6 753 150.9400 -161.1800 7 735 133.9300 -168.0300 5 492 56.9800 -155.7900
2.3119028614e+000 -2.3667485254e+000 -1.0955727193e+001
73 53 61
3 6 504 141.5800 -144.0300 7 748 124.7300 -150.7400 5 496 47.1300 -137.8800
2.2645759146e+000 -2.3729019345e+000 -1.1014703534e+001
124 120 134
3 6 505 137.8000 -143.6800 7 498 121.4700 -149.9600 5 497 43.2700 -137.3900
2.2645759146e+000 -2.3729019345e+000 -1.1014703534e+001
124 120 134
3 6 506 137.8000 -143.6800 7 497 121.4700 -149.9600 5 498 43.2700 -137.3900
2.5419846063e+000 -5.9401499680e-001 -5.4696706467e+000
240 183 194
3 6 537 302.5600 -71.4400 7 775 300.5200 -123.4800 5 515 270.6700 -93.1100
2.5613826276e+000 -5.5909762233e-001 -5.4081232284e+000
243 196 214
3 6 538 307.9800 -67.9600 7 779 306.0100 -121.2400 5 517 277.0600 -90.6400
2.5699365696e+000 -4.7316387261e-001 -5.3859671702e+000
234 171 187
3 6 541 310.3000 -57.8500 7 784 308.8300 -112.4200 5 523 280.5600 -81.5800
2.2335241403e+000 -6.0380752741e-001 -6.2123022784e+000
177 147 41
3 6 807 237.2500 -64.3000 7 788 237.7000 -106.8100 5 524 199.0300 -79.4900
2.5741513782e+000 -4.1928164684e-001 -5.3560157062e+000
237 187 201
3 6 355 312.4100 -51.6000 7 528 311.5200 -107.4000 5 528 283.6500 -75.9800
9.7248140805e-001 1.3288310939e-002 -5.6344526887e+000
171 124 141
3 6 851 114.4000 1.7200 7 835 135.7400 -49.2400 5 562 108.2900 -10.2400
-5.4857544242e-001 -3.3700911270e-002 -4.7431381538e+000
226 178 187
3 6 379 -79.0300 -4.8600 7 828 -30.5200 -61.1300 5 564 -54.6900 -8.4000
-4.9873650004e-001 9.1432021633e-002 -4.6570891442e+000
157 101 112
3 6 576 -73.0800 13.0200 7 840 -23.2000 -46.7300 5 574 -43.3900 9.1800
-4.9873650004e-001 9.1432021633e-002 -4.6570891442e+000
157 101 112
3 6 575 -73.0800 13.0200 7 841 -23.2000 -46.7300 5 575 -43.3900 9.1800
-9.5710074937e-001 8.4585800078e-002 -4.6268373138e+000
215 151 168
3 6 574 -139.1800 12.3200 7 844 -84.6100 -45.1900 5 577 -113.5400 13.9600
-5.0655547815e-001 2.5509087815e-001 -4.6043120218e+000
157 99 111
3 6 584 -74.9300 37.0000 7 861 -23.0000 -25.6100 5 580 -40.9000 33.9900
1.0034118013e-001 6.1182386186e-001 -5.3998220721e+000
233 218 229
3 6 606 11.2800 76.3100 7 907 47.6200 21.0100 5 598 22.7300 73.1900
1.2928465964e-001 6.3123902240e-001 -5.3930236188e+000
229 219 231
3 6 607 14.9400 78.6900 7 909 51.1400 23.0000 5 599 26.8000 75.4900
-9.2697866755e-001 6.5419099790e-001 -4.5734463615e+000
241 217 230
3 6 615 -136.0600 95.0200 7 924 -77.2200 31.0200 5 607 -100.0000 103.6300
3.7543231134e-001 9.5696350326e-001 -5.5728794671e+000
203 132 150
3 6 944 44.0700 115.4900 7 956 78.2500 58.9400 5 610 53.8000 110.7300
-9.3221946135e-001 7.4580621715e-001 -4.5417782620e+000
178 107 123
3 6 620 -137.5100 108.8700 7 591 -77.8800 43.7000 5 614 -98.8400 118.7900
-1.0155868212e+000 7.5694683469e-001 -4.5391052351e+000
232 172 179
3 6 939 -149.9000 110.2100 7 944 -88.9800 46.0800 5 616 -112.0400 122.2000
4.3050392878e-001 1.0697223633e+000 -5.5728216590e+000
151 23 55
3 6 625 50.6300 128.9000 7 604 85.1300 71.4400 5 618 61.5700 123.6100
2.7544834061e+000 -3.3201701215e+000 -9.8102320252e+000
111 102 121
3 6 663 185.4800 -223.4100 7 649 164.8300 -229.7500 5 636 90.3100 -218.4400
2.4313089258e+000 -3.6153216454e+000 -1.0665479440e+001
100 95 113
3 6 659 151.1500 -224.7100 7 656 130.3400 -227.1100 5 638 51.5400 -217.1000
2.5238646292e+000 -3.4581344188e+000 -1.0420286222e+001
114 111 129
3 6 673 160.5800 -219.8500 7 660 140.0400 -223.6700 5 640 62.5900 -213.1400
2.5470321715e+000 -3.1311889516e+000 -1.0347865211e+001
117 106 126
3 6 700 163.5300 -200.7800 7 678 144.1600 -206.2900 5 654 67.5100 -194.8700
2.4458483317e+000 -2.9093004219e+000 -1.0567910841e+001
57 46 60
3 6 720 154.2200 -183.0900 7 699 135.9300 -188.8600 5 663 58.6100 -177.0100
2.0882302279e+000 -2.2097113340e+000 -1.1417108689e+001
107 92 111
3 6 771 122.9100 -128.8300 7 760 107.3300 -134.7700 5 700 27.4000 -122.0500
1.8928038809e+000 -2.3702907549e+000 -1.2070131098e+001
97 86 99
3 6 769 105.4300 -131.0700 7 761 89.0900 -134.0200 5 701 6.5000 -122.1600
2.2166488203e+000 -8.1860084042e-001 -6.2419821214e+000
215 192 85
3 6 798 234.1800 -86.7600 7 770 233.2600 -126.9300 5 721 193.5500 -100.3200
2.5523149167e+000 -5.0168638360e-001 -5.4306544440e+000
234 189 195
3 6 809 305.8500 -60.8100 7 783 304.5400 -114.4700 5 734 275.4500 -83.8100
-1.2182354929e-001 5.8589422639e-001 -5.3991861073e+000
209 176 193
3 6 900 -16.4700 73.1100 7 905 21.9100 19.4200 5 850 -5.4000 72.9200
1.5876454596e+000 1.0806730520e+000 -5.2254078570e+000
159 96 109
3 6 627 199.9600 136.6100 7 960 225.4200 66.1800 5 877 210.1800 111.0600
5.5906162582e-001 1.0080845408e+000 -5.5983174587e+000
212 136 155
3 6 949 65.7600 120.9300 7 958 98.6100 63.3400 5 878 74.6300 113.9600
-3.8345971756e-002 5.2630775444e-001 -5.4847547807e+000
243 238 244
2 6 26 -5.8100 64.9600 7 26 29.9300 12.2700
2.0013702583e+000 8.3453328474e-001 -6.2928282307e+000
193 133 142
2 6 29 210.3700 88.3500 7 27 224.1500 35.7400
2.1231241796e+000 -6.3727925602e-001 -6.3745525325e+000
219 186 70
2 6 44 220.6900 -65.8500 7 48 220.9800 -106.9700
-8.9675136433e-002 3.0432122527e-001 -5.5763281135e+000
235 234 243
2 6 49 -12.2800 36.9800 7 81 22.0800 -11.7900
-1.1041525215e-002 1.5204795137e+000 -5.9159765336e+000
161 16 26
2 6 61 -1.4300 173.2500 7 64 33.4700 120.4700
-7.1138364234e-002 1.8654988620e-001 -5.7448336960e+000
198 31 51
2 6 72 -9.8500 22.1800 7 143 21.8300 -23.3500
1.3441650184e+000 2.0710798785e-001 -5.5810220754e+000
188 119 130
2 6 73 160.0900 25.2900 7 79 178.1400 -30.7300
1.4339280432e+000 3.2824057402e-001 -5.7290820142e+000
65 8 8
2 6 75 166.2800 38.6800 7 80 183.6900 -16.3900
1.2743824806e+000 1.2597494805e+000 -5.3934317198e+000
184 138 151
2 6 85 155.8700 155.1400 7 89 185.3700 88.1200
-2.9626858229e+000 3.1230552405e+000 -1.1982357425e+001
24 22 27
2 6 86 -167.2900 177.5200 7 126 -161.1400 181.1900
-2.9626858229e+000 3.1230552405e+000 -1.1982357425e+001
24 22 27
2 6 87 -167.2900 177.5200 7 127 -161.1400 181.1900
-1.2595965210e+000 -2.8859536727e+000 -1.2501792618e+001
63 59 70
2 6 92 -68.4900 -153.3200 7 68 -81.2800 -149.2700
-1.3222767988e-001 7.0535992937e-001 -5.4414332442e+000
193 32 49
2 6 108 -17.5500 87.3300 7 113 20.9400 33.5300
2.3678109748e+000 -1.1565174686e+000 -5.9081858447e+000
202 197 105
2 6 129 262.0300 -128.7200 7 130 257.7300 -168.6600
1.1856884823e+000 1.2090504699e-001 -5.5762708519e+000
189 123 137
2 6 138 141.0900 14.7900 7 140 161.0400 -39.2400
2.7277104785e-001 5.1832984954e-001 -5.4268764418e+000
230 208 219
2 6 146 32.6400 64.5400 7 205 66.2500 9.1900
-1.2040662177e-001 5.6753778432e-001 -5.5039522562e+000
221 208 222
2 6 150 -15.6700 69.9000 7 209 20.4800 17.4600
-1.3214873932e-001 6.9987986063e-001 -5.4230238221e+000
195 34 51
2 6 153 -17.5200 87.0000 7 154 21.0100 32.8000
1.1979344300e+000 1.3291160085e+000 -5.9930775922e+000
157 20 30
2 6 161 132.4700 148.4200 7 118 158.1100 91.7400
1.5820289337e+000 1.4526599765e+000 -5.4332598512e+000
168 118 129
2 6 163 191.5700 176.7500 7 163 218.6300 107.2600
8.2559712064e-001 -4.8814987998e+000 -1.4574474882e+001
42 42 51
2 6 170 37.3000 -223.5900 7 179 14.2800 -213.7900
2.3755767296e+000 -3.6282729637e+000 -1.0797156945e+001
38 34 49
2 6 172 146.0200 -222.8500 7 175 125.2300 -224.8800
2.3755767296e+000 -3.6282729637e+000 -1.0797156945e+001
38 34 49
2 6 173 146.0200 -222.8500 7 176 125.2300 -224.8800
3.0106303235e+000 -2.9389405780e+000 -9.1206130071e+000
60 49 64
2 6 174 217.3900 -212.3100 7 177 197.1000 -222.7500
2.4339726253e+000 -2.0627175275e+000 -8.2504395234e+000
188 174 148
2 6 177 195.3900 -165.5900 7 182 182.8700 -183.3700
4.7934737049e-001 -3.2201844956e+000 -1.3010538729e+001
105 81 64
2 6 178 24.1400 -165.5800 7 183 7.6400 -161.5000
2.5777457907e+000 -3.6226105456e-001 -5.3616552655e+000
224 181 193
2 6 186 312.7800 -44.4500 7 189 311.9800 -101.2200
2.5777457907e+000 -3.6226105456e-001 -5.3616552655e+000
224 181 193
2 6 187 312.7800 -44.4500 7 190 311.9800 -101.2200
2.6724564436e+000 -3.2015031889e+000 -9.9704154259e+000
53 42 51
2 6 233 177.5300 -212.5200 7 231 157.5200 -218.7800
2.6724564436e+000 -3.2015031889e+000 -9.9704154259e+000
53 42 51
2 6 234 177.5300 -212.5200 7 232 157.5200 -218.7800
1.7325576284e+000 -3.6607937204e+000 -1.2464426986e+001
10 10 12
2 6 235 92.8200 -195.9600 7 337 72.6700 -193.7500
1.7325576284e+000 -3.6607937204e+000 -1.2464426986e+001
10 10 12
2 6 236 92.8200 -195.9600 7 338 72.6700 -193.7500
2.3176284838e+000 -1.9584711631e+000 -8.5425595642e+000
178 170 140
2 6 241 180.2700 -152.2000 7 236 168.6500 -169.1200
1.5173000918e+000 -2.5802024274e+000 -1.2432334396e+001
110 83 65
2 6 244 82.0000 -138.6500 7 239 65.5000 -139.4700
1.3833827640e+000 -2.5250096456e+000 -1.2420547248e+001
18 29 45
2 6 245 74.8600 -135.7700 7 240 58.7800 -136.6200
2.0395906496e+000 -2.1524764186e+000 -1.1537565365e+001
54 40 42
2 6 248 118.8900 -124.3800 7 243 103.3500 -129.8000
2.5380541922e+000 -5.9833666872e-001 -5.3968378284e+000
225 192 209
2 6 255 305.7600 -72.8600 7 355 303.9200 -125.6600
5.5861546827e-001 1.2698386282e-001 -5.7109572806e+000
211 42 80
2 6 271 64.4500 15.3400 7 380 90.1700 -33.7200
-9.7329719933e-001 5.9609781375e-001 -4.5769936844e+000
179 225 255
2 6 288 -142.3500 86.7600 7 288 -84.3800 23.2300
-8.8279322926e-001 7.6405079549e-001 -4.5355771414e+000
225 165 176
2 6 295 -130.6700 111.6300 7 293 -70.7200 45.9400
-1.0325493110e+000 7.9337224278e-001 -4.5435080270e+000
152 97 120
2 6 297 -152.0100 115.6000 7 296 -91.1300 51.0200
1.7274298027e+000 1.4273721313e+000 -5.4724728626e+000
69 30 30
2 6 307 207.4000 172.1400 7 307 232.5700 102.9200
6.0060650768e-001 1.7258585550e+000 -5.9097966430e+000
69 1 0
2 6 314 67.0300 195.3800 7 319 100.5200 138.8200
2.3253401782e+000 -3.8987118452e+000 -1.0944147144e+001
84 79 97
2 6 318 140.6700 -236.1600 7 459 119.3700 -236.4100
2.5388691736e+000 -3.3216441742e+000 -1.0458835500e+001
98 89 106
2 6 327 160.9800 -210.7600 7 331 141.1800 -214.7700
2.8669958770e+000 -2.8814128798e+000 -9.4092930185e+000
56 43 54
2 6 329 201.4100 -202.3600 7 332 182.0100 -212.0600
2.7154180337e+000 -2.8744784615e+000 -9.8717212946e+000
59 47 61
2 6 331 182.6200 -192.8900 7 333 163.5400 -201.2600
2.5131020825e+000 -2.9824126417e+000 -1.0444683371e+001
59 52 64
2 6 333 160.2200 -189.6200 7 335 141.2600 -195.6000
2.5131020825e+000 -2.9824126417e+000 -1.0444683371e+001
59 52 64
2 6 334 160.2200 -189.6200 7 336 141.2600 -195.6000
1.5723979715e+000 -3.2144318442e+000 -1.3048419679e+001
81 74 84
2 6 336 80.8300 -164.6200 7 349 61.6100 -162.5500
1.6366620758e+000 -2.7549592923e+000 -1.2621566052e+001
47 38 45
2 6 340 87.1900 -145.7600 7 502 69.4700 -146.0400
1.9556146997e+000 -2.3099667464e+000 -1.1705838707e+001
52 42 42
2 6 343 112.1600 -131.7900 7 511 96.4900 -135.7700
1.9238101972e+000 -1.1636300501e+000 -6.8287465280e+000
203 182 70
2 6 346 186.6000 -113.1100 7 505 185.2800 -144.2900
2.5461111497e+000 -6.0176133727e-001 -5.4119272929e+000
228 196 213
2 6 351 305.8900 -73.0700 7 354 303.9200 -125.6600
2.5841106870e+000 -3.5852419818e-001 -5.3384267686e+000
245 190 207
2 6 359 314.6300 -44.2700 7 530 314.0700 -101.2500
5.4630780015e-001 -2.8207805219e-001 -5.6971642422e+000
123 6 14
2 6 362 62.8900 -32.9700 7 365 86.4400 -78.1600
5.4630780015e-001 -2.8207805219e-001 -5.6971642422e+000
123 6 14
2 6 363 62.8900 -32.9700 7 366 86.4400 -78.1600
2.1634715838e+000 -2.7625383010e-001 -6.1901634508e+000
114 69 10
2 6 365 231.1500 -29.3600 7 543 234.6700 -75.4600
-9.2161958395e-001 -1.9747687927e-001 -5.0164304822e+000
35 44 92
2 6 366 -123.8900 -25.6400 7 368 -78.9400 -74.5700
-5.7007602420e-001 -8.8739350516e-002 -4.7780007251e+000
229 178 190
2 6 376 -81.2200 -12.2400 7 547 -34.0900 -67.5800
1.2152385052e+000 1.8742880269e-001 -5.6170231386e+000
173 95 107
2 6 392 143.7400 22.7300 7 381 163.2700 -31.7000
4.8501345958e-001 2.2581860011e-001 -5.6908812570e+000
124 4 14
2 6 393 56.0700 27.1200 7 383 83.2000 -22.8000
2.1329565942e+000 2.8706178443e-001 -6.4468257537e+000
84 49 7
2 6 395 219.5900 30.1500 7 386 226.4700 -17.7900
-4.1099389048e-001 4.2756978548e-001 -4.6411833806e+000
207 155 168
2 6 401 -60.7700 61.2600 7 571 -8.9000 -2.6100
2.1994972894e+000 6.3006942802e-001 -6.3222809481e+000
176 139 90
2 6 404 230.3300 66.5900 7 398 239.6800 14.3700
3.6925317820e-001 5.6468462013e-001 -5.4794272038e+000
154 28 45
2 6 405 43.7900 69.2900 7 579 76.9900 14.5000
-6.4397501256e-001 5.7716995593e-001 -4.5884062124e+000
189 126 143
2 6 408 -94.9600 83.6700 7 400 -39.2400 18.6900
-6.4397501256e-001 5.7716995593e-001 -4.5884062124e+000
189 126 143
2 6 409 -94.9600 83.6700 7 401 -39.2400 18.6900
-8.1384082405e-001 5.8959440581e-001 -4.6137834652e+000
247 228 240
2 6 411 -118.8600 84.9300 7 403 -62.0900 21.7100
2.9172999701e-001 6.9815225470e-001 -5.3445376429e+000
219 197 209
2 6 412 35.3800 87.8200 7 584 71.3000 29.8300
4.4229170373e-001 7.1615227343e-001 -5.4039867122e+000
246 224 228
2 6 414 53.3600 88.8200 7 410 87.9300 31.3300
4.4229170373e-001 7.1615227343e-001 -5.4039867122e+000
246 224 228
2 6 415 53.3600 88.8200 7 411 87.9300 31.3300
-6.7102036651e-001 6.2836258131e-001 -4.5680036321e+000
170 104 126
2 6 417 -99.1700 91.5100 7 408 -42.6600 25.7000
-1.3794789701e-002 8.1219540982e-001 -5.5258795011e+000
175 25 37
2 6 419 -2.8300 99.0400 7 416 34.2100 45.0700
-7.5910114608e-001 6.9142831608e-001 -4.5475029979e+000
233 177 193
2 6 421 -112.3700 101.0100 7 413 -54.2900 34.9400
5.0443340136e-001 8.6975377663e-001 -5.5905401826e+000
127 24 35
2 6 422 59.5900 104.8200 7 418 91.4500 48.0700
-1.0745991449e+000 7.4495013289e-001 -4.5573590541e+000
229 167 180
2 6 426 -157.5200 108.3900 7 415 -97.2600 44.4900
4.2597992329e-001 1.1518784517e+000 -5.5741843964e+000
155 24 37
2 6 432 50.1600 138.7100 7 430 85.0700 80.6000
1.2353778026e+000 1.1324721509e+000 -5.2076842787e+000
184 132 143
2 6 433 156.3300 144.2500 7 429 187.0600 74.8500
1.5338300571e+000 1.6111441152e+000 -5.5480003045e+000
98 65 48
2 6 443 181.6900 191.9200 7 441 210.1200 124.2500
2.8242160412e+000 -3.1492674691e+000 -9.6058951876e+000
52 45 57
2 6 465 194.2200 -216.4900 7 658 173.8300 -224.2000
2.4354894359e+000 -3.4095847849e+000 -1.0641355907e+001
105 97 118
2 6 466 151.9900 -212.6200 7 478 131.8900 -215.9400
2.8192099268e+000 -2.9871726601e+000 -9.5335190813e+000
118 111 128
2 6 468 195.5200 -207.0900 7 671 175.8700 -215.8000
2.1621190064e+000 -3.4989729036e+000 -1.1317768497e+001
85 77 96
2 6 469 127.1700 -205.7500 7 480 107.3900 -206.7500
2.0988797895e+000 -3.4343738320e+000 -1.1443746213e+001
39 35 49
2 6 471 122.3000 -199.8000 7 482 102.6500 -200.8700
2.7952521233e+000 -2.7738786828e+000 -9.6610784275e+000
57 41 47
2 6 479 191.8500 -190.1200 7 483 173.0500 -199.6100
2.7952521233e+000 -2.7738786828e+000 -9.6610784275e+000
57 41 47
2 6 480 191.8500 -190.1200 7 484 173.0500 -199.6100
2.3984858587e+000 -2.8855636936e+000 -1.0777239571e+001
57 46 55
2 6 488 148.4600 -178.2100 7 710 130.2600 -183.3600
1.6235202771e+000 -3.4220584756e+000 -1.2832638671e+001
88 85 103
2 6 489 84.7200 -178.1100 7 491 65.0500 -175.9100
2.4731912928e+000 -2.1658587919e+000 -8.2025739372e+000
187 177 143
2 6 492 199.3700 -174.7300 7 485 186.2200 -192.0400
1.6823884391e+000 -3.0503736497e+000 -1.2632557817e+001
54 48 60
2 6 498 89.3100 -161.3500 7 494 70.8300 -160.6300
2.3195708776e+000 -2.0344134250e+000 -8.4920593645e+000
113 98 80
2 6 501 181.4100 -158.9000 7 490 169.3300 -175.7000
2.0958668570e+000 -2.3961236091e+000 -1.1495910824e+001
63 47 56
2 6 507 122.2000 -139.2300 7 507 106.2400 -143.5900
1.9427723287e+000 -2.2324609343e+000 -1.1908999396e+001
61 47 49
2 6 515 109.7400 -125.0700 7 518 93.8300 -128.9800
1.7777638196e+000 -2.1282337179e+000 -1.2292644176e+001
62 47 49
2 6 519 97.3700 -115.5200 7 781 81.8000 -118.3800
2.2259699285e+000 -8.6617100507e-001 -6.2894161664e+000
214 191 78
2 6 528 233.2600 -91.1200 7 516 232.1800 -130.3400
2.1785441991e+000 -8.7401662052e-001 -6.3485036327e+000
216 192 86
2 6 529 226.5100 -91.0500 7 517 225.4900 -129.7100
2.5453713197e+000 -6.2689554821e-001 -5.4804765659e+000
221 70 104
2 6 535 302.3400 -75.1200 7 772 299.9700 -126.6700
2.5479676546e+000 -5.4349255069e-001 -5.4554427253e+000
240 180 193
2 6 540 304.0700 -65.4800 7 780 302.3500 -118.4300
2.0792591136e+000 -5.5540443339e-001 -6.5304232874e+000
228 191 78
2 6 542 211.3600 -56.0000 7 792 212.3500 -96.1600
2.2770488210e+000 -4.6759349248e-001 -6.1465818647e+000
229 196 57
2 6 547 244.3700 -50.2200 7 533 245.5100 -95.2500
2.2770488210e+000 -4.6759349248e-001 -6.1465818647e+000
229 196 57
2 6 548 244.3700 -50.2200 7 534 245.5100 -95.2500
2.2229965929e+000 -3.5316182472e-001 -6.1975372746e+000
98 62 2
2 6 554 236.9700 -37.5900 7 808 239.4100 -83.0000
2.1965467773e+000 -3.1386361693e-001 -6.2025337971e+000
121 76 14
2 6 556 234.1000 -33.3400 7 811 237.0300 -79.0200
2.5880161366e+000 -2.4351973844e-001 -5.3559751094e+000
240 192 195
2 6 557 314.3500 -30.0700 7 541 314.6000 -88.3900
-5.3805924827e-001 9.5261393648e-003 -4.6944859925e+000
218 170 181
2 6 569 -78.1200 1.3800 7 832 -29.0600 -56.5600
-4.7233438009e-001 1.8706976450e-001 -4.6417240766e+000
225 164 172
2 6 581 -69.4400 26.9200 7 558 -19.0400 -34.4700
2.1642985459e+000 3.0148726985e-001 -6.4282737416e+000
176 139 48
2 6 582 223.2500 31.6200 7 567 230.2300 -16.6200
-3.7648660554e-001 4.7512301654e-001 -4.7115196001e+000
220 191 199
2 6 599 -54.8200 67.3200 7 577 -4.6100 3.8400
-1.0683128319e+000 4.8451824750e-001 -4.6073935104e+000
173 160 196
2 6 601 -155.4500 69.8100 7 578 -97.3400 9.2200
3.7566035913e-001 6.5607117216e-001 -5.4154938642e+000
243 214 219
2 6 608 45.2200 81.4400 7 582 79.4300 24.6400
1.5214577653e-001 7.0458997281e-001 -5.4468308534e+000
71 6 13
2 6 611 17.5800 87.1600 7 586 53.4900 31.6000
-1.0155323104e+000 6.2917475262e-001 -4.5740888012e+000
242 226 244
2 6 613 -148.6100 91.4200 7 919 -89.8000 28.1800
-9.3792224228e-001 7.1887670515e-001 -4.5412400432e+000
228 165 173
2 6 617 -138.4700 104.9700 7 588 -78.6700 40.0400
-9.9508187322e-001 8.0586660185e-001 -4.5583699926e+000
157 100 122
2 6 624 -146.0100 117.2200 7 597 -85.8900 52.3100
7.5774833182e-002 1.5127661393e+000 -5.8721759148e+000
108 2 1
2 6 629 7.7300 172.9700 7 610 44.0700 120.1700
-3.8211464541e+000 3.8781021070e+000 -1.1598214631e+001
147 93 86
2 6 638 -219.2900 225.4000 7 1040 -212.5700 230.5300
2.1964913697e+000 -3.9277801778e+000 -1.1266179949e+001
51 45 59
2 6 649 129.3400 -231.3900 7 645 108.0500 -230.9200
2.2386260337e+000 -3.8757869574e+000 -1.1158295612e+001
89 87 105
2 6 650 132.9800 -230.5900 7 647 111.9900 -230.3700
9.7564483148e-001 -5.0019260976e+000 -1.4487437948e+001
49 48 57
2 6 651 44.4100 -230.3700 7 666 20.9900 -220.4800
2.5737474152e+000 -3.5398865109e+000 -1.0327993125e+001
111 107 131
2 6 656 164.9600 -226.8300 7 646 144.0100 -230.4600
2.2273418931e+000 -3.7600358058e+000 -1.1119013512e+001
88 85 102
2 6 660 132.9600 -224.5500 7 657 112.2500 -225.0100
2.6876722865e+000 -3.3564268851e+000 -9.9988151262e+000
59 54 71
2 6 669 177.7700 -221.9900 7 653 157.1800 -227.3700
2.3909448229e+000 -3.4979033312e+000 -1.0877231180e+001
99 95 118
2 6 680 146.0300 -213.5300 7 672 125.6900 -215.8600
2.3196351802e+000 -3.5143205904e+000 -1.1036793019e+001
56 46 58
2 6 684 139.7500 -211.5600 7 674 119.4700 -213.4200
2.6031332909e+000 -3.2505810605e+000 -1.0233463045e+001
63 47 57
2 6 687 168.7500 -210.4400 7 673 148.6500 -215.7900
2.3585725137e+000 -3.2866849514e+000 -1.0778970294e+001
53 46 61
2 6 698 145.5500 -202.6500 7 679 126.1300 -206.0200
2.5177598103e+000 -3.1600827384e+000 -1.0419894793e+001
68 58 74
2 6 699 160.5300 -201.3300 7 677 141.2000 -206.3300
2.1433936177e+000 -3.4054693181e+000 -1.1414590662e+001
88 81 97
2 6 703 125.2000 -198.6300 7 685 105.5600 -199.9000
1.6118881647e+000 -3.8155671280e+000 -1.2848998137e+001
36 26 32
2 6 705 83.7200 -198.2300 7 692 63.1400 -194.6700
2.5059024606e+000 -3.0874791303e+000 -1.0483599735e+001
101 93 110
2 6 708 158.9400 -195.6400 7 684 139.8900 -200.7800
1.9628361798e+000 -3.4795635843e+000 -1.1917491204e+001
52 47 68
2 6 709 109.9400 -194.6600 7 690 90.2300 -194.3500
1.9628361798e+000 -3.4795635843e+000 -1.1917491204e+001
52 47 68
2 6 710 109.9400 -194.6600 7 691 90.2300 -194.3500
2.6615145198e+000 -2.8312084094e+000 -9.9913212875e+000
46 34 46
2 6 715 177.0200 -187.9400 7 688 158.4000 -195.9900
2.0844135729e+000 -3.2690028683e+000 -1.1636398756e+001
90 78 86
2 6 716 119.6400 -187.2600 7 702 100.4400 -188.4700
2.0844135729e+000 -3.2690028683e+000 -1.1636398756e+001
90 78 86
2 6 717 119.6400 -187.2600 7 703 100.4400 -188.4700
1.9618787428e+000 -3.1350626633e+000 -1.1872665866e+001
57 49 60
2 6 728 110.5300 -176.2200 7 720 91.9300 -177.1700
1.9602174773e+000 -3.0552911043e+000 -1.1833912414e+001
89 85 99
2 6 735 110.8700 -172.2900 7 723 92.5000 -173.6500
1.9602174773e+000 -3.0552911043e+000 -1.1833912414e+001
89 85 99
2 6 736 110.8700 -172.2900 7 724 92.5000 -173.6500
2.0290251093e+000 -2.8778389656e+000 -1.1685997195e+001
66 59 74
2 6 747 116.2800 -164.3400 7 739 98.4300 -166.7400
2.0290251093e+000 -2.8778389656e+000 -1.1685997195e+001
66 59 74
2 6 748 116.2800 -164.3400 7 740 98.4300 -166.7400
2.4922859914e+000 -2.5510285474e+000 -1.0431544913e+001
106 99 115
2 6 749 159.5400 -162.6700 7 729 142.3200 -170.4900
2.4922859914e+000 -2.5510285474e+000 -1.0431544913e+001
106 99 115
2 6 750 159.5400 -162.6700 7 730 142.3200 -170.4900
2.4031159234e+000 -2.5746989805e+000 -1.0637175884e+001
64 53 67
2 6 752 150.9400 -161.1800 7 734 133.9300 -168.0300
2.4031159234e+000 -2.5746989805e+000 -1.0637175884e+001
64 53 67
2 6 754 150.9400 -161.1800 7 736 133.9300 -168.0300
1.2441117526e+000 -2.9927527985e+000 -1.3859073694e+001
74 67 78
2 6 761 60.2200 -144.4400 7 752 41.5100 -140.8100
2.3662498390e+000 -1.1523545170e+000 -5.9040634198e+000
197 196 106
2 6 773 262.0800 -128.3200 7 733 257.7500 -168.4000
2.3213830139e+000 -2.0444886432e+000 -1.0876145366e+001
71 60 79
2 6 776 143.1900 -125.2600 7 764 128.1000 -133.3900
2.1741610292e+000 -2.0236155284e+000 -1.1105520988e+001
91 79 87
2 6 778 131.5600 -121.4000 7 767 116.6000 -128.7600
2.1741610292e+000 -2.0236155284e+000 -1.1105520988e+001
91 79 87
2 6 779 131.5600 -121.4000 7 768 116.6000 -128.7600
2.0039437897e+000 -2.0361495823e+000 -1.1632818251e+001
62 50 55
2 6 786 115.9900 -116.6200 7 778 100.7300 -122.1600
2.5583273249e+000 -6.9216959068e-001 -5.3756242542e+000
247 138 75
2 6 800 309.1300 -84.3600 7 756 305.9300 -136.4200
2.5916003468e+000 -3.0075643409e-001 -5.3232713095e+000
234 190 210
2 6 825 316.3100 -37.3700 7 793 316.3400 -95.2300
2.5974043191e+000 -2.0335993077e-001 -5.3488080373e+000
237 193 207
2 6 834 315.8100 -25.2400 7 807 316.4000 -84.1400
-5.2348793116e-001 2.3557892143e-001 -4.6103784223e+000
216 162 175
2 6 865 -77.3900 33.9700 7 858 -25.3100 -27.9700
-8.1257095861e-001 4.6526782050e-001 -4.5932619524e+000
181 161 192
2 6 894 -119.1400 67.4600 7 885 -63.0000 4.6200
-1.2241454621e-002 5.8065712362e-001 -5.3975269676e+000
194 171 186
2 6 899 -2.6600 72.6400 7 903 34.3400 18.0500
-1.0203215100e+000 5.1113337967e-001 -4.5790492360e+000
147 197 227
2 6 904 -149.4700 74.0700 7 898 -90.9400 12.3400
6.6154382892e-002 5.9569242454e-001 -5.3960050575e+000
239 225 235
2 6 905 6.9300 74.3600 7 904 43.7200 19.4600
-8.8698852524e-001 6.4338910725e-001 -4.5687740229e+000
235 199 216
2 6 919 -130.4100 93.5200 7 921 -72.0100 29.3400
5.2774794331e-001 8.8254982823e-001 -5.5495997139e+000
204 160 177
2 6 933 62.7600 107.0100 7 947 95.0700 49.4700
-7.8251577621e-001 7.4650246655e-001 -4.5484564148e+000
146 87 107
2 6 936 -115.6800 108.9900 7 939 -57.1300 42.6600
3.7537016534e-001 9.5698762044e-001 -5.5722767567e+000
203 132 150
2 6 943 44.0700 115.4900 7 955 78.2500 58.9400
-8.9197119633e-001 8.2470817857e-001 -4.5616150192e+000
216 161 173
2 6 948 -131.1300 119.8800 7 950 -71.4900 54.2200
3.8451496426e-001 1.1106501934e+000 -5.5919698290e+000
229 192 212
2 6 954 44.8600 133.2700 7 967 80.0500 76.2700
-3.8179200536e+000 3.4297043040e+000 -1.1571469723e+001
144 79 71
2 6 973 -220.4800 200.4700 7 1002 -214.1100 205.3900
-5.1944347351e+000 3.4740992563e+000 -1.1298452697e+001
128 72 58
2 6 977 -302.9100 204.9600 7 1018 -297.7700 214.9600
-5.1944347351e+000 3.4740992563e+000 -1.1298452697e+001
128 72 58
2 6 978 -302.9100 204.9600 7 1019 -297.7700 214.9600
-5.3466974905e+000 3.4643961323e+000 -1.1235717148e+001
126 72 64
2 6 979 -312.8800 205.0700 7 636 -307.8900 215.6100
-5.3466974905e+000 3.4643961323e+000 -1.1235717148e+001
126 72 64
2 6 980 -312.8800 205.0700 7 637 -307.8900 215.6100
-3.2373899597e+000 3.6073100406e+000 -1.1695153384e+001
142 89 80
2 6 983 -185.4900 209.2400 7 1011 -178.8100 212.2500
-3.2373899597e+000 3.6073100406e+000 -1.1695153384e+001
142 89 80
2 6 984 -185.4900 209.2400 7 1012 -178.8100 212.2500
-4.7750886377e+000 3.6618386899e+000 -1.1344681063e+001
134 72 65
2 6 998 -278.1800 215.7700 7 1034 -272.0900 224.3200
-4.7261692715e+000 3.7423679726e+000 -1.1297133683e+001
135 75 58
2 6 1007 -276.4600 221.1600 7 1039 -269.7600 229.7400
-3.4235246165e+000 3.8741573285e+000 -1.1663366427e+001
143 85 86
2 6 1008 -196.1600 224.3900 7 1037 -188.8000 228.4700
6.6299144458e-001 2.7898386422e-001 -5.5283057647e+000
210 33 57
2 6 24 79.2400 34.5200 5 21 81.0600 23.7000
6.6299144458e-001 2.7898386422e-001 -5.5283057647e+000
210 33 57
2 6 25 79.2400 34.5200 5 22 81.0600 23.7000
-8.3074593635e-001 5.6785392740e-001 -4.5751854190e+000
161 183 219
2 6 80 -122.0900 83.1600 5 79 -86.1000 87.6700
2.1578481203e+000 1.1329884644e+000 -5.9498618404e+000
212 176 116
2 6 84 239.0200 126.8000 5 110 224.1400 100.4700
7.7407068769e-001 7.4459111597e-002 -5.7163220903e+000
238 231 239
2 6 98 89.6400 9.1500 5 68 83.5600 -0.8000
9.1886045111e-001 6.3823379929e-001 -5.5326108050e+000
147 17 25
2 6 107 110.0500 77.8300 5 104 114.1400 64.2100
-3.1137037452e+000 3.6521962588e+000 -1.4319176364e+001
28 25 33
2 6 164 -147.0000 176.3000 5 230 -238.9900 220.0500
-2.9056508002e+000 3.9098775981e+000 -1.6182923670e+001
96 85 103
2 6 222 -121.8200 166.7600 5 227 -219.2800 209.9900
2.5239166198e+000 1.8628111866e+000 -5.2233414111e+000
173 157 104
2 6 228 310.3600 229.3700 5 226 312.5400 186.4900
1.9371192951e+000 -1.0480833813e+000 -6.7783905667e+000
203 178 60
2 6 250 189.4600 -102.4000 5 239 142.0900 -111.2500
9.1234389370e-001 -7.7624457622e-002 -5.6134696194e+000
51 9 18
2 6 264 107.6300 -8.8500 5 195 101.4600 -21.0100
2.7473559579e-001 1.2744978984e-001 -5.6125410949e+000
203 42 84
2 6 272 31.6300 15.8600 5 271 30.9200 9.9500
6.5545903612e-001 1.9497833139e-001 -5.6723749067e+000
115 4 13
2 6 276 76.3500 23.5100 5 274 73.4400 14.4300
-6.1033089270e-001 4.0126878801e-001 -4.6079078594e+000
212 160 172
2 6 279 -89.7600 58.2200 5 207 -54.8000 58.1000
-8.3604899915e-001 5.1585020419e-001 -4.5704693729e+000
188 226 254
2 6 283 -123.0700 75.2500 5 216 -87.5300 79.9900
-9.7798022896e-001 6.5553743278e-001 -4.5808562192e+000
243 231 243
2 6 290 -143.0700 95.1700 5 218 -108.1100 104.4900
2.0268948561e+000 -2.2810793613e+000 -1.1708341107e+001
104 96 105
2 6 345 116.3200 -130.1500 5 237 19.3600 -121.9100
1.8061445719e+000 -1.7688598871e+000 -1.2262979010e+001
75 54 61
2 6 349 99.3300 -96.0700 5 353 2.5000 -86.8300
-8.9284958427e-001 -1.8304575057e-001 -5.0455931960e+000
251 253 255
2 6 367 -119.6500 -23.8000 5 376 -111.6600 -22.9500
8.4585586002e-001 4.6702080049e-003 -5.6861647703e+000
222 196 212
2 6 386 98.4900 0.7500 5 382 91.9900 -9.7500
1.0843262717e+000 6.1376221164e-001 -5.4763742147e+000
102 6 13
2 6 406 131.1800 75.2400 5 591 135.1200 59.5100
-1.0520212724e+000 7.2631970614e-001 -4.5751956368e+000
173 111 132
2 6 423 -153.7200 105.8500 5 298 -118.9000 116.8000
5.4044866393e-001 9.5968941234e-001 -5.5536539248e+000
153 14 28
2 6 429 64.1400 116.5700 5 295 73.7100 108.3400
-8.2364055501e-001 9.4540947679e-001 -4.6094860651e+000
157 123 142
2 6 431 -119.8500 136.1400 5 444 -79.8700 146.7100
9.8637133579e-001 1.6294607119e+000 -5.7426967848e+000
140 25 36
2 6 442 113.4400 189.2000 5 451 122.5600 177.5900
2.9567486274e+000 -3.1899384718e+000 -9.3015694784e+000
123 117 137
2 6 459 209.2100 -226.0400 5 463 116.5300 -221.7100
2.9567486274e+000 -3.1899384718e+000 -9.3015694784e+000
123 117 137
2 6 460 209.2100 -226.0400 5 464 116.5300 -221.7100
2.7188283956e+000 -3.2990499032e+000 -9.9165071883e+000
117 111 132
2 6 463 181.3000 -220.0200 5 467 85.9500 -214.5100
2.2821692410e+000 -3.0233012415e+000 -1.1036636177e+001
108 101 118
2 6 484 138.0000 -182.4600 5 482 40.0200 -175.1400
2.5539863664e+000 -2.6097116650e+000 -1.0230640237e+001
67 55 65
2 6 495 166.4300 -169.5200 5 489 73.7700 -165.1000
2.5539863664e+000 -2.6097116650e+000 -1.0230640237e+001
67 55 65
2 6 496 166.4300 -169.5200 5 490 73.7700 -165.1000
2.3179779653e+000 -2.3691744115e+000 -1.0969461241e+001
73 53 61
2 6 503 141.5800 -144.0300 5 495 47.1300 -137.8800
2.1582358938e+000 -9.4921520508e-001 -6.3511410016e+000
211 187 86
2 6 523 224.2400 -98.8200 5 500 181.4600 -110.9800
2.2206668881e+000 -7.2889518398e-001 -6.2447018714e+000
162 136 39
2 6 534 234.6500 -76.9400 5 351 194.6800 -91.5300
2.1802795636e+000 -6.9503564334e-001 -6.3191185486e+000
164 169 118
2 6 536 227.9400 -72.7000 5 521 187.7900 -86.4600
2.2641251755e+000 -4.9530995237e-001 -6.1325531840e+000
225 194 63
2 6 543 243.5100 -53.3500 5 366 207.0400 -69.7100
2.2641251755e+000 -4.9530995237e-001 -6.1325531840e+000
225 194 63
2 6 544 243.5100 -53.3500 5 367 207.0400 -69.7100
1.4304928921e+000 2.1425619770e-001 -5.5535876031e+000
75 11 12
2 6 579 170.4900 24.9200 5 388 164.3600 9.0900
-5.3013062876e-001 2.5622809060e-001 -4.5923720953e+000
226 174 184
2 6 585 -78.5500 37.1400 5 820 -44.1600 34.6200
-8.7534545920e-001 3.8661664343e-001 -4.6241987742e+000
245 237 249
2 6 592 -127.4400 55.6100 5 408 -96.3500 60.1700
2.4867214484e+000 -3.4685212367e+000 -1.0473935408e+001
51 47 63
2 6 674 157.4100 -219.5200 5 470 59.3100 -212.6100
2.9777603288e+000 -3.0126724194e+000 -9.1876650581e+000
104 99 117
2 6 677 213.5000 -216.1100 5 469 122.2600 -212.8600
2.9184558850e+000 -3.0166654366e+000 -9.3474924762e+000
115 100 121
2 6 681 205.9700 -213.0800 5 643 114.2200 -209.2800
2.7840654366e+000 -3.1087103017e+000 -9.7126811640e+000
32 30 45
2 6 683 189.5700 -211.6800 5 644 96.0100 -207.0400
2.6328426595e+000 -3.1783637778e+000 -1.0183729082e+001
115 109 126
2 6 694 171.4500 -207.0500 5 649 75.7900 -201.0300
2.3481219910e+000 -3.2832575564e+000 -1.0906797013e+001
113 109 127
2 6 701 143.3200 -200.1100 5 658 44.4600 -192.8200
2.3973133997e+000 -2.8138001289e+000 -1.0729549662e+001
116 108 123
2 6 732 149.1200 -174.5800 5 669 53.3600 -168.3800
2.5179173272e+000 -2.4571730595e+000 -1.0279405007e+001
112 104 121
2 6 755 163.5200 -159.0100 5 679 71.5900 -154.6400
2.0505640482e+000 -2.0053730688e+000 -1.1587289397e+001
107 91 101
2 6 787 119.0700 -115.3400 5 714 23.9400 -108.0400
2.0505640482e+000 -2.0053730688e+000 -1.1587289397e+001
107 91 101
2 6 788 119.0700 -115.3400 5 715 23.9400 -108.0400
2.5438836163e+000 -5.7495353931e-001 -5.4224338727e+000
208 105 132
2 6 804 305.2800 -69.6600 5 727 274.2300 -92.0300
2.5438836163e+000 -5.7495353931e-001 -5.4224338727e+000
208 105 132
2 6 805 305.2800 -69.6600 5 728 274.2300 -92.0300
2.5528310847e+000 -5.2572312821e-001 -5.4125975757e+000
209 98 134
2 6 808 306.9000 -63.8800 5 730 276.3900 -86.7300
2.5683235121e+000 -4.4723637683e-001 -5.4025329184e+000
208 95 122
2 6 810 309.3400 -54.4800 5 738 279.5500 -78.2400
2.2872215247e+000 -4.5182944459e-001 -6.0813660494e+000
167 135 16
2 6 816 247.9200 -49.0700 5 747 212.3500 -66.1400
2.3090655384e+000 -2.4087860302e-002 -6.0236082313e+000
167 136 16
2 6 847 252.8200 -2.5500 5 788 222.2600 -22.5800
2.3090655384e+000 -2.4087860302e-002 -6.0236082313e+000
167 136 16
2 6 848 252.8200 -2.5500 5 790 222.2600 -22.5800
9.1331201056e-001 2.6729231825e-002 -5.6344372356e+000
223 194 208
2 6 852 107.3600 3.3500 5 806 101.9300 -8.2100
2.5125828242e+000 8.5684656243e-002 -5.4998525630e+000
184 158 92
2 6 855 298.5300 9.9700 5 796 274.3400 -16.9700
1.9155669375e-001 6.7210977201e-001 -5.4039191027e+000
187 156 176
2 6 910 22.5700 83.7300 5 860 34.5600 79.4900
-7.5079628092e-001 9.2278261482e-001 -4.6199488079e+000
132 93 111
2 6 952 -109.2200 132.7700 5 884 -69.1100 141.4500
-2.4473198866e+000 3.1052894466e+000 -1.1827430076e+001
91 86 95
2 6 961 -139.8100 179.4700 5 627 -217.0500 222.2400
-2.4473198866e+000 3.1052894466e+000 -1.1827430076e+001
91 86 95
2 6 962 -139.8100 179.4700 5 628 -217.0500 222.2400
2.1125168841e+000 5.1709841164e-001 -6.3373875238e+000
149 88 70
2 7 25 230.1000 4.0700 5 29 193.5700 35.9600
-4.6114061064e-001 -3.0606282501e-001 -5.3396442716e+000
158 131 133
2 7 34 -22.5300 -84.1100 5 27 -58.8100 -39.3200
4.9376408918e-001 1.3315158408e+000 -5.7638357426e+000
18 7 6
2 7 61 90.1500 98.2900 5 84 64.1500 151.3000
-2.4468323456e+000 1.7070816418e+000 -1.2205696157e+001
124 104 114
2 7 90 -134.9400 98.5200 5 83 -224.1700 134.1000
1.9009753544e+000 -1.1379199181e+000 -6.7693953996e+000
217 202 91
2 7 98 185.0900 -143.4100 5 57 138.4200 -119.5900
-4.8623185924e-001 -1.5459012585e-001 -5.0208390550e+000
248 206 217
2 7 136 -24.3400 -71.3400 5 193 -53.3400 -23.7200
1.3508427121e+000 1.2359527492e-001 -5.4626923875e+000
131 25 22
2 7 139 182.7500 -40.8500 5 139 159.4900 -2.5000
-9.3946685681e-001 1.9997155375e-001 -4.6328552993e+000
223 160 169
2 7 142 -81.6300 -29.7100 5 101 -109.1300 31.7500
2.3648890210e-001 8.3004769173e-001 -5.5432937242e+000
231 42 72
2 7 156 62.7000 45.0200 5 109 36.6900 97.9300
1.4315851873e+000 1.3387404687e+000 -5.2913598164e+000
201 144 155
2 7 162 207.1600 97.0300 5 160 191.8400 144.2200
1.1593920143e+000 6.1073164153e-002 -5.4458685188e+000
134 59 62
2 7 198 161.9900 -47.2500 5 199 138.5800 -8.1700
9.8654848889e-001 5.9141651190e-002 -5.5334917396e+000
74 10 10
2 7 199 140.5300 -45.6800 5 98 114.9400 -5.8000
7.8256995004e-001 -2.2462982820e+000 -1.2204449231e+001
150 127 126
2 7 246 29.6200 -123.8200 5 240 -55.1800 -110.7400
2.5810227324e+000 -5.4889908102e-001 -5.3665079186e+000
255 62 100
2 7 247 310.2700 -121.4400 5 246 281.8000 -90.2800
-8.0503813541e-001 3.0875130263e-001 -4.6116110656e+000
217 151 166
2 7 269 -62.8600 -16.4000 5 204 -86.3200 46.8900
1.9332019004e+000 -1.0635427574e+000 -6.7706506701e+000
234 210 88
2 7 353 188.4500 -136.9100 5 345 141.9200 -112.6100
2.2300964208e+000 -6.3054608442e-001 -6.1485623937e+000
243 216 79
2 7 358 239.6900 -110.9700 5 356 201.5800 -83.0900
2.2798404186e+000 -5.2972453840e-001 -6.0968229324e+000
188 157 33
2 7 361 247.1600 -102.1300 5 361 210.0300 -74.0700
2.2798404186e+000 -5.2972453840e-001 -6.0968229324e+000
188 157 33
2 7 362 247.1600 -102.1300 5 362 210.0300 -74.0700
1.2370341923e+000 -3.3685265405e-001 -5.3343589360e+000
195 133 135
2 7 363 171.0000 -94.3800 5 180 148.0700 -58.4500
-1.0759327633e+000 2.6547989248e-001 -4.6925360906e+000
233 171 185
2 7 385 -98.9400 -19.3300 5 398 -130.1500 43.9500
-5.3792143130e-001 3.4851667433e-001 -4.5984801965e+000
187 125 131
2 7 387 -26.5600 -12.9100 5 404 -44.1800 48.9800
-5.7798485126e-001 4.1715825954e-001 -4.5970069175e+000
149 90 108
2 7 391 -31.2900 -3.7000 5 409 -49.4600 60.5200
-9.4168643092e-001 8.1142633291e-001 -4.5557469939e+000
184 119 134
2 7 424 -78.5400 52.7300 5 437 -99.6200 129.1200
2.1711910752e+000 -8.2929878520e-001 -6.3036178489e+000
240 219 94
2 7 521 226.7700 -126.4400 5 348 186.2700 -100.1000
2.1518809388e+000 -8.3926053622e-001 -6.3551772570e+000
185 193 135
2 7 522 223.0300 -126.0400 5 509 181.9900 -100.1500
2.1518809388e+000 -8.3926053622e-001 -6.3551772570e+000
185 193 135
2 7 523 223.0300 -126.0400 5 510 181.9900 -100.1500
2.2456621041e+000 -7.4965833263e-001 -6.1796322244e+000
197 169 49
2 7 525 238.8900 -121.7000 5 350 200.1000 -94.8600
-9.4657409539e-001 2.3944089061e-001 -4.6646790876e+000
255 216 220
2 7 564 -82.0100 -24.0900 5 395 -110.1100 38.1200
2.6169488122e+000 -3.0226759058e+000 -1.0130468384e+001
140 131 150
2 7 682 152.3400 -204.4000 5 657 76.9800 -192.8100
2.5319231948e+000 -2.6585764514e+000 -1.0295190305e+001
128 115 128
2 7 714 146.3200 -179.3200 5 670 70.8100 -166.9900
2.3765940647e+000 -2.7766190577e+000 -1.0766728756e+001
80 68 82
2 7 719 129.5700 -177.2900 5 671 51.7000 -165.5700
2.3190887211e+000 -2.7672384244e+000 -1.0849813130e+001
84 72 87
2 7 721 125.1800 -175.2700 5 673 46.8900 -163.4200
-1.2165942024e+000 -2.8651268683e+000 -1.2989061121e+001
85 46 56
2 7 755 -77.0100 -140.6600 5 339 -171.6900 -129.6000
2.2246562341e+000 -8.8103190041e-001 -6.2134006777e+000
200 173 44
2 7 763 234.5900 -133.5800 5 504 194.9600 -107.2700
2.1848412288e+000 -8.6570541903e-001 -6.2781881817e+000
196 170 45
2 7 766 228.6600 -130.5400 5 508 188.3200 -104.2500
1.9538108515e+000 -2.1017331235e+000 -1.1843047339e+001
74 49 49
2 7 776 95.6200 -122.9000 5 502 14.3300 -110.1200
2.2671116304e+000 -3.6784060777e-001 -6.1384995375e+000
206 172 32
2 7 806 245.6500 -85.4700 5 533 208.4700 -56.7500
-7.5172408002e-001 -2.1593748599e-001 -5.0363923358e+000
250 240 251
2 7 813 -57.4100 -77.4200 5 547 -91.9500 -29.0100
-9.8481415447e-001 -2.3275248371e-001 -5.0606356314e+000
155 201 235
2 7 814 -86.3900 -77.3600 5 776 -125.5900 -28.8100
-9.9406250013e-001 -1.8463730578e-001 -5.0129408319e+000
119 141 190
2 7 816 -87.7000 -72.3500 5 377 -125.9800 -22.4700
1.2455740993e+000 -9.9762740922e-002 -5.3409051435e+000
236 173 181
2 7 822 173.7200 -67.4900 5 775 151.6600 -29.4900
-5.0175555774e-001 -3.7100056269e-002 -4.7677564503e+000
255 209 215
2 7 827 -24.8700 -61.3800 5 563 -48.2800 -9.4100
9.0501506217e-001 1.3715617773e-001 -5.7079109527e+000
150 41 66
2 7 854 127.5400 -34.4800 5 815 99.0300 5.3500
-7.2762379868e-001 3.8697607742e-001 -4.6139917993e+000
202 131 146
2 7 874 -51.9000 -6.3400 5 839 -73.1900 57.8700
3.2584457096e-001 6.4753137236e-001 -5.3844325059e+000
153 104 124
2 7 910 74.0900 23.9000 5 851 51.4400 74.4900
3.4056157049e-001 6.7271951878e-001 -5.3958573250e+000
247 224 229
2 7 916 75.7700 26.7100 5 601 53.0600 77.4600
-1.1229501548e+000 8.2347645686e-001 -4.6001168367e+000
249 196 203
2 7 951 -102.9000 55.6400 5 883 -128.8200 133.4600
