# Bundle file v0.3
9 279
0 0 0
0 0 0
0 0 0
0 0 0
0 0 0
0 0 0
0 0 0
0 0 0
0 0 0
0 0 0
0 0 0
0 0 0
0 0 0
0 0 0
0 0 0
0 0 0
0 0 0
0 0 0
0 0 0
0 0 0
0 0 0
0 0 0
0 0 0
0 0 0
0 0 0
0 0 0
0 0 0
0 0 0
0 0 0
0 0 0
6.6080306000e+002 0.0000000000e+000 0.0000000000e+000
1.0000000000e+000 0.0000000000e+000 0.0000000000e+000
0.0000000000e+000 1.0000000000e+000 0.0000000000e+000
0.0000000000e+000 0.0000000000e+000 1.0000000000e+000
-0.0000000000e+000 -0.0000000000e+000 -0.0000000000e+000
6.6080306000e+002 0.0000000000e+000 0.0000000000e+000
9.9708842600e-001 5.1729641867e-002 5.6024234844e-002
-4.8857251812e-002 9.9747815448e-001 -5.1481067119e-002
-5.8546047543e-002 4.8593986033e-002 9.9710129116e-001
5.8820382033e-001 -7.0783275938e-001 -3.9113814758e-001
0 0 0
0 0 0
0 0 0
0 0 0
0 0 0
1.9457833626e+000 -1.1778004002e+000 -6.8865669980e+000
203 182 70
2 6 347 186.6000 -113.1100 7 506 185.2800 -144.2900
2.2364786051e+000 -9.0770728603e-001 -6.3550739943e+000
221 195 83
2 6 526 232.6400 -94.3100 7 513 231.1000 -133.6500
2.2364786051e+000 -9.0770728603e-001 -6.3550739943e+000
221 195 83
2 6 525 232.6400 -94.3100 7 512 231.1000 -133.6500
2.2521837540e+000 -8.9493993642e-001 -6.3078848880e+000
177 153 51
2 6 796 235.9500 -93.7400 7 762 234.5900 -133.5800
2.2605098656e+000 -7.9328692569e-001 -6.3406058968e+000
214 189 76
2 6 533 235.6400 -82.6300 7 524 234.7100 -123.2100
2.2443657124e+000 -8.3170811652e-001 -6.3335841802e+000
215 192 85
2 6 799 234.1800 -86.7600 7 771 233.2600 -126.9300
2.5803150279e+000 -4.9762960561e-001 -5.5335994290e+000
226 181 185
2 6 184 308.2200 -59.3600 7 187 306.7600 -113.6100
2.2203558229e+000 -1.0100490128e+000 -6.4116697682e+000
212 189 70
2 6 348 228.6400 -104.2600 7 351 227.0900 -141.5900
2.2611085270e+000 -7.0994024599e-001 -6.2880075924e+000
215 190 73
2 6 350 237.6400 -74.5900 7 357 237.4500 -116.4200
1.9515490224e+000 -1.1391211860e+000 -6.8977943250e+000
41 28 0
2 6 790 186.9300 -109.1500 7 753 185.5800 -140.7200
1.9515490224e+000 -1.1391211860e+000 -6.8977943250e+000
41 28 0
2 6 791 186.9300 -109.1500 7 754 185.5800 -140.7200
2.5843214210e+000 -3.7832667781e-001 -5.5122439184e+000
234 192 195
2 6 549 309.9200 -45.2700 7 531 309.3300 -101.2900
2.5767348825e+000 -4.3030567795e-001 -5.5298301621e+000
240 179 181
2 6 813 308.0100 -51.3500 7 787 307.1300 -106.4500
-9.4256556764e-001 5.2324943701e-001 -4.5646763148e+000
22 27 46
2 6 52 -136.5200 75.6800 7 55 -78.7900 13.0000
-9.4256556764e-001 5.2324943701e-001 -4.5646763148e+000
22 27 46
2 6 53 -136.5200 75.6800 7 56 -78.7900 13.0000
-9.4256556764e-001 5.2324943701e-001 -4.5646763148e+000
22 27 46
2 6 54 -136.5200 75.6800 7 57 -78.7900 13.0000
-9.0566644345e-001 -2.4430257480e-001 -5.0384437440e+000
23 24 28
2 6 69 -118.7600 -32.0200 7 72 -75.0000 -79.6900
8.7084879263e-001 5.7488874376e-002 -5.6342223886e+000
210 177 196
2 6 47 101.8400 6.4900 7 51 125.1200 -43.7100
4.3098813442e-002 3.5436455377e-001 -5.4776302497e+000
144 19 27
2 6 51 5.2000 42.7500 7 82 38.7800 -8.4300
-9.8847909371e-001 6.4007815537e-001 -4.5837951208e+000
201 211 244
2 6 82 -142.6700 92.1100 7 86 -84.0400 29.3100
1.0363514492e+000 -1.1898832181e-003 -5.4519446359e+000
173 109 126
2 6 137 125.8900 0.0900 7 102 147.3800 -53.9900
1.0085964406e+000 5.8202141163e-001 -5.4994184329e+000
213 194 208
2 6 77 121.3100 70.0300 7 83 147.1100 11.8300
1.0085964406e+000 5.8202141163e-001 -5.4994184329e+000
213 194 208
2 6 78 121.3100 70.0300 7 84 147.1100 11.8300
3.5762662768e-001 5.0167324505e-001 -5.3844373133e+000
73 2 3
2 6 104 43.5200 61.2500 7 110 77.2200 6.3200
-9.2805422845e-001 3.9419816364e-001 -4.6296101747e+000
190 201 238
2 6 76 -132.4400 56.2900 7 109 -77.1900 -4.1700
4.5317409139e-001 1.0196509549e+000 -5.5480146972e+000
163 18 29
2 6 112 53.8700 121.3600 7 114 87.7000 64.2300
2.3931142550e+000 -1.1750292071e+000 -6.0340054513e+000
202 197 105
2 6 130 262.0300 -128.7200 7 131 257.7300 -168.6600
-1.6020999119e-002 4.5707739147e-001 -5.4878498481e+000
224 55 95
2 6 142 -1.9600 55.0100 7 202 32.6700 3.5800
-1.6020999119e-002 4.5707739147e-001 -5.4878498481e+000
224 55 95
2 6 143 -1.9600 55.0100 7 203 32.6700 3.5800
8.2900210347e-001 5.7470373016e-001 -5.4875427783e+000
95 0 2
2 6 148 99.7600 69.1500 7 150 127.7900 12.1200
-6.2054734763e-001 4.4798194912e-001 -4.6221587483e+000
108 54 70
2 6 147 -88.6900 64.0700 7 148 -35.6400 0.9500
1.4526212036e-001 6.6410664959e-001 -5.3834686720e+000
218 203 221
2 6 152 17.7300 81.4300 7 152 53.7800 25.9700
-9.9246909511e-001 5.2148992491e-001 -4.5507251046e+000
17 20 27
2 6 151 -143.7200 76.1100 7 206 -86.2700 12.5800
3.9371942876e-001 1.1122671759e+000 -5.5516965531e+000
171 150 172
2 6 158 46.6800 132.2400 7 160 81.7200 75.0400
2.5803150279e+000 -4.9762960561e-001 -5.5335994290e+000
226 181 185
2 6 185 308.2200 -59.3600 7 188 306.7600 -113.6100
9.6907422816e-001 1.6307898054e-001 -5.7170374225e+000
99 3 5
2 6 139 112.1900 19.0000 7 141 133.5200 -32.2400
-5.3259067146e-001 3.1319648530e-001 -4.5495931491e+000
156 98 112
2 6 204 -77.4400 45.4100 7 267 -24.4800 -18.2200
1.0506110986e+000 6.7225508214e-001 -5.5078702293e+000
45 10 7
2 6 214 125.7400 80.4100 7 151 152.5800 22.0300
1.0443920651e-001 5.8992595521e-001 -5.3793322119e+000
82 11 26
2 6 209 12.9700 72.5900 7 281 48.4300 17.4500
-6.3500549867e-001 4.9252060955e-001 -4.5992195483e+000
235 181 194
2 6 208 -91.0600 70.9300 7 275 -37.4500 6.7200
-1.0349943684e+000 4.7062698436e-001 -4.5893701299e+000
183 230 255
2 6 280 -149.1700 67.6200 7 276 -91.3800 6.7000
9.6395324578e-001 -2.2184498909e-002 -5.6132766576e+000
66 13 22
2 6 384 113.6800 -2.4400 7 377 134.6200 -53.5200
1.2599400107e+000 9.2357052132e-002 -5.5431768770e+000
95 35 39
2 6 269 150.5900 11.3300 7 260 169.3700 -43.5700
1.1343651270e+000 9.9312493896e-002 -5.5999800785e+000
172 101 113
2 6 389 133.9300 11.7800 7 261 154.3400 -41.2100
7.2744137101e-001 1.7023451134e-001 -5.7236147469e+000
111 13 20
2 6 275 83.9800 19.6500 7 265 107.9400 -30.0500
2.1095633364e+000 3.4943310427e-001 -6.4467666260e+000
147 111 51
2 6 277 216.2500 35.8300 7 388 224.0600 -12.4600
9.1989183423e-001 6.1968503159e-001 -5.5178588500e+000
104 11 16
2 6 282 110.3100 74.3300 7 279 137.0200 16.5700
-1.1343516472e-001 6.2471361777e-001 -5.4052798633e+000
106 9 21
2 6 284 -13.8700 76.3700 7 285 23.5400 22.9100
-9.5323717046e-001 4.9161757507e-001 -4.5831862980e+000
255 254 254
2 6 281 -137.4800 70.8400 7 277 -80.3100 8.8500
-9.6419533035e-001 7.8016402284e-001 -4.5484348763e+000
224 166 176
2 6 296 -140.0200 113.4000 7 295 -80.4300 48.0300
-9.9818968623e-001 7.7760833166e-001 -4.5522444089e+000
227 167 179
2 6 427 -144.8000 112.9700 7 420 -85.1200 47.8800
-1.1092966484e+000 7.7538940500e-001 -4.5664664771e+000
133 74 96
2 6 621 -160.5600 112.1700 7 421 -100.0800 48.4700
4.2624409991e-001 1.1622059532e+000 -5.5464315892e+000
161 21 32
2 6 301 50.6900 138.3900 7 301 85.6600 80.4200
1.5965099062e+000 1.3009654883e+000 -5.3126938881e+000
69 31 28
2 6 220 198.3700 161.6700 7 218 225.5300 90.8900
1.5965099062e+000 1.3009654883e+000 -5.3126938881e+000
69 31 28
2 6 221 198.3700 161.6700 7 219 225.5300 90.8900
2.7234609638e+000 -2.8767193888e+000 -9.8549139148e+000
59 47 61
2 6 332 182.6200 -192.8900 7 334 163.5400 -201.2600
2.3467207177e+000 -2.2703993582e+000 -1.0857094972e+001
121 117 134
2 6 509 142.7700 -138.2400 7 504 127.0100 -145.6700
9.2581002311e-001 -3.7870875190e-002 -5.6664982436e+000
173 134 153
2 6 380 108.0300 -4.3600 7 376 129.1000 -54.1500
2.1735980146e+000 6.1453159223e-001 -6.3799590818e+000
111 64 25
2 6 403 225.1300 63.6500 7 397 234.4000 12.2900
-9.3434372589e-001 4.2380718482e-001 -4.5833642778e+000
165 216 253
2 6 402 -134.6900 61.1200 7 573 -78.2300 -0.4900
-1.0608730800e+000 4.4172943934e-001 -4.5945415229e+000
168 157 198
2 6 597 -152.6200 63.4900 7 882 -95.1300 2.9000
-6.8204588218e-001 6.3029415527e-001 -4.5480349476e+000
170 104 126
2 6 416 -99.1700 91.5100 7 407 -42.6600 25.7000
-9.8962246609e-001 7.4442933081e-001 -4.5372948871e+000
174 107 127
2 6 424 -144.2600 108.2900 7 592 -84.0400 43.5300
-9.8962246609e-001 7.4442933081e-001 -4.5372948871e+000
174 107 127
2 6 425 -144.2600 108.2900 7 593 -84.0400 43.5300
1.7236134680e+000 1.4304375446e+000 -5.4881505025e+000
69 30 30
2 6 308 207.4000 172.1400 7 308 232.5700 102.9200
2.9828626863e+000 -3.0129086605e+000 -9.1204012050e+000
56 47 63
2 6 676 215.9600 -218.4400 7 650 195.3000 -228.2500
2.5426056024e+000 -2.9235865784e+000 -1.0224480693e+001
103 99 121
2 6 482 164.3700 -188.9100 7 689 145.7200 -195.7800
2.3084686875e+000 -3.0504267062e+000 -1.1050208609e+001
108 101 118
2 6 485 138.0000 -182.4600 7 707 119.4700 -186.1400
1.7711906175e+000 -3.4049082659e+000 -1.2472252210e+001
97 90 106
2 6 486 93.8900 -180.3500 7 489 74.5900 -179.1000
2.6557026389e+000 -2.6115098752e+000 -1.0104515006e+001
119 113 129
2 6 493 173.5700 -170.8800 7 713 155.9600 -179.5600
2.4310951212e+000 -2.5936340230e+000 -1.0637888135e+001
64 53 67
2 6 753 150.9400 -161.1800 7 735 133.9300 -168.0300
2.3633632589e+000 -2.4076820622e+000 -1.1038877080e+001
73 53 61
2 6 504 141.5800 -144.0300 7 748 124.7300 -150.7400
2.3071563208e+000 -2.4042271560e+000 -1.1060329010e+001
124 120 134
2 6 505 137.8000 -143.6800 7 498 121.4700 -149.9600
2.3071563208e+000 -2.4042271560e+000 -1.1060329010e+001
124 120 134
2 6 506 137.8000 -143.6800 7 497 121.4700 -149.9600
2.5613232779e+000 -6.0528209562e-001 -5.5951494850e+000
240 183 194
2 6 537 302.5600 -71.4400 7 775 300.5200 -123.4800
2.5803616878e+000 -5.6982283001e-001 -5.5373888417e+000
243 196 214
2 6 538 307.9800 -67.9600 7 779 306.0100 -121.2400
2.5931339550e+000 -4.8393371287e-001 -5.5233637115e+000
234 171 187
2 6 541 310.3000 -57.8500 7 784 308.8300 -112.4200
2.2639296122e+000 -6.1348131608e-001 -6.3053897497e+000
177 147 41
2 6 807 237.2500 -64.3000 7 788 237.7000 -106.8100
2.5901593507e+000 -4.2809507998e-001 -5.4793196451e+000
237 187 201
2 6 355 312.4100 -51.6000 7 528 311.5200 -107.4000
9.7407647919e-001 1.4454405537e-002 -5.6278361564e+000
171 124 141
2 6 851 114.4000 1.7200 7 835 135.7400 -49.2400
-5.6072135539e-001 -3.2260409035e-002 -4.7085372382e+000
226 178 187
2 6 379 -79.0300 -4.8600 7 828 -30.5200 -61.1300
-5.1089736089e-001 9.2161054787e-002 -4.6286071966e+000
157 101 112
2 6 576 -73.0800 13.0200 7 840 -23.2000 -46.7300
-5.1089736089e-001 9.2161054787e-002 -4.6286071966e+000
157 101 112
2 6 575 -73.0800 13.0200 7 841 -23.2000 -46.7300
-9.6841479749e-001 8.6597549015e-002 -4.6016325091e+000
215 151 168
2 6 574 -139.1800 12.3200 7 844 -84.6100 -45.1900
-5.1824918460e-001 2.5672178838e-001 -4.5753601040e+000
157 99 111
2 6 584 -74.9300 37.0000 7 861 -23.0000 -25.6100
9.1734390433e-002 6.1928845675e-001 -5.3610323149e+000
233 218 229
2 6 606 11.2800 76.3100 7 907 47.6200 21.0100
1.2121874285e-001 6.3819031161e-001 -5.3587741423e+000
229 219 231
2 6 607 14.9400 78.6900 7 909 51.1400 23.0000
-9.3700585503e-001 6.5581218768e-001 -4.5549715835e+000
241 217 230
2 6 615 -136.0600 95.0200 7 924 -77.2200 31.0200
3.6964252537e-001 9.6802108982e-001 -5.5369974674e+000
203 132 150
2 6 944 44.0700 115.4900 7 956 78.2500 58.9400
-9.4470849716e-001 7.4863445271e-001 -4.5416797598e+000
178 107 123
2 6 620 -137.5100 108.8700 7 591 -77.8800 43.7000
-1.0281095426e+000 7.5969965967e-001 -4.5421272865e+000
232 172 179
2 6 939 -149.9000 110.2100 7 944 -88.9800 46.0800
4.2562877526e-001 1.0821474538e+000 -5.5440390537e+000
151 23 55
2 6 625 50.6300 128.9000 7 604 85.1300 71.4400
2.7324556760e+000 -3.2898962173e+000 -9.7326072560e+000
111 102 121
2 6 663 185.4800 -223.4100 7 649 164.8300 -229.7500
2.4268401426e+000 -3.6084443405e+000 -1.0610701560e+001
100 95 113
2 6 659 151.1500 -224.7100 7 656 130.3400 -227.1100
2.5195897734e+000 -3.4500676744e+000 -1.0369248584e+001
114 111 129
2 6 673 160.5800 -219.8500 7 660 140.0400 -223.6700
2.5515220865e+000 -3.1315649224e+000 -1.0308204660e+001
117 106 126
2 6 700 163.5300 -200.7800 7 678 144.1600 -206.2900
2.4599015610e+000 -2.9188257098e+000 -1.0537042862e+001
57 46 60
2 6 720 154.2200 -183.0900 7 699 135.9300 -188.8600
2.1135940982e+000 -2.2177984224e+000 -1.1369898700e+001
107 92 111
2 6 771 122.9100 -128.8300 7 760 107.3300 -134.7700
1.9322483653e+000 -2.4024244703e+000 -1.2111500656e+001
97 86 99
2 6 769 105.4300 -131.0700 7 761 89.0900 -134.0200
2.2443657124e+000 -8.3170811652e-001 -6.3335841802e+000
215 192 85
2 6 798 234.1800 -86.7600 7 770 233.2600 -126.9300
2.5709837745e+000 -5.1133546432e-001 -5.5551070466e+000
234 189 195
2 6 809 305.8500 -60.8100 7 783 304.5400 -114.4700
-1.3215440679e-001 5.9337612717e-001 -5.3530084229e+000
209 176 193
2 6 900 -16.4700 73.1100 7 905 21.9100 19.4200
1.5895878793e+000 1.0859698259e+000 -5.2544744136e+000
159 96 109
2 6 627 199.9600 136.6100 7 960 225.4200 66.1800
5.5384935897e-001 1.0176671575e+000 -5.5572534324e+000
212 136 155
2 6 949 65.7600 120.9300 7 958 98.6100 63.3400
-4.8328804566e-002 5.3458346672e-001 -5.4423572787e+000
243 238 244
2 6 26 -5.8100 64.9600 7 26 29.9300 12.2700
2.0091282339e+000 8.4525989053e-001 -6.2962013277e+000
193 133 142
2 6 29 210.3700 88.3500 7 27 224.1500 35.7400
2.1450411486e+000 -6.4417603365e-001 -6.4339691586e+000
219 186 70
2 6 44 220.6900 -65.8500 7 48 220.9800 -106.9700
-1.0058658059e-001 3.1166444262e-001 -5.5328261610e+000
235 234 243
2 6 49 -12.2800 36.9800 7 81 22.0800 -11.7900
-1.8056960664e-002 1.5406458531e+000 -5.8930304899e+000
161 16 26
2 6 61 -1.4300 173.2500 7 64 33.4700 120.4700
-8.2176662376e-002 1.9391604696e-001 -5.7006596057e+000
198 31 51
2 6 72 -9.8500 22.1800 7 143 21.8300 -23.3500
1.3487347515e+000 2.1016803363e-001 -5.5857404830e+000
188 119 130
2 6 73 160.0900 25.2900 7 79 178.1400 -30.7300
1.4391498947e+000 3.3321899202e-001 -5.7303281498e+000
65 8 8
2 6 75 166.2800 38.6800 7 80 183.6900 -16.3900
1.2717708593e+000 1.2656436268e+000 -5.3887870898e+000
184 138 151
2 6 85 155.8700 155.1400 7 89 185.3700 88.1200
-3.0504992524e+000 3.2559282421e+000 -1.2087113141e+001
24 22 27
2 6 86 -167.2900 177.5200 7 126 -161.1400 181.1900
-3.0504992524e+000 3.2559282421e+000 -1.2087113141e+001
24 22 27
2 6 87 -167.2900 177.5200 7 127 -161.1400 181.1900
-1.3208371702e+000 -2.9408828246e+000 -1.2609650749e+001
63 59 70
2 6 92 -68.4900 -153.3200 7 68 -81.2800 -149.2700
-1.4246855923e-001 7.1463658693e-001 -5.4009485983e+000
193 32 49
2 6 108 -17.5500 87.3300 7 113 20.9400 33.5300
2.3931142550e+000 -1.1750292071e+000 -6.0340054513e+000
202 197 105
2 6 129 262.0300 -128.7200 7 130 257.7300 -168.6600
1.1888367884e+000 1.2347738332e-001 -5.5754766757e+000
189 123 137
2 6 138 141.0900 14.7900 7 140 161.0400 -39.2400
2.6528240757e-001 5.2554921459e-001 -5.3888832413e+000
230 208 219
2 6 146 32.6400 64.5400 7 205 66.2500 9.1900
-1.3095196073e-001 5.7638603520e-001 -5.4611446453e+000
221 208 222
2 6 150 -15.6700 69.9000 7 209 20.4800 17.4600
-1.4239155979e-001 7.0895274598e-001 -5.3826557889e+000
195 34 51
2 6 153 -17.5200 87.0000 7 154 21.0100 32.8000
1.1994116238e+000 1.3433111918e+000 -5.9760022934e+000
157 20 30
2 6 161 132.4700 148.4200 7 118 158.1100 91.7400
1.5785462424e+000 1.4563918615e+000 -5.4444635084e+000
168 118 129
2 6 163 191.5700 176.7500 7 163 218.6300 107.2600
8.2219626721e-001 -4.9493866293e+000 -1.4618219399e+001
42 42 51
2 6 170 37.3000 -223.5900 7 179 14.2800 -213.7900
2.3748555742e+000 -3.6263338636e+000 -1.0750714152e+001
38 34 49
2 6 172 146.0200 -222.8500 7 175 125.2300 -224.8800
2.3748555742e+000 -3.6263338636e+000 -1.0750714152e+001
38 34 49
2 6 173 146.0200 -222.8500 7 176 125.2300 -224.8800
2.9959218817e+000 -2.9212370309e+000 -9.0992067158e+000
60 49 64
2 6 174 217.3900 -212.3100 7 177 197.1000 -222.7500
2.4536037322e+000 -2.0769116105e+000 -8.2931974898e+000
188 174 148
2 6 177 195.3900 -165.5900 7 182 182.8700 -183.3700
4.7738369290e-001 -3.2869435579e+000 -1.3111154275e+001
105 81 64
2 6 178 24.1400 -165.5800 7 183 7.6400 -161.5000
2.5913809902e+000 -3.6978534591e-001 -5.4784189997e+000
224 181 193
2 6 186 312.7800 -44.4500 7 189 311.9800 -101.2200
2.5913809902e+000 -3.6978534591e-001 -5.4784189997e+000
224 181 193
2 6 187 312.7800 -44.4500 7 190 311.9800 -101.2200
2.6708997862e+000 -3.1959226347e+000 -9.9392124019e+000
53 42 51
2 6 233 177.5300 -212.5200 7 231 157.5200 -218.7800
2.6708997862e+000 -3.1959226347e+000 -9.9392124019e+000
53 42 51
2 6 234 177.5300 -212.5200 7 232 157.5200 -218.7800
1.7501647266e+000 -3.6996392516e+000 -1.2470559088e+001
10 10 12
2 6 235 92.8200 -195.9600 7 337 72.6700 -193.7500
1.7501647266e+000 -3.6996392516e+000 -1.2470559088e+001
10 10 12
2 6 236 92.8200 -195.9600 7 338 72.6700 -193.7500
2.3409836406e+000 -1.9738509378e+000 -8.5756696257e+000
178 170 140
2 6 241 180.2700 -152.2000 7 236 168.6500 -169.1200
1.5491925219e+000 -2.6233308082e+000 -1.2496042428e+001
110 83 65
2 6 244 82.0000 -138.6500 7 239 65.5000 -139.4700
1.4123840947e+000 -2.5685821295e+000 -1.2489628982e+001
18 29 45
2 6 245 74.8600 -135.7700 7 240 58.7800 -136.6200
2.0809794308e+000 -2.1786857813e+000 -1.1570849120e+001
54 40 42
2 6 248 118.8900 -124.3800 7 243 103.3500 -129.8000
2.5562843721e+000 -6.0919962962e-001 -5.5247248371e+000
225 192 209
2 6 255 305.7600 -72.8600 7 355 303.9200 -125.6600
5.5440287592e-001 1.3214638049e-001 -5.6811850276e+000
211 42 80
2 6 271 64.4500 15.3400 7 380 90.1700 -33.7200
-9.8492198241e-001 5.9825427551e-001 -4.5661052946e+000
179 225 255
2 6 288 -142.3500 86.7600 7 288 -84.3800 23.2300
-8.9397680543e-001 7.6634920897e-001 -4.5282801363e+000
225 165 176
2 6 295 -130.6700 111.6300 7 293 -70.7200 45.9400
-1.0442172440e+000 7.9605192649e-001 -4.5442570528e+000
152 97 120
2 6 297 -152.0100 115.6000 7 296 -91.1300 51.0200
1.7236134680e+000 1.4304375446e+000 -5.4881505025e+000
69 30 30
2 6 307 207.4000 172.1400 7 307 232.5700 102.9200
5.9901339138e-001 1.7441710519e+000 -5.8967814432e+000
69 1 0
2 6 314 67.0300 195.3800 7 319 100.5200 138.8200
2.3177374966e+000 -3.8883646136e+000 -1.0882907471e+001
84 79 97
2 6 318 140.6700 -236.1600 7 459 119.3700 -236.4100
2.5424260951e+000 -3.3222526933e+000 -1.0424796313e+001
98 89 106
2 6 327 160.9800 -210.7600 7 331 141.1800 -214.7700
2.8648950704e+000 -2.8747149887e+000 -9.3930828855e+000
56 43 54
2 6 329 201.4100 -202.3600 7 332 182.0100 -212.0600
2.7234609638e+000 -2.8767193888e+000 -9.8549139148e+000
59 47 61
2 6 331 182.6200 -192.8900 7 333 163.5400 -201.2600
2.5276037850e+000 -2.9925618300e+000 -1.0426949285e+001
59 52 64
2 6 333 160.2200 -189.6200 7 335 141.2600 -195.6000
2.5276037850e+000 -2.9925618300e+000 -1.0426949285e+001
59 52 64
2 6 334 160.2200 -189.6200 7 336 141.2600 -195.6000
1.6005877748e+000 -3.2669423637e+000 -1.3104519103e+001
81 74 84
2 6 336 80.8300 -164.6200 7 349 61.6100 -162.5500
1.6701576560e+000 -2.7998423571e+000 -1.2680224741e+001
47 38 45
2 6 340 87.1900 -145.7600 7 502 69.4700 -146.0400
1.9948555940e+000 -2.3401998016e+000 -1.1742324709e+001
52 42 42
2 6 343 112.1600 -131.7900 7 511 96.4900 -135.7700
1.9457833626e+000 -1.1778004002e+000 -6.8865669980e+000
203 182 70
2 6 346 186.6000 -113.1100 7 505 185.2800 -144.2900
2.5642136482e+000 -6.1252364704e-001 -5.5393613837e+000
228 196 213
2 6 351 305.8900 -73.0700 7 354 303.9200 -125.6600
2.5969891816e+000 -3.6600963118e-001 -5.4557864991e+000
245 190 207
2 6 359 314.6300 -44.2700 7 530 314.0700 -101.2500
5.4221434878e-001 -2.8194180272e-001 -5.6801768504e+000
123 6 14
2 6 362 62.8900 -32.9700 7 365 86.4400 -78.1600
5.4221434878e-001 -2.8194180272e-001 -5.6801768504e+000
123 6 14
2 6 363 62.8900 -32.9700 7 366 86.4400 -78.1600
2.1815852136e+000 -2.7793300100e-001 -6.2392596607e+000
114 69 10
2 6 365 231.1500 -29.3600 7 543 234.6700 -75.4600
-9.3584315503e-001 -1.9436576927e-001 -4.9871583762e+000
35 44 92
2 6 366 -123.8900 -25.6400 7 368 -78.9400 -74.5700
-5.8304465332e-001 -8.7305646934e-002 -4.7490478540e+000
229 178 190
2 6 376 -81.2200 -12.2400 7 547 -34.0900 -67.5800
1.2185503199e+000 1.9089582494e-001 -5.6145243320e+000
173 95 107
2 6 392 143.7400 22.7300 7 381 163.2700 -31.7000
4.7987905876e-001 2.3205386969e-001 -5.6571853201e+000
124 4 14
2 6 393 56.0700 27.1200 7 383 83.2000 -22.8000
2.1473480648e+000 2.9430562301e-001 -6.4644851808e+000
84 49 7
2 6 395 219.5900 30.1500 7 386 226.4700 -17.7900
-4.2218908429e-001 4.2936513953e-001 -4.6119845196e+000
207 155 168
2 6 401 -60.7700 61.2600 7 571 -8.9000 -2.6100
2.2094275805e+000 6.3891648398e-001 -6.3377071863e+000
176 139 90
2 6 404 230.3300 66.5900 7 398 239.6800 14.3700
3.6273157708e-001 5.7245115476e-001 -5.4424442201e+000
154 28 45
2 6 405 43.7900 69.2900 7 579 76.9900 14.5000
-6.5512812181e-001 5.7912264200e-001 -4.5660801960e+000
189 126 143
2 6 408 -94.9600 83.6700 7 400 -39.2400 18.6900
-6.5512812181e-001 5.7912264200e-001 -4.5660801960e+000
189 126 143
2 6 409 -94.9600 83.6700 7 401 -39.2400 18.6900
-8.2538142762e-001 5.9193509972e-001 -4.5959431593e+000
247 228 240
2 6 411 -118.8600 84.9300 7 403 -62.0900 21.7100
2.8453235901e-001 7.0574256558e-001 -5.3083263036e+000
219 197 209
2 6 412 35.3800 87.8200 7 584 71.3000 29.8300
4.3634565771e-001 7.2404286782e-001 -5.3696085500e+000
246 224 228
2 6 414 53.3600 88.8200 7 410 87.9300 31.3300
4.3634565771e-001 7.2404286782e-001 -5.3696085500e+000
246 224 228
2 6 415 53.3600 88.8200 7 411 87.9300 31.3300
-6.8204588218e-001 6.3029415527e-001 -4.5480349476e+000
170 104 126
2 6 417 -99.1700 91.5100 7 408 -42.6600 25.7000
-2.2891870199e-002 8.2276083735e-001 -5.4860345081e+000
175 25 37
2 6 419 -2.8300 99.0400 7 416 34.2100 45.0700
-7.7011495088e-001 6.9344432822e-001 -4.5325255905e+000
233 177 193
2 6 421 -112.3700 101.0100 7 413 -54.2900 34.9400
4.9959678503e-001 8.8012660396e-001 -5.5558532857e+000
127 24 35
2 6 422 59.5900 104.8200 7 418 91.4500 48.0700
-1.0864285817e+000 7.4757495360e-001 -4.5576137112e+000
229 167 180
2 6 426 -157.5200 108.3900 7 415 -97.2600 44.4900
4.2098743419e-001 1.1637972992e+000 -5.5434800360e+000
155 24 37
2 6 432 50.1600 138.7100 7 430 85.0700 80.6000
1.2317508831e+000 1.1364589618e+000 -5.2039565900e+000
184 132 143
2 6 433 156.3300 144.2500 7 429 187.0600 74.8500
1.5311625450e+000 1.6164202341e+000 -5.5589264276e+000
98 65 48
2 6 443 181.6900 191.9200 7 441 210.1200 124.2500
2.8150377151e+000 -3.1357718000e+000 -9.5743194277e+000
52 45 57
2 6 465 194.2200 -216.4900 7 658 173.8300 -224.2000
2.4397110293e+000 -3.4123454240e+000 -1.0605992933e+001
105 97 118
2 6 466 151.9900 -212.6200 7 478 131.8900 -215.9400
2.8161033317e+000 -2.9797050037e+000 -9.5124580182e+000
118 111 128
2 6 468 195.5200 -207.0900 7 671 175.8700 -215.8000
2.1740730788e+000 -3.5158322996e+000 -1.1293698129e+001
85 77 96
2 6 469 127.1700 -205.7500 7 480 107.3900 -206.7500
2.1138683069e+000 -3.4557923480e+000 -1.1426458383e+001
39 35 49
2 6 471 122.3000 -199.8000 7 482 102.6500 -200.8700
2.8024214853e+000 -2.7746298348e+000 -9.6480292126e+000
57 41 47
2 6 479 191.8500 -190.1200 7 483 173.0500 -199.6100
2.8024214853e+000 -2.7746298348e+000 -9.6480292126e+000
57 41 47
2 6 480 191.8500 -190.1200 7 484 173.0500 -199.6100
2.4203542934e+000 -2.9030011151e+000 -1.0768194479e+001
57 46 55
2 6 488 148.4600 -178.2100 7 710 130.2600 -183.3600
1.6473812981e+000 -3.4706666044e+000 -1.2867767429e+001
88 85 103
2 6 489 84.7200 -178.1100 7 491 65.0500 -175.9100
2.4902304997e+000 -2.1791532925e+000 -8.2475704714e+000
187 177 143
2 6 492 199.3700 -174.7300 7 485 186.2200 -192.0400
1.7123339250e+000 -3.0967214986e+000 -1.2677960624e+001
54 48 60
2 6 498 89.3100 -161.3500 7 494 70.8300 -160.6300
2.3414880213e+000 -2.0500880313e+000 -8.5273280422e+000
113 98 80
2 6 501 181.4100 -158.9000 7 490 169.3300 -175.7000
2.1339246835e+000 -2.4244229676e+000 -1.1521327480e+001
63 47 56
2 6 507 122.2000 -139.2300 7 507 106.2400 -143.5900
1.9846361291e+000 -2.2626384124e+000 -1.1952764252e+001
61 47 49
2 6 515 109.7400 -125.0700 7 518 93.8300 -128.9800
1.8209337419e+000 -2.1601996746e+000 -1.2357283412e+001
62 47 49
2 6 519 97.3700 -115.5200 7 781 81.8000 -118.3800
2.2491387412e+000 -8.7735265765e-001 -6.3686714555e+000
214 191 78
2 6 528 233.2600 -91.1200 7 516 232.1800 -130.3400
2.2017629465e+000 -8.8518232570e-001 -6.4235943584e+000
216 192 86
2 6 529 226.5100 -91.0500 7 517 225.4900 -129.7100
2.5641989770e+000 -6.3772401355e-001 -5.6057325150e+000
221 70 104
2 6 535 302.3400 -75.1200 7 772 299.9700 -126.6700
2.5654167056e+000 -5.5313540073e-001 -5.5766919523e+000
240 180 193
2 6 540 304.0700 -65.4800 7 780 302.3500 -118.4300
2.1005683604e+000 -5.5991438528e-001 -6.5770673399e+000
228 191 78
2 6 542 211.3600 -56.0000 7 792 212.3500 -96.1600
2.2970794333e+000 -4.7257513326e-001 -6.2129378543e+000
229 196 57
2 6 547 244.3700 -50.2200 7 533 245.5100 -95.2500
2.2970794333e+000 -4.7257513326e-001 -6.2129378543e+000
229 196 57
2 6 548 244.3700 -50.2200 7 534 245.5100 -95.2500
2.2419559796e+000 -3.5601044620e-001 -6.2529196817e+000
98 62 2
2 6 554 236.9700 -37.5900 7 808 239.4100 -83.0000
2.2151240230e+000 -3.1606786885e-001 -6.2545329800e+000
121 76 14
2 6 556 234.1000 -33.3400 7 811 237.0300 -79.0200
2.5987709712e+000 -2.4952250398e-001 -5.4653307778e+000
240 192 195
2 6 557 314.3500 -30.0700 7 541 314.6000 -88.3900
-5.5056115562e-001 1.0759478523e-002 -4.6658583475e+000
218 170 181
2 6 569 -78.1200 1.3800 7 832 -29.0600 -56.5600
-4.8422070635e-001 1.8835313865e-001 -4.6124134966e+000
225 164 172
2 6 581 -69.4400 26.9200 7 558 -19.0400 -34.4700
2.1782793587e+000 3.0863897477e-001 -6.4469689748e+000
176 139 48
2 6 582 223.2500 31.6200 7 567 230.2300 -16.6200
-3.8761509333e-001 4.7753498695e-001 -4.6809451121e+000
220 191 199
2 6 599 -54.8200 67.3200 7 577 -4.6100 3.8400
-1.0802440566e+000 4.8667981202e-001 -4.5966315744e+000
173 160 196
2 6 601 -155.4500 69.8100 7 578 -97.3400 9.2200
3.6916476229e-001 6.6386922522e-001 -5.3795161124e+000
243 214 219
2 6 608 45.2200 81.4400 7 582 79.4300 24.6400
1.4404267216e-001 7.1341112465e-001 -5.4075417833e+000
71 6 13
2 6 611 17.5800 87.1600 7 586 53.4900 31.6000
-1.0272345524e+000 6.3144484444e-001 -4.5663223442e+000
242 226 244
2 6 613 -148.6100 91.4200 7 919 -89.8000 28.1800
-9.4929392156e-001 7.2111383708e-001 -4.5343289457e+000
228 165 173
2 6 617 -138.4700 104.9700 7 588 -78.6700 40.0400
-1.0066846134e+000 8.0868659139e-001 -4.5572770585e+000
157 100 122
2 6 624 -146.0100 117.2200 7 597 -85.8900 52.3100
6.9528608946e-002 1.5320099964e+000 -5.8493217203e+000
108 2 1
2 6 629 7.7300 172.9700 7 610 44.0700 120.1700
-3.8965896057e+000 3.9965190568e+000 -1.1728613268e+001
147 93 86
2 6 638 -219.2900 225.4000 7 1040 -212.5700 230.5300
2.1938870346e+000 -3.9261485384e+000 -1.1210985191e+001
51 45 59
2 6 649 129.3400 -231.3900 7 645 108.0500 -230.9200
2.2362573371e+000 -3.8738920350e+000 -1.1105426625e+001
89 87 105
2 6 650 132.9800 -230.5900 7 647 111.9900 -230.3700
9.7275996436e-001 -5.0590006536e+000 -1.4505104873e+001
49 48 57
2 6 651 44.4100 -230.3700 7 666 20.9900 -220.4800
2.5659932688e+000 -3.5277864887e+000 -1.0277910239e+001
111 107 131
2 6 656 164.9600 -226.8300 7 646 144.0100 -230.4600
2.2284136022e+000 -3.7628567811e+000 -1.1073951601e+001
88 85 102
2 6 660 132.9600 -224.5500 7 657 112.2500 -225.0100
2.6797918539e+000 -3.3440584196e+000 -9.9573344702e+000
59 54 71
2 6 669 177.7700 -221.9900 7 653 157.1800 -227.3700
2.3957019332e+000 -3.5019550753e+000 -1.0838748976e+001
99 95 118
2 6 680 146.0300 -213.5300 7 672 125.6900 -215.8600
2.3266098035e+000 -3.5221292619e+000 -1.1001294294e+001
56 46 58
2 6 684 139.7500 -211.5600 7 674 119.4700 -213.4200
2.6046989962e+000 -3.2484341736e+000 -1.0200089622e+001
63 47 57
2 6 687 168.7500 -210.4400 7 673 148.6500 -215.7900
2.3694487809e+000 -3.2973859537e+000 -1.0754292095e+001
53 46 61
2 6 698 145.5500 -202.6500 7 679 126.1300 -206.0200
2.5265493095e+000 -3.1658329273e+000 -1.0394902163e+001
68 58 74
2 6 699 160.5300 -201.3300 7 677 141.2000 -206.3300
2.1588291086e+000 -3.4260931573e+000 -1.1396537362e+001
88 81 97
2 6 703 125.2000 -198.6300 7 685 105.5600 -199.9000
1.6282644158e+000 -3.8599572748e+000 -1.2862656694e+001
36 26 32
2 6 705 83.7200 -198.2300 7 692 63.1400 -194.6700
2.5179307868e+000 -3.0960835376e+000 -1.0462246803e+001
101 93 110
2 6 708 158.9400 -195.6400 7 684 139.8900 -200.7800
1.9812150551e+000 -3.5092827291e+000 -1.1911171244e+001
52 47 68
2 6 709 109.9400 -194.6600 7 690 90.2300 -194.3500
1.9812150551e+000 -3.5092827291e+000 -1.1911171244e+001
52 47 68
2 6 710 109.9400 -194.6600 7 691 90.2300 -194.3500
2.6734914496e+000 -2.8369959882e+000 -9.9772894632e+000
46 34 46
2 6 715 177.0200 -187.9400 7 688 158.4000 -195.9900
2.1055455700e+000 -3.2961640991e+000 -1.1630727958e+001
90 78 86
2 6 716 119.6400 -187.2600 7 702 100.4400 -188.4700
2.1055455700e+000 -3.2961640991e+000 -1.1630727958e+001
90 78 86
2 6 717 119.6400 -187.2600 7 703 100.4400 -188.4700
1.9876155382e+000 -3.1688918523e+000 -1.1882949826e+001
57 49 60
2 6 728 110.5300 -176.2200 7 720 91.9300 -177.1700
1.9871946997e+000 -3.0892313134e+000 -1.1846758803e+001
89 85 99
2 6 735 110.8700 -172.2900 7 723 92.5000 -173.6500
1.9871946997e+000 -3.0892313134e+000 -1.1846758803e+001
89 85 99
2 6 736 110.8700 -172.2900 7 724 92.5000 -173.6500
2.0589230732e+000 -2.9099020800e+000 -1.1700573455e+001
66 59 74
2 6 747 116.2800 -164.3400 7 739 98.4300 -166.7400
2.0589230732e+000 -2.9099020800e+000 -1.1700573455e+001
66 59 74
2 6 748 116.2800 -164.3400 7 740 98.4300 -166.7400
2.5184532691e+000 -2.5671440372e+000 -1.0429715058e+001
106 99 115
2 6 749 159.5400 -162.6700 7 729 142.3200 -170.4900
2.5184532691e+000 -2.5671440372e+000 -1.0429715058e+001
106 99 115
2 6 750 159.5400 -162.6700 7 730 142.3200 -170.4900
2.4310951212e+000 -2.5936340230e+000 -1.0637888135e+001
64 53 67
2 6 752 150.9400 -161.1800 7 734 133.9300 -168.0300
2.4310951212e+000 -2.5936340230e+000 -1.0637888135e+001
64 53 67
2 6 754 150.9400 -161.1800 7 736 133.9300 -168.0300
1.2725105347e+000 -3.0568951212e+000 -1.3978788448e+001
74 67 78
2 6 761 60.2200 -144.4400 7 752 41.5100 -140.8100
2.3916337903e+000 -1.1708802517e+000 -6.0299933490e+000
197 196 106
2 6 773 262.0800 -128.3200 7 733 257.7500 -168.4000
2.3617511320e+000 -2.0636369616e+000 -1.0893004568e+001
71 60 79
2 6 776 143.1900 -125.2600 7 764 128.1000 -133.3900
2.2154919649e+000 -2.0449568158e+000 -1.1129567285e+001
91 79 87
2 6 778 131.5600 -121.4000 7 767 116.6000 -128.7600
2.2154919649e+000 -2.0449568158e+000 -1.1129567285e+001
91 79 87
2 6 779 131.5600 -121.4000 7 768 116.6000 -128.7600
2.0472959691e+000 -2.0613077379e+000 -1.1672138856e+001
62 50 55
2 6 786 115.9900 -116.6200 7 778 100.7300 -122.1600
2.5779801402e+000 -7.0471261309e-001 -5.5132300690e+000
247 138 75
2 6 800 309.1300 -84.3600 7 756 305.9300 -136.4200
2.6027777526e+000 -3.0751503981e-001 -5.4374953189e+000
234 190 210
2 6 825 316.3100 -37.3700 7 793 316.3400 -95.2300
2.6068813782e+000 -2.0891113568e-001 -5.4561372968e+000
237 193 207
2 6 834 315.8100 -25.2400 7 807 316.4000 -84.1400
-5.3526859893e-001 2.3684651519e-001 -4.5820178124e+000
216 162 175
2 6 865 -77.3900 33.9700 7 858 -25.3100 -27.9700
-8.2416910417e-001 4.6712818885e-001 -4.5728839606e+000
181 161 192
2 6 894 -119.1400 67.4600 7 885 -63.0000 4.6200
-2.1888896769e-002 5.8854984767e-001 -5.3566362898e+000
194 171 186
2 6 899 -2.6600 72.6400 7 903 34.3400 18.0500
-1.0320577824e+000 5.1311235315e-001 -4.5677181631e+000
147 197 227
2 6 904 -149.4700 74.0700 7 898 -90.9400 12.3400
5.7135463333e-002 6.0354205301e-001 -5.3558665821e+000
239 225 235
2 6 905 6.9300 74.3600 7 904 43.7200 19.4600
-8.9841237533e-001 6.4556383775e-001 -4.5562754326e+000
235 199 216
2 6 919 -130.4100 93.5200 7 921 -72.0100 29.3400
5.2298492334e-001 8.9251941574e-001 -5.5160129920e+000
204 160 177
2 6 933 62.7600 107.0100 7 947 95.0700 49.4700
-7.9350558576e-001 7.4872895027e-001 -4.5361563903e+000
146 87 107
2 6 936 -115.6800 108.9900 7 939 -57.1300 42.6600
3.6964252537e-001 9.6802108982e-001 -5.5369974674e+000
203 132 150
2 6 943 44.0700 115.4900 7 955 78.2500 58.9400
-9.0324652818e-001 8.2750619239e-001 -4.5564887270e+000
216 161 173
2 6 948 -131.1300 119.8800 7 950 -71.4900 54.2200
3.7919771282e-001 1.1227071425e+000 -5.5596082918e+000
229 192 212
2 6 954 44.8600 133.2700 7 967 80.0500 76.2700
-3.8987740057e+000 3.5433429949e+000 -1.1682490321e+001
144 79 71
2 6 973 -220.4800 200.4700 7 1002 -214.1100 205.3900
-5.2689483686e+000 3.5662315270e+000 -1.1495689151e+001
128 72 58
2 6 977 -302.9100 204.9600 7 1018 -297.7700 214.9600
-5.2689483686e+000 3.5662315270e+000 -1.1495689151e+001
128 72 58
2 6 978 -302.9100 204.9600 7 1019 -297.7700 214.9600
-5.4219967851e+000 3.5552594744e+000 -1.1453223344e+001
126 72 64
2 6 979 -312.8800 205.0700 7 636 -307.8900 215.6100
-5.4219967851e+000 3.5552594744e+000 -1.1453223344e+001
126 72 64
2 6 980 -312.8800 205.0700 7 637 -307.8900 215.6100
-3.3161061907e+000 3.7353088984e+000 -1.1804173379e+001
142 89 80
2 6 983 -185.4900 209.2400 7 1011 -178.8100 212.2500
-3.3161061907e+000 3.7353088984e+000 -1.1804173379e+001
142 89 80
2 6 984 -185.4900 209.2400 7 1012 -178.8100 212.2500
-4.8492301945e+000 3.7608168542e+000 -1.1518455316e+001
134 72 65
2 6 998 -278.1800 215.7700 7 1034 -272.0900 224.3200
-4.7998907879e+000 3.8426034003e+000 -1.1476665234e+001
135 75 58
2 6 1007 -276.4600 221.1600 7 1039 -269.7600 229.7400
-3.4991061024e+000 4.0008505620e+000 -1.1784442714e+001
143 85 86
2 6 1008 -196.1600 224.3900 7 1037 -188.8000 228.4700
