# Bundle file v0.3
9 635
6.7227786367e+002 -9.2297818190e-002 -3.5792605594e-003
9.3196169905e-001 -2.9037765564e-001 -2.1709032360e-001
3.1865237732e-001 3.7041812846e-001 8.7249703297e-001
-1.7293945161e-001 -8.8231016497e-001 4.3774503865e-001
-1.3175864650e+000 5.1167538781e+000 -2.9964939271e+000
0 0 0
0 0 0
0 0 0
0 0 0
0 0 0
0 0 0
0 0 0
0 0 0
0 0 0
0 0 0
0 0 0
0 0 0
0 0 0
0 0 0
0 0 0
6.7412090650e+002 -6.8104674383e-002 -2.7811714116e-002
9.1311283034e-001 -3.7287892268e-001 1.6488258880e-001
1.2897260608e-001 6.4782267997e-001 7.5079414102e-001
-3.8676999102e-001 -6.6429442594e-001 6.3962636728e-001
1.2025086851e+000 4.2052527191e+000 -1.8262181947e+000
6.7686781433e+002 -1.3738343536e-001 -2.2746370184e-002
9.7097890600e-001 7.5429559471e-002 2.2695890743e-001
-6.4440022321e-002 9.9637942398e-001 -5.5457434051e-002
-2.3032031527e-001 3.9222761584e-002 9.7232408555e-001
1.2255563636e+000 -3.9818311249e-001 7.7990294734e-002
6.7589603012e+002 -1.2416272625e-001 -3.4004219007e-002
9.9986064701e-001 -1.6589979947e-002 1.8598745123e-003
1.6603167625e-002 9.9983540044e-001 -7.3148381514e-003
-1.7382153596e-003 7.3446986151e-003 9.9997151660e-001
-4.6057223831e-003 -1.0578306845e-001 3.4926674970e-002
6.7582554786e+002 -1.3996666132e-001 2.5850032989e-002
9.9784693422e-001 3.4857567550e-002 5.5555790375e-002
-3.1755954618e-002 9.9793872159e-001 -5.5766184203e-002
-5.7385147956e-002 5.3881888782e-002 9.9689702921e-001
5.6029927174e-001 -7.8236456038e-001 -3.6024831615e-001
6.7381890881e+002 -1.2719165571e-001 -1.8547024887e-002
-9.2966578015e-001 -3.2354053549e-001 -1.7619040583e-001
2.6934223074e-001 -9.2320838286e-001 2.7411866873e-001
-2.5134896052e-001 2.0738322908e-001 9.4541837106e-001
-4.1611631533e-001 2.4649096467e+000 -5.8460351130e-001
1.8860820044e+000 -1.1178121373e+000 -6.7597199837e+000
203 182 70
5 6 347 186.6000 -113.1100 7 506 185.2800 -144.2900 5 342 138.2400 -120.9400 4 460 241.3400 -146.6200 0 468 278.5300 -73.8700
2.1636929277e+000 -8.5209743371e-001 -6.1955163120e+000
221 195 83
6 6 526 232.6400 -94.3100 7 513 231.1000 -133.6500 5 506 191.1500 -107.3000 8 776 -98.2500 198.0900 4 490 271.5400 -79.1000 0 508 283.7800 10.5200
2.1636929277e+000 -8.5209743371e-001 -6.1955163120e+000
221 195 83
6 6 525 232.6400 -94.3100 7 512 231.1000 -133.6500 5 505 191.1500 -107.3000 8 777 -98.2500 198.0900 4 491 271.5400 -79.1000 0 509 283.7800 10.5200
2.1866696225e+000 -8.4373300594e-001 -6.1620357142e+000
177 153 51
6 6 796 235.9500 -93.7400 7 762 234.5900 -133.5800 5 503 194.9600 -107.2700 8 1095 -101.3700 199.5500 4 797 274.4000 -75.1900 0 740 285.6600 15.3600
2.1832584107e+000 -7.3828985662e-001 -6.1633579045e+000
214 189 76
6 6 533 235.6400 -82.6300 7 524 234.7100 -123.2100 5 349 195.4300 -96.4200 8 769 -104.5700 190.7000 4 495 267.0200 -67.3800 0 742 277.1800 20.1000
2.1740311394e+000 -7.7937641221e-001 -6.1787043384e+000
215 192 85
5 6 799 234.1800 -86.7600 7 771 233.2600 -126.9300 5 722 193.5500 -100.3200 8 1082 -102.0100 193.3800 4 798 268.2000 -71.7900
2.5067721101e+000 -4.5543188172e-001 -5.3417347059e+000
226 181 185
4 6 184 308.2200 -59.3600 7 187 306.7600 -113.6100 5 170 278.3900 -82.7800 4 173 311.6200 24.9400
2.1420559878e+000 -9.4730206634e-001 -6.2340675514e+000
212 189 70
5 6 348 228.6400 -104.2600 7 351 227.0900 -141.5900 5 344 186.2100 -116.0100 8 542 -92.3200 203.0400 4 325 274.5900 -89.7800
2.1999354653e+000 -6.6499740867e-001 -6.1494813292e+000
215 190 73
5 6 350 237.6400 -74.5900 7 357 237.4500 -116.4200 5 352 198.5300 -89.3100 8 531 -109.1600 186.2400 4 497 264.2700 -60.3700
1.8842593071e+000 -1.0744926877e+000 -6.7538128983e+000
41 28 0
4 6 790 186.9300 -109.1500 7 753 185.5800 -140.7200 5 704 138.6900 -116.9400 4 767 238.5000 -142.4100
1.8842593071e+000 -1.0744926877e+000 -6.7538128983e+000
41 28 0
4 6 791 186.9300 -109.1500 7 754 185.5800 -140.7200 5 705 138.6900 -116.9400 4 768 238.5000 -142.4100
2.5150141120e+000 -3.4049551512e-001 -5.3292982727e+000
234 192 195
4 6 549 309.9200 -45.2700 7 531 309.3300 -101.2900 5 530 281.0800 -69.8400 4 853 304.5800 34.1500
2.5058437981e+000 -3.9033418047e-001 -5.3455516813e+000
240 179 181
4 6 813 308.0100 -51.3500 7 787 307.1300 -106.4500 5 741 278.5100 -75.1800 4 1294 306.5900 29.2000
-8.9135068955e-001 5.9509650849e-001 -4.5356216060e+000
22 27 46
3 6 52 -136.5200 75.6800 7 55 -78.7900 13.0000 5 30 -102.4300 82.8000
-8.8984472436e-001 5.9550716384e-001 -4.5354783367e+000
22 27 46
4 6 53 -136.5200 75.6800 7 56 -78.7900 13.0000 5 31 -102.4300 82.8000 8 77 149.6400 63.8600
-8.8984472436e-001 5.9550716384e-001 -4.5354783367e+000
22 27 46
4 6 54 -136.5200 75.6800 7 57 -78.7900 13.0000 5 32 -102.4300 82.8000 8 76 149.6400 63.8600
-8.6936767309e-001 -1.5400786005e-001 -5.0201442137e+000
23 24 28
3 6 69 -118.7600 -32.0200 7 72 -75.0000 -79.6900 5 44 -112.5200 -31.6400
8.6510205054e-001 1.0429726289e-001 -5.6282200576e+000
210 177 196
3 6 47 101.8400 6.4900 7 51 125.1200 -43.7100 5 46 95.9400 -4.6500
6.1442874414e-002 4.1067024572e-001 -5.5018256996e+000
144 19 27
4 6 51 5.2000 42.7500 7 82 38.7800 -8.4300 5 49 8.8000 40.8200 8 95 43.6400 69.8400
-9.3416511023e-001 7.1040103430e-001 -4.5588750674e+000
201 211 244
4 6 82 -142.6700 92.1100 7 86 -84.0400 29.3100 5 50 -107.6500 101.9400 8 89 152.4300 45.2800
1.0279360521e+000 3.9025387819e-002 -5.4494296631e+000
173 109 126
3 6 137 125.8900 0.0900 7 102 147.3800 -53.9900 5 67 121.9300 -16.6700
1.0071263819e+000 6.1325410882e-001 -5.4820891150e+000
213 194 208
3 6 77 121.3100 70.0300 7 83 147.1100 11.8300 5 74 123.8500 55.3800
1.0071263819e+000 6.1325410882e-001 -5.4820891150e+000
213 194 208
3 6 78 121.3100 70.0300 7 84 147.1100 11.8300 5 75 123.8500 55.3800
3.6972666324e-001 5.4737321027e-001 -5.3674026498e+000
73 2 3
3 6 104 43.5200 61.2500 7 110 77.2200 6.3200 5 76 52.9600 54.8300
-8.7695154256e-001 4.6815528407e-001 -4.5909928179e+000
190 201 238
3 6 76 -132.4400 56.2900 7 109 -77.1900 -4.1700 5 77 -102.1300 61.2400
4.7256086810e-001 1.0476345773e+000 -5.5323491540e+000
163 18 29
3 6 112 53.8700 121.3600 7 114 87.7000 64.2300 5 111 63.6800 115.4300
2.3116971801e+000 -1.1112147211e+000 -5.8380038904e+000
202 197 105
3 6 130 262.0300 -128.7200 7 131 257.7300 -168.6600 5 116 220.9600 -142.5300
6.6861266870e-003 5.1124907336e-001 -5.4688821137e+000
224 55 95
3 6 142 -1.9600 55.0100 7 202 32.6700 3.5800 5 148 3.8900 54.2200
6.6861266870e-003 5.1124907336e-001 -5.4688821137e+000
224 55 95
3 6 143 -1.9600 55.0100 7 203 32.6700 3.5800 5 149 3.8900 54.2200
8.3314099383e-001 6.0950872922e-001 -5.4845795843e+000
95 0 2
3 6 148 99.7600 69.1500 7 150 127.7900 12.1200 5 150 103.7200 56.8800
-5.8084437853e-001 5.1598622618e-001 -4.6100644391e+000
108 54 70
3 6 147 -88.6900 64.0700 7 148 -35.6400 0.9500 5 151 -54.9600 65.0800
1.6733088064e-001 7.0859568039e-001 -5.3850985555e+000
218 203 221
3 6 152 17.7300 81.4300 7 152 53.7800 25.9700 5 153 28.5700 77.8600
-9.3935927799e-001 5.9586860553e-001 -4.5159549060e+000
17 20 27
3 6 151 -143.7200 76.1100 7 206 -86.2700 12.5800 5 154 -110.0700 84.2400
4.1789418654e-001 1.1401573806e+000 -5.5395176872e+000
171 150 172
4 6 158 46.6800 132.2400 7 160 81.7200 75.0400 5 159 57.8300 127.6300 8 160 -23.6000 0.6600
2.5022878749e+000 -4.5448743003e-001 -5.3325572306e+000
226 181 185
3 6 185 308.2200 -59.3600 7 188 306.7600 -113.6100 5 171 278.3900 -82.7800
9.5868949878e-001 2.0571295652e-001 -5.6856693981e+000
99 3 5
3 6 139 112.1900 19.0000 7 141 133.5200 -32.2400 5 202 104.9900 7.0500
-4.9810902386e-001 3.8341908779e-001 -4.5570648597e+000
156 98 112
4 6 204 -77.4400 45.4100 7 267 -24.4800 -18.2200 5 203 -42.0100 42.7700 8 353 103.7300 103.7400
1.0481393458e+000 7.0114589398e-001 -5.4809238231e+000
45 10 7
3 6 214 125.7400 80.4100 7 151 152.5800 22.0300 5 208 129.4400 65.9400
1.2587050402e-001 6.3687451202e-001 -5.3681845861e+000
82 11 26
3 6 209 12.9700 72.5900 7 281 48.4300 17.4500 5 210 23.3300 69.1700
-5.9560634625e-001 5.5922114045e-001 -4.5994034825e+000
235 181 194
3 6 208 -91.0600 70.9300 7 275 -37.4500 6.7200 5 211 -56.6700 72.0300
-9.8050430929e-001 5.4668762096e-001 -4.5626406882e+000
183 230 255
4 6 280 -149.1700 67.6200 7 276 -91.3800 6.7000 5 215 -117.5900 75.8000 8 340 164.8500 65.2600
9.5073230853e-001 2.5618674415e-002 -5.5820046641e+000
66 13 22
3 6 384 113.6800 -2.4400 7 377 134.6200 -53.5200 5 264 106.9900 -15.3900
1.2351831300e+000 1.3527314155e-001 -5.4789403402e+000
95 35 39
3 6 269 150.5900 11.3300 7 260 169.3700 -43.5700 5 267 145.0000 -4.7500
1.1123033882e+000 1.4418401613e-001 -5.5352437327e+000
172 101 113
3 6 389 133.9300 11.7800 7 261 154.3400 -41.2100 5 268 128.6500 -2.2500
7.1694511480e-001 2.1851484952e-001 -5.6494067176e+000
111 13 20
3 6 275 83.9800 19.6500 7 265 107.9400 -30.0500 5 273 79.8700 10.4500
2.0900359008e+000 3.6723661997e-001 -6.4041685726e+000
147 111 51
3 6 277 216.2500 35.8300 7 388 224.0600 -12.4600 5 275 184.9800 19.3900
9.1663088805e-001 6.5221849222e-001 -5.4791131580e+000
104 11 16
3 6 282 110.3100 74.3300 7 279 137.0200 16.5700 5 286 114.2200 61.6600
-8.4798983151e-002 6.7310618893e-001 -5.3820076301e+000
106 9 21
3 6 284 -13.8700 76.3700 7 285 23.5400 22.9100 5 287 -3.5000 76.2400
-9.0265338992e-001 5.6336050107e-001 -4.5508256981e+000
255 254 254
4 6 281 -137.4800 70.8400 7 277 -80.3100 8.8500 5 288 -105.0000 77.5100 8 341 153.5300 66.9600
-9.0749408839e-001 8.4227796269e-001 -4.5023065577e+000
224 166 176
4 6 296 -140.0200 113.4000 7 295 -80.4300 48.0300 5 300 -101.7300 123.9500 8 327 143.1400 31.6300
-9.4030854017e-001 8.4106856384e-001 -4.5095758460e+000
227 167 179
3 6 427 -144.8000 112.9700 7 420 -85.1200 47.8800 5 301 -107.0800 124.0500
-1.0480309441e+000 8.4163852088e-001 -4.5178873589e+000
133 74 96
3 6 621 -160.5600 112.1700 7 421 -100.0800 48.4700 5 302 -125.0500 125.9200
4.4916342561e-001 1.1885576286e+000 -5.5318713433e+000
161 21 32
4 6 301 50.6900 138.3900 7 301 85.6600 80.4200 5 303 62.3000 133.5100 8 312 -28.8200 -3.3500
1.5998085476e+000 1.3139812227e+000 -5.2620106619e+000
69 31 28
3 6 220 198.3700 161.6700 7 218 225.5300 90.8900 5 304 208.4600 136.3000
1.5998085476e+000 1.3139812227e+000 -5.2620106619e+000
69 31 28
3 6 221 198.3700 161.6700 7 219 225.5300 90.8900 5 305 208.4600 136.3000
2.7085912615e+000 -2.9025649762e+000 -9.9178547276e+000
59 47 61
3 6 332 182.6200 -192.8900 7 334 163.5400 -201.2600 5 331 89.7800 -189.0300
2.3252268667e+000 -2.2771308025e+000 -1.0953794344e+001
121 117 134
3 6 509 142.7700 -138.2400 7 504 127.0100 -145.6700 5 337 49.5900 -132.9200
9.1042599163e-001 1.4488424220e-002 -5.6202485805e+000
173 134 153
3 6 380 108.0300 -4.3600 7 376 129.1000 -54.1500 5 379 100.7300 -15.4800
2.1364386896e+000 6.2404835589e-001 -6.2690493116e+000
111 64 25
3 6 403 225.1300 63.6500 7 397 234.4000 12.2900 5 399 198.4400 44.8300
-8.8351784563e-001 4.9754066906e-001 -4.5490791231e+000
165 216 253
3 6 402 -134.6900 61.1200 7 573 -78.2300 -0.4900 5 411 -102.3800 66.4200
-1.0061991203e+000 5.1812935909e-001 -4.5484946209e+000
168 157 198
4 6 597 -152.6200 63.4900 7 882 -95.1300 2.9000 5 417 -122.9700 71.9800 8 667 169.6700 69.4500
-6.3787170963e-001 6.9340920614e-001 -4.5279570647e+000
170 104 126
4 6 416 -99.1700 91.5100 7 407 -42.6600 25.7000 5 422 -59.9800 94.9900 8 490 110.5000 60.5900
-9.3231182206e-001 8.0928937775e-001 -4.4970145582e+000
174 107 127
4 6 424 -144.2600 108.2900 7 592 -84.0400 43.5300 5 430 -106.1400 118.9700 8 476 147.8500 35.3300
-9.3231182206e-001 8.0928937775e-001 -4.4970145582e+000
174 107 127
4 6 425 -144.2600 108.2900 7 593 -84.0400 43.5300 5 431 -106.1400 118.9700 8 475 147.8500 35.3300
1.7223323851e+000 1.4366232429e+000 -5.4111712703e+000
69 30 30
3 6 308 207.4000 172.1400 7 308 232.5700 102.9200 5 446 213.2200 146.8100
2.9900350657e+000 -3.0641894423e+000 -9.1803420656e+000
56 47 63
3 6 676 215.9600 -218.4400 7 650 195.3000 -228.2500 5 466 124.6100 -215.4300
2.5360636558e+000 -2.9573612115e+000 -1.0350028270e+001
103 99 121
3 6 482 164.3700 -188.9100 7 689 145.7200 -195.7800 5 479 69.7800 -183.4000
2.2869430179e+000 -3.0699218629e+000 -1.1160785332e+001
108 101 118
3 6 485 138.0000 -182.4600 7 707 119.4700 -186.1400 5 483 40.0200 -175.1400
1.7652192952e+000 -3.4620247839e+000 -1.2758816810e+001
97 90 106
4 6 486 93.8900 -180.3500 7 489 74.5900 -179.1000 5 486 -11.1600 -169.6500 8 706 63.6900 127.9100
2.6316423026e+000 -2.6213650447e+000 -1.0154612546e+001
119 113 129
3 6 493 173.5700 -170.8800 7 713 155.9600 -179.5600 5 488 81.5200 -166.8300
2.4079969038e+000 -2.6032315438e+000 -1.0721404820e+001
64 53 67
3 6 753 150.9400 -161.1800 7 735 133.9300 -168.0300 5 492 56.9800 -155.7900
2.3260499851e+000 -2.3966984767e+000 -1.1069821222e+001
73 53 61
3 6 504 141.5800 -144.0300 7 748 124.7300 -150.7400 5 496 47.1300 -137.8800
2.2784140625e+000 -2.4028070255e+000 -1.1131873124e+001
124 120 134
3 6 505 137.8000 -143.6800 7 498 121.4700 -149.9600 5 497 43.2700 -137.3900
2.2784140625e+000 -2.4028070255e+000 -1.1131873124e+001
124 120 134
3 6 506 137.8000 -143.6800 7 497 121.4700 -149.9600 5 498 43.2700 -137.3900
2.4873153085e+000 -5.6011616977e-001 -5.4051565333e+000
240 183 194
3 6 537 302.5600 -71.4400 7 775 300.5200 -123.4800 5 515 270.6700 -93.1100
2.5057528684e+000 -5.2581309536e-001 -5.3433500699e+000
243 196 214
3 6 538 307.9800 -67.9600 7 779 306.0100 -121.2400 5 517 277.0600 -90.6400
2.5151813281e+000 -4.4152986029e-001 -5.3213169248e+000
234 171 187
3 6 541 310.3000 -57.8500 7 784 308.8300 -112.4200 5 523 280.5600 -81.5800
2.1942520074e+000 -5.6799431019e-001 -6.1489086275e+000
177 147 41
4 6 807 237.2500 -64.3000 7 788 237.7000 -106.8100 5 524 199.0300 -79.4900 8 1052 -111.8700 178.3800
2.5195668820e+000 -3.8857315799e-001 -5.2913060991e+000
237 187 201
3 6 355 312.4100 -51.6000 7 528 311.5200 -107.4000 5 528 283.6500 -75.9800
9.5845756419e-001 6.4208510273e-002 -5.5829046403e+000
171 124 141
3 6 851 114.4000 1.7200 7 835 135.7400 -49.2400 5 562 108.2900 -10.2400
-5.3079495457e-001 4.8387199769e-002 -4.7009698876e+000
226 178 187
3 6 379 -79.0300 -4.8600 7 828 -30.5200 -61.1300 5 564 -54.6900 -8.4000
-4.7994894606e-001 1.6922854751e-001 -4.6171080835e+000
157 101 112
3 6 576 -73.0800 13.0200 7 840 -23.2000 -46.7300 5 574 -43.3900 9.1800
-4.7994894606e-001 1.6922854751e-001 -4.6171080835e+000
157 101 112
3 6 575 -73.0800 13.0200 7 841 -23.2000 -46.7300 5 575 -43.3900 9.1800
-9.2469938057e-001 1.7122782286e-001 -4.5841503794e+000
215 151 168
4 6 574 -139.1800 12.3200 7 844 -84.6100 -45.1900 5 577 -113.5400 13.9600 8 965 170.8700 114.6500
-4.8441645956e-001 3.2848941982e-001 -4.5690210438e+000
157 99 111
4 6 584 -74.9300 37.0000 7 861 -23.0000 -25.6100 5 580 -40.9000 33.9900 8 693 104.0700 110.5000
1.1393127163e-001 6.6566944750e-001 -5.3504122516e+000
233 218 229
4 6 606 11.2800 76.3100 7 907 47.6200 21.0100 5 598 22.7300 73.1900 8 917 25.0200 50.4100
1.4257623724e-001 6.8442535080e-001 -5.3500437105e+000
229 219 231
4 6 607 14.9400 78.6900 7 909 51.1400 23.0000 5 599 26.8000 75.4900 8 652 21.3600 49.1400
-8.8555422446e-001 7.2353446256e-001 -4.5327344730e+000
241 217 230
3 6 615 -136.0600 95.0200 7 924 -77.2200 31.0200 5 607 -100.0000 103.6300
3.8925985896e-001 9.9856902134e-001 -5.5198471683e+000
203 132 150
4 6 944 44.0700 115.4900 7 956 78.2500 58.9400 5 610 53.8000 110.7300 8 883 -14.9900 15.9700
-8.8919609455e-001 8.1199627072e-001 -4.4988126616e+000
178 107 123
4 6 620 -137.5100 108.8700 7 591 -77.8800 43.7000 5 614 -98.8400 118.7900 8 646 141.8800 36.5900
-9.6965617094e-001 8.2483717939e-001 -4.4984994109e+000
232 172 179
3 6 939 -149.9000 110.2100 7 944 -88.9800 46.0800 5 616 -112.0400 122.2000
4.4833209406e-001 1.1101759019e+000 -5.5303673199e+000
151 23 55
4 6 625 50.6300 128.9000 7 604 85.1300 71.4400 5 618 61.5700 123.6100 8 621 -25.9600 5.1900
2.7380586405e+000 -3.3524883889e+000 -9.8471998815e+000
111 102 121
4 6 663 185.4800 -223.4100 7 649 164.8300 -229.7500 5 636 90.3100 -218.4400 8 1126 -8.4000 212.2300
2.4245773232e+000 -3.6728858803e+000 -1.0769227266e+001
100 95 113
3 6 659 151.1500 -224.7100 7 656 130.3400 -227.1100 5 638 51.5400 -217.1000
2.5238029710e+000 -3.5148338706e+000 -1.0528311419e+001
114 111 129
4 6 673 160.5800 -219.8500 7 660 140.0400 -223.6700 5 640 62.5900 -213.1400 8 1087 12.7100 196.0700
2.5443694266e+000 -3.1721745858e+000 -1.0430197104e+001
117 106 126
3 6 700 163.5300 -200.7800 7 678 144.1600 -206.2900 5 654 67.5100 -194.8700
2.4478651224e+000 -2.9471005654e+000 -1.0660771637e+001
57 46 60
3 6 720 154.2200 -183.0900 7 699 135.9300 -188.8600 5 663 58.6100 -177.0100
2.1068698112e+000 -2.2385114833e+000 -1.1559101843e+001
107 92 111
3 6 771 122.9100 -128.8300 7 760 107.3300 -134.7700 5 700 27.4000 -122.0500
1.9130635700e+000 -2.4097766305e+000 -1.2259266588e+001
97 86 99
3 6 769 105.4300 -131.0700 7 761 89.0900 -134.0200 5 701 6.5000 -122.1600
2.1768766953e+000 -7.8042576364e-001 -6.1838849057e+000
215 192 85
3 6 798 234.1800 -86.7600 7 770 233.2600 -126.9300 5 721 193.5500 -100.3200
2.4982307460e+000 -4.6943686337e-001 -5.3661659533e+000
234 189 195
3 6 809 305.8500 -60.8100 7 783 304.5400 -114.4700 5 734 275.4500 -83.8100
-1.0363417697e-001 6.4428801367e-001 -5.3485523085e+000
209 176 193
3 6 900 -16.4700 73.1100 7 905 21.9100 19.4200 5 850 -5.4000 72.9200
1.5765249067e+000 1.0978219885e+000 -5.1717138928e+000
159 96 109
3 6 627 199.9600 136.6100 7 960 225.4200 66.1800 5 877 210.1800 111.0600
5.7050247996e-001 1.0454350047e+000 -5.5423486590e+000
212 136 155
4 6 949 65.7600 120.9300 7 958 98.6100 63.3400 5 878 74.6300 113.9600 8 884 -36.2200 15.7800
-2.2982017047e-002 5.8495267593e-001 -5.4365317439e+000
243 238 244
2 6 26 -5.8100 64.9600 7 26 29.9300 12.2700
1.9938166193e+000 8.5317309825e-001 -6.2345547509e+000
193 133 142
2 6 29 210.3700 88.3500 7 27 224.1500 35.7400
2.0881172211e+000 -5.9980645897e-001 -6.3140038095e+000
219 186 70
2 6 44 220.6900 -65.8500 7 48 220.9800 -106.9700
-7.7127529918e-002 3.6873197995e-001 -5.5280485121e+000
235 234 243
2 6 49 -12.2800 36.9800 7 81 22.0800 -11.7900
2.2908085872e-002 1.5613982397e+000 -5.8640483376e+000
161 16 26
2 6 61 -1.4300 173.2500 7 64 33.4700 120.4700
-6.0872036481e-002 2.5297637966e-001 -5.6961077160e+000
198 31 51
2 6 72 -9.8500 22.1800 7 143 21.8300 -23.3500
1.3262225951e+000 2.4736827029e-001 -5.5288256073e+000
188 119 130
2 6 73 160.0900 25.2900 7 79 178.1400 -30.7300
1.4181834403e+000 3.6448133617e-001 -5.6755079210e+000
65 8 8
2 6 75 166.2800 38.6800 7 80 183.6900 -16.3900
1.2750099366e+000 1.2790070669e+000 -5.3398443278e+000
184 138 151
2 6 85 155.8700 155.1400 7 89 185.3700 88.1200
-3.0014857138e+000 3.3603458552e+000 -1.2353277530e+001
24 22 27
2 6 86 -167.2900 177.5200 7 126 -161.1400 181.1900
-3.0014857138e+000 3.3603458552e+000 -1.2353277530e+001
24 22 27
2 6 87 -167.2900 177.5200 7 127 -161.1400 181.1900
-1.3359839928e+000 -2.8972734731e+000 -1.2769815120e+001
63 59 70
2 6 92 -68.4900 -153.3200 7 68 -81.2800 -149.2700
-1.1524085004e-001 7.6098024271e-001 -5.4098479106e+000
193 32 49
3 6 108 -17.5500 87.3300 7 113 20.9400 33.5300 8 121 49.6900 30.4400
2.3130603612e+000 -1.1124477744e+000 -5.8412645013e+000
202 197 105
2 6 129 262.0300 -128.7200 7 130 257.7300 -168.6600
1.1691476215e+000 1.6579001921e-001 -5.5250000066e+000
189 123 137
2 6 138 141.0900 14.7900 7 140 161.0400 -39.2400
2.8110892403e-001 5.7141508736e-001 -5.3792519537e+000
230 208 219
2 6 146 32.6400 64.5400 7 205 66.2500 9.1900
-1.0249078115e-001 6.2681524781e-001 -5.4554006205e+000
221 208 222
2 6 150 -15.6700 69.9000 7 209 20.4800 17.4600
-1.1166270944e-001 7.5624786893e-001 -5.3744160590e+000
195 34 51
2 6 153 -17.5200 87.0000 7 154 21.0100 32.8000
1.2078156974e+000 1.3525879510e+000 -5.9386590550e+000
157 20 30
2 6 161 132.4700 148.4200 7 118 158.1100 91.7400
1.5808729464e+000 1.4631203479e+000 -5.3765935799e+000
168 118 129
2 6 163 191.5700 176.7500 7 163 218.6300 107.2600
7.9099869152e-001 -5.0728479601e+000 -1.5047326659e+001
42 42 51
2 6 170 37.3000 -223.5900 7 179 14.2800 -213.7900
2.3834916578e+000 -3.7055683794e+000 -1.0959922802e+001
38 34 49
3 6 172 146.0200 -222.8500 7 175 125.2300 -224.8800 8 265 26.7000 190.6500
2.3834916578e+000 -3.7055683794e+000 -1.0959922802e+001
38 34 49
3 6 173 146.0200 -222.8500 7 176 125.2300 -224.8800 8 264 26.7000 190.6500
2.9944532944e+000 -2.9603106434e+000 -9.1354328583e+000
60 49 64
2 6 174 217.3900 -212.3100 7 177 197.1000 -222.7500
2.4058003779e+000 -2.0443956775e+000 -8.2225740749e+000
188 174 148
2 6 177 195.3900 -165.5900 7 182 182.8700 -183.3700
4.5340081852e-001 -3.2860132440e+000 -1.3317222853e+001
105 81 64
2 6 178 24.1400 -165.5800 7 183 7.6400 -161.5000
2.5244691379e+000 -3.3280116045e-001 -5.2976190974e+000
224 181 193
2 6 186 312.7800 -44.4500 7 189 311.9800 -101.2200
2.5244691379e+000 -3.3280116045e-001 -5.2976190974e+000
224 181 193
2 6 187 312.7800 -44.4500 7 190 311.9800 -101.2200
2.6700064273e+000 -3.2464635211e+000 -1.0052919448e+001
53 42 51
3 6 233 177.5300 -212.5200 7 231 157.5200 -218.7800 8 541 -4.3700 199.5400
2.6627832110e+000 -3.2364510711e+000 -1.0025496775e+001
53 42 51
2 6 234 177.5300 -212.5200 7 232 157.5200 -218.7800
1.7338413887e+000 -3.7510246279e+000 -1.2708259660e+001
10 10 12
2 6 235 92.8200 -195.9600 7 337 72.6700 -193.7500
1.7479452592e+000 -3.7814970038e+000 -1.2802775246e+001
10 10 12
3 6 236 92.8200 -195.9600 7 338 72.6700 -193.7500 8 518 69.2300 140.2600
2.2959374702e+000 -1.9419756303e+000 -8.5257860839e+000
178 170 140
2 6 241 180.2700 -152.2000 7 236 168.6500 -169.1200
1.5318008590e+000 -2.6310002120e+000 -1.2679504121e+001
110 83 65
2 6 244 82.0000 -138.6500 7 239 65.5000 -139.4700
1.3947896823e+000 -2.5713076047e+000 -1.2667658870e+001
18 29 45
2 6 245 74.8600 -135.7700 7 240 58.7800 -136.6200
2.0629004995e+000 -2.1841533285e+000 -1.1704003552e+001
54 40 42
2 6 248 118.8900 -124.3800 7 243 103.3500 -129.8000
2.4869360735e+000 -5.6489434069e-001 -5.3412486461e+000
225 192 209
3 6 255 305.7600 -72.8600 7 355 303.9200 -125.6600 8 800 -165.6700 226.1100
5.5543861045e-001 1.8304903003e-001 -5.6620483486e+000
211 42 80
2 6 271 64.4500 15.3400 7 380 90.1700 -33.7200
-9.3148095542e-001 6.6800909406e-001 -4.5353499276e+000
179 225 255
2 6 288 -142.3500 86.7600 7 288 -84.3800 23.2300
-8.3660970195e-001 8.2994545103e-001 -4.4879571990e+000
225 165 176
3 6 295 -130.6700 111.6300 7 293 -70.7200 45.9400 8 330 132.3600 36.5300
-9.8441265217e-001 8.6075729185e-001 -4.5005541579e+000
152 97 120
3 6 297 -152.0100 115.6000 7 296 -91.1300 51.0200 8 324 153.4500 25.9500
1.7235825758e+000 1.4361818948e+000 -5.4144752779e+000
69 30 30
2 6 307 207.4000 172.1400 7 307 232.5700 102.9200
6.2738224738e-001 1.7523716340e+000 -5.8559100587e+000
69 1 0
2 6 314 67.0300 195.3800 7 319 100.5200 138.8200
2.3160481910e+000 -3.9677350326e+000 -1.1064952500e+001
84 79 97
2 6 318 140.6700 -236.1600 7 459 119.3700 -236.4100
2.5325015653e+000 -3.3636088988e+000 -1.0533897393e+001
98 89 106
3 6 327 160.9800 -210.7600 7 331 141.1800 -214.7700 8 532 9.6000 188.8900
2.8540740850e+000 -2.9030688385e+000 -9.4339087646e+000
56 43 54
2 6 329 201.4100 -202.3600 7 332 182.0100 -212.0600
2.7089046253e+000 -2.9016231844e+000 -9.9190071790e+000
59 47 61
2 6 331 182.6200 -192.8900 7 333 163.5400 -201.2600
2.5122428980e+000 -3.0194487566e+000 -1.0526351954e+001
59 52 64
2 6 333 160.2200 -189.6200 7 335 141.2600 -195.6000
2.5122428980e+000 -3.0194487566e+000 -1.0526351954e+001
59 52 64
2 6 334 160.2200 -189.6200 7 336 141.2600 -195.6000
1.5845903765e+000 -3.3017306432e+000 -1.3353106016e+001
81 74 84
2 6 336 80.8300 -164.6200 7 349 61.6100 -162.5500
1.6540237980e+000 -2.8176748330e+000 -1.2885479182e+001
47 38 45
2 6 340 87.1900 -145.7600 7 502 69.4700 -146.0400
1.9766711017e+000 -2.3469897567e+000 -1.1885999666e+001
52 42 42
2 6 343 112.1600 -131.7900 7 511 96.4900 -135.7700
1.8886658492e+000 -1.1196888999e+000 -6.7722126112e+000
203 182 70
2 6 346 186.6000 -113.1100 7 505 185.2800 -144.2900
2.4899887078e+000 -5.6726012408e-001 -5.3470787582e+000
228 196 213
2 6 351 305.8900 -73.0700 7 354 303.9200 -125.6600
2.5304035665e+000 -3.2916208096e-001 -5.2744660299e+000
245 190 207
2 6 359 314.6300 -44.2700 7 530 314.0700 -101.2500
5.3587819005e-001 -2.1780755584e-001 -5.6482597973e+000
123 6 14
2 6 362 62.8900 -32.9700 7 365 86.4400 -78.1600
5.3587819005e-001 -2.1780755584e-001 -5.6482597973e+000
123 6 14
2 6 363 62.8900 -32.9700 7 366 86.4400 -78.1600
2.1313664107e+000 -2.4382252878e-001 -6.1290691347e+000
114 69 10
2 6 365 231.1500 -29.3600 7 543 234.6700 -75.4600
-8.9831714861e-001 -1.0540302969e-001 -4.9713058279e+000
35 44 92
2 6 366 -123.8900 -25.6400 7 368 -78.9400 -74.5700
-5.5307676276e-001 -5.2491911338e-003 -4.7380937025e+000
229 178 190
2 6 376 -81.2200 -12.2400 7 547 -34.0900 -67.5800
1.1997753082e+000 2.3040144527e-001 -5.5654728296e+000
173 95 107
2 6 392 143.7400 22.7300 7 381 163.2700 -31.7000
4.8493982124e-001 2.8130439985e-001 -5.6421244814e+000
124 4 14
2 6 393 56.0700 27.1200 7 383 83.2000 -22.8000
2.1160903551e+000 3.1131549478e-001 -6.3891664748e+000
84 49 7
2 6 395 219.5900 30.1500 7 386 226.4700 -17.7900
-3.8862342146e-001 4.9422073358e-001 -4.6027046214e+000
207 155 168
2 6 401 -60.7700 61.2600 7 571 -8.9000 -2.6100
2.1862500441e+000 6.4825177918e-001 -6.2631849902e+000
176 139 90
2 6 404 230.3300 66.5900 7 398 239.6800 14.3700
3.7657792784e-001 6.1510904851e-001 -5.4310230770e+000
154 28 45
2 6 405 43.7900 69.2900 7 579 76.9900 14.5000
-6.1213243435e-001 6.4369587999e-001 -4.5489193164e+000
189 126 143
2 6 408 -94.9600 83.6700 7 400 -39.2400 18.6900
-6.1213243435e-001 6.4369587999e-001 -4.5489193164e+000
189 126 143
2 6 409 -94.9600 83.6700 7 401 -39.2400 18.6900
-7.7694733269e-001 6.5889402604e-001 -4.5727266658e+000
247 228 240
2 6 411 -118.8600 84.9300 7 403 -62.0900 21.7100
3.0256334163e-001 7.4669995784e-001 -5.2968414811e+000
219 197 209
2 6 412 35.3800 87.8200 7 584 71.3000 29.8300
4.5041288934e-001 7.6176674549e-001 -5.3554322304e+000
246 224 228
2 6 414 53.3600 88.8200 7 410 87.9300 31.3300
4.5041288934e-001 7.6176674549e-001 -5.3554322304e+000
246 224 228
2 6 415 53.3600 88.8200 7 411 87.9300 31.3300
-6.3739420703e-001 6.9384435917e-001 -4.5284193531e+000
170 104 126
2 6 417 -99.1700 91.5100 7 408 -42.6600 25.7000
6.3349336720e-003 8.6433096471e-001 -5.4763820394e+000
175 25 37
2 6 419 -2.8300 99.0400 7 416 34.2100 45.0700
-7.2166755705e-001 7.5659408981e-001 -4.5073221193e+000
233 177 193
2 6 421 -112.3700 101.0100 7 413 -54.2900 34.9400
5.1512764790e-001 9.1168306102e-001 -5.5405926856e+000
127 24 35
2 6 422 59.5900 104.8200 7 418 91.4500 48.0700
-1.0269024547e+000 8.1426716881e-001 -4.5142360015e+000
229 167 180
2 6 426 -157.5200 108.3900 7 415 -97.2600 44.4900
4.4332287422e-001 1.1892942052e+000 -5.5231501782e+000
155 24 37
2 6 432 50.1600 138.7100 7 430 85.0700 80.6000
1.2323993282e+000 1.1539906127e+000 -5.1562404377e+000
184 132 143
2 6 433 156.3300 144.2500 7 429 187.0600 74.8500
1.5379994256e+000 1.6202501277e+000 -5.4900587828e+000
98 65 48
2 6 443 181.6900 191.9200 7 441 210.1200 124.2500
2.8092653232e+000 -3.1767321491e+000 -9.6359529341e+000
52 45 57
3 6 465 194.2200 -216.4900 7 658 173.8300 -224.2000 8 1124 -18.1800 211.2300
2.4293719040e+000 -3.4592897551e+000 -1.0736437303e+001
105 97 118
3 6 466 151.9900 -212.6200 7 478 131.8900 -215.9400 8 763 18.6800 186.3400
2.8256755182e+000 -3.0340416243e+000 -9.6271595722e+000
118 111 128
3 6 468 195.5200 -207.0900 7 671 175.8700 -215.8000 8 1108 -21.9400 204.4600
2.1607487071e+000 -3.5621089172e+000 -1.1462406278e+001
85 77 96
2 6 469 127.1700 -205.7500 7 480 107.3900 -206.7500
2.1081091529e+000 -3.5132245765e+000 -1.1645174402e+001
39 35 49
3 6 471 122.3000 -199.8000 7 482 102.6500 -200.8700 8 735 42.3100 160.3800
2.7873127091e+000 -2.7968010813e+000 -9.6967209181e+000
57 41 47
2 6 479 191.8500 -190.1200 7 483 173.0500 -199.6100
2.7873127091e+000 -2.7968010813e+000 -9.6967209181e+000
57 41 47
2 6 480 191.8500 -190.1200 7 484 173.0500 -199.6100
2.4030526573e+000 -2.9254471249e+000 -1.0881230595e+001
57 46 55
2 6 488 148.4600 -178.2100 7 710 130.2600 -183.3600
1.6306720658e+000 -3.5120161929e+000 -1.3113733551e+001
88 85 103
2 6 489 84.7200 -178.1100 7 491 65.0500 -175.9100
2.4427468066e+000 -2.1479826070e+000 -8.1730905495e+000
187 177 143
2 6 492 199.3700 -174.7300 7 485 186.2200 -192.0400
1.6957263832e+000 -3.1237897760e+000 -1.2895486150e+001
54 48 60
2 6 498 89.3100 -161.3500 7 494 70.8300 -160.6300
2.2957533245e+000 -2.0174566078e+000 -8.4732356110e+000
113 98 80
2 6 501 181.4100 -158.9000 7 490 169.3300 -175.7000
2.1152248373e+000 -2.4339118055e+000 -1.1657216644e+001
63 47 56
2 6 507 122.2000 -139.2300 7 507 106.2400 -143.5900
1.9682717372e+000 -2.2711214768e+000 -1.2107512609e+001
61 47 49
2 6 515 109.7400 -125.0700 7 518 93.8300 -128.9800
1.8066889342e+000 -2.1678946591e+000 -1.2528006331e+001
62 47 49
2 6 519 97.3700 -115.5200 7 781 81.8000 -118.3800
2.1840337508e+000 -8.2675259374e-001 -6.2258572158e+000
214 191 78
2 6 528 233.2600 -91.1200 7 516 232.1800 -130.3400
2.1380674300e+000 -8.3406560640e-001 -6.2858538290e+000
216 192 86
2 6 529 226.5100 -91.0500 7 517 225.4900 -129.7100
2.4900023856e+000 -5.9229590630e-001 -5.4151968228e+000
221 70 104
2 6 535 302.3400 -75.1200 7 772 299.9700 -126.6700
2.4935056814e+000 -5.1036180863e-001 -5.3904520853e+000
240 180 193
2 6 540 304.0700 -65.4800 7 780 302.3500 -118.4300
2.0488146259e+000 -5.1918666589e-001 -6.4720158877e+000
228 191 78
2 6 542 211.3600 -56.0000 7 792 212.3500 -96.1600
2.2391855744e+000 -4.3412643003e-001 -6.0834577867e+000
229 196 57
2 6 547 244.3700 -50.2200 7 533 245.5100 -95.2500
2.2391855744e+000 -4.3412643003e-001 -6.0834577867e+000
229 196 57
2 6 548 244.3700 -50.2200 7 534 245.5100 -95.2500
2.1887908625e+000 -3.2068749305e-001 -6.1355876579e+000
98 62 2
2 6 554 236.9700 -37.5900 7 808 239.4100 -83.0000
2.1635051102e+000 -2.8152033602e-001 -6.1410289885e+000
121 76 14
2 6 556 234.1000 -33.3400 7 811 237.0300 -79.0200
2.5365398332e+000 -2.1657543939e-001 -5.2921002988e+000
240 192 195
2 6 557 314.3500 -30.0700 7 541 314.6000 -88.3900
-5.1994390463e-001 8.9990093407e-002 -4.6559890129e+000
218 170 181
2 6 569 -78.1200 1.3800 7 832 -29.0600 -56.5600
-4.5267135114e-001 2.6153724431e-001 -4.6039704712e+000
225 164 172
2 6 581 -69.4400 26.9200 7 558 -19.0400 -34.4700
2.1366844368e+000 3.2547559062e-001 -6.3396521345e+000
176 139 48
3 6 582 223.2500 31.6200 7 567 230.2300 -16.6200 8 682 -132.1800 95.1400
-3.5425436108e-001 5.3991441738e-001 -4.6717219878e+000
220 191 199
2 6 599 -54.8200 67.3200 7 577 -4.6100 3.8400
-1.0260103921e+000 5.6146133719e-001 -4.5652183873e+000
173 160 196
2 6 601 -155.4500 69.8100 7 578 -97.3400 9.2200
3.8420794961e-001 7.0424580647e-001 -5.3672912945e+000
243 214 219
2 6 608 45.2200 81.4400 7 582 79.4300 24.6400
1.6653867069e-001 7.5580719960e-001 -5.3983530011e+000
71 6 13
2 6 611 17.5800 87.1600 7 586 53.4900 31.6000
-9.7184507788e-001 7.0088066005e-001 -4.5319717043e+000
242 226 244
2 6 613 -148.6100 91.4200 7 919 -89.8000 28.1800
-8.9467332371e-001 7.8643724625e-001 -4.4996976608e+000
228 165 173
2 6 617 -138.4700 104.9700 7 588 -78.6700 40.0400
-9.4860557170e-001 8.7194809559e-001 -4.5154472415e+000
157 100 122
2 6 624 -146.0100 117.2200 7 597 -85.8900 52.3100
1.0783435248e-001 1.5517393948e+000 -5.8195045311e+000
108 2 1
2 6 629 7.7300 172.9700 7 610 44.0700 120.1700
-3.8881866557e+000 4.1708888038e+000 -1.1966955198e+001
147 93 86
2 6 638 -219.2900 225.4000 7 1040 -212.5700 230.5300
2.1886416091e+000 -4.0032782151e+000 -1.1409487058e+001
51 45 59
2 6 649 129.3400 -231.3900 7 645 108.0500 -230.9200
2.2308832699e+000 -3.9476724096e+000 -1.1293396786e+001
89 87 105
2 6 650 132.9800 -230.5900 7 647 111.9900 -230.3700
9.4506924480e-001 -5.1993368619e+000 -1.4949350479e+001
49 48 57
2 6 651 44.4100 -230.3700 7 666 20.9900 -220.4800
2.5644022851e+000 -3.5890414306e+000 -1.0406784790e+001
111 107 131
2 6 656 164.9600 -226.8300 7 646 144.0100 -230.4600
2.2203232948e+000 -3.8269669876e+000 -1.1250156354e+001
88 85 102
2 6 660 132.9600 -224.5500 7 657 112.2500 -225.0100
2.6817710513e+000 -3.4029471412e+000 -1.0075407445e+001
59 54 71
3 6 669 177.7700 -221.9900 7 653 157.1800 -227.3700 8 784 -1.8500 206.5800
2.3793493524e+000 -3.5426443674e+000 -1.0955118206e+001
99 95 118
3 6 680 146.0300 -213.5300 7 672 125.6900 -215.8600 8 1062 24.3600 183.3800
2.3020279443e+000 -3.5511046604e+000 -1.1094422399e+001
56 46 58
3 6 684 139.7500 -211.5600 7 674 119.4700 -213.4200 8 1054 29.4900 179.0300
2.5963062375e+000 -3.2908857970e+000 -1.0303715680e+001
63 47 57
2 6 687 168.7500 -210.4400 7 673 148.6500 -215.7900
2.3559249514e+000 -3.3349911270e+000 -1.0883699141e+001
53 46 61
2 6 698 145.5500 -202.6500 7 679 126.1300 -206.0200
2.5138651836e+000 -3.2005283552e+000 -1.0500597677e+001
68 58 74
2 6 699 160.5300 -201.3300 7 677 141.2000 -206.3300
2.1446873658e+000 -3.4681108877e+000 -1.1566662450e+001
88 81 97
2 6 703 125.2000 -198.6300 7 685 105.5600 -199.9000
1.6147140539e+000 -3.9258970939e+000 -1.3149653410e+001
36 26 32
3 6 705 83.7200 -198.2300 7 692 63.1400 -194.6700 8 995 78.4200 137.1800
2.5040158857e+000 -3.1274954458e+000 -1.0568051320e+001
101 93 110
2 6 708 158.9400 -195.6400 7 684 139.8900 -200.7800
1.9661368741e+000 -3.5537377016e+000 -1.2111498181e+001
52 47 68
2 6 709 109.9400 -194.6600 7 690 90.2300 -194.3500
1.9661368741e+000 -3.5537377016e+000 -1.2111498181e+001
52 47 68
2 6 710 109.9400 -194.6600 7 691 90.2300 -194.3500
2.6569726556e+000 -2.8587632766e+000 -1.0044924911e+001
46 34 46
2 6 715 177.0200 -187.9400 7 688 158.4000 -195.9900
2.0901726048e+000 -3.3322711237e+000 -1.1806569415e+001
90 78 86
2 6 716 119.6400 -187.2600 7 702 100.4400 -188.4700
2.0901726048e+000 -3.3322711237e+000 -1.1806569415e+001
90 78 86
2 6 717 119.6400 -187.2600 7 703 100.4400 -188.4700
1.9705541322e+000 -3.1979241975e+000 -1.2063510972e+001
57 49 60
2 6 728 110.5300 -176.2200 7 720 91.9300 -177.1700
1.9696753982e+000 -3.1149164549e+000 -1.2021658190e+001
89 85 99
2 6 735 110.8700 -172.2900 7 723 92.5000 -173.6500
1.9696753982e+000 -3.1149164549e+000 -1.2021658190e+001
89 85 99
2 6 736 110.8700 -172.2900 7 724 92.5000 -173.6500
2.0411139717e+000 -2.9305381613e+000 -1.1861495093e+001
66 59 74
2 6 747 116.2800 -164.3400 7 739 98.4300 -166.7400
2.0411139717e+000 -2.9305381613e+000 -1.1861495093e+001
66 59 74
2 6 748 116.2800 -164.3400 7 740 98.4300 -166.7400
2.4977113931e+000 -2.5788340682e+000 -1.0512051434e+001
106 99 115
2 6 749 159.5400 -162.6700 7 729 142.3200 -170.4900
2.4977113931e+000 -2.5788340682e+000 -1.0512051434e+001
106 99 115
2 6 750 159.5400 -162.6700 7 730 142.3200 -170.4900
2.4103925126e+000 -2.6052497471e+000 -1.0731675621e+001
64 53 67
2 6 752 150.9400 -161.1800 7 734 133.9300 -168.0300
2.4103925126e+000 -2.6052497471e+000 -1.0731675621e+001
64 53 67
2 6 754 150.9400 -161.1800 7 736 133.9300 -168.0300
1.2580241868e+000 -3.0855773303e+000 -1.4257100502e+001
74 67 78
2 6 761 60.2200 -144.4400 7 752 41.5100 -140.8100
2.3115198705e+000 -1.1082793873e+000 -5.8371736449e+000
197 196 106
2 6 773 262.0800 -128.3200 7 733 257.7500 -168.4000
2.3409962525e+000 -2.0676685895e+000 -1.0989674798e+001
71 60 79
2 6 776 143.1900 -125.2600 7 764 128.1000 -133.3900
2.1953992007e+000 -2.0474274754e+000 -1.1237234750e+001
91 79 87
2 6 778 131.5600 -121.4000 7 767 116.6000 -128.7600
2.1953992007e+000 -2.0474274754e+000 -1.1237234750e+001
91 79 87
2 6 779 131.5600 -121.4000 7 768 116.6000 -128.7600
2.0301953363e+000 -2.0660284094e+000 -1.1808139825e+001
62 50 55
2 6 786 115.9900 -116.6200 7 778 100.7300 -122.1600
2.5001530430e+000 -6.5606396745e-001 -5.3110273975e+000
247 138 75
2 6 800 309.1300 -84.3600 7 756 305.9300 -136.4200
2.5385119030e+000 -2.7262250592e-001 -5.2594410524e+000
234 190 210
2 6 825 316.3100 -37.3700 7 793 316.3400 -95.2300
2.5463858751e+000 -1.7736912282e-001 -5.2849791755e+000
237 193 207
2 6 834 315.8100 -25.2400 7 807 316.4000 -84.1400
-5.0144719011e-001 3.0964817435e-001 -4.5728000107e+000
216 162 175
2 6 865 -77.3900 33.9700 7 858 -25.3100 -27.9700
-7.7795233108e-001 5.3808075957e-001 -4.5532647663e+000
181 161 192
2 6 894 -119.1400 67.4600 7 885 -63.0000 4.6200
3.3719288983e-003 6.3745798660e-001 -5.3497500137e+000
194 171 186
2 6 899 -2.6600 72.6400 7 903 34.3400 18.0500
-9.7874742750e-001 5.8638222512e-001 -4.5375714201e+000
147 197 227
2 6 904 -149.4700 74.0700 7 898 -90.9400 12.3400
8.0298400994e-002 6.5073438080e-001 -5.3481992244e+000
239 225 235
2 6 905 6.9300 74.3600 7 904 43.7200 19.4600
-8.4677813616e-001 7.1233558325e-001 -4.5276474677e+000
235 199 216
2 6 919 -130.4100 93.5200 7 921 -72.0100 29.3400
5.3795632234e-001 9.2362263062e-001 -5.4997114805e+000
204 160 177
2 6 933 62.7600 107.0100 7 947 95.0700 49.4700
-7.4337664285e-001 8.1047204352e-001 -4.5077252380e+000
146 87 107
2 6 936 -115.6800 108.9900 7 939 -57.1300 42.6600
3.9016384737e-001 9.9931192169e-001 -5.5220681088e+000
203 132 150
2 6 943 44.0700 115.4900 7 955 78.2500 58.9400
-8.4820844662e-001 8.8839034835e-001 -4.5193063426e+000
216 161 173
2 6 948 -131.1300 119.8800 7 950 -71.4900 54.2200
4.0201790078e-001 1.1497306909e+000 -5.5409199200e+000
229 192 212
2 6 954 44.8600 133.2700 7 967 80.0500 76.2700
-3.8873085494e+000 3.6973720544e+000 -1.1925652391e+001
144 79 71
2 6 973 -220.4800 200.4700 7 1002 -214.1100 205.3900
-5.3220904846e+000 3.7719342453e+000 -1.1624700076e+001
128 72 58
2 6 977 -302.9100 204.9600 7 1018 -297.7700 214.9600
-5.3220904846e+000 3.7719342453e+000 -1.1624700076e+001
128 72 58
2 6 978 -302.9100 204.9600 7 1019 -297.7700 214.9600
-5.4771703343e+000 3.7624123994e+000 -1.1548515134e+001
126 72 64
2 6 979 -312.8800 205.0700 7 636 -307.8900 215.6100
-5.4771703343e+000 3.7624123994e+000 -1.1548515134e+001
126 72 64
2 6 980 -312.8800 205.0700 7 637 -307.8900 215.6100
-3.2788114530e+000 3.8705581638e+000 -1.2055208056e+001
142 89 80
2 6 983 -185.4900 209.2400 7 1011 -178.8100 212.2500
-3.2788114530e+000 3.8705581638e+000 -1.2055208056e+001
142 89 80
2 6 984 -185.4900 209.2400 7 1012 -178.8100 212.2500
-4.8832981189e+000 3.9606083257e+000 -1.1682918028e+001
134 72 65
2 6 998 -278.1800 215.7700 7 1034 -272.0900 224.3200
-4.8288296342e+000 4.0420187805e+000 -1.1629061495e+001
135 75 58
2 6 1007 -276.4600 221.1600 7 1039 -269.7600 229.7400
-3.4715224749e+000 4.1567690947e+000 -1.2031914420e+001
143 85 86
2 6 1008 -196.1600 224.3900 7 1037 -188.8000 228.4700
6.5919736116e-001 3.3014229128e-001 -5.4778935228e+000
210 33 57
2 6 24 79.2400 34.5200 5 21 81.0600 23.7000
6.5919736116e-001 3.3014229128e-001 -5.4778935228e+000
210 33 57
2 6 25 79.2400 34.5200 5 22 81.0600 23.7000
-7.9364868546e-001 6.3791879943e-001 -4.5348760136e+000
161 183 219
2 6 80 -122.0900 83.1600 5 79 -86.1000 87.6700
2.1499023617e+000 1.1437461627e+000 -5.8927552896e+000
212 176 116
2 6 84 239.0200 126.8000 5 110 224.1400 100.4700
7.6559383478e-001 1.2762411087e-001 -5.6643212663e+000
238 231 239
2 6 98 89.6400 9.1500 5 68 83.5600 -0.8000
9.1661293149e-001 6.7734027419e-001 -5.4821757248e+000
147 17 25
2 6 107 110.0500 77.8300 5 104 114.1400 64.2100
-3.1858133718e+000 3.9652962418e+000 -1.4932669063e+001
28 25 33
2 6 164 -147.0000 176.3000 5 230 -238.9900 220.0500
-2.9964403887e+000 4.2845394253e+000 -1.7082650184e+001
96 85 103
2 6 222 -121.8200 166.7600 5 227 -219.2800 209.9900
2.5190330320e+000 1.8549806524e+000 -5.1663205553e+000
173 157 104
2 6 228 310.3600 229.3700 5 226 312.5400 186.4900
1.9042958636e+000 -1.0060877028e+000 -6.7261085683e+000
203 178 60
2 6 250 189.4600 -102.4000 5 239 142.0900 -111.2500
8.9771159965e-001 -2.3705601071e-002 -5.5619661701e+000
51 9 18
2 6 264 107.6300 -8.8500 5 195 101.4600 -21.0100
2.7652512654e-001 1.8881863455e-001 -5.5602112481e+000
203 42 84
2 6 272 31.6300 15.8600 5 271 30.9200 9.9500
6.5116234605e-001 2.4792456448e-001 -5.6206654393e+000
115 4 13
2 6 276 76.3500 23.5100 5 274 73.4400 14.4300
-5.8262778536e-001 4.7221425063e-001 -4.5682996361e+000
212 160 172
2 6 279 -89.7600 58.2200 5 207 -54.8000 58.1000
-7.9969868167e-001 5.8750599557e-001 -4.5302018155e+000
188 226 254
2 6 283 -123.0700 75.2500 5 216 -87.5300 79.9900
-9.3512205483e-001 7.2575202155e-001 -4.5394734099e+000
243 231 243
2 6 290 -143.0700 95.1700 5 218 -108.1100 104.4900
2.0462334585e+000 -2.3144051913e+000 -1.1865773576e+001
104 96 105
2 6 345 116.3200 -130.1500 5 237 19.3600 -121.9100
1.8358360564e+000 -1.7921850316e+000 -1.2455113150e+001
75 54 61
2 6 349 99.3300 -96.0700 5 353 2.5000 -86.8300
-8.6918955100e-001 -9.1386406071e-002 -4.9949360858e+000
251 253 255
2 6 367 -119.6500 -23.8000 5 376 -111.6600 -22.9500
8.3454972222e-001 5.7974245055e-002 -5.6343523695e+000
222 196 212
2 6 386 98.4900 0.7500 5 382 91.9900 -9.7500
1.0778898270e+000 6.5039949672e-001 -5.4260221143e+000
102 6 13
2 6 406 131.1800 75.2400 5 591 135.1200 59.5100
-1.0050758077e+000 7.8991544025e-001 -4.5012145643e+000
173 111 132
3 6 423 -153.7200 105.8500 5 298 -118.9000 116.8000 8 474 160.2400 35.3400
5.6021572309e-001 1.0061808502e+000 -5.5439950629e+000
153 14 28
3 6 429 64.1400 116.5700 5 295 73.7100 108.3400 8 460 -33.3700 19.1600
-7.8032638023e-001 1.0049414789e+000 -4.5690523430e+000
157 123 142
2 6 431 -119.8500 136.1400 5 444 -79.8700 146.7100
1.0035726854e+000 1.6501933779e+000 -5.6903676201e+000
140 25 36
2 6 442 113.4400 189.2000 5 451 122.5600 177.5900
2.9311786391e+000 -3.2106165181e+000 -9.3034586439e+000
123 117 137
3 6 459 209.2100 -226.0400 5 463 116.5300 -221.7100 8 1162 -28.4900 225.8600
2.9311786391e+000 -3.2106165181e+000 -9.3034586439e+000
123 117 137
3 6 460 209.2100 -226.0400 5 464 116.5300 -221.7100 8 1161 -28.4900 225.8600
2.7100971590e+000 -3.3393629235e+000 -9.9782623756e+000
117 111 132
2 6 463 181.3000 -220.0200 5 467 85.9500 -214.5100
2.2859687905e+000 -3.0690654110e+000 -1.1156480314e+001
108 101 118
2 6 484 138.0000 -182.4600 5 482 40.0200 -175.1400
2.5567578422e+000 -2.6373578161e+000 -1.0303186489e+001
67 55 65
2 6 495 166.4300 -169.5200 5 489 73.7700 -165.1000
2.5567578422e+000 -2.6373578161e+000 -1.0303186489e+001
67 55 65
2 6 496 166.4300 -169.5200 5 490 73.7700 -165.1000
2.3317701176e+000 -2.3991478790e+000 -1.1081837100e+001
73 53 61
2 6 503 141.5800 -144.0300 5 495 47.1300 -137.8800
2.1168280653e+000 -9.0835828597e-001 -6.2930100569e+000
211 187 86
5 6 523 224.2400 -98.8200 5 500 181.4600 -110.9800 8 775 -89.8800 196.8700 4 485 267.0000 -91.5800 0 495 283.9700 -4.4800
2.1822119377e+000 -6.9196433713e-001 -6.1868258218e+000
162 136 39
2 6 534 234.6500 -76.9400 5 351 194.6800 -91.5300
2.1441194180e+000 -6.5829645123e-001 -6.2622424982e+000
164 169 118
2 6 536 227.9400 -72.7000 5 521 187.7900 -86.4600
2.2262501094e+000 -4.6195407571e-001 -6.0696803998e+000
225 194 63
3 6 543 243.5100 -53.3500 5 366 207.0400 -69.7100 4 508 256.4900 -38.7300
2.2273171221e+000 -4.6177252583e-001 -6.0742391711e+000
225 194 63
2 6 544 243.5100 -53.3500 5 367 207.0400 -69.7100
1.4108149689e+000 2.5291787228e-001 -5.5012084563e+000
75 11 12
2 6 579 170.4900 24.9200 5 388 164.3600 9.0900
-5.0731411278e-001 3.2966016786e-001 -4.5494087582e+000
226 174 184
3 6 585 -78.5500 37.1400 5 820 -44.1600 34.6200 8 694 107.0500 110.9200
-8.4031564631e-001 4.6276562376e-001 -4.5822996038e+000
245 237 249
2 6 592 -127.4400 55.6100 5 408 -96.3500 60.1700
2.4808175997e+000 -3.5210208994e+000 -1.0570586948e+001
51 47 63
3 6 674 157.4100 -219.5200 5 470 59.3100 -212.6100 8 1084 15.7000 194.6700
2.9646673077e+000 -3.0394633416e+000 -9.2157831407e+000
104 99 117
2 6 677 213.5000 -216.1100 5 469 122.2600 -212.8600
2.9070609668e+000 -3.0449185939e+000 -9.3819382260e+000
115 100 121
2 6 681 205.9700 -213.0800 5 643 114.2200 -209.2800
2.7713977265e+000 -3.1388524241e+000 -9.7525314508e+000
32 30 45
3 6 683 189.5700 -211.6800 5 644 96.0100 -207.0400 8 1109 -15.3900 205.0700
2.6284462916e+000 -3.2192071894e+000 -1.0257934532e+001
115 109 126
2 6 694 171.4500 -207.0500 5 649 75.7900 -201.0300
2.3476488941e+000 -3.3347700788e+000 -1.1021112286e+001
113 109 127
2 6 701 143.3200 -200.1100 5 658 44.4600 -192.8200
2.4020776747e+000 -2.8512293201e+000 -1.0830268512e+001
116 108 123
2 6 732 149.1200 -174.5800 5 669 53.3600 -168.3800
2.5230811952e+000 -2.4818774828e+000 -1.0353513143e+001
112 104 121
2 6 755 163.5200 -159.0100 5 679 71.5900 -154.6400
2.0733003242e+000 -2.0305763196e+000 -1.1734785861e+001
107 91 101
2 6 787 119.0700 -115.3400 5 714 23.9400 -108.0400
2.0733003242e+000 -2.0305763196e+000 -1.1734785861e+001
107 91 101
2 6 788 119.0700 -115.3400 5 715 23.9400 -108.0400
2.4884891015e+000 -5.4113061104e-001 -5.3577153281e+000
208 105 132
2 6 804 305.2800 -69.6600 5 727 274.2300 -92.0300
2.4884891015e+000 -5.4113061104e-001 -5.3577153281e+000
208 105 132
2 6 805 305.2800 -69.6600 5 728 274.2300 -92.0300
2.4979560299e+000 -4.9293216801e-001 -5.3479396990e+000
209 98 134
2 6 808 306.9000 -63.8800 5 730 276.3900 -86.7300
2.5143906600e+000 -4.1616475323e-001 -5.3379695432e+000
208 95 122
2 6 810 309.3400 -54.4800 5 738 279.5500 -78.2400
2.2499985543e+000 -4.1908581790e-001 -6.0226414829e+000
167 135 16
2 6 816 247.9200 -49.0700 5 747 212.3500 -66.1400
2.2782729244e+000 1.9609221786e-003 -5.9653942508e+000
167 136 16
2 6 847 252.8200 -2.5500 5 788 222.2600 -22.5800
2.2782729244e+000 1.9609221786e-003 -5.9653942508e+000
167 136 16
2 6 848 252.8200 -2.5500 5 790 222.2600 -22.5800
9.0073669965e-001 7.8456222105e-002 -5.5829783788e+000
223 194 208
2 6 852 107.3600 3.3500 5 806 101.9300 -8.2100
2.4710535940e+000 1.0738624404e-001 -5.4375840722e+000
184 158 92
2 6 855 298.5300 9.9700 5 796 274.3400 -16.9700
2.0438849126e-001 7.2291510907e-001 -5.3540488803e+000
187 156 176
2 6 910 22.5700 83.7300 5 860 34.5600 79.4900
-7.0994648749e-001 9.8167108615e-001 -4.5797114884e+000
132 93 111
2 6 952 -109.2200 132.7700 5 884 -69.1100 141.4500
-2.4394452436e+000 3.2993761075e+000 -1.2069357527e+001
91 86 95
2 6 961 -139.8100 179.4700 5 627 -217.0500 222.2400
-2.4394452436e+000 3.2993761075e+000 -1.2069357527e+001
91 86 95
2 6 962 -139.8100 179.4700 5 628 -217.0500 222.2400
2.1021606298e+000 5.3848276204e-001 -6.2878486318e+000
149 88 70
2 7 25 230.1000 4.0700 5 29 193.5700 35.9600
-4.5185423403e-001 -2.1951805882e-001 -5.2829794824e+000
158 131 133
2 7 34 -22.5300 -84.1100 5 27 -58.8100 -39.3200
5.1438250449e-001 1.3654515132e+000 -5.7125693238e+000
18 7 6
2 7 61 90.1500 98.2900 5 84 64.1500 151.3000
-2.4640482289e+000 1.8583124177e+000 -1.2441152080e+001
124 104 114
2 7 90 -134.9400 98.5200 5 83 -224.1700 134.1000
1.8684122574e+000 -1.0951754483e+000 -6.7202013505e+000
217 202 91
2 7 98 185.0900 -143.4100 5 57 138.4200 -119.5900
-4.7310603097e-001 -7.0456544279e-002 -4.9697975893e+000
248 206 217
2 7 136 -24.3400 -71.3400 5 193 -53.3400 -23.7200
1.3294677272e+000 1.6568396765e-001 -5.4099239014e+000
131 25 22
2 7 139 182.7500 -40.8500 5 139 159.4900 -2.5000
-9.0602415208e-001 2.8297652394e-001 -4.5896767385e+000
223 160 169
2 7 142 -81.6300 -29.7100 5 101 -109.1300 31.7500
2.5159414854e-001 8.7699746882e-001 -5.4924111276e+000
231 42 72
2 7 156 62.7000 45.0200 5 109 36.6900 97.9300
1.4278152324e+000 1.3531539522e+000 -5.2342888925e+000
201 144 155
2 7 162 207.1600 97.0300 5 160 191.8400 144.2200
1.1403573890e+000 1.0803347169e-001 -5.3937644514e+000
134 59 62
2 7 198 161.9900 -47.2500 5 199 138.5800 -8.1700
9.7171452106e-001 1.0916545312e-001 -5.4812858253e+000
74 10 10
2 7 199 140.5300 -45.6800 5 98 114.9400 -5.8000
7.7219628807e-001 -2.2521061073e+000 -1.2359072176e+001
150 127 126
2 7 246 29.6200 -123.8200 5 240 -55.1800 -110.7400
2.5238308307e+000 -5.1574006534e-001 -5.3001871786e+000
255 62 100
3 7 247 310.2700 -121.4400 5 246 281.8000 -90.2800 8 394 -172.4700 224.9500
-7.7344658766e-001 3.8604355592e-001 -4.5702541489e+000
217 151 166
2 7 269 -62.8600 -16.4000 5 204 -86.3200 46.8900
1.9017953319e+000 -1.0222109609e+000 -6.7218529935e+000
234 210 88
2 7 353 188.4500 -136.9100 5 345 141.9200 -112.6100
2.2002268587e+000 -5.9753050836e-001 -6.1069890432e+000
243 216 79
3 7 358 239.6900 -110.9700 5 356 201.5800 -83.0900 8 530 -112.6100 182.7700
2.2353070612e+000 -4.9364781658e-001 -6.0257865230e+000
188 157 33
3 7 361 247.1600 -102.1300 5 361 210.0300 -74.0700 4 510 260.9000 -37.5400
2.2353070612e+000 -4.9364781658e-001 -6.0257865230e+000
188 157 33
3 7 362 247.1600 -102.1300 5 362 210.0300 -74.0700 4 509 260.9000 -37.5400
1.2081037215e+000 -2.8238802071e-001 -5.2819248958e+000
195 133 135
2 7 363 171.0000 -94.3800 5 180 148.0700 -58.4500
-1.0376496276e+000 3.4903899395e-001 -4.6475884085e+000
233 171 185
2 7 385 -98.9400 -19.3300 5 398 -130.1500 43.9500
-5.1383789829e-001 4.1973327526e-001 -4.5543665367e+000
187 125 131
3 7 387 -26.5600 -12.9100 5 404 -44.1800 48.9800 8 683 104.3700 98.9900
-5.5075128826e-001 4.8715521308e-001 -4.5631006651e+000
149 90 108
3 7 391 -31.2900 -3.7000 5 409 -49.4600 60.5200 8 503 106.8300 88.5500
-8.9699408870e-001 8.7647922253e-001 -4.5168367041e+000
184 119 134
2 7 424 -78.5400 52.7300 5 437 -99.6200 129.1200
2.1390178405e+000 -7.9503306403e-001 -6.2591234417e+000
240 219 94
5 7 521 226.7700 -126.4400 5 348 186.2700 -100.1000 8 766 -96.1600 190.1900 4 489 263.0000 -79.6500 0 507 277.2400 5.2200
2.1164064157e+000 -8.0141403901e-001 -6.3024016579e+000
185 193 135
2 7 522 223.0300 -126.0400 5 509 181.9900 -100.1500
2.1218758830e+000 -8.0380683543e-001 -6.3143423986e+000
185 193 135
3 7 523 223.0300 -126.0400 5 510 181.9900 -100.1500 4 792 259.5700 -84.7300
2.2062624754e+000 -7.1274280603e-001 -6.1212845499e+000
197 169 49
3 7 525 238.8900 -121.7000 5 350 200.1000 -94.8600 8 771 -108.8100 191.5100
-9.1233596608e-001 3.2138768817e-001 -4.6209789254e+000
255 216 220
2 7 564 -82.0100 -24.0900 5 395 -110.1100 38.1200
2.6155667664e+000 -3.0606083315e+000 -1.0206321873e+001
140 131 150
2 7 682 152.3400 -204.4000 5 657 76.9800 -192.8100
2.5367222745e+000 -2.6895769583e+000 -1.0377128159e+001
128 115 128
2 7 714 146.3200 -179.3200 5 670 70.8100 -166.9900
2.3830063435e+000 -2.8141789194e+000 -1.0872413476e+001
80 68 82
2 7 719 129.5700 -177.2900 5 671 51.7000 -165.5700
2.3253011050e+000 -2.8043815599e+000 -1.0958842624e+001
84 72 87
2 7 721 125.1800 -175.2700 5 673 46.8900 -163.4200
-1.2907594681e+000 -2.8758103804e+000 -1.3252078883e+001
85 46 56
2 7 755 -77.0100 -140.6600 5 339 -171.6900 -129.6000
2.1867896991e+000 -8.4382149608e-001 -6.1620133287e+000
200 173 44
5 7 763 234.5900 -133.5800 5 504 194.9600 -107.2700 8 1094 -101.3700 199.5500 4 796 274.4000 -75.1900 0 739 285.6600 15.3600
2.1472389976e+000 -8.2756140455e-001 -6.2242912299e+000
196 170 45
2 7 766 228.6600 -130.5400 5 508 188.3200 -104.2500
1.9755229886e+000 -2.1298999692e+000 -1.2007485667e+001
74 49 49
2 7 776 95.6200 -122.9000 5 502 14.3300 -110.1200
2.2263652246e+000 -3.3481561426e-001 -6.0672090231e+000
206 172 32
3 7 806 245.6500 -85.4700 5 533 208.4700 -56.7500 8 1025 -125.3500 163.8900
-7.3269389778e-001 -1.2518676769e-001 -4.9833277878e+000
250 240 251
2 7 813 -57.4100 -77.4200 5 547 -91.9500 -29.0100
-9.5998774588e-001 -1.3723860339e-001 -5.0054473507e+000
155 201 235
2 7 814 -86.3900 -77.3600 5 776 -125.5900 -28.8100
-9.6786824277e-001 -9.0134724485e-002 -4.9588774018e+000
119 141 190
2 7 816 -87.7000 -72.3500 5 377 -125.9800 -22.4700
1.2207499932e+000 -5.0642955100e-002 -5.2888022600e+000
236 173 181
2 7 822 173.7200 -67.4900 5 775 151.6600 -29.4900
-4.8565976987e-001 4.4617051332e-002 -4.7225587032e+000
255 209 215
2 7 827 -24.8700 -61.3800 5 563 -48.2800 -9.4100
8.9473034791e-001 1.8678654975e-001 -5.6551317050e+000
150 41 66
2 7 854 127.5400 -34.4800 5 815 99.0300 5.3500
-6.9706501030e-001 4.6051198387e-001 -4.5732760928e+000
202 131 146
3 7 874 -51.9000 -6.3400 5 839 -73.1900 57.8700 8 677 128.3000 86.3400
3.3474637343e-001 6.9643680640e-001 -5.3341683200e+000
153 104 124
2 7 910 74.0900 23.9000 5 851 51.4400 74.4900
3.4967397042e-001 7.2082283709e-001 -5.3455823513e+000
247 224 229
2 7 916 75.7700 26.7100 5 601 53.0600 77.4600
-1.0731086808e+000 8.9170664909e-001 -4.5594950298e+000
249 196 203
2 7 951 -102.9000 55.6400 5 883 -128.8200 133.4600
8.9687113019e-001 5.6180604913e-001 -5.4318705775e+000
215 196 204
2 6 106 108.2300 63.3100 8 177 -55.5200 80.4300
1.9117206335e+000 -3.2954675854e+000 -1.2361713464e+001
53 44 53
2 6 490 104.7400 -177.2200 8 713 52.3600 131.3200
2.5609046413e+000 -3.5858027241e+000 -1.0396625107e+001
111 107 131
2 6 655 164.9600 -226.8300 8 1104 11.1100 203.9400
2.3035654605e+000 -3.5528851870e+000 -1.1096356197e+001
56 46 58
2 6 685 139.7500 -211.5600 8 1053 29.4900 179.0300
5.3164429927e-001 1.1391482305e+000 -5.5547798740e+000
142 34 59
2 6 950 60.6400 131.9500 8 866 -35.3100 3.9600
4.9248191842e-001 1.1475765954e+000 -5.5482932310e+000
140 30 54
2 6 953 55.8200 133.0000 8 863 -31.7100 2.0000
1.2986022215e-001 9.6378499541e-001 -5.5276707159e+000
238 44 79
2 7 37 48.5500 56.1300 8 37 15.3000 11.3600
1.7006527938e+000 2.9806796757e+000 -7.3238360941e+000
141 135 154
2 7 66 169.3200 220.8800 8 60 -151.9100 -166.6100
-1.9147329275e+000 2.1549897174e+000 -1.1757597992e+001
121 100 115
2 7 166 -108.9200 117.9400 8 103 167.9300 -199.9600
-4.3123607044e-002 8.2980168631e-001 -5.4373612582e+000
107 3 7
2 7 215 28.7000 41.2400 8 163 38.0400 23.9000
-2.8679689620e+000 1.1832734706e+000 -1.2706696710e+001
116 95 104
2 7 216 -155.4200 62.6700 8 143 231.9400 -162.9700
1.3150555428e+000 1.0893685171e+000 -5.7981583286e+000
215 42 64
2 7 217 172.3300 63.6000 8 164 -105.7300 24.3600
4.8679935844e-002 1.3594127464e+000 -5.7367335392e+000
181 26 39
2 7 224 38.3700 100.2600 8 152 13.4100 -40.9700
1.1749199082e-001 6.3439917390e-001 -5.3441782514e+000
104 39 63
2 7 280 48.4300 17.4500 8 229 26.0600 54.2700
8.4814899220e-001 7.6030664609e-001 -5.5299241595e+000
234 44 79
2 7 289 128.5300 29.4000 8 485 -54.7800 54.5000
4.1598085555e-001 9.3919193064e-001 -5.5118209024e+000
181 35 56
2 7 297 81.3000 51.9800 8 320 -15.8600 23.5100
5.7566822951e-001 1.1517207769e+000 -5.5514363728e+000
188 28 41
2 7 300 99.0600 75.3600 8 315 -40.9000 4.0700
6.2061391420e-001 1.7473587883e+000 -5.8299545352e+000
96 5 3
2 7 320 100.5200 138.8200 8 203 -60.5200 -66.1000
2.6412049146e+000 -3.4260842481e+000 -1.0182806355e+001
128 117 138
2 7 329 152.8000 -226.2300 8 543 1.7900 203.8500
1.1063713536e+000 -2.5297158470e-001 -5.2969608653e+000
244 181 189
2 7 364 158.9500 -90.7100 8 527 -48.7100 174.0200
1.8187000516e-001 6.1526250435e-001 -5.3496632584e+000
150 99 104
2 7 399 55.7000 14.8700 8 488 19.3900 58.0600
1.5366625586e+000 1.3172606315e+000 -5.2318551551e+000
185 130 132
2 7 432 219.1900 91.8800 8 467 -160.1800 27.0500
1.3610880210e-001 1.3018318409e+000 -5.6054065198e+000
116 3 7
2 7 433 49.0800 94.3500 8 311 2.7000 -28.2600
5.2119871311e-001 1.4614960964e+000 -5.7897391171e+000
179 29 36
2 7 436 89.5400 108.5400 8 447 -40.2800 -37.8500
-3.1444995894e-001 1.8450907983e+000 -9.6212237593e+000
6 6 4
2 7 438 -14.9800 110.0400 8 424 71.0400 -142.2300
6.6638561511e-001 1.7340280296e+000 -5.7987577564e+000
211 40 57
2 7 443 106.0200 137.5600 8 445 -65.7800 -62.4800
1.3731780704e+000 2.5994190848e+000 -8.0025113541e+000
19 14 17
2 7 451 126.7700 178.1100 8 294 -94.3900 -147.6300
1.6377123456e+000 -4.7274949622e+000 -1.3216966459e+001
92 88 103
2 7 466 61.9300 -230.2400 8 740 88.4300 168.0500
2.0834270776e+000 -4.0337032430e+000 -1.1805829868e+001
117 113 130
2 7 469 98.0600 -224.2800 8 753 52.5500 178.8400
2.0440327407e+000 -3.3580865379e+000 -1.1897913499e+001
74 62 78
2 7 486 97.0600 -188.1500 8 727 44.5400 146.4700
2.0440327407e+000 -3.3580865379e+000 -1.1897913499e+001
74 62 78
2 7 487 97.0600 -188.1500 8 726 44.5400 146.4700
2.2040281885e+000 -5.4357561978e-001 -6.1062900918e+000
246 219 83
2 7 529 240.4300 -105.6200 8 752 -114.9500 178.5800
-5.3267044146e-001 3.9979252964e-001 -4.5478867502e+000
247 197 208
2 7 568 -29.3000 -15.7500 8 685 107.7400 101.2400
4.5857755863e-001 9.2848940596e-001 -5.5309639982e+000
231 195 215
2 7 595 85.6800 50.5000 8 638 -19.6500 25.2700
-3.1203944447e-001 1.7856787825e+000 -9.6464753721e+000
72 59 60
2 7 606 -15.2100 105.7200 8 576 72.1300 -138.2100
-6.0900249569e-001 1.8521475463e+000 -1.0228611445e+001
14 12 15
2 7 607 -35.3100 107.0500 8 573 93.2400 -152.0100
1.6731430770e+000 2.4888479113e+000 -7.4398027299e+000
114 95 81
2 7 628 162.9900 176.8200 8 579 -130.3200 -126.1500
2.6296345387e+000 -3.4712017027e+000 -1.0255872294e+001
124 118 149
2 7 654 150.7100 -227.1600 8 1102 3.9400 203.5900
2.8782384494e+000 -3.1115356990e+000 -9.4704008880e+000
142 138 159
2 7 659 181.7000 -224.1700 8 1135 -25.4300 214.3000
1.7928922953e+000 -4.3729114958e+000 -1.2734695671e+001
107 103 120
2 7 662 73.7500 -222.8800 8 1031 75.0700 166.7500
2.3056109267e+000 -3.3033352319e+000 -1.1118022500e+001
116 110 129
2 7 687 120.2400 -199.6900 8 1032 25.2400 166.9500
1.8413316736e+000 -3.2435424707e+000 -1.2499183883e+001
110 102 119
2 7 728 81.0800 -172.4500 8 979 55.6000 125.2100
-9.3002710221e-001 3.8867397400e-001 -4.5965169299e+000
229 166 184
2 7 866 -84.3800 -15.0300 8 950 163.7500 86.0900
-5.5134854598e-001 5.1645384441e-001 -4.5924833133e+000
196 138 152
2 7 881 -31.3200 0.9600 8 946 105.8800 83.1800
-6.9558286410e-001 7.6500864505e-001 -4.5058515695e+000
198 130 142
2 7 933 -50.5400 36.0100 8 915 115.5600 49.9900
-9.6799732910e-001 8.0716015689e-001 -4.4925457970e+000
195 122 141
2 7 941 -89.0300 43.3100 8 645 153.5800 34.4400
-7.8040335987e-001 8.2735915365e-001 -4.4948373447e+000
218 164 175
2 7 943 -62.2500 45.2900 8 648 125.2700 38.8600
4.4858358466e-001 9.8638465628e-001 -5.5271128163e+000
234 151 171
2 7 952 84.8600 57.2200 8 887 -20.9300 18.8600
5.8230873088e-001 1.1314530859e+000 -5.5544858339e+000
159 29 51
2 7 962 99.9700 73.1200 8 622 -40.3900 6.4000
3.9919064203e-001 1.1213276729e+000 -5.5375547783e+000
243 209 229
2 7 963 79.6100 72.9600 8 864 -20.5700 2.2900
4.4258846419e-001 1.1352885341e+000 -5.5425181194e+000
225 203 227
2 7 966 84.3800 74.2800 8 862 -25.8500 1.9700
1.2266854497e-001 1.7000948017e+000 -5.8480620653e+000
127 2 0
2 7 985 45.9100 136.0100 8 606 -5.7500 -78.3500
2.5290774150e+000 -2.4980193641e-001 -5.2675853469e+000
227 157 174
2 5 123 287.8800 -60.4400 8 272 -185.1600 203.5400
2.5328309601e+000 -2.5080710268e-001 -5.2748635792e+000
227 157 174
4 5 124 287.8800 -60.4400 8 271 -185.1600 203.5400 4 179 302.1200 45.3200 0 200 269.6200 146.2200
2.6056043310e+000 -1.9232014859e-001 -5.4352176271e+000
217 37 44
2 5 127 283.4300 -51.5900 8 266 -187.3700 190.8100
2.5533848393e+000 -3.0400759587e-001 -5.2291289278e+000
213 37 57
2 5 177 292.1400 -67.4100 8 277 -186.9400 211.1000
2.5642510087e+000 -2.2222376281e-001 -5.2027887384e+000
215 38 58
2 5 179 296.1500 -58.3800 8 386 -192.4200 205.4600
2.5417923205e+000 -1.6466003923e-001 -5.2391745117e+000
221 180 190
3 5 182 292.0500 -50.8300 8 268 -191.0900 197.9200 4 252 298.5400 54.0100
2.5224633043e+000 -2.1863975813e-002 -5.2603064413e+000
214 39 52
4 5 188 290.5200 -33.8500 8 261 -194.3000 183.4300 4 256 285.9800 61.0900 0 291 251.7000 152.6700
2.5765198273e+000 1.6022917352e-001 -5.1313732808e+000
220 188 205
3 5 197 307.1500 -14.3700 8 369 -213.0900 174.4800 4 377 283.3600 84.3800
2.5856944745e+000 -1.7067635116e-001 -5.1197944217e+000
210 98 45
2 5 254 305.0800 -53.7100 8 544 -200.2500 205.9400
-3.1210382650e+000 -4.4281688803e-001 -1.5132702136e+001
103 100 125
2 5 272 -251.5100 9.5900 8 597 245.4600 -98.1300
-7.2601030162e-001 7.5714465274e-001 -4.4987195123e+000
220 166 180
2 5 294 -72.7500 107.1800 8 333 120.3000 50.2400
2.8183392402e+000 -3.0466423255e+000 -9.7182446826e+000
87 79 92
2 5 328 100.7500 -202.1300 8 780 -19.7800 201.8400
2.1553643826e+000 -9.8247382724e-001 -6.2029287627e+000
175 148 39
3 5 343 188.7800 -119.8600 8 785 -92.8500 208.1400 4 487 279.5400 -90.2900
2.1840064441e+000 -6.2456434058e-001 -6.1787941582e+000
162 134 36
2 5 355 196.0000 -84.5800 8 757 -108.1700 181.2200
2.2210863724e+000 -5.0073095866e-001 -6.0852587353e+000
213 182 65
2 5 363 205.4600 -73.5500 8 528 -118.4700 176.4500
2.5706358221e+000 -3.0538998904e-001 -5.1501397359e+000
218 37 51
2 5 368 299.8000 -69.0300 8 795 -191.7200 216.0200
-3.1381228556e+000 -4.7397503817e-001 -1.5305996678e+001
105 101 122
2 5 387 -251.0700 8.5100 8 598 245.4600 -98.1300
2.1921599858e+000 5.7759088532e-001 -6.2024874703e+000
135 83 24
2 5 396 206.4100 39.4200 8 495 -150.3700 79.8300
-2.2947220663e+000 5.2112768005e-001 -1.2416208391e+001
30 22 27
2 5 406 -219.9200 55.7000 8 430 212.6200 -115.9500
-2.2947220663e+000 5.2112768005e-001 -1.2416208391e+001
30 22 27
2 5 407 -219.9200 55.7000 8 429 212.6200 -115.9500
4.1519540849e-001 1.2061076932e+000 -5.5485919529e+000
205 168 181
2 5 439 57.8200 135.8900 8 617 -25.3200 -6.8900
4.1519540849e-001 1.2061076932e+000 -5.5485919529e+000
205 168 181
2 5 440 57.8200 135.8900 8 618 -25.3200 -6.8900
9.9109590217e-001 1.7002811338e+000 -5.6646505645e+000
144 21 29
2 5 452 122.4700 184.3200 8 612 -102.6700 -44.8000
2.7238119994e+000 -3.5733075943e+000 -9.9358658563e+000
56 54 64
2 5 457 86.3600 -229.8200 8 1146 -2.3800 219.8100
2.1977508226e+000 -7.6092583605e-001 -6.1311789786e+000
159 131 35
2 5 511 198.3300 -99.4400 8 1086 -106.0900 194.6700
2.1977508226e+000 -7.6092583605e-001 -6.1311789786e+000
159 131 35
2 5 512 198.3300 -99.4400 8 1085 -106.0900 194.6700
2.2424250858e+000 -4.5889949525e-001 -6.0305478536e+000
172 142 32
3 5 529 210.7000 -70.1200 8 1049 -123.4600 176.0300 4 1234 259.1500 -35.2400
2.5612576274e+000 -4.5024138475e-002 -5.1765648156e+000
221 186 200
2 5 541 299.7800 -37.9700 8 1077 -200.9400 190.8700
2.5642600028e+000 1.5068136271e-003 -5.1563639310e+000
228 178 201
2 5 544 302.1700 -32.7600 8 1070 -204.0900 187.7500
2.5400523769e+000 3.0784323550e-002 -5.2309696369e+000
229 167 175
3 5 548 294.7300 -28.3300 8 1058 -199.5300 180.3900 4 1336 285.0100 67.3200
2.5400523769e+000 3.0784323550e-002 -5.2309696369e+000
229 167 175
3 5 549 294.7300 -28.3300 8 1057 -199.5300 180.3900 4 1337 285.0100 67.3200
2.5807577476e+000 1.9446741733e-001 -5.1128104141e+000
208 42 65
3 5 560 309.3500 -10.5600 8 1045 -216.1100 172.5400 4 887 281.8600 88.0300
2.5952330116e+000 2.9159377196e-001 -5.0883995628e+000
190 71 99
2 5 568 313.6400 0.8600 8 1028 -222.7000 164.8400
2.5952330116e+000 2.9159377196e-001 -5.0883995628e+000
190 71 99
2 5 569 313.6400 0.8600 8 1029 -222.7000 164.8400
-9.2951092964e-001 3.6537546996e-001 -4.5977709671e+000
230 170 184
2 5 586 -112.2400 45.4400 8 952 164.3800 89.0600
-1.9135307994e+000 6.8369847685e-001 -1.1823605501e+001
39 29 37
2 5 595 -198.9300 64.7400 8 587 192.2600 -114.6100
-1.9135307994e+000 6.8369847685e-001 -1.1823605501e+001
39 29 37
2 5 596 -198.9300 64.7400 8 586 192.2600 -114.6100
-7.7785877674e-001 5.3740814963e-001 -4.5479387827e+000
166 140 175
2 5 597 -84.8400 71.5400 8 669 136.6100 74.9300
-1.1062853065e+000 7.2819719437e-001 -4.5223870716e+000
177 111 130
2 5 608 -136.4200 107.9200 8 647 176.6000 38.4600
3.5939960807e-001 9.8444691116e-001 -5.5129143321e+000
147 25 40
2 5 609 50.2900 109.4700 8 885 -11.5600 16.8000
3.8813981424e-001 9.9813754524e-001 -5.5182490182e+000
183 112 129
2 5 611 53.8000 110.7300 8 882 -14.9900 15.9700
5.6598831138e-001 1.0774552236e+000 -5.5452830832e+000
132 8 22
2 5 613 74.9800 117.8300 8 627 -36.2800 11.8200
2.8096914855e+000 -2.9619588297e+000 -9.6194038114e+000
41 31 41
2 5 652 102.5400 -198.8700 8 1097 -22.8300 200.9800
2.1543602169e+000 -8.8946162813e-001 -6.2218139426e+000
205 177 65
2 5 713 188.4300 -110.5400 8 1093 -95.6000 199.5400
2.5384601564e+000 -2.7089987719e-001 -5.2521229027e+000
234 185 202
2 5 748 289.4100 -63.1300 8 1111 -186.0200 206.5900
2.5325668275e+000 -1.7487993731e-001 -5.2599918384e+000
230 182 190
2 5 756 289.4200 -51.8600 8 1089 -189.1200 197.4400
2.5563693307e+000 -1.6637352316e-002 -5.1893081384e+000
190 82 110
3 5 770 298.7900 -34.4600 8 1069 -200.9900 187.3900 4 1338 291.4600 68.1200
2.5563693307e+000 -1.6637352316e-002 -5.1893081384e+000
190 82 110
3 5 771 298.7900 -34.4600 8 1068 -200.9900 187.3900 4 1339 291.4600 68.1200
2.5920480869e+000 2.1320625012e-001 -5.0824700454e+000
250 156 168
2 5 804 312.9300 -8.5300 8 1047 -219.2900 172.5500
2.5920480869e+000 2.1320625012e-001 -5.0824700454e+000
250 156 168
2 5 805 312.9300 -8.5300 8 1046 -219.2900 172.5500
2.5708669683e+000 7.4154064427e-002 -5.1658213041e+000
231 165 179
3 5 134 302.9500 -24.1800 4 261 287.2600 76.1400 0 298 249.0700 166.3800
2.5708669683e+000 7.4154064427e-002 -5.1658213041e+000
231 165 179
3 5 135 302.9500 -24.1800 4 260 287.2600 76.1400 0 297 249.0700 166.3800
2.5436134227e+000 -1.6353940945e-001 -5.2410705988e+000
221 180 190
2 5 183 292.0500 -50.8300 4 251 298.5400 54.0100
2.5789374465e+000 1.3372647714e-002 -5.1244622089e+000
207 46 66
2 5 260 306.2600 -31.8800 4 569 293.9700 75.9100
2.5383669601e+000 -8.3581144521e-002 -5.2460301843e+000
228 185 199
2 5 371 292.1900 -41.5000 4 561 292.1000 58.6900
2.3877959196e+000 -5.4634293259e-001 -5.6456699097e+000
164 134 16
2 5 520 245.7900 -86.6500 4 825 294.2300 -8.7900
2.2349593487e+000 -5.3176074051e-001 -6.0531337898e+000
154 125 24
3 5 527 207.9500 -77.2300 4 810 262.3500 -42.4500 0 1040 265.8700 41.8000
2.5318650902e+000 -3.2904862634e-001 -5.2763086716e+000
229 182 199
2 5 531 286.5800 -69.4600 4 858 307.7900 39.7300
2.2465412138e+000 -2.1350656238e-001 -6.0295786790e+000
164 134 26
2 5 539 213.4800 -44.3900 4 817 243.8700 -17.7000
2.3722909620e+000 -6.9673493341e-001 -5.7088095397e+000
159 131 23
2 5 718 238.8700 -101.7300 4 1237 300.6600 -25.3300
2.4855455499e+000 -4.7877015455e-001 -5.3886843203e+000
206 64 74
2 5 733 272.4600 -84.2800 4 1281 309.7500 19.0700
2.4312526266e+000 -2.3162594940e-001 -5.5484934582e+000
175 143 24
2 5 754 259.4000 -53.6000 4 1291 280.3100 21.9600
2.5516004568e+000 -7.0356121317e-002 -5.2090542693e+000
194 79 112
2 5 762 296.3300 -40.5200 4 1324 293.8900 62.9000
2.5488995086e+000 4.9121866783e-002 -5.2036576791e+000
199 76 92
2 5 782 297.6900 -26.4900 4 1341 285.7000 70.9400
2.5882970749e+000 1.6850413944e-001 -5.0988265272e+000
233 168 187
2 5 799 310.7400 -13.6900 4 1372 285.1500 87.8300
2.5483130827e+000 2.3939576720e-001 -5.1543125902e+000
255 59 95
3 8 137 -212.9300 165.0300 4 148 275.1900 86.5000 0 208 235.2600 170.2900
2.5792797035e+000 2.5546791568e-002 -5.2002798991e+000
226 168 192
2 8 192 -204.2200 183.2600 4 185 289.8600 70.0500
2.6541788613e+000 4.0244301704e-001 -4.9152530910e+000
250 146 73
3 8 259 -242.1800 164.5900 4 392 282.4100 118.2100 0 602 232.7500 201.7600
2.6162412632e+000 2.3176798229e-001 -5.0451354274e+000
255 63 106
3 8 368 -224.2000 173.4100 4 384 285.4000 96.9400 0 412 241.6300 183.4700
2.5924338783e+000 1.5599214582e-001 -5.0580786183e+000
255 65 107
2 8 377 -217.9900 179.2100 4 381 288.3500 90.8100
-7.4351481002e-001 1.1203015910e+000 -1.0138815732e+001
67 52 60
2 8 441 116.5200 -106.2400 4 300 -119.3000 -211.4900
2.5218940520e+000 1.2668653669e+000 -4.7491263432e+000
252 200 98
2 8 944 -281.6200 81.4600 4 1529 223.3600 177.5000
2.6022175076e+000 3.0181985609e-001 -5.0572141636e+000
255 198 213
2 8 1030 -225.3300 165.5600 4 1392 279.2000 99.6600
2.5849821090e+000 2.3524310995e-001 -5.0988519993e+000
247 69 109
2 8 1040 -218.9800 169.5900 4 1373 280.1700 91.7500
1.8917420958e+000 -1.0494449757e+000 -6.7865888766e+000
43 25 2
2 4 47 236.6000 -142.1300 0 41 273.5600 -72.9000
2.1233924965e+000 -5.9308517069e-001 -6.3926804204e+000
225 194 65
2 4 51 242.7000 -74.2100 0 44 261.0800 -0.3500
-2.0846390646e+000 5.8050168285e+000 -1.0057299360e+001
144 134 154
2 4 54 -266.5900 8.5400 0 34 -151.5000 -119.0800
-2.0846390646e+000 5.8050168285e+000 -1.0057299360e+001
144 134 154
2 4 55 -266.5900 8.5400 0 35 -151.5000 -119.0800
3.8397970346e-001 8.3280785347e-002 -5.8750011865e+000
76 0 0
2 4 69 63.6700 -12.6000 0 60 34.8200 17.8400
-8.7218545292e-001 -2.1745536792e-001 -5.0155484627e+000
18 22 29
2 4 76 -50.1800 27.6700 0 63 -135.1400 52.6200
2.5674145865e+000 1.7636281990e+000 -4.8939714203e+000
140 115 13
2 4 88 194.6000 187.3500 0 99 150.9300 215.3100
1.2240062223e+000 2.2428479938e-001 -8.2380149794e+000
14 12 13
2 4 94 76.0500 -146.1700 0 73 147.1000 -151.3800
1.9180305980e+000 -8.4707146342e-001 -6.7294787973e+000
214 186 52
2 4 96 227.9100 -121.7200 0 81 261.0300 -54.4000
-9.1555770339e-001 -2.6120012956e-001 -5.1020570591e+000
180 210 246
2 4 105 -55.5600 13.0700 0 86 -136.6800 38.0500
1.2822261282e+000 -4.4541092758e-002 -8.2865320033e+000
148 144 164
2 4 128 90.7100 -165.6200 0 145 164.6900 -168.3900
1.8674438111e+000 -6.4015264180e-001 -6.9266230665e+000
205 179 50
2 4 133 204.4400 -119.0600 0 80 242.0800 -65.3300
1.5578915826e+000 -7.9908380194e-002 -7.6526441604e+000
163 141 40
2 4 158 128.6800 -128.1500 0 151 184.8800 -111.4000
-1.9154144300e+000 3.5757286291e+000 -1.0727443291e+001
20 17 19
2 4 160 -235.6100 -114.9100 0 100 -114.3200 -222.6100
-8.4398447566e-001 5.9087616648e+000 -1.0209387895e+001
100 93 109
2 4 169 -193.4400 14.7400 0 235 -85.8800 -100.2800
-1.8936613286e+000 5.8635628345e+000 -9.9024050888e+000
14 83 114
2 4 171 -256.3600 18.7300 0 230 -144.1800 -106.6700
-4.5606000363e-001 8.6930688297e+000 -1.1080015267e+001
104 80 99
2 4 183 -197.6600 67.2200 0 244 -80.8100 -64.0000
-9.9800216228e-001 8.4970950789e+000 -1.0764833020e+001
107 58 72
2 4 188 -222.2500 71.9700 0 243 -106.2300 -64.8100
2.5100698383e+000 7.4946845767e-002 -5.2008070563e+000
244 50 76
2 4 189 280.7100 72.2700 0 207 243.5200 161.0500
2.6396179691e+000 5.3191060294e-001 -5.0162614308e+000
197 96 122
2 4 198 268.3300 116.6000 0 302 223.9500 191.7000
9.7875577070e-001 2.6891487564e-001 -8.7899216692e+000
142 135 156
2 4 214 45.6100 -175.5900 0 313 130.6800 -195.9800
1.5635394441e+000 -4.0989235699e-001 -7.5469990972e+000
192 169 53
2 4 220 147.4000 -146.2100 0 228 203.0400 -119.9500
1.5218494644e+000 -2.6647255643e-001 -7.6811069463e+000
182 161 43
2 4 223 133.5800 -144.0600 0 322 192.0900 -124.8500
1.5119694074e+000 -1.3378284019e-001 -7.7209124988e+000
124 108 55
2 4 225 125.7700 -136.7900 0 323 184.2600 -121.4000
1.9100588599e+000 -1.0016257815e+000 -6.7494452955e+000
209 182 55
2 4 226 236.5300 -135.3800 0 241 271.6800 -65.5700
-2.0634230719e+000 5.5870844906e+000 -1.0772040380e+001
0 55 99
2 4 234 -260.2500 -30.2900 0 221 -136.9400 -155.6800
-7.6438067194e-001 -1.1761070570e-001 -4.8847831944e+000
233 173 180
2 4 250 -37.7900 53.4700 0 275 -127.8000 77.4900
-6.3286105931e-002 8.3669832451e+000 -1.1239363944e+001
89 73 85
2 4 253 -176.2800 54.5000 0 239 -60.1000 -70.9000
-6.3286105931e-002 8.3669832451e+000 -1.1239363944e+001
89 73 85
2 4 254 -176.2800 54.5000 0 238 -60.1000 -70.9000
2.5682021925e+000 -1.4418862360e-001 -5.1751350455e+000
239 48 75
2 4 255 302.1300 61.3200 0 294 264.5000 161.2400
-8.1750507474e-002 8.5877889297e+000 -1.1114607654e+001
115 72 91
2 4 259 -179.0400 65.0700 0 336 -64.3400 -62.3200
2.6997918762e+000 4.9111334812e-001 -4.8245894652e+000
237 47 65
2 4 274 283.7000 131.7800 0 304 230.3700 213.5700
9.6561815778e-001 1.4210621342e-001 -8.8327868820e+000
155 151 173
2 4 301 48.2900 -186.6500 0 310 135.4200 -206.5400
1.1927085821e+000 1.6480456789e-002 -8.3885147743e+000
19 14 17
2 4 304 79.0800 -168.5500 0 318 155.2300 -175.3300
-3.7980708394e-001 1.2986446394e+000 -9.5158845058e+000
114 93 104
2 4 305 -93.6200 -167.4100 0 307 1.8400 -227.2700
1.5381270559e+000 -1.9448715704e-001 -7.6850502186e+000
175 152 50
2 4 315 131.6600 -138.4700 0 325 189.4800 -120.9400
-9.9263380934e-001 -3.4340492871e-001 -5.2869102795e+000
139 96 115
2 4 332 -65.9000 -17.1000 0 261 -137.5700 8.7500
-2.1482461922e+000 5.7021389661e+000 -1.0220556101e+001
30 84 110
2 4 337 -268.9300 -3.0100 0 321 -151.5200 -130.4400
2.2658288333e+000 -3.3204367098e-002 -5.9461431369e+000
187 154 44
2 4 338 237.2900 1.1700 0 542 233.2500 71.1300
2.2658288333e+000 -3.3204367098e-002 -5.9461431369e+000
187 154 44
2 4 339 237.2900 1.1700 0 543 233.2500 71.1300
-1.0872295312e+000 5.8291607052e+000 -1.0307498602e+001
79 60 64
2 4 340 -206.6800 5.7300 0 329 -95.8600 -110.7600
-2.0760919913e+000 5.7877397823e+000 -1.0028920384e+001
146 135 156
2 4 342 -266.0700 9.2600 0 326 -151.4900 -118.2300
-2.1974087043e+000 5.8307815450e+000 -9.9047200093e+000
24 87 121
2 4 347 -274.4500 15.6600 0 444 -160.3500 -113.8900
-1.1409632638e+000 5.8870960825e+000 -1.0082104793e+001
99 92 111
2 4 350 -210.5200 17.4100 0 452 -102.7500 -100.7300
-1.1409632638e+000 5.8870960825e+000 -1.0082104793e+001
99 92 111
2 4 351 -210.5200 17.4100 0 453 -102.7500 -100.7300
-9.1884369208e-001 -1.7400954427e-001 -4.9846185524e+000
21 33 77
2 4 359 -58.4500 34.2300 0 271 -143.0700 56.5700
-8.1112140008e-001 -1.4800985643e-001 -4.9495740645e+000
170 224 254
2 4 364 -44.0300 42.4200 0 380 -130.7600 66.4000
-6.2405082051e-001 -1.3900505583e-001 -4.8498544293e+000
227 176 187
2 4 367 -16.8500 57.7300 0 277 -110.4000 86.9100
2.5623084179e+000 1.5270386800e-001 -5.1294646425e+000
236 202 216
2 4 378 283.3600 84.3800 0 591 242.2100 171.0600
2.4802096514e+000 1.7838327249e+000 -5.0703985281e+000
148 125 76
2 4 411 181.8300 173.3100 0 600 144.9900 197.1700
8.2915676452e-001 3.3903306646e-001 -9.1588387152e+000
165 148 162
2 4 437 26.4800 -190.7400 0 422 119.6600 -221.4500
8.8472604966e-001 3.5945001359e-001 -9.0431155976e+000
152 140 157
2 4 438 31.6800 -182.9800 0 423 122.0100 -211.0100
1.1771564378e+000 -7.0264821874e-002 -8.4327843320e+000
19 16 22
2 4 442 80.2700 -177.3600 0 429 158.4800 -183.9700
8.5286065311e-001 6.3777849557e-001 -8.9884934596e+000
131 122 141
2 4 450 20.9500 -162.9400 0 426 108.3500 -192.9700
8.5286065311e-001 6.3777849557e-001 -8.9884934596e+000
131 122 141
2 4 451 20.9500 -162.9400 0 427 108.3500 -192.9700
8.8418763439e-001 6.1794844517e-001 -8.9394462957e+000
129 121 134
2 4 452 24.9600 -160.9500 0 631 110.7200 -190.2800
1.6571057602e+000 -4.3131930282e-001 -7.3462360290e+000
196 174 54
2 4 468 161.9600 -133.9600 0 454 211.5000 -100.3400
1.7481710074e+000 -5.9123111912e-001 -7.1627441953e+000
151 121 101
2 4 470 183.7700 -132.8200 0 462 228.7600 -89.3000
1.6889076596e+000 -2.7514150956e-001 -7.3205576889e+000
196 174 51
2 4 476 157.5100 -120.0800 0 463 204.9100 -88.8400
2.1561004829e+000 -9.8261826168e-001 -6.2050064510e+000
181 152 32
2 4 488 279.5400 -90.2900 0 505 293.9000 3.3100
2.1655058937e+000 -7.7228394896e-001 -6.2266785010e+000
164 134 20
2 4 492 264.9700 -74.9600 0 352 277.9700 10.7300
2.1684176359e+000 -5.8509814816e-001 -6.1768062027e+000
233 197 67
2 4 500 254.8700 -57.0500 0 514 263.8700 24.2000
-2.2713282923e+000 5.7348937816e+000 -1.0144540060e+001
20 77 100
2 4 525 -277.1400 0.6500 0 442 -159.5100 -128.4800
-2.2478642750e+000 5.7727585358e+000 -1.0012900848e+001
29 87 115
2 4 527 -276.6400 8.1900 0 443 -160.8200 -121.2400
-9.6431095704e-001 5.8879211888e+000 -1.0211884831e+001
9 37 76
2 4 532 -200.2100 12.9400 0 451 -91.6700 -102.9800
-2.1298471905e+000 5.8201763931e+000 -9.9511599094e+000
12 56 66
2 4 535 -270.1200 13.4600 0 660 -155.7500 -114.7400
-1.8234407255e+000 5.8351585555e+000 -1.0000380679e+001
6 22 29
2 4 536 -251.1400 14.0900 0 447 -138.9200 -110.8600
-2.0165801261e+000 5.8336793616e+000 -9.9510079632e+000
0 33 53
2 4 537 -263.0900 14.9300 0 446 -149.9600 -112.4100
-1.5327510021e+000 5.8542541228e+000 -1.0025157080e+001
123 110 132
2 4 538 -233.5800 15.8800 0 671 -123.5600 -106.1900
-7.0281983327e-001 -1.5970954071e-001 -4.9521636324e+000
200 140 153
2 4 549 -28.3600 43.0600 0 541 -116.5000 69.7100
-6.5115847018e-001 -1.3365134844e-001 -4.8976680542e+000
131 82 103
2 4 556 -21.7200 52.2900 0 550 -112.2600 79.8300
-5.8526724250e-001 -1.4261032486e-001 -4.8663225359e+000
144 87 100
2 4 560 -11.6300 56.1900 0 552 -104.7400 86.0700
2.5342667368e+000 -8.5982109277e-002 -5.2445256645e+000
240 208 219
2 4 562 292.1000 58.6900 0 831 257.3900 153.4400
-1.2928086028e-001 8.4095233038e+000 -1.1152535160e+001
36 43 73
2 4 563 -179.7300 58.5800 0 470 -64.2200 -67.8600
-1.1147648823e+000 3.7165416293e-001 -4.6506207765e+000
248 187 198
2 4 594 -104.8500 117.9000 0 812 -187.4100 108.4200
4.2665433380e+000 1.7338656972e+000 -5.1398112278e+000
114 91 108
2 4 627 300.5200 168.3800 0 868 284.1700 228.9100
2.5326076412e+000 1.8084540568e+000 -4.9357060669e+000
211 182 62
2 4 648 188.2500 185.5800 0 857 146.6700 211.2200
8.2243807165e-001 2.7836008253e-001 -9.1344260587e+000
167 143 158
2 4 715 28.1400 -194.0700 0 615 121.3700 -223.4100
1.0007569335e+000 8.9351415581e-002 -8.8218254977e+000
98 90 110
2 4 721 53.2500 -188.8200 0 889 140.3100 -207.9500
1.0395545714e+000 2.5379259266e-001 -8.7291655211e+000
137 134 150
2 4 733 51.8700 -172.3600 0 630 135.5500 -190.8100
7.9505505986e-001 6.1339959826e-001 -9.1304106954e+000
124 20 32
2 4 737 15.7100 -171.9600 0 892 106.2400 -205.4300
9.7052563438e-001 5.2698953981e-001 -8.7737866493e+000
54 50 67
2 4 751 36.5900 -157.5900 0 639 119.3200 -181.1800
9.7052563438e-001 5.2698953981e-001 -8.7737866493e+000
54 50 67
2 4 752 36.5900 -157.5900 0 640 119.3200 -181.1800
1.0759713684e+000 3.8011103142e-001 -8.6034004960e+000
65 63 77
2 4 753 52.3700 -156.9400 0 922 131.8500 -174.0900
9.0503150237e-001 6.7801101443e-001 -8.9184959643e+000
127 108 122
2 4 754 24.6700 -155.9100 0 635 110.0000 -184.8600
9.0503150237e-001 6.7801101443e-001 -8.9184959643e+000
127 108 122
2 4 755 24.6700 -155.9100 0 636 110.0000 -184.8600
1.4753023824e+000 -2.8200821650e-001 -7.7781665744e+000
182 161 54
2 4 757 128.1600 -151.5200 0 652 189.4600 -135.4700
9.0503170546e-001 7.4150535057e-001 -8.8663515535e+000
119 92 99
2 4 759 23.3200 -149.4500 0 642 107.1000 -178.0700
9.7775407322e-001 6.7140059259e-001 -8.7649486680e+000
51 45 51
2 4 761 32.4700 -147.6700 0 928 114.2100 -172.7900
9.5170187205e-001 7.0575191564e-001 -8.7623787923e+000
98 84 98
2 4 764 29.3500 -145.9400 0 645 110.9200 -171.5300
1.0562436167e+000 6.8758828091e-001 -8.6132919035e+000
36 30 37
2 4 775 40.2700 -137.5700 0 649 117.9200 -159.5500
1.6475348587e+000 -3.9312842909e-001 -7.3922999317e+000
134 99 34
2 4 777 157.9200 -134.0000 0 955 208.6200 -102.7200
1.6406007668e+000 -3.4204714879e-001 -7.4166042967e+000
176 139 59
2 4 778 154.1200 -131.7700 0 675 205.1300 -102.3700
1.6668534636e+000 -1.9179560802e-001 -7.3778568904e+000
165 144 50
2 4 789 150.0100 -117.9000 0 962 198.5300 -90.3500
1.5371017054e+000 1.0148760133e-001 -7.6332245272e+000
16 15 10
2 4 790 119.4800 -114.7100 0 956 173.4200 -101.4000
2.1520308943e+000 -8.3139848485e-001 -6.2358301191e+000
178 147 28
2 4 794 267.3800 -80.5800 0 728 281.3200 6.6800
2.1520308943e+000 -8.3139848485e-001 -6.2358301191e+000
178 147 28
2 4 795 267.3800 -80.5800 0 729 281.3200 6.6800
2.2242445651e+000 -6.3111115751e-001 -6.0931770487e+000
168 139 24
2 4 804 266.2600 -53.0500 0 759 272.3800 33.1300
2.1977063098e+000 -5.6952486026e-001 -6.1503892846e+000
184 154 41
2 4 806 257.5500 -53.2100 0 753 265.3700 28.4800
2.2352262550e+000 -5.3263196770e-001 -6.0521727176e+000
178 147 29
2 4 811 262.3500 -42.4500 0 1041 265.8700 41.8000
-8.7529152552e-001 -2.8276976403e-001 -5.1188220017e+000
242 236 249
2 4 839 -49.4700 9.6500 0 765 -130.1100 37.0600
-1.7498312212e+000 5.8284486878e+000 -1.0015420183e+001
12 65 98
2 4 842 -246.5500 13.7200 0 662 -134.7900 -110.3700
-1.7498312212e+000 5.8284486878e+000 -1.0015420183e+001
12 65 98
2 4 843 -246.5500 13.7200 0 663 -134.7900 -110.3700
-8.2430897973e-002 3.2132824496e-001 -5.4824683338e+000
200 164 176
2 4 854 12.4100 34.8000 0 774 -35.1100 50.8100
2.5633532264e+000 -1.7493377202e-003 -5.1591787579e+000
250 193 220
2 4 870 292.2200 71.6900 0 1180 253.6400 165.7300
-1.0476527369e+000 4.0139628341e-002 -4.8009084331e+000
184 117 135
2 4 873 -83.4900 73.2100 0 1084 -170.2300 82.0600
-1.1419289064e+000 3.8750868887e-001 -4.6688553721e+000
214 142 155
2 4 908 -109.4300 116.6200 0 1107 -190.1300 105.6000
4.2497408022e+000 1.5081607264e+000 -5.2461333011e+000
108 84 99
2 4 948 308.4700 151.2000 0 860 296.4000 217.3200
8.4104841127e-001 5.0630454983e-001 -9.0741198204e+000
164 132 147
2 4 1143 22.9300 -175.8200 0 890 113.4100 -205.8800
1.1906109480e+000 9.7838072851e-002 -8.3810659753e+000
28 24 36
2 4 1152 75.8100 -162.6200 0 932 151.2800 -170.1700
1.0571746476e+000 3.7214311191e-001 -8.6789219565e+000
116 112 125
2 4 1156 50.0600 -161.4200 0 918 131.3800 -180.4600
1.2049714814e+000 1.5811435153e-001 -8.3567768366e+000
19 14 21
2 4 1168 75.0800 -156.9100 0 935 149.4900 -164.6000
1.0621472983e+000 4.5932768124e-001 -8.6323667326e+000
97 94 107
2 4 1176 48.1300 -153.3000 0 929 127.7300 -172.3800
1.6705346224e+000 -4.7274201141e-001 -7.3329357458e+000
162 133 28
2 4 1191 165.6800 -135.8900 0 957 215.1100 -101.0300
8.4702819754e-001 1.0328404430e+000 -8.9302906747e+000
57 12 12
2 4 1193 9.3000 -135.3000 0 934 93.0300 -169.4000
1.9415878800e+000 -9.7311775898e-001 -6.6824781005e+000
57 26 0
2 4 1195 240.0100 -127.9300 0 980 272.5300 -55.7700
-3.8054076964e-001 5.8440983495e+000 -1.0459329868e+001
16 14 28
2 4 1266 -166.9800 4.9400 0 954 -58.1800 -104.0800
-2.0468120673e+000 5.8475568211e+000 -9.8586041393e+000
1 32 47
2 4 1286 -265.6800 19.2500 0 952 -153.1000 -108.3000
-7.5691009550e-001 -1.6792792603e-001 -4.9927116466e+000
164 184 222
2 4 1298 -36.1900 36.7400 0 780 -121.7600 62.2000
