# Bundle file v0.3
9 279
0 0 0
0 0 0
0 0 0
0 0 0
0 0 0
0 0 0
0 0 0
0 0 0
0 0 0
0 0 0
0 0 0
0 0 0
0 0 0
0 0 0
0 0 0
0 0 0
0 0 0
0 0 0
0 0 0
0 0 0
0 0 0
0 0 0
0 0 0
0 0 0
0 0 0
0 0 0
0 0 0
0 0 0
0 0 0
0 0 0
6.5144979200e+002 -4.5199008301e-002 -3.6508379409e-003
9.9998363625e-001 -3.3278559647e-003 4.6532370184e-003
3.3373325584e-003 9.9999237006e-001 -2.0302799288e-003
-4.6464450353e-003 2.0457761052e-003 9.9998711259e-001
4.9328097529e-002 -3.7786869809e-002 9.2464817748e-002
6.5579867080e+002 -3.8064560160e-002 -6.7089148025e-003
9.9690764989e-001 4.8782533214e-002 6.1606834386e-002
-4.5410422336e-002 9.9745327166e-001 -5.4998767212e-002
-6.4132917703e-002 5.2031099400e-002 9.9658403236e-001
6.4439141996e-001 -7.5666981961e-001 -3.4625021062e-001
0 0 0
0 0 0
0 0 0
0 0 0
0 0 0
1.9286879040e+000 -1.1633565236e+000 -6.8508082085e+000
203 182 70
2 6 347 186.6000 -113.1100 7 506 185.2800 -144.2900
2.2170714901e+000 -8.9153408333e-001 -6.3121164187e+000
221 195 83
2 6 526 232.6400 -94.3100 7 513 231.1000 -133.6500
2.2170714901e+000 -8.9153408333e-001 -6.3121164187e+000
221 195 83
2 6 525 232.6400 -94.3100 7 512 231.1000 -133.6500
2.2325240220e+000 -8.7862914265e-001 -6.2643860269e+000
177 153 51
2 6 796 235.9500 -93.7400 7 762 234.5900 -133.5800
2.2420748201e+000 -7.7718299390e-001 -6.3001016627e+000
214 189 76
2 6 533 235.6400 -82.6300 7 524 234.7100 -123.2100
2.2254306699e+000 -8.1549265123e-001 -6.2923336286e+000
215 192 85
2 6 799 234.1800 -86.7600 7 771 233.2600 -126.9300
2.5582105720e+000 -4.7937125404e-001 -5.4804417015e+000
226 181 185
2 6 184 308.2200 -59.3600 7 187 306.7600 -113.6100
2.2011428934e+000 -9.9432596295e-001 -6.3682441191e+000
212 189 70
2 6 348 228.6400 -104.2600 7 351 227.0900 -141.5900
2.2427734017e+000 -6.9355681479e-001 -6.2489153583e+000
215 190 73
2 6 350 237.6400 -74.5900 7 357 237.4500 -116.4200
1.9347166538e+000 -1.1246647013e+000 -6.8627191662e+000
41 28 0
2 6 790 186.9300 -109.1500 7 753 185.5800 -140.7200
1.9347166538e+000 -1.1246647013e+000 -6.8627191662e+000
41 28 0
2 6 791 186.9300 -109.1500 7 754 185.5800 -140.7200
2.5638152308e+000 -3.6011126614e-001 -5.4627255995e+000
234 192 195
2 6 549 309.9200 -45.2700 7 531 309.3300 -101.2900
2.5555697415e+000 -4.1209305913e-001 -5.4790740277e+000
240 179 181
2 6 813 308.0100 -51.3500 7 787 307.1300 -106.4500
-9.7319909456e-001 5.5670085819e-001 -4.6058330886e+000
22 27 46
2 6 52 -136.5200 75.6800 7 55 -78.7900 13.0000
-9.7319909456e-001 5.5670085819e-001 -4.6058330886e+000
22 27 46
2 6 53 -136.5200 75.6800 7 56 -78.7900 13.0000
-9.7319909456e-001 5.5670085819e-001 -4.6058330886e+000
22 27 46
2 6 54 -136.5200 75.6800 7 57 -78.7900 13.0000
-9.3594655016e-001 -2.1533432663e-001 -5.0721416328e+000
23 24 28
2 6 69 -118.7600 -32.0200 7 72 -75.0000 -79.6900
8.4877793182e-001 8.1047172084e-002 -5.6413700028e+000
210 177 196
2 6 47 101.8400 6.4900 7 51 125.1200 -43.7100
2.0415418323e-002 3.8141514636e-001 -5.5045522891e+000
144 19 27
2 6 51 5.2000 42.7500 7 82 38.7800 -8.4300
-1.0187977713e+000 6.7417997285e-001 -4.6229047333e+000
201 211 244
2 6 82 -142.6700 92.1100 7 86 -84.0400 29.3100
1.0127534482e+000 2.2349822249e-002 -5.4538204059e+000
173 109 126
2 6 137 125.8900 0.0900 7 102 147.3800 -53.9900
9.8951725427e-001 6.0683440899e-001 -5.5125547056e+000
213 194 208
2 6 77 121.3100 70.0300 7 83 147.1100 11.8300
9.8951725427e-001 6.0683440899e-001 -5.5125547056e+000
213 194 208
2 6 78 121.3100 70.0300 7 84 147.1100 11.8300
3.3593126873e-001 5.2840464032e-001 -5.4096659303e+000
73 2 3
2 6 104 43.5200 61.2500 7 110 77.2200 6.3200
-9.5867651054e-001 4.2681828409e-001 -4.6708735446e+000
190 201 238
2 6 76 -132.4400 56.2900 7 109 -77.1900 -4.1700
4.3445062694e-001 1.0479166847e+000 -5.5708525189e+000
163 18 29
2 6 112 53.8700 121.3600 7 114 87.7000 64.2300
2.3688350186e+000 -1.1575875967e+000 -5.9740100677e+000
202 197 105
2 6 130 262.0300 -128.7200 7 131 257.7300 -168.6600
-3.8469128671e-002 4.8463867794e-001 -5.5158859948e+000
224 55 95
2 6 142 -1.9600 55.0100 7 202 32.6700 3.5800
-3.8469128671e-002 4.8463867794e-001 -5.5158859948e+000
224 55 95
2 6 143 -1.9600 55.0100 7 203 32.6700 3.5800
8.0933511762e-001 6.0002987254e-001 -5.5043866659e+000
95 0 2
2 6 148 99.7600 69.1500 7 150 127.7900 12.1200
-6.4946174888e-001 4.7969596308e-001 -4.6648136848e+000
108 54 70
2 6 147 -88.6900 64.0700 7 148 -35.6400 0.9500
1.2355328889e-001 6.9216249676e-001 -5.4120139029e+000
218 203 221
2 6 152 17.7300 81.4300 7 152 53.7800 25.9700
-1.0234541792e+000 5.5516861957e-001 -4.5915909091e+000
17 20 27
2 6 151 -143.7200 76.1100 7 206 -86.2700 12.5800
3.7507800379e-001 1.1411195809e+000 -5.5744629179e+000
171 150 172
2 6 158 46.6800 132.2400 7 160 81.7200 75.0400
2.5582105720e+000 -4.7937125404e-001 -5.4804417015e+000
226 181 185
2 6 185 308.2200 -59.3600 7 188 306.7600 -113.6100
9.4815842371e-001 1.8632366078e-001 -5.7232540841e+000
99 3 5
2 6 139 112.1900 19.0000 7 141 133.5200 -32.2400
-5.6179831763e-001 3.4410610727e-001 -4.5927085193e+000
156 98 112
2 6 204 -77.4400 45.4100 7 267 -24.4800 -18.2200
1.0324481071e+000 6.9737318455e-001 -5.5216736087e+000
45 10 7
2 6 214 125.7400 80.4100 7 151 152.5800 22.0300
8.2323807061e-002 6.1782471177e-001 -5.4080704038e+000
82 11 26
2 6 209 12.9700 72.5900 7 281 48.4300 17.4500
-6.6398843958e-001 5.2456221853e-001 -4.6421258279e+000
235 181 194
2 6 208 -91.0600 70.9300 7 275 -37.4500 6.7200
-1.0661168615e+000 5.0412355972e-001 -4.6294483013e+000
183 230 255
2 6 280 -149.1700 67.6200 7 276 -91.3800 6.7000
9.4117560988e-001 1.1378497058e-003 -5.6161911408e+000
66 13 22
2 6 384 113.6800 -2.4400 7 377 134.6200 -53.5200
1.2377785860e+000 1.1510810418e-001 -5.5413519576e+000
95 35 39
2 6 269 150.5900 11.3300 7 260 169.3700 -43.5700
1.1125805934e+000 1.2226687772e-001 -5.6017532361e+000
172 101 113
2 6 389 133.9300 11.7800 7 261 154.3400 -41.2100
7.0631130044e-001 1.9417410987e-001 -5.7350156712e+000
111 13 20
2 6 275 83.9800 19.6500 7 265 107.9400 -30.0500
2.1001098833e+000 3.6838821394e-001 -6.4330525769e+000
147 111 51
2 6 277 216.2500 35.8300 7 388 224.0600 -12.4600
9.0084176207e-001 6.4485535139e-001 -5.5329453941e+000
104 11 16
2 6 282 110.3100 74.3300 7 279 137.0200 16.5700
-1.3602138971e-001 6.5341940744e-001 -5.4355600130e+000
106 9 21
2 6 284 -13.8700 76.3700 7 285 23.5400 22.9100
-9.8392555190e-001 5.2491325517e-001 -4.6242330010e+000
255 254 254
2 6 281 -137.4800 70.8400 7 277 -80.3100 8.8500
-9.9410303465e-001 8.1487022560e-001 -4.5863835937e+000
224 166 176
2 6 296 -140.0200 113.4000 7 295 -80.4300 48.0300
-1.0282192247e+000 8.1240581329e-001 -4.5896192371e+000
227 167 179
2 6 427 -144.8000 112.9700 7 420 -85.1200 47.8800
-1.1396446549e+000 8.1049425723e-001 -4.6015404489e+000
133 74 96
2 6 621 -160.5600 112.1700 7 421 -100.0800 48.4700
4.0786124482e-001 1.1912236484e+000 -5.5684894754e+000
161 21 32
2 6 301 50.6900 138.3900 7 301 85.6600 80.4200
1.5853705579e+000 1.3300160158e+000 -5.3184411559e+000
69 31 28
2 6 220 198.3700 161.6700 7 218 225.5300 90.8900
1.5853705579e+000 1.3300160158e+000 -5.3184411559e+000
69 31 28
2 6 221 198.3700 161.6700 7 219 225.5300 90.8900
2.7611872867e+000 -2.9229347034e+000 -9.8955366981e+000
59 47 61
2 6 332 182.6200 -192.8900 7 334 163.5400 -201.2600
2.3709167785e+000 -2.2934550371e+000 -1.0876330112e+001
121 117 134
2 6 509 142.7700 -138.2400 7 504 127.0100 -145.6700
9.0324693944e-001 -1.4590253279e-002 -5.6699352134e+000
173 134 153
2 6 380 108.0300 -4.3600 7 376 129.1000 -54.1500
2.1666480438e+000 6.3491487703e-001 -6.3681261391e+000
111 64 25
2 6 403 225.1300 63.6500 7 397 234.4000 12.2900
-9.6516568543e-001 4.5670490077e-001 -4.6250308289e+000
165 216 253
2 6 402 -134.6900 61.1200 7 573 -78.2300 -0.4900
-1.0922032592e+000 4.7518009997e-001 -4.6344538512e+000
168 157 198
2 6 597 -152.6200 63.4900 7 882 -95.1300 2.9000
-7.1114302856e-001 6.6332037356e-001 -4.5907791109e+000
170 104 126
2 6 416 -99.1700 91.5100 7 407 -42.6600 25.7000
-1.0198275191e+000 7.7910816439e-001 -4.5755003174e+000
174 107 127
2 6 424 -144.2600 108.2900 7 592 -84.0400 43.5300
-1.0198275191e+000 7.7910816439e-001 -4.5755003174e+000
174 107 127
2 6 425 -144.2600 108.2900 7 593 -84.0400 43.5300
1.7148493354e+000 1.4598902823e+000 -5.4891654994e+000
69 30 30
2 6 308 207.4000 172.1400 7 308 232.5700 102.9200
3.0292964507e+000 -3.0691053039e+000 -9.1604546604e+000
56 47 63
2 6 676 215.9600 -218.4400 7 650 195.3000 -228.2500
2.5768085009e+000 -2.9685213746e+000 -1.0266350121e+001
103 99 121
2 6 482 164.3700 -188.9100 7 689 145.7200 -195.7800
2.3413230466e+000 -3.0971365445e+000 -1.1099104642e+001
108 101 118
2 6 485 138.0000 -182.4600 7 707 119.4700 -186.1400
1.7995124883e+000 -3.4556770444e+000 -1.2525803872e+001
97 90 106
2 6 486 93.8900 -180.3500 7 489 74.5900 -179.1000
2.6884913568e+000 -2.6475966970e+000 -1.0137208647e+001
119 113 129
2 6 493 173.5700 -170.8800 7 713 155.9600 -179.5600
2.4597330609e+000 -2.6263043060e+000 -1.0668765381e+001
64 53 67
2 6 753 150.9400 -161.1800 7 735 133.9300 -168.0300
2.3903256468e+000 -2.4350555366e+000 -1.1064673587e+001
73 53 61
2 6 504 141.5800 -144.0300 7 748 124.7300 -150.7400
2.3326975618e+000 -2.4305487923e+000 -1.1084065661e+001
124 120 134
2 6 505 137.8000 -143.6800 7 498 121.4700 -149.9600
2.3326975618e+000 -2.4305487923e+000 -1.1084065661e+001
124 120 134
2 6 506 137.8000 -143.6800 7 497 121.4700 -149.9600
2.5382965363e+000 -5.8705862463e-001 -5.5399878375e+000
240 183 194
2 6 537 302.5600 -71.4400 7 775 300.5200 -123.4800
2.5572686314e+000 -5.5147485408e-001 -5.4818079461e+000
243 196 214
2 6 538 307.9800 -67.9600 7 779 306.0100 -121.2400
2.5713491986e+000 -4.6573984268e-001 -5.4703180854e+000
234 171 187
2 6 541 310.3000 -57.8500 7 784 308.8300 -112.4200
2.2466902428e+000 -5.9717445053e-001 -6.2691268890e+000
177 147 41
2 6 807 237.2500 -64.3000 7 788 237.7000 -106.8100
2.5686531132e+000 -4.0975676333e-001 -5.4275370709e+000
237 187 201
2 6 355 312.4100 -51.6000 7 528 311.5200 -107.4000
9.5168731637e-001 3.7719259637e-002 -5.6314681902e+000
171 124 141
2 6 851 114.4000 1.7200 7 835 135.7400 -49.2400
-5.9025591251e-001 -2.9482497941e-003 -4.7467421027e+000
226 178 187
2 6 379 -79.0300 -4.8600 7 828 -30.5200 -61.1300
-5.4023204639e-001 1.2190839364e-001 -4.6688862450e+000
157 101 112
2 6 576 -73.0800 13.0200 7 840 -23.2000 -46.7300
-5.4023204639e-001 1.2190839364e-001 -4.6688862450e+000
157 101 112
2 6 575 -73.0800 13.0200 7 841 -23.2000 -46.7300
-1.0004120227e+000 1.1794400041e-001 -4.6429000731e+000
215 151 168
2 6 574 -139.1800 12.3200 7 844 -84.6100 -45.1900
-5.4741528483e-001 2.8727125042e-001 -4.6177700536e+000
157 99 111
2 6 584 -74.9300 37.0000 7 861 -23.0000 -25.6100
6.9604328297e-002 6.4739414018e-001 -5.3902726122e+000
233 218 229
2 6 606 11.2800 76.3100 7 907 47.6200 21.0100
9.9236672832e-002 6.6627960772e-001 -5.3877892453e+000
229 219 231
2 6 607 14.9400 78.6900 7 909 51.1400 23.0000
-9.6720841149e-001 6.8987794054e-001 -4.5949902054e+000
241 217 230
2 6 615 -136.0600 95.0200 7 924 -77.2200 31.0200
3.5037344726e-001 9.9629530445e-001 -5.5609771143e+000
203 132 150
2 6 944 44.0700 115.4900 7 956 78.2500 58.9400
-9.7469011258e-001 7.8316618219e-001 -4.5805026937e+000
178 107 123
2 6 620 -137.5100 108.8700 7 591 -77.8800 43.7000
-1.0583706283e+000 7.9454984873e-001 -4.5793131004e+000
232 172 179
2 6 939 -149.9000 110.2100 7 944 -88.9800 46.0800
4.0698576490e-001 1.1107942988e+000 -5.5668032601e+000
151 23 55
2 6 625 50.6300 128.9000 7 604 85.1300 71.4400
2.7776806125e+000 -3.3542882597e+000 -9.7886568228e+000
111 102 121
2 6 663 185.4800 -223.4100 7 649 164.8300 -229.7500
2.4706054593e+000 -3.6826062125e+000 -1.0686426228e+001
100 95 113
2 6 659 151.1500 -224.7100 7 656 130.3400 -227.1100
2.5628184681e+000 -3.5181732305e+000 -1.0436634488e+001
114 111 129
2 6 673 160.5800 -219.8500 7 660 140.0400 -223.6700
2.5898569017e+000 -3.1853967577e+000 -1.0360489662e+001
117 106 126
2 6 700 163.5300 -200.7800 7 678 144.1600 -206.2900
2.4930396242e+000 -2.9626453342e+000 -1.0580046041e+001
57 46 60
2 6 720 154.2200 -183.0900 7 699 135.9300 -188.8600
2.1345432965e+000 -2.2373247899e+000 -1.1382444982e+001
107 92 111
2 6 771 122.9100 -128.8300 7 760 107.3300 -134.7700
1.9542678882e+000 -2.4249664103e+000 -1.2125506596e+001
97 86 99
2 6 769 105.4300 -131.0700 7 761 89.0900 -134.0200
2.2254306699e+000 -8.1549265123e-001 -6.2923336286e+000
215 192 85
2 6 798 234.1800 -86.7600 7 770 233.2600 -126.9300
2.5490077976e+000 -4.9315608268e-001 -5.5024427994e+000
234 189 195
2 6 809 305.8500 -60.8100 7 783 304.5400 -114.4700
-1.5513364578e-001 6.2215875028e-001 -5.3841490983e+000
209 176 193
2 6 900 -16.4700 73.1100 7 905 21.9100 19.4200
1.5764928321e+000 1.1133170876e+000 -5.2604742082e+000
159 96 109
2 6 627 199.9600 136.6100 7 960 225.4200 66.1800
5.3555798593e-001 1.0456360147e+000 -5.5789191092e+000
212 136 155
2 6 949 65.7600 120.9300 7 958 98.6100 63.3400
-7.0821920896e-002 5.6263577557e-001 -5.4715447786e+000
243 238 244
2 6 26 -5.8100 64.9600 7 26 29.9300 12.2700
2.0022930889e+000 8.6763429323e-001 -6.2903747865e+000
193 133 142
2 6 29 210.3700 88.3500 7 27 224.1500 35.7400
2.1273053910e+000 -6.2763269659e-001 -6.3993442262e+000
219 186 70
2 6 44 220.6900 -65.8500 7 48 220.9800 -106.9700
-1.2355674748e-001 3.3894037763e-001 -5.5602407217e+000
235 234 243
2 6 49 -12.2800 36.9800 7 81 22.0800 -11.7900
-3.5813541669e-002 1.5703473774e+000 -5.9043024873e+000
161 16 26
2 6 61 -1.4300 173.2500 7 64 33.4700 120.4700
-1.0473534616e-001 2.2044413141e-001 -5.7248443524e+000
198 31 51
2 6 72 -9.8500 22.1800 7 143 21.8300 -23.3500
1.3279511840e+000 2.3273034733e-001 -5.5840509116e+000
188 119 130
2 6 73 160.0900 25.2900 7 79 178.1400 -30.7300
1.4206533169e+000 3.5548578290e-001 -5.7290530010e+000
65 8 8
2 6 75 166.2800 38.6800 7 80 183.6900 -16.3900
1.2578744238e+000 1.2943222260e+000 -5.4004194229e+000
184 138 151
2 6 85 155.8700 155.1400 7 89 185.3700 88.1200
-2.9904428822e+000 3.2307581514e+000 -1.1777152355e+001
24 22 27
2 6 86 -167.2900 177.5200 7 126 -161.1400 181.1900
-2.9904428822e+000 3.2307581514e+000 -1.1777152355e+001
24 22 27
2 6 87 -167.2900 177.5200 7 127 -161.1400 181.1900
-1.3251362449e+000 -2.9355822034e+000 -1.2545282831e+001
63 59 70
2 6 92 -68.4900 -153.3200 7 68 -81.2800 -149.2700
-1.6490438014e-001 7.4380490600e-001 -5.4313299074e+000
193 32 49
2 6 108 -17.5500 87.3300 7 113 20.9400 33.5300
2.3688350186e+000 -1.1575875967e+000 -5.9740100677e+000
202 197 105
2 6 129 262.0300 -128.7200 7 130 257.7300 -168.6600
1.1671294297e+000 1.4636960547e-001 -5.5763719964e+000
189 123 137
2 6 138 141.0900 14.7900 7 140 161.0400 -39.2400
2.4343533345e-001 5.5264855413e-001 -5.4152889002e+000
230 208 219
2 6 146 32.6400 64.5400 7 205 66.2500 9.1900
-1.5349184314e-001 6.0482659808e-001 -5.4907183004e+000
221 208 222
2 6 150 -15.6700 69.9000 7 209 20.4800 17.4600
-1.6492634513e-001 7.3814668436e-001 -5.4132987731e+000
195 34 51
2 6 153 -17.5200 87.0000 7 154 21.0100 32.8000
1.1871139069e+000 1.3704761841e+000 -5.9828519624e+000
157 20 30
2 6 161 132.4700 148.4200 7 118 158.1100 91.7400
1.5682795840e+000 1.4861562951e+000 -5.4481452159e+000
168 118 129
2 6 163 191.5700 176.7500 7 163 218.6300 107.2600
8.4636668845e-001 -5.0494309962e+000 -1.4724873627e+001
42 42 51
2 6 170 37.3000 -223.5900 7 179 14.2800 -213.7900
2.4176287340e+000 -3.7002229588e+000 -1.0827453098e+001
38 34 49
2 6 172 146.0200 -222.8500 7 175 125.2300 -224.8800
2.4176287340e+000 -3.7002229588e+000 -1.0827453098e+001
38 34 49
2 6 173 146.0200 -222.8500 7 176 125.2300 -224.8800
3.0407841025e+000 -2.9735674022e+000 -9.1356998256e+000
60 49 64
2 6 174 217.3900 -212.3100 7 177 197.1000 -222.7500
2.4602404598e+000 -2.0859411401e+000 -8.2768116064e+000
188 174 148
2 6 177 195.3900 -165.5900 7 182 182.8700 -183.3700
4.8465827002e-001 -3.3097011735e+000 -1.3103701725e+001
105 81 64
2 6 178 24.1400 -165.5800 7 183 7.6400 -161.5000
2.5704162068e+000 -3.5140568755e-001 -5.4278963687e+000
224 181 193
2 6 186 312.7800 -44.4500 7 189 311.9800 -101.2200
2.5704162068e+000 -3.5140568755e-001 -5.4278963687e+000
224 181 193
2 6 187 312.7800 -44.4500 7 190 311.9800 -101.2200
2.7128648647e+000 -3.2546607857e+000 -9.9926070234e+000
53 42 51
2 6 233 177.5300 -212.5200 7 231 157.5200 -218.7800
2.7128648647e+000 -3.2546607857e+000 -9.9926070234e+000
53 42 51
2 6 234 177.5300 -212.5200 7 232 157.5200 -218.7800
1.7809142743e+000 -3.7622896801e+000 -1.2539640740e+001
10 10 12
2 6 235 92.8200 -195.9600 7 337 72.6700 -193.7500
1.7809142743e+000 -3.7622896801e+000 -1.2539640740e+001
10 10 12
2 6 236 92.8200 -195.9600 7 338 72.6700 -193.7500
2.3469807460e+000 -1.9810627679e+000 -8.5621965421e+000
178 170 140
2 6 241 180.2700 -152.2000 7 236 168.6500 -169.1200
1.5670790877e+000 -2.6457684290e+000 -1.2504217872e+001
110 83 65
2 6 244 82.0000 -138.6500 7 239 65.5000 -139.4700
1.4277243452e+000 -2.5877014582e+000 -1.2490882486e+001
18 29 45
2 6 245 74.8600 -135.7700 7 240 58.7800 -136.6200
2.1019345051e+000 -2.1973578061e+000 -1.1581533421e+001
54 40 42
2 6 248 118.8900 -124.3800 7 243 103.3500 -129.8000
2.5321394194e+000 -5.9055866878e-001 -5.4680826564e+000
225 192 209
2 6 255 305.7600 -72.8600 7 355 303.9200 -125.6600
5.3264687635e-001 1.5662204561e-001 -5.6955800758e+000
211 42 80
2 6 271 64.4500 15.3400 7 380 90.1700 -33.7200
-1.0154945590e+000 6.3221337126e-001 -4.6060591919e+000
179 225 255
2 6 288 -142.3500 86.7600 7 288 -84.3800 23.2300
-9.2375351052e-001 8.0082022610e-001 -4.5677219594e+000
225 165 176
2 6 295 -130.6700 111.6300 7 293 -70.7200 45.9400
-1.0743818452e+000 8.3108683127e-001 -4.5805006691e+000
152 97 120
2 6 297 -152.0100 115.6000 7 296 -91.1300 51.0200
1.7148493354e+000 1.4598902823e+000 -5.4891654994e+000
69 30 30
2 6 307 207.4000 172.1400 7 307 232.5700 102.9200
5.8404526287e-001 1.7738868300e+000 -5.9029090096e+000
69 1 0
2 6 314 67.0300 195.3800 7 319 100.5200 138.8200
2.3635857797e+000 -3.9751669357e+000 -1.0973480705e+001
84 79 97
2 6 318 140.6700 -236.1600 7 459 119.3700 -236.4100
2.5842948885e+000 -3.3846545084e+000 -1.0487166691e+001
98 89 106
2 6 327 160.9800 -210.7600 7 331 141.1800 -214.7700
2.9050962237e+000 -2.9226062508e+000 -9.4295240539e+000
56 43 54
2 6 329 201.4100 -202.3600 7 332 182.0100 -212.0600
2.7611872867e+000 -2.9229347034e+000 -9.8955366981e+000
59 47 61
2 6 331 182.6200 -192.8900 7 333 163.5400 -201.2600
2.5635589925e+000 -3.0405181552e+000 -1.0474320939e+001
59 52 64
2 6 333 160.2200 -189.6200 7 335 141.2600 -195.6000
2.5635589925e+000 -3.0405181552e+000 -1.0474320939e+001
59 52 64
2 6 334 160.2200 -189.6200 7 336 141.2600 -195.6000
1.6263972759e+000 -3.3097996080e+000 -1.3144635520e+001
81 74 84
2 6 336 80.8300 -164.6200 7 349 61.6100 -162.5500
1.6922697460e+000 -2.8291928859e+000 -1.2700834167e+001
47 38 45
2 6 340 87.1900 -145.7600 7 502 69.4700 -146.0400
2.0159594699e+000 -2.3614649344e+000 -1.1755689570e+001
52 42 42
2 6 343 112.1600 -131.7900 7 511 96.4900 -135.7700
1.9286879040e+000 -1.1633565236e+000 -6.8508082085e+000
203 182 70
2 6 346 186.6000 -113.1100 7 505 185.2800 -144.2900
2.5403838797e+000 -5.9402129154e-001 -5.4828160431e+000
228 196 213
2 6 351 305.8900 -73.0700 7 354 303.9200 -125.6600
2.5761762185e+000 -3.4763683285e-001 -5.4054029959e+000
245 190 207
2 6 359 314.6300 -44.2700 7 530 314.0700 -101.2500
5.1827357779e-001 -2.5770486665e-001 -5.6868629397e+000
123 6 14
2 6 362 62.8900 -32.9700 7 365 86.4400 -78.1600
5.1827357779e-001 -2.5770486665e-001 -5.6868629397e+000
123 6 14
2 6 363 62.8900 -32.9700 7 366 86.4400 -78.1600
2.1657340097e+000 -2.6058010895e-001 -6.2115046983e+000
114 69 10
2 6 365 231.1500 -29.3600 7 543 234.6700 -75.4600
-9.6641825918e-001 -1.6504011290e-001 -5.0220530258e+000
35 44 92
2 6 366 -123.8900 -25.6400 7 368 -78.9400 -74.5700
-6.1265350217e-001 -5.8193263003e-002 -4.7864018043e+000
229 178 190
2 6 376 -81.2200 -12.2400 7 547 -34.0900 -67.5800
1.1976164614e+000 2.1371505968e-001 -5.6158590204e+000
173 95 107
2 6 392 143.7400 22.7300 7 381 163.2700 -31.7000
4.5839441798e-001 2.5700258259e-001 -5.6745459052e+000
124 4 14
2 6 393 56.0700 27.1200 7 383 83.2000 -22.8000
2.1378659565e+000 3.1287399107e-001 -6.4492221812e+000
84 49 7
2 6 395 219.5900 30.1500 7 386 226.4700 -17.7900
-4.5023891224e-001 4.6026679221e-001 -4.6542732102e+000
207 155 168
2 6 401 -60.7700 61.2600 7 571 -8.9000 -2.6100
2.2029736014e+000 6.5950517549e-001 -6.3256601424e+000
176 139 90
2 6 404 230.3300 66.5900 7 398 239.6800 14.3700
3.4158713465e-001 5.9929577203e-001 -5.4674024822e+000
154 28 45
2 6 405 43.7900 69.2900 7 579 76.9900 14.5000
-6.8413972964e-001 6.1174643720e-001 -4.6090048770e+000
189 126 143
2 6 408 -94.9600 83.6700 7 400 -39.2400 18.6900
-6.8413972964e-001 6.1174643720e-001 -4.6090048770e+000
189 126 143
2 6 409 -94.9600 83.6700 7 401 -39.2400 18.6900
-8.5503735733e-001 6.2518158331e-001 -4.6373169044e+000
247 228 240
2 6 411 -118.8600 84.9300 7 403 -62.0900 21.7100
2.6310665514e-001 7.3371571840e-001 -5.3363510427e+000
219 197 209
2 6 412 35.3800 87.8200 7 584 71.3000 29.8300
4.1576164580e-001 7.5148016704e-001 -5.3952260470e+000
246 224 228
2 6 414 53.3600 88.8200 7 410 87.9300 31.3300
4.1576164580e-001 7.5148016704e-001 -5.3952260470e+000
246 224 228
2 6 415 53.3600 88.8200 7 411 87.9300 31.3300
-7.1114302856e-001 6.6332037356e-001 -4.5907791109e+000
170 104 126
2 6 417 -99.1700 91.5100 7 408 -42.6600 25.7000
-4.4221462683e-002 8.5173095259e-001 -5.5142220731e+000
175 25 37
2 6 419 -2.8300 99.0400 7 416 34.2100 45.0700
-7.9954129831e-001 7.2714227373e-001 -4.5742863637e+000
233 177 193
2 6 421 -112.3700 101.0100 7 413 -54.2900 34.9400
4.8054367594e-001 9.0755705246e-001 -5.5782699060e+000
127 24 35
2 6 422 59.5900 104.8200 7 418 91.4500 48.0700
-1.1168732784e+000 7.8253253875e-001 -4.5937729357e+000
229 167 180
2 6 426 -157.5200 108.3900 7 415 -97.2600 44.4900
4.0256891578e-001 1.1928355786e+000 -5.5655488062e+000
155 24 37
2 6 432 50.1600 138.7100 7 430 85.0700 80.6000
1.2162925625e+000 1.1648560235e+000 -5.2182461236e+000
184 132 143
2 6 433 156.3300 144.2500 7 429 187.0600 74.8500
1.5215789149e+000 1.6470813693e+000 -5.5611371985e+000
98 65 48
2 6 443 181.6900 191.9200 7 441 210.1200 124.2500
2.8596096855e+000 -3.1945585651e+000 -9.6234284182e+000
52 45 57
2 6 465 194.2200 -216.4900 7 658 173.8300 -224.2000
2.4803329193e+000 -3.4768111132e+000 -1.0671726537e+001
105 97 118
2 6 466 151.9900 -212.6200 7 478 131.8900 -215.9400
2.8571061412e+000 -3.0311745936e+000 -9.5536262859e+000
118 111 128
2 6 468 195.5200 -207.0900 7 671 175.8700 -215.8000
2.2102177031e+000 -3.5793105833e+000 -1.1361997902e+001
85 77 96
2 6 469 127.1700 -205.7500 7 480 107.3900 -206.7500
2.1479371997e+000 -3.5153772897e+000 -1.1490842590e+001
39 35 49
2 6 471 122.3000 -199.8000 7 482 102.6500 -200.8700
2.8400731937e+000 -2.8180672151e+000 -9.6838631841e+000
57 41 47
2 6 479 191.8500 -190.1200 7 483 173.0500 -199.6100
2.8400731937e+000 -2.8180672151e+000 -9.6838631841e+000
57 41 47
2 6 480 191.8500 -190.1200 7 484 173.0500 -199.6100
2.4532830403e+000 -2.9460524790e+000 -1.0812023770e+001
57 46 55
2 6 488 148.4600 -178.2100 7 710 130.2600 -183.3600
1.6749522246e+000 -3.5217478608e+000 -1.2920824779e+001
88 85 103
2 6 489 84.7200 -178.1100 7 491 65.0500 -175.9100
2.4981239533e+000 -2.1904993649e+000 -8.2315923313e+000
187 177 143
2 6 492 199.3700 -174.7300 7 485 186.2200 -192.0400
1.7374454469e+000 -3.1355782322e+000 -1.2713796060e+001
54 48 60
2 6 498 89.3100 -161.3500 7 494 70.8300 -160.6300
2.3475144974e+000 -2.0583419866e+000 -8.5135725706e+000
113 98 80
2 6 501 181.4100 -158.9000 7 490 169.3300 -175.7000
2.1576922518e+000 -2.4494204028e+000 -1.1541925343e+001
63 47 56
2 6 507 122.2000 -139.2300 7 507 106.2400 -143.5900
2.0060093007e+000 -2.2825200979e+000 -1.1963459861e+001
61 47 49
2 6 515 109.7400 -125.0700 7 518 93.8300 -128.9800
1.8403600425e+000 -2.1763809569e+000 -1.2357935197e+001
62 47 49
2 6 519 97.3700 -115.5200 7 781 81.8000 -118.3800
2.2305041389e+000 -8.6145928486e-001 -6.3271853215e+000
214 191 78
2 6 528 233.2600 -91.1200 7 516 232.1800 -130.3400
2.1831170168e+000 -8.6922864777e-001 -6.3831944540e+000
216 192 86
2 6 529 226.5100 -91.0500 7 517 225.4900 -129.7100
2.5408740176e+000 -6.1950242967e-001 -5.5495165261e+000
221 70 104
2 6 535 302.3400 -75.1200 7 772 299.9700 -126.6700
2.5428909371e+000 -5.3492007422e-001 -5.5228144834e+000
240 180 193
2 6 540 304.0700 -65.4800 7 780 302.3500 -118.4300
2.0845820523e+000 -5.4371460471e-001 -6.5469219480e+000
228 191 78
2 6 542 211.3600 -56.0000 7 792 212.3500 -96.1600
2.2803682055e+000 -4.5590794589e-001 -6.1782212069e+000
229 196 57
2 6 547 244.3700 -50.2200 7 533 245.5100 -95.2500
2.2803682055e+000 -4.5590794589e-001 -6.1782212069e+000
229 196 57
2 6 548 244.3700 -50.2200 7 534 245.5100 -95.2500
2.2261870260e+000 -3.3910514674e-001 -6.2225883355e+000
98 62 2
2 6 554 236.9700 -37.5900 7 808 239.4100 -83.0000
2.1994307267e+000 -2.9898024674e-001 -6.2255427639e+000
121 76 14
2 6 556 234.1000 -33.3400 7 811 237.0300 -79.0200
2.5799364747e+000 -2.3120114478e-001 -5.4189614768e+000
240 192 195
2 6 557 314.3500 -30.0700 7 541 314.6000 -88.3900
-5.8013566271e-001 4.0263571018e-002 -4.7050951274e+000
218 170 181
2 6 569 -78.1200 1.3800 7 832 -29.0600 -56.5600
-5.1323537806e-001 2.1841947343e-001 -4.6536470768e+000
225 164 172
2 6 581 -69.4400 26.9200 7 558 -19.0400 -34.4700
2.1693074241e+000 3.2723430457e-001 -6.4317818221e+000
176 139 48
2 6 582 223.2500 31.6200 7 567 230.2300 -16.6200
-4.1504073691e-001 5.0837554362e-001 -4.7223402936e+000
220 191 199
2 6 599 -54.8200 67.3200 7 577 -4.6100 3.8400
-1.1114768848e+000 5.2040797870e-001 -4.6358273435e+000
173 160 196
2 6 601 -155.4500 69.8100 7 578 -97.3400 9.2200
3.4814309280e-001 6.9121457918e-001 -5.4055301783e+000
243 214 219
2 6 608 45.2200 81.4400 7 582 79.4300 24.6400
1.2259742735e-001 7.4161060395e-001 -5.4358094866e+000
71 6 13
2 6 611 17.5800 87.1600 7 586 53.4900 31.6000
-1.0578647103e+000 6.6570327352e-001 -4.6052079828e+000
242 226 244
2 6 613 -148.6100 91.4200 7 919 -89.8000 28.1800
-9.7943605035e-001 7.5556656779e-001 -4.5735664745e+000
228 165 173
2 6 617 -138.4700 104.9700 7 588 -78.6700 40.0400
-1.0365897877e+000 8.4361055816e-001 -4.5938673798e+000
157 100 122
2 6 624 -146.0100 117.2200 7 597 -85.8900 52.3100
5.1863010426e-002 1.5618534700e+000 -5.8620623273e+000
108 2 1
2 6 629 7.7300 172.9700 7 610 44.0700 120.1700
-3.8070118379e+000 3.9468449147e+000 -1.1336268264e+001
147 93 86
2 6 638 -219.2900 225.4000 7 1040 -212.5700 230.5300
2.2370665563e+000 -4.0117570675e+000 -1.1303178907e+001
51 45 59
2 6 649 129.3400 -231.3900 7 645 108.0500 -230.9200
2.2794979946e+000 -3.9573685683e+000 -1.1194171373e+001
89 87 105
2 6 650 132.9800 -230.5900 7 647 111.9900 -230.3700
1.0011694261e+000 -5.1708951851e+000 -1.4630362652e+001
49 48 57
2 6 651 44.4100 -230.3700 7 666 20.9900 -220.4800
2.6121841830e+000 -3.6011352754e+000 -1.0349772736e+001
111 107 131
2 6 656 164.9600 -226.8300 7 646 144.0100 -230.4600
2.2693916446e+000 -3.8400275136e+000 -1.1155744439e+001
88 85 102
2 6 660 132.9600 -224.5500 7 657 112.2500 -225.0100
2.7252079635e+000 -3.4103262658e+000 -1.0018449772e+001
59 54 71
2 6 669 177.7700 -221.9900 7 653 157.1800 -227.3700
2.4374015471e+000 -3.5701128425e+000 -1.0910809295e+001
99 95 118
2 6 680 146.0300 -213.5300 7 672 125.6900 -215.8600
2.3668940802e+000 -3.5896830798e+000 -1.1073661897e+001
56 46 58
2 6 684 139.7500 -211.5600 7 674 119.4700 -213.4200
2.6465809494e+000 -3.3086762438e+000 -1.0258265747e+001
63 47 57
2 6 687 168.7500 -210.4400 7 673 148.6500 -215.7900
2.4063306734e+000 -3.3549231098e+000 -1.0813314635e+001
53 46 61
2 6 698 145.5500 -202.6500 7 679 126.1300 -206.0200
2.5649941451e+000 -3.2207126202e+000 -1.0448986886e+001
68 58 74
2 6 699 160.5300 -201.3300 7 677 141.2000 -206.3300
2.1937719839e+000 -3.4854186483e+000 -1.1461023474e+001
88 81 97
2 6 703 125.2000 -198.6300 7 685 105.5600 -199.9000
1.6588497408e+000 -3.9269807927e+000 -1.2936909695e+001
36 26 32
2 6 705 83.7200 -198.2300 7 692 63.1400 -194.6700
2.5552967772e+000 -3.1479915969e+000 -1.0513940033e+001
101 93 110
2 6 708 158.9400 -195.6400 7 684 139.8900 -200.7800
2.0140494101e+000 -3.5686023665e+000 -1.1976666273e+001
52 47 68
2 6 709 109.9400 -194.6600 7 690 90.2300 -194.3500
2.0140494101e+000 -3.5686023665e+000 -1.1976666273e+001
52 47 68
2 6 710 109.9400 -194.6600 7 691 90.2300 -194.3500
2.7094623489e+000 -2.8808996775e+000 -1.0016642781e+001
46 34 46
2 6 715 177.0200 -187.9400 7 688 158.4000 -195.9900
2.1382167304e+000 -3.3490880003e+000 -1.1688474447e+001
90 78 86
2 6 716 119.6400 -187.2600 7 702 100.4400 -188.4700
2.1382167304e+000 -3.3490880003e+000 -1.1688474447e+001
90 78 86
2 6 717 119.6400 -187.2600 7 703 100.4400 -188.4700
2.0166057769e+000 -3.2146432655e+000 -1.1931036150e+001
57 49 60
2 6 728 110.5300 -176.2200 7 720 91.9300 -177.1700
2.0151971476e+000 -3.1320910098e+000 -1.1890956179e+001
89 85 99
2 6 735 110.8700 -172.2900 7 723 92.5000 -173.6500
2.0151971476e+000 -3.1320910098e+000 -1.1890956179e+001
89 85 99
2 6 736 110.8700 -172.2900 7 724 92.5000 -173.6500
2.0862751448e+000 -2.9478806032e+000 -1.1738738361e+001
66 59 74
2 6 747 116.2800 -164.3400 7 739 98.4300 -166.7400
2.0862751448e+000 -2.9478806032e+000 -1.1738738361e+001
66 59 74
2 6 748 116.2800 -164.3400 7 740 98.4300 -166.7400
2.5482038363e+000 -2.6000953964e+000 -1.0460413608e+001
106 99 115
2 6 749 159.5400 -162.6700 7 729 142.3200 -170.4900
2.5482038363e+000 -2.6000953964e+000 -1.0460413608e+001
106 99 115
2 6 750 159.5400 -162.6700 7 730 142.3200 -170.4900
2.4597330609e+000 -2.6263043060e+000 -1.0668765381e+001
64 53 67
2 6 752 150.9400 -161.1800 7 734 133.9300 -168.0300
2.4597330609e+000 -2.6263043060e+000 -1.0668765381e+001
64 53 67
2 6 754 150.9400 -161.1800 7 736 133.9300 -168.0300
1.2941932564e+000 -3.0875150709e+000 -1.3989467308e+001
74 67 78
2 6 761 60.2200 -144.4400 7 752 41.5100 -140.8100
2.3672458460e+000 -1.1533638899e+000 -5.9699131004e+000
197 196 106
2 6 773 262.0800 -128.3200 7 733 257.7500 -168.4000
2.3847109497e+000 -2.0823236820e+000 -1.0906725638e+001
71 60 79
2 6 776 143.1900 -125.2600 7 764 128.1000 -133.3900
2.2361455843e+000 -2.0617126355e+000 -1.1139154769e+001
91 79 87
2 6 778 131.5600 -121.4000 7 767 116.6000 -128.7600
2.2361455843e+000 -2.0617126355e+000 -1.1139154769e+001
91 79 87
2 6 779 131.5600 -121.4000 7 768 116.6000 -128.7600
2.0672357241e+000 -2.0773304842e+000 -1.1677989421e+001
62 50 55
2 6 786 115.9900 -116.6200 7 778 100.7300 -122.1600
2.5521589116e+000 -6.8575410836e-001 -5.4515340564e+000
247 138 75
2 6 800 309.1300 -84.3600 7 756 305.9300 -136.4200
2.5830079996e+000 -2.8917251249e-001 -5.3891072206e+000
234 190 210
2 6 825 316.3100 -37.3700 7 793 316.3400 -95.2300
2.5888794432e+000 -1.9059775119e-001 -5.4110475645e+000
237 193 207
2 6 834 315.8100 -25.2400 7 807 316.4000 -84.1400
-5.6454005614e-001 2.6735567912e-001 -4.6242676846e+000
216 162 175
2 6 865 -77.3900 33.9700 7 858 -25.3100 -27.9700
-8.5433720483e-001 4.9983312563e-001 -4.6153690903e+000
181 161 192
2 6 894 -119.1400 67.4600 7 885 -63.0000 4.6200
-4.4503217433e-002 6.1692635033e-001 -5.3868804869e+000
194 171 186
2 6 899 -2.6600 72.6400 7 903 34.3400 18.0500
-1.0631374863e+000 5.4685064464e-001 -4.6077444472e+000
147 197 227
2 6 904 -149.4700 74.0700 7 898 -90.9400 12.3400
3.4821627371e-002 6.3171508335e-001 -5.3854948830e+000
239 225 235
2 6 905 6.9300 74.3600 7 904 43.7200 19.4600
-9.2846647168e-001 6.7943940875e-001 -4.5968936270e+000
235 199 216
2 6 919 -130.4100 93.5200 7 921 -72.0100 29.3400
5.0391695002e-001 9.2006092780e-001 -5.5386714857e+000
204 160 177
2 6 933 62.7600 107.0100 7 947 95.0700 49.4700
-8.2285004475e-001 7.8275539560e-001 -4.5770021842e+000
146 87 107
2 6 936 -115.6800 108.9900 7 939 -57.1300 42.6600
3.5037344726e-001 9.9629530445e-001 -5.5609771143e+000
203 132 150
2 6 943 44.0700 115.4900 7 955 78.2500 58.9400
-9.3268565105e-001 8.6217238274e-001 -4.5944805822e+000
216 161 173
2 6 948 -131.1300 119.8800 7 950 -71.4900 54.2200
3.6056160478e-001 1.1516202994e+000 -5.5823156426e+000
229 192 212
2 6 954 44.8600 133.2700 7 967 80.0500 76.2700
-3.8160581814e+000 3.5083411621e+000 -1.1321912495e+001
144 79 71
2 6 973 -220.4800 200.4700 7 1002 -214.1100 205.3900
-5.1405618868e+000 3.5231980646e+000 -1.1045532988e+001
128 72 58
2 6 977 -302.9100 204.9600 7 1018 -297.7700 214.9600
-5.1405618868e+000 3.5231980646e+000 -1.1045532988e+001
128 72 58
2 6 978 -302.9100 204.9600 7 1019 -297.7700 214.9600
-5.2880624945e+000 3.5117992006e+000 -1.0992974185e+001
126 72 64
2 6 979 -312.8800 205.0700 7 636 -307.8900 215.6100
-5.2880624945e+000 3.5117992006e+000 -1.0992974185e+001
126 72 64
2 6 980 -312.8800 205.0700 7 637 -307.8900 215.6100
-3.2461746499e+000 3.6972549140e+000 -1.1460488965e+001
142 89 80
2 6 983 -185.4900 209.2400 7 1011 -178.8100 212.2500
-3.2461746499e+000 3.6972549140e+000 -1.1460488965e+001
142 89 80
2 6 984 -185.4900 209.2400 7 1012 -178.8100 212.2500
-4.7326392785e+000 3.7134700634e+000 -1.1084969028e+001
134 72 65
2 6 998 -278.1800 215.7700 7 1034 -272.0900 224.3200
-4.6837534560e+000 3.7927656709e+000 -1.1041731221e+001
135 75 58
2 6 1007 -276.4600 221.1600 7 1039 -269.7600 229.7400
-3.4209058441e+000 3.9535021884e+000 -1.1413369433e+001
143 85 86
2 6 1008 -196.1600 224.3900 7 1037 -188.8000 228.4700
