# Bundle file v0.3
9 516
0 0 0
0 0 0
0 0 0
0 0 0
0 0 0
0 0 0
0 0 0
0 0 0
0 0 0
0 0 0
0 0 0
0 0 0
0 0 0
0 0 0
0 0 0
0 0 0
0 0 0
0 0 0
0 0 0
0 0 0
6.8674980816e+002 -6.3844968065e-002 -2.2490703149e-002
9.2821964237e-001 -3.3938552064e-001 1.5240001278e-001
1.0556696795e-001 6.3307942867e-001 7.6685464872e-001
-3.5674067723e-001 -6.9572114052e-001 6.2346466126e-001
1.0567025191e+000 4.3929064749e+000 -1.9730726322e+000
6.8157808181e+002 -1.3594648506e-001 -2.4220476396e-002
9.7089181717e-001 9.4626800833e-002 2.2003374268e-001
-8.4531787679e-002 9.9490873035e-001 -5.4872535362e-002
-2.2410590404e-001 3.4675449952e-002 9.7394771777e-001
1.1708609607e+000 -3.2771123997e-001 1.6604298955e-001
6.8113171957e+002 -1.2349005781e-001 -3.4074224916e-002
9.9997508452e-001 3.1347248042e-003 -6.3248589620e-003
-3.1798472216e-003 9.9996947730e-001 -7.1367394288e-003
6.3022941961e-003 7.1566736987e-003 9.9995453052e-001
-8.1073762704e-002 -3.8531685657e-002 1.0302029941e-001
6.8160458353e+002 -1.3747151812e-001 2.2453072121e-002
9.9734378880e-001 5.4571650711e-002 4.8242117239e-002
-5.1832732965e-002 9.9706694947e-001 -5.6310443622e-002
-5.1173574533e-002 5.3660350411e-002 9.9724712688e-001
4.9025422120e-001 -7.1378023037e-001 -2.8864651542e-001
6.7965605044e+002 -1.2663996852e-001 -1.8601372517e-002
-9.2455564578e-001 -3.4189700697e-001 -1.6823582992e-001
2.8918010051e-001 -9.1707283053e-001 2.7450372123e-001
-2.4813650944e-001 2.0514351105e-001 9.4675467390e-001
-3.7877489829e-001 2.3940339084e+000 -4.9422602445e-001
1.8945021384e+000 -1.1255860804e+000 -6.7757543082e+000
203 182 70
4 6 347 186.6000 -113.1100 7 506 185.2800 -144.2900 5 342 138.2400 -120.9400 4 460 241.3400 -146.6200
2.1722384117e+000 -8.6182401208e-001 -6.2329849474e+000
221 195 83
5 6 526 232.6400 -94.3100 7 513 231.1000 -133.6500 5 506 191.1500 -107.3000 8 776 -98.2500 198.0900 4 490 271.5400 -79.1000
2.1722384117e+000 -8.6182401208e-001 -6.2329849474e+000
221 195 83
5 6 525 232.6400 -94.3100 7 512 231.1000 -133.6500 5 505 191.1500 -107.3000 8 777 -98.2500 198.0900 4 491 271.5400 -79.1000
2.1927833146e+000 -8.5238804837e-001 -6.1971094785e+000
177 153 51
5 6 796 235.9500 -93.7400 7 762 234.5900 -133.5800 5 503 194.9600 -107.2700 8 1095 -101.3700 199.5500 4 797 274.4000 -75.1900
2.1881347469e+000 -7.4895706464e-001 -6.2019033202e+000
214 189 76
5 6 533 235.6400 -82.6300 7 524 234.7100 -123.2100 5 349 195.4300 -96.4200 8 769 -104.5700 190.7000 4 495 267.0200 -67.3800
2.1797330588e+000 -7.8953183325e-001 -6.2146199385e+000
215 192 85
5 6 799 234.1800 -86.7600 7 771 233.2600 -126.9300 5 722 193.5500 -100.3200 8 1082 -102.0100 193.3800 4 798 268.2000 -71.7900
2.5154175786e+000 -4.6642650068e-001 -5.4042722823e+000
226 181 185
4 6 184 308.2200 -59.3600 7 187 306.7600 -113.6100 5 170 278.3900 -82.7800 4 173 311.6200 24.9400
2.1513668383e+000 -9.5555441054e-001 -6.2694809561e+000
212 189 70
5 6 348 228.6400 -104.2600 7 351 227.0900 -141.5900 5 344 186.2100 -116.0100 8 542 -92.3200 203.0400 4 325 274.5900 -89.7800
2.2028452676e+000 -6.7624051810e-001 -6.1852916164e+000
215 190 73
5 6 350 237.6400 -74.5900 7 357 237.4500 -116.4200 5 352 198.5300 -89.3100 8 531 -109.1600 186.2400 4 497 264.2700 -60.3700
1.8916725108e+000 -1.0829710382e+000 -6.7674884655e+000
41 28 0
4 6 790 186.9300 -109.1500 7 753 185.5800 -140.7200 5 704 138.6900 -116.9400 4 767 238.5000 -142.4100
1.8916725108e+000 -1.0829710382e+000 -6.7674884655e+000
41 28 0
4 6 791 186.9300 -109.1500 7 754 185.5800 -140.7200 5 705 138.6900 -116.9400 4 768 238.5000 -142.4100
2.5204815768e+000 -3.5262475523e-001 -5.3904145196e+000
234 192 195
4 6 549 309.9200 -45.2700 7 531 309.3300 -101.2900 5 530 281.0800 -69.8400 4 853 304.5800 34.1500
2.5125628321e+000 -4.0205346455e-001 -5.4069216146e+000
240 179 181
4 6 813 308.0100 -51.3500 7 787 307.1300 -106.4500 5 741 278.5100 -75.1800 4 1294 306.5900 29.2000
-8.5313260052e-001 5.0487585644e-001 -4.5794963717e+000
22 27 46
3 6 52 -136.5200 75.6800 7 55 -78.7900 13.0000 5 30 -102.4300 82.8000
-8.5164558751e-001 5.0529125804e-001 -4.5791576988e+000
22 27 46
4 6 53 -136.5200 75.6800 7 56 -78.7900 13.0000 5 31 -102.4300 82.8000 8 77 149.6400 63.8600
-8.5164558751e-001 5.0529125804e-001 -4.5791576988e+000
22 27 46
4 6 54 -136.5200 75.6800 7 57 -78.7900 13.0000 5 32 -102.4300 82.8000 8 76 149.6400 63.8600
-8.1974157842e-001 -2.3472523373e-001 -5.0568105335e+000
23 24 28
3 6 69 -118.7600 -32.0200 7 72 -75.0000 -79.6900 5 44 -112.5200 -31.6400
8.8123824102e-001 5.4167932745e-002 -5.6667089358e+000
210 177 196
3 6 47 101.8400 6.4900 7 51 125.1200 -43.7100 5 46 95.9400 -4.6500
8.4275389989e-002 3.4063493608e-001 -5.5370096902e+000
144 19 27
4 6 51 5.2000 42.7500 7 82 38.7800 -8.4300 5 49 8.8000 40.8200 8 95 43.6400 69.8400
-8.9784506873e-001 6.1797146122e-001 -4.6021574478e+000
201 211 244
4 6 82 -142.6700 92.1100 7 86 -84.0400 29.3100 5 50 -107.6500 101.9400 8 89 152.4300 45.2800
1.0448019834e+000 -7.0347122865e-003 -5.4926057522e+000
173 109 126
3 6 137 125.8900 0.0900 7 102 147.3800 -53.9900 5 67 121.9300 -16.6700
1.0128218582e+000 5.5871368277e-001 -5.5246444520e+000
213 194 208
3 6 77 121.3100 70.0300 7 83 147.1100 11.8300 5 74 123.8500 55.3800
1.0128218582e+000 5.5871368277e-001 -5.5246444520e+000
213 194 208
3 6 78 121.3100 70.0300 7 84 147.1100 11.8300 5 75 123.8500 55.3800
3.8673108405e-001 4.8151699752e-001 -5.4070832985e+000
73 2 3
3 6 104 43.5200 61.2500 7 110 77.2200 6.3200 5 76 52.9600 54.8300
-8.3676547015e-001 3.7965484733e-001 -4.6341580608e+000
190 201 238
3 6 76 -132.4400 56.2900 7 109 -77.1900 -4.1700 5 77 -102.1300 61.2400
4.7692321732e-001 9.7658961499e-001 -5.5699845857e+000
163 18 29
3 6 112 53.8700 121.3600 7 114 87.7000 64.2300 5 111 63.6800 115.4300
2.3263131818e+000 -1.1143052704e+000 -5.8837246655e+000
202 197 105
3 6 130 262.0300 -128.7200 7 131 257.7300 -168.6600 5 116 220.9600 -142.5300
2.8548069399e-002 4.3876589290e-001 -5.5040959447e+000
224 55 95
3 6 142 -1.9600 55.0100 7 202 32.6700 3.5800 5 148 3.8900 54.2200
2.8548069399e-002 4.3876589290e-001 -5.5040959447e+000
224 55 95
3 6 143 -1.9600 55.0100 7 203 32.6700 3.5800 5 149 3.8900 54.2200
8.4136538757e-001 5.5165481409e-001 -5.5257100447e+000
95 0 2
3 6 148 99.7600 69.1500 7 150 127.7900 12.1200 5 150 103.7200 56.8800
-5.4519759046e-001 4.3267689887e-001 -4.6549390163e+000
108 54 70
3 6 147 -88.6900 64.0700 7 148 -35.6400 0.9500 5 151 -54.9600 65.0800
1.8382894125e-001 6.3660047856e-001 -5.4230360151e+000
218 203 221
3 6 152 17.7300 81.4300 7 152 53.7800 25.9700 5 153 28.5700 77.8600
-9.0048139423e-001 5.0472191058e-001 -4.5597914606e+000
17 20 27
3 6 151 -143.7200 76.1100 7 206 -86.2700 12.5800 5 154 -110.0700 84.2400
4.2132469097e-001 1.0668970397e+000 -5.5775537437e+000
171 150 172
4 6 158 46.6800 132.2400 7 160 81.7200 75.0400 5 159 57.8300 127.6300 8 160 -23.6000 0.6600
2.5084314550e+000 -4.6481411722e-001 -5.3906483170e+000
226 181 185
3 6 185 308.2200 -59.3600 7 188 306.7600 -113.6100 5 171 278.3900 -82.7800
9.7091300086e-001 1.5593622633e-001 -5.7237962885e+000
99 3 5
3 6 139 112.1900 19.0000 7 141 133.5200 -32.2400 5 202 104.9900 7.0500
-4.6046921890e-001 3.0330602456e-001 -4.6027996855e+000
156 98 112
4 6 204 -77.4400 45.4100 7 267 -24.4800 -18.2200 5 203 -42.0100 42.7700 8 353 103.7300 103.7400
1.0515493602e+000 6.4616168659e-001 -5.5238549532e+000
45 10 7
3 6 214 125.7400 80.4100 7 151 152.5800 22.0300 5 208 129.4400 65.9400
1.4447137747e-001 5.6507285607e-001 -5.4060914240e+000
82 11 26
3 6 209 12.9700 72.5900 7 281 48.4300 17.4500 5 210 23.3300 69.1700
-5.6055607622e-001 4.7512242938e-001 -4.6443440451e+000
235 181 194
3 6 208 -91.0600 70.9300 7 275 -37.4500 6.7200 5 211 -56.6700 72.0300
-9.4046372915e-001 4.5524579286e-001 -4.6052878837e+000
183 230 255
4 6 280 -149.1700 67.6200 7 276 -91.3800 6.7000 5 215 -117.5900 75.8000 8 340 164.8500 65.2600
9.6760705647e-001 -2.1721565487e-002 -5.6220323235e+000
66 13 22
3 6 384 113.6800 -2.4400 7 377 134.6200 -53.5200 5 264 106.9900 -15.3900
1.2469026906e+000 9.1893729699e-002 -5.5232648675e+000
95 35 39
3 6 269 150.5900 11.3300 7 260 169.3700 -43.5700 5 267 145.0000 -4.7500
1.1250237013e+000 9.8289156508e-002 -5.5774840533e+000
172 101 113
3 6 389 133.9300 11.7800 7 261 154.3400 -41.2100 5 268 128.6500 -2.2500
7.3281923642e-001 1.6386052622e-001 -5.6863692044e+000
111 13 20
3 6 275 83.9800 19.6500 7 265 107.9400 -30.0500 5 273 79.8700 10.4500
2.0728722120e+000 3.3663796877e-001 -6.4356305549e+000
147 111 51
3 6 277 216.2500 35.8300 7 388 224.0600 -12.4600 5 275 184.9800 19.3900
9.2288740441e-001 5.9538425343e-001 -5.5210047748e+000
104 11 16
3 6 282 110.3100 74.3300 7 279 137.0200 16.5700 5 286 114.2200 61.6600
-6.4141114878e-002 5.9671533761e-001 -5.4181799409e+000
106 9 21
3 6 284 -13.8700 76.3700 7 285 23.5400 22.9100 5 287 -3.5000 76.2400
-8.6377029224e-001 4.7325432602e-001 -4.5941677106e+000
255 254 254
4 6 281 -137.4800 70.8400 7 277 -80.3100 8.8500 5 288 -105.0000 77.5100 8 341 153.5300 66.9600
-8.7371442558e-001 7.4892784803e-001 -4.5467508524e+000
224 166 176
4 6 296 -140.0200 113.4000 7 295 -80.4300 48.0300 5 300 -101.7300 123.9500 8 327 143.1400 31.6300
-9.0615019494e-001 7.4706756450e-001 -4.5535708568e+000
227 167 179
3 6 427 -144.8000 112.9700 7 420 -85.1200 47.8800 5 301 -107.0800 124.0500
-1.0126858665e+000 7.4552216375e-001 -4.5610753058e+000
133 74 96
3 6 621 -160.5600 112.1700 7 421 -100.0800 48.4700 5 302 -125.0500 125.9200
4.5128413035e-001 1.1152425996e+000 -5.5703284469e+000
161 21 32
4 6 301 50.6900 138.3900 7 301 85.6600 80.4200 5 303 62.3000 133.5100 8 312 -28.8200 -3.3500
1.5857605200e+000 1.2614160433e+000 -5.3138460568e+000
69 31 28
3 6 220 198.3700 161.6700 7 218 225.5300 90.8900 5 304 208.4600 136.3000
1.5857605200e+000 1.2614160433e+000 -5.3138460568e+000
69 31 28
3 6 221 198.3700 161.6700 7 219 225.5300 90.8900 5 305 208.4600 136.3000
2.6927773991e+000 -2.8413029066e+000 -9.8404070678e+000
59 47 61
3 6 332 182.6200 -192.8900 7 334 163.5400 -201.2600 5 331 89.7800 -189.0300
2.2949050495e+000 -2.2349380608e+000 -1.0834320987e+001
121 117 134
3 6 509 142.7700 -138.2400 7 504 127.0100 -145.6700 5 337 49.5900 -132.9200
9.2771534964e-001 -3.3466355069e-002 -5.6592146738e+000
173 134 153
3 6 380 108.0300 -4.3600 7 376 129.1000 -54.1500 5 379 100.7300 -15.4800
2.1152062868e+000 5.9025987088e-001 -6.3040545093e+000
111 64 25
3 6 403 225.1300 63.6500 7 397 234.4000 12.2900 5 399 198.4400 44.8300
-8.4357142317e-001 4.0859679331e-001 -4.5927918488e+000
165 216 253
3 6 402 -134.6900 61.1200 7 573 -78.2300 -0.4900 5 411 -102.3800 66.4200
-9.6521657766e-001 4.2652793681e-001 -4.5911219700e+000
168 157 198
4 6 597 -152.6200 63.4900 7 882 -95.1300 2.9000 5 417 -122.9700 71.9800 8 667 169.6700 69.4500
-6.0444640596e-001 6.0698163707e-001 -4.5735747778e+000
170 104 126
4 6 416 -99.1700 91.5100 7 407 -42.6600 25.7000 5 422 -59.9800 94.9900 8 490 110.5000 60.5900
-8.9757283599e-001 7.1583736609e-001 -4.5413036300e+000
174 107 127
4 6 424 -144.2600 108.2900 7 592 -84.0400 43.5300 5 430 -106.1400 118.9700 8 476 147.8500 35.3300
-8.9757283599e-001 7.1583736609e-001 -4.5413036300e+000
174 107 127
4 6 425 -144.2600 108.2900 7 593 -84.0400 43.5300 5 431 -106.1400 118.9700 8 475 147.8500 35.3300
1.7023164874e+000 1.3842247122e+000 -5.4612271325e+000
69 30 30
3 6 308 207.4000 172.1400 7 308 232.5700 102.9200 5 446 213.2200 146.8100
2.9798102890e+000 -2.9973363237e+000 -9.1309084370e+000
56 47 63
3 6 676 215.9600 -218.4400 7 650 195.3000 -228.2500 5 466 124.6100 -215.4300
2.5201558957e+000 -2.8955804309e+000 -1.0254815032e+001
103 99 121
3 6 482 164.3700 -188.9100 7 689 145.7200 -195.7800 5 479 69.7800 -183.4000
2.2696130219e+000 -3.0050164551e+000 -1.1030518223e+001
108 101 118
3 6 485 138.0000 -182.4600 7 707 119.4700 -186.1400 5 483 40.0200 -175.1400
1.7519480495e+000 -3.3858077522e+000 -1.2554229169e+001
97 90 106
4 6 486 93.8900 -180.3500 7 489 74.5900 -179.1000 5 486 -11.1600 -169.6500 8 706 63.6900 127.9100
2.6096415937e+000 -2.5677763538e+000 -1.0068294540e+001
119 113 129
3 6 493 173.5700 -170.8800 7 713 155.9600 -179.5600 5 488 81.5200 -166.8300
2.3843315588e+000 -2.5515889020e+000 -1.0611310521e+001
64 53 67
3 6 753 150.9400 -161.1800 7 735 133.9300 -168.0300 5 492 56.9800 -155.7900
2.2964379353e+000 -2.3505954302e+000 -1.0945198293e+001
73 53 61
3 6 504 141.5800 -144.0300 7 748 124.7300 -150.7400 5 496 47.1300 -137.8800
2.2494730588e+000 -2.3571827494e+000 -1.1004377662e+001
124 120 134
3 6 505 137.8000 -143.6800 7 498 121.4700 -149.9600 5 497 43.2700 -137.3900
2.2494730588e+000 -2.3571827494e+000 -1.1004377662e+001
124 120 134
3 6 506 137.8000 -143.6800 7 497 121.4700 -149.9600 5 498 43.2700 -137.3900
2.4946768491e+000 -5.6909575979e-001 -5.4616350934e+000
240 183 194
3 6 537 302.5600 -71.4400 7 775 300.5200 -123.4800 5 515 270.6700 -93.1100
2.5130416819e+000 -5.3502474883e-001 -5.4012455832e+000
243 196 214
3 6 538 307.9800 -67.9600 7 779 306.0100 -121.2400 5 517 277.0600 -90.6400
2.5210363449e+000 -4.5180416317e-001 -5.3797451386e+000
234 171 187
3 6 541 310.3000 -57.8500 7 784 308.8300 -112.4200 5 523 280.5600 -81.5800
2.1962910979e+000 -5.8141511260e-001 -6.1864219001e+000
177 147 41
4 6 807 237.2500 -64.3000 7 788 237.7000 -106.8100 5 524 199.0300 -79.4900 8 1052 -111.8700 178.3800
2.5247763264e+000 -3.9956032682e-001 -5.3503891902e+000
237 187 201
3 6 355 312.4100 -51.6000 7 528 311.5200 -107.4000 5 528 283.6500 -75.9800
9.7446384562e-001 1.6466419827e-002 -5.6229816506e+000
171 124 141
3 6 851 114.4000 1.7200 7 835 135.7400 -49.2400 5 562 108.2900 -10.2400
-4.8723896605e-001 -2.8379799249e-002 -4.7447505500e+000
226 178 187
3 6 379 -79.0300 -4.8600 7 828 -30.5200 -61.1300 5 564 -54.6900 -8.4000
-4.3877954107e-001 9.1994237573e-002 -4.6624673420e+000
157 101 112
3 6 576 -73.0800 13.0200 7 840 -23.2000 -46.7300 5 574 -43.3900 9.1800
-4.3877954107e-001 9.1994237573e-002 -4.6624673420e+000
157 101 112
3 6 575 -73.0800 13.0200 7 841 -23.2000 -46.7300 5 575 -43.3900 9.1800
-8.7806448175e-001 8.5287437618e-002 -4.6263016308e+000
215 151 168
4 6 574 -139.1800 12.3200 7 844 -84.6100 -45.1900 5 577 -113.5400 13.9600 8 965 170.8700 114.6500
-4.4595027303e-001 2.4928734005e-001 -4.6146211916e+000
157 99 111
4 6 584 -74.9300 37.0000 7 861 -23.0000 -25.6100 5 580 -40.9000 33.9900 8 693 104.0700 110.5000
1.3234583188e-001 5.9330386391e-001 -5.3889178333e+000
233 218 229
4 6 606 11.2800 76.3100 7 907 47.6200 21.0100 5 598 22.7300 73.1900 8 917 25.0200 50.4100
1.6024139458e-001 6.1236294274e-001 -5.3887803119e+000
229 219 231
4 6 607 14.9400 78.6900 7 909 51.1400 23.0000 5 599 26.8000 75.4900 8 652 21.3600 49.1400
-8.4988590148e-001 6.3193560790e-001 -4.5767261629e+000
241 217 230
3 6 615 -136.0600 95.0200 7 924 -77.2200 31.0200 5 607 -100.0000 103.6300
3.9600132073e-001 9.2675144681e-001 -5.5578328586e+000
203 132 150
4 6 944 44.0700 115.4900 7 956 78.2500 58.9400 5 610 53.8000 110.7300 8 883 -14.9900 15.9700
-8.5501186734e-001 7.1935109180e-001 -4.5433601392e+000
178 107 123
4 6 620 -137.5100 108.8700 7 591 -77.8800 43.7000 5 614 -98.8400 118.7900 8 646 141.8800 36.5900
-9.3477757568e-001 7.3046899332e-001 -4.5424485562e+000
232 172 179
3 6 939 -149.9000 110.2100 7 944 -88.9800 46.0800 5 616 -112.0400 122.2000
4.5199296075e-001 1.0379316141e+000 -5.5687398176e+000
151 23 55
4 6 625 50.6300 128.9000 7 604 85.1300 71.4400 5 618 61.5700 123.6100 8 621 -25.9600 5.1900
2.7303259023e+000 -3.2788591369e+000 -9.7709783703e+000
111 102 121
4 6 663 185.4800 -223.4100 7 649 164.8300 -229.7500 5 636 90.3100 -218.4400 8 1126 -8.4000 212.2300
2.4191896303e+000 -3.5904372910e+000 -1.0654422683e+001
100 95 113
3 6 659 151.1500 -224.7100 7 656 130.3400 -227.1100 5 638 51.5400 -217.1000
2.5158754655e+000 -3.4365326301e+000 -1.0424131729e+001
114 111 129
4 6 673 160.5800 -219.8500 7 660 140.0400 -223.6700 5 640 62.5900 -213.1400 8 1087 12.7100 196.0700
2.5310469764e+000 -3.1037966888e+000 -1.0331224460e+001
117 106 126
3 6 700 163.5300 -200.7800 7 678 144.1600 -206.2900 5 654 67.5100 -194.8700
2.4301460667e+000 -2.8854997770e+000 -1.0552571426e+001
57 46 60
3 6 720 154.2200 -183.0900 7 699 135.9300 -188.8600 5 663 58.6100 -177.0100
2.0744999648e+000 -2.1988943522e+000 -1.1412587127e+001
107 92 111
3 6 771 122.9100 -128.8300 7 760 107.3300 -134.7700 5 700 27.4000 -122.0500
1.8811888376e+000 -2.3655571452e+000 -1.2079517629e+001
97 86 99
3 6 769 105.4300 -131.0700 7 761 89.0900 -134.0200 5 701 6.5000 -122.1600
2.1829913983e+000 -7.9070956296e-001 -6.2208375772e+000
215 192 85
3 6 798 234.1800 -86.7600 7 770 233.2600 -126.9300 5 721 193.5500 -100.3200
2.5042501923e+000 -4.7958085952e-001 -5.4235411581e+000
234 189 195
3 6 809 305.8500 -60.8100 7 783 304.5400 -114.4700 5 734 275.4500 -83.8100
-8.1899318720e-002 5.6795888907e-001 -5.3851678542e+000
209 176 193
3 6 900 -16.4700 73.1100 7 905 21.9100 19.4200 5 850 -5.4000 72.9200
1.5681134041e+000 1.0480198807e+000 -5.2249329958e+000
159 96 109
3 6 627 199.9600 136.6100 7 960 225.4200 66.1800 5 877 210.1800 111.0600
5.7357478499e-001 9.7640676192e-001 -5.5812945376e+000
212 136 155
4 6 949 65.7600 120.9300 7 958 98.6100 63.3400 5 878 74.6300 113.9600 8 884 -36.2200 15.7800
-1.8853567535e-003 5.1090687640e-001 -5.4720504365e+000
243 238 244
2 6 26 -5.8100 64.9600 7 26 29.9300 12.2700
1.9714744723e+000 8.1313925629e-001 -6.2708954345e+000
193 133 142
2 6 29 210.3700 88.3500 7 27 224.1500 35.7400
2.0909817544e+000 -6.1475582281e-001 -6.3482470851e+000
219 186 70
2 6 44 220.6900 -65.8500 7 48 220.9800 -106.9700
-5.1796393550e-002 2.9655703534e-001 -5.5613442985e+000
235 234 243
2 6 49 -12.2800 36.9800 7 81 22.0800 -11.7900
2.0940707870e-002 1.4734709617e+000 -5.8925129762e+000
161 16 26
2 6 61 -1.4300 173.2500 7 64 33.4700 120.4700
-3.4840007403e-002 1.8269580587e-001 -5.7263079156e+000
198 31 51
2 6 72 -9.8500 22.1800 7 143 21.8300 -23.3500
1.3339307429e+000 2.0415661039e-001 -5.5730583839e+000
188 119 130
2 6 73 160.0900 25.2900 7 79 178.1400 -30.7300
1.4206844465e+000 3.2131395998e-001 -5.7178429517e+000
65 8 8
2 6 75 166.2800 38.6800 7 80 183.6900 -16.3900
1.2654886053e+000 1.2206756812e+000 -5.3879545487e+000
184 138 151
2 6 85 155.8700 155.1400 7 89 185.3700 88.1200
-2.9971262670e+000 3.1380985464e+000 -1.2122714914e+001
24 22 27
2 6 86 -167.2900 177.5200 7 126 -161.1400 181.1900
-2.9971262670e+000 3.1380985464e+000 -1.2122714914e+001
24 22 27
2 6 87 -167.2900 177.5200 7 127 -161.1400 181.1900
-1.2663722514e+000 -2.8996996095e+000 -1.2548533147e+001
63 59 70
2 6 92 -68.4900 -153.3200 7 68 -81.2800 -149.2700
-9.6047501794e-002 6.8283980449e-001 -5.4459167605e+000
193 32 49
3 6 108 -17.5500 87.3300 7 113 20.9400 33.5300 8 121 49.6900 30.4400
2.3278343520e+000 -1.1156852592e+000 -5.8874087156e+000
202 197 105
2 6 129 262.0300 -128.7200 7 130 257.7300 -168.6600
1.1807252405e+000 1.2068907519e-001 -5.5678531431e+000
189 123 137
2 6 138 141.0900 14.7900 7 140 161.0400 -39.2400
2.9875583948e-001 5.0350607504e-001 -5.4179841076e+000
230 208 219
2 6 146 32.6400 64.5400 7 205 66.2500 9.1900
-8.1261074953e-002 5.5063449423e-001 -5.4900532437e+000
221 208 222
2 6 150 -15.6700 69.9000 7 209 20.4800 17.4600
-9.2198076830e-002 6.7821998089e-001 -5.4105467807e+000
195 34 51
2 6 153 -17.5200 87.0000 7 154 21.0100 32.8000
1.1914898613e+000 1.2903785455e+000 -5.9748751056e+000
157 20 30
2 6 161 132.4700 148.4200 7 118 158.1100 91.7400
1.5630088531e+000 1.4079877795e+000 -5.4268762435e+000
168 118 129
2 6 163 191.5700 176.7500 7 163 218.6300 107.2600
8.1593453265e-001 -4.9390288908e+000 -1.4706198397e+001
42 42 51
2 6 170 37.3000 -223.5900 7 179 14.2800 -213.7900
2.3773021495e+000 -3.6213477983e+000 -1.0836281654e+001
38 34 49
3 6 172 146.0200 -222.8500 7 175 125.2300 -224.8800 8 265 26.7000 190.6500
2.3773021495e+000 -3.6213477983e+000 -1.0836281654e+001
38 34 49
3 6 173 146.0200 -222.8500 7 176 125.2300 -224.8800 8 264 26.7000 190.6500
2.9829274534e+000 -2.8962969379e+000 -9.0878996727e+000
60 49 64
2 6 174 217.3900 -212.3100 7 177 197.1000 -222.7500
2.4046870590e+000 -2.0194977960e+000 -8.2055413590e+000
188 174 148
2 6 177 195.3900 -165.5900 7 182 182.8700 -183.3700
4.7195024355e-001 -3.2369506564e+000 -1.3075856072e+001
105 81 64
2 6 178 24.1400 -165.5800 7 183 7.6400 -161.5000
2.5285380804e+000 -3.4454556338e-001 -5.3567878603e+000
224 181 193
2 6 186 312.7800 -44.4500 7 189 311.9800 -101.2200
2.5285380804e+000 -3.4454556338e-001 -5.3567878603e+000
224 181 193
2 6 187 312.7800 -44.4500 7 190 311.9800 -101.2200
2.6595605624e+000 -3.1758321179e+000 -9.9690831987e+000
53 42 51
3 6 233 177.5300 -212.5200 7 231 157.5200 -218.7800 8 541 -4.3700 199.5400
2.6527530032e+000 -3.1665204994e+000 -9.9429457789e+000
53 42 51
2 6 234 177.5300 -212.5200 7 232 157.5200 -218.7800
1.7268650292e+000 -3.6653440843e+000 -1.2501359435e+001
10 10 12
2 6 235 92.8200 -195.9600 7 337 72.6700 -193.7500
1.7404029113e+000 -3.6947758965e+000 -1.2594170967e+001
10 10 12
3 6 236 92.8200 -195.9600 7 338 72.6700 -193.7500 8 518 69.2300 140.2600
2.2914494947e+000 -1.9202008150e+000 -8.4985134616e+000
178 170 140
2 6 241 180.2700 -152.2000 7 236 168.6500 -169.1200
1.5107088586e+000 -2.5851249699e+000 -1.2476320440e+001
110 83 65
2 6 244 82.0000 -138.6500 7 239 65.5000 -139.4700
1.3769241016e+000 -2.5300991072e+000 -1.2464606303e+001
18 29 45
2 6 245 74.8600 -135.7700 7 240 58.7800 -136.6200
2.0290048659e+000 -2.1462366062e+000 -1.1550773565e+001
54 40 42
2 6 248 118.8900 -124.3800 7 243 103.3500 -129.8000
2.4945220147e+000 -5.7376507280e-001 -5.3975177998e+000
225 192 209
3 6 255 305.7600 -72.8600 7 355 303.9200 -125.6600 8 800 -165.6700 226.1100
5.7420760550e-001 1.2576349207e-001 -5.6973202209e+000
211 42 80
2 6 271 64.4500 15.3400 7 380 90.1700 -33.7200
-8.9418662975e-001 5.7615841043e-001 -4.5788428060e+000
179 225 255
2 6 288 -142.3500 86.7600 7 288 -84.3800 23.2300
-8.0331513932e-001 7.3814022465e-001 -4.5330132516e+000
225 165 176
3 6 295 -130.6700 111.6300 7 293 -70.7200 45.9400 8 330 132.3600 36.5300
-9.5012744167e-001 7.6570161131e-001 -4.5446021471e+000
152 97 120
3 6 297 -152.0100 115.6000 7 296 -91.1300 51.0200 8 324 153.4500 25.9500
1.7037691287e+000 1.3840530363e+000 -5.4653297142e+000
69 30 30
2 6 307 207.4000 172.1400 7 307 232.5700 102.9200
6.1279814725e-001 1.6732438124e+000 -5.8893088419e+000
69 1 0
2 6 314 67.0300 195.3800 7 319 100.5200 138.8200
2.3151458946e+000 -3.8762884233e+000 -1.0935601510e+001
84 79 97
2 6 318 140.6700 -236.1600 7 459 119.3700 -236.4100
2.5216345290e+000 -3.2894332520e+000 -1.0430278166e+001
98 89 106
3 6 327 160.9800 -210.7600 7 331 141.1800 -214.7700 8 532 9.6000 188.8900
2.8411791601e+000 -2.8418308480e+000 -9.3756870741e+000
56 43 54
2 6 329 201.4100 -202.3600 7 332 182.0100 -212.0600
2.6932155448e+000 -2.8405417792e+000 -9.8421086916e+000
59 47 61
2 6 331 182.6200 -192.8900 7 333 163.5400 -201.2600
2.4958623580e+000 -2.9554008542e+000 -1.0424015204e+001
59 52 64
2 6 333 160.2200 -189.6200 7 335 141.2600 -195.6000
2.4958623580e+000 -2.9554008542e+000 -1.0424015204e+001
59 52 64
2 6 334 160.2200 -189.6200 7 336 141.2600 -195.6000
1.5668089040e+000 -3.2289608824e+000 -1.3114096621e+001
81 74 84
2 6 336 80.8300 -164.6200 7 349 61.6100 -162.5500
1.6302990537e+000 -2.7622593380e+000 -1.2672074532e+001
47 38 45
2 6 340 87.1900 -145.7600 7 502 69.4700 -146.0400
1.9460853382e+000 -2.3051208426e+000 -1.1723539813e+001
52 42 42
2 6 343 112.1600 -131.7900 7 511 96.4900 -135.7700
1.8990494182e+000 -1.1286839205e+000 -6.7933554441e+000
203 182 70
2 6 346 186.6000 -113.1100 7 505 185.2800 -144.2900
2.4982970651e+000 -5.7625399492e-001 -5.4048406846e+000
228 196 213
2 6 351 305.8900 -73.0700 7 354 303.9200 -125.6600
2.5346064259e+000 -3.4085895150e-001 -5.3340837406e+000
245 190 207
2 6 359 314.6300 -44.2700 7 530 314.0700 -101.2500
5.6279941518e-001 -2.6968039456e-001 -5.6833434532e+000
123 6 14
2 6 362 62.8900 -32.9700 7 365 86.4400 -78.1600
5.6279941518e-001 -2.6968039456e-001 -5.6833434532e+000
123 6 14
2 6 363 62.8900 -32.9700 7 366 86.4400 -78.1600
2.1291216453e+000 -2.6387799645e-001 -6.1680803486e+000
114 69 10
2 6 365 231.1500 -29.3600 7 543 234.6700 -75.4600
-8.4890438504e-001 -1.8727663308e-001 -5.0081259613e+000
35 44 92
2 6 366 -123.8900 -25.6400 7 368 -78.9400 -74.5700
-5.0842049137e-001 -8.1752663524e-002 -4.7808156946e+000
229 178 190
2 6 376 -81.2200 -12.2400 7 547 -34.0900 -67.5800
1.2092399789e+000 1.8496891964e-001 -5.6078827302e+000
173 95 107
2 6 392 143.7400 22.7300 7 381 163.2700 -31.7000
5.0301321157e-001 2.2124201447e-001 -5.6773276936e+000
124 4 14
2 6 393 56.0700 27.1200 7 383 83.2000 -22.8000
2.1002432295e+000 2.8213322372e-001 -6.4226648954e+000
84 49 7
2 6 395 219.5900 30.1500 7 386 226.4700 -17.7900
-3.5476272851e-001 4.1492333699e-001 -4.6488343387e+000
207 155 168
2 6 401 -60.7700 61.2600 7 571 -8.9000 -2.6100
2.1643742253e+000 6.1512490723e-001 -6.3004536756e+000
176 139 90
2 6 404 230.3300 66.5900 7 398 239.6800 14.3700
3.9160604342e-001 5.4840254165e-001 -5.4696010107e+000
154 28 45
2 6 405 43.7900 69.2900 7 579 76.9900 14.5000
-5.7818539886e-001 5.5833703314e-001 -4.5943880426e+000
189 126 143
2 6 408 -94.9600 83.6700 7 400 -39.2400 18.6900
-5.7818539886e-001 5.5833703314e-001 -4.5943880426e+000
189 126 143
2 6 409 -94.9600 83.6700 7 401 -39.2400 18.6900
-7.4151810192e-001 5.7012170736e-001 -4.6167415469e+000
247 228 240
2 6 411 -118.8600 84.9300 7 403 -62.0900 21.7100
3.1722418043e-001 6.7692763025e-001 -5.3373412844e+000
219 197 209
2 6 412 35.3800 87.8200 7 584 71.3000 29.8300
4.6224597368e-001 6.9457588051e-001 -5.3960544584e+000
246 224 228
2 6 414 53.3600 88.8200 7 410 87.9300 31.3300
4.6224597368e-001 6.9457588051e-001 -5.3960544584e+000
246 224 228
2 6 415 53.3600 88.8200 7 411 87.9300 31.3300
-6.0399551164e-001 6.0743164333e-001 -4.5740419240e+000
170 104 126
2 6 417 -99.1700 91.5100 7 408 -42.6600 25.7000
2.1274649943e-002 7.8696762659e-001 -5.5116550602e+000
175 25 37
2 6 419 -2.8300 99.0400 7 416 34.2100 45.0700
-6.8837634403e-001 6.6783746118e-001 -4.5527091948e+000
233 177 193
2 6 421 -112.3700 101.0100 7 413 -54.2900 34.9400
5.2147539693e-001 8.4339799242e-001 -5.5785428134e+000
127 24 35
2 6 422 59.5900 104.8200 7 418 91.4500 48.0700
-9.9122228134e-001 7.1887879676e-001 -4.5574746252e+000
229 167 180
2 6 426 -157.5200 108.3900 7 415 -97.2600 44.4900
4.4544062684e-001 1.1157723990e+000 -5.5611196220e+000
155 24 37
2 6 432 50.1600 138.7100 7 430 85.0700 80.6000
1.2278662055e+000 1.0969688028e+000 -5.2070639882e+000
184 132 143
2 6 433 156.3300 144.2500 7 429 187.0600 74.8500
1.5163813023e+000 1.5617215669e+000 -5.5380090895e+000
98 65 48
2 6 443 181.6900 191.9200 7 441 210.1200 124.2500
2.7993997802e+000 -3.1076913301e+000 -9.5684851287e+000
52 45 57
3 6 465 194.2200 -216.4900 7 658 173.8300 -224.2000 8 1124 -18.1800 211.2300
2.4204518762e+000 -3.3830963740e+000 -1.0623676756e+001
105 97 118
3 6 466 151.9900 -212.6200 7 478 131.8900 -215.9400 8 763 18.6800 186.3400
2.8131052859e+000 -2.9686396374e+000 -9.5609333053e+000
118 111 128
3 6 468 195.5200 -207.0900 7 671 175.8700 -215.8000 8 1108 -21.9400 204.4600
2.1521838713e+000 -3.4830934704e+000 -1.1316633707e+001
85 77 96
2 6 469 127.1700 -205.7500 7 480 107.3900 -206.7500
2.0982505859e+000 -3.4359444073e+000 -1.1492709507e+001
39 35 49
3 6 471 122.3000 -199.8000 7 482 102.6500 -200.8700 8 735 42.3100 160.3800
2.7707381958e+000 -2.7382140471e+000 -9.6290059303e+000
57 41 47
2 6 479 191.8500 -190.1200 7 483 173.0500 -199.6100
2.7707381958e+000 -2.7382140471e+000 -9.6290059303e+000
57 41 47
2 6 480 191.8500 -190.1200 7 484 173.0500 -199.6100
2.3833834491e+000 -2.8640245837e+000 -1.0763860357e+001
57 46 55
2 6 488 148.4600 -178.2100 7 710 130.2600 -183.3600
1.6179683748e+000 -3.4331143814e+000 -1.2886661905e+001
88 85 103
2 6 489 84.7200 -178.1100 7 491 65.0500 -175.9100
2.4433365023e+000 -2.1202781583e+000 -8.1576051268e+000
187 177 143
2 6 492 199.3700 -174.7300 7 485 186.2200 -192.0400
1.6762419705e+000 -3.0576973706e+000 -1.2680880391e+001
54 48 60
2 6 498 89.3100 -161.3500 7 494 70.8300 -160.6300
2.2933282765e+000 -1.9942310139e+000 -8.4475329798e+000
113 98 80
2 6 501 181.4100 -158.9000 7 490 169.3300 -175.7000
2.0849799329e+000 -2.3879133921e+000 -1.1505688757e+001
63 47 56
2 6 507 122.2000 -139.2300 7 507 106.2400 -143.5900
1.9338830069e+000 -2.2305616194e+000 -1.1934920232e+001
61 47 49
2 6 515 109.7400 -125.0700 7 518 93.8300 -128.9800
1.7703032280e+000 -2.1316399391e+000 -1.2334838461e+001
62 47 49
2 6 519 97.3700 -115.5200 7 781 81.8000 -118.3800
2.1906833796e+000 -8.3626351533e-001 -6.2627858033e+000
214 191 78
2 6 528 233.2600 -91.1200 7 516 232.1800 -130.3400
2.1448582000e+000 -8.4423418777e-001 -6.3210148767e+000
216 192 86
2 6 529 226.5100 -91.0500 7 517 225.4900 -129.7100
2.4978865425e+000 -6.0083121890e-001 -5.4716866698e+000
221 70 104
2 6 535 302.3400 -75.1200 7 772 299.9700 -126.6700
2.5001446158e+000 -5.2006048131e-001 -5.4475134594e+000
240 180 193
2 6 540 304.0700 -65.4800 7 780 302.3500 -118.4300
2.0488248219e+000 -5.3599823938e-001 -6.5022778884e+000
228 191 78
2 6 542 211.3600 -56.0000 7 792 212.3500 -96.1600
2.2393824144e+000 -4.4911688378e-001 -6.1243259045e+000
229 196 57
2 6 547 244.3700 -50.2200 7 533 245.5100 -95.2500
2.2393824144e+000 -4.4911688378e-001 -6.1243259045e+000
229 196 57
2 6 548 244.3700 -50.2200 7 534 245.5100 -95.2500
2.1869889590e+000 -3.3840182694e-001 -6.1749244131e+000
98 62 2
2 6 554 236.9700 -37.5900 7 808 239.4100 -83.0000
2.1613024595e+000 -3.0034351581e-001 -6.1800430358e+000
121 76 14
2 6 556 234.1000 -33.3400 7 811 237.0300 -79.0200
2.5383114872e+000 -2.2973690112e-001 -5.3515502938e+000
240 192 195
2 6 557 314.3500 -30.0700 7 541 314.6000 -88.3900
-4.7698804774e-001 1.2951815420e-002 -4.7001746690e+000
218 170 181
2 6 569 -78.1200 1.3800 7 832 -29.0600 -56.5600
-4.1351188711e-001 1.8375530358e-001 -4.6494604098e+000
225 164 172
2 6 581 -69.4400 26.9200 7 558 -19.0400 -34.4700
2.1205702558e+000 2.9643633058e-001 -6.3739268183e+000
176 139 48
3 6 582 223.2500 31.6200 7 567 230.2300 -16.6200 8 682 -132.1800 95.1400
-3.2219465593e-001 4.6068754378e-001 -4.7171465341e+000
220 191 199
2 6 599 -54.8200 67.3200 7 577 -4.6100 3.8400
-9.8569483672e-001 4.6898277675e-001 -4.6075672550e+000
173 160 196
2 6 601 -155.4500 69.8100 7 578 -97.3400 9.2200
3.9796249334e-001 6.3653963361e-001 -5.4071418121e+000
243 214 219
2 6 608 45.2200 81.4400 7 582 79.4300 24.6400
1.8201742256e-001 6.8314450013e-001 -5.4360847486e+000
71 6 13
2 6 611 17.5800 87.1600 7 586 53.4900 31.6000
-9.3469974351e-001 6.0786328509e-001 -4.5752577557e+000
242 226 244
2 6 613 -148.6100 91.4200 7 919 -89.8000 28.1800
-8.5990713766e-001 6.9397257336e-001 -4.5440247007e+000
228 165 173
2 6 617 -138.4700 104.9700 7 588 -78.6700 40.0400
-9.1497303627e-001 7.7741619365e-001 -4.5592498837e+000
157 100 122
2 6 624 -146.0100 117.2200 7 597 -85.8900 52.3100
1.0516859680e-001 1.4657375678e+000 -5.8495180296e+000
108 2 1
2 6 629 7.7300 172.9700 7 610 44.0700 120.1700
-3.8680609583e+000 3.9058357096e+000 -1.1737520672e+001
147 93 86
2 6 638 -219.2900 225.4000 7 1040 -212.5700 230.5300
2.1878324901e+000 -3.9106631901e+000 -1.1264549474e+001
51 45 59
2 6 649 129.3400 -231.3900 7 645 108.0500 -230.9200
2.2292749824e+000 -3.8568192717e+000 -1.1153967123e+001
89 87 105
2 6 650 132.9800 -230.5900 7 647 111.9900 -230.3700
9.6775099097e-001 -5.0585387962e+000 -1.4613885308e+001
49 48 57
2 6 651 44.4100 -230.3700 7 666 20.9900 -220.4800
2.5581861830e+000 -3.5085550002e+000 -1.0307266841e+001
111 107 131
2 6 656 164.9600 -226.8300 7 646 144.0100 -230.4600
2.2174081785e+000 -3.7403540843e+000 -1.1113064189e+001
88 85 102
2 6 660 132.9600 -224.5500 7 657 112.2500 -225.0100
2.6733539224e+000 -3.3274462311e+000 -9.9898080504e+000
59 54 71
3 6 669 177.7700 -221.9900 7 653 157.1800 -227.3700 8 784 -1.8500 206.5800
2.3705536046e+000 -3.4635273808e+000 -1.0832766765e+001
99 95 118
3 6 680 146.0300 -213.5300 7 672 125.6900 -215.8600 8 1062 24.3600 183.3800
2.2938615414e+000 -3.4723883456e+000 -1.0965928465e+001
56 46 58
3 6 684 139.7500 -211.5600 7 674 119.4700 -213.4200 8 1054 29.4900 179.0300
2.5853574564e+000 -3.2189650276e+000 -1.0209756163e+001
63 47 57
2 6 687 168.7500 -210.4400 7 673 148.6500 -215.7900
2.3449218637e+000 -3.2628184214e+000 -1.0764709934e+001
53 46 61
2 6 698 145.5500 -202.6500 7 679 126.1300 -206.0200
2.5010056071e+000 -3.1315436241e+000 -1.0398701244e+001
68 58 74
2 6 699 160.5300 -201.3300 7 677 141.2000 -206.3300
2.1336025879e+000 -3.3914804569e+000 -1.1416428603e+001
88 81 97
2 6 703 125.2000 -198.6300 7 685 105.5600 -199.9000
1.6101358203e+000 -3.8344277415e+000 -1.2922668314e+001
36 26 32
3 6 705 83.7200 -198.2300 7 692 63.1400 -194.6700 8 995 78.4200 137.1800
2.4892457178e+000 -3.0603207268e+000 -1.0463605558e+001
101 93 110
2 6 708 158.9400 -195.6400 7 684 139.8900 -200.7800
1.9553367786e+000 -3.4741261114e+000 -1.1935057299e+001
52 47 68
2 6 709 109.9400 -194.6600 7 690 90.2300 -194.3500
1.9553367786e+000 -3.4741261114e+000 -1.1935057299e+001
52 47 68
2 6 710 109.9400 -194.6600 7 691 90.2300 -194.3500
2.6402114482e+000 -2.7991424138e+000 -9.9630646739e+000
46 34 46
2 6 715 177.0200 -187.9400 7 688 158.4000 -195.9900
2.0752830432e+000 -3.2591379836e+000 -1.1645561262e+001
90 78 86
2 6 716 119.6400 -187.2600 7 702 100.4400 -188.4700
2.0752830432e+000 -3.2591379836e+000 -1.1645561262e+001
90 78 86
2 6 717 119.6400 -187.2600 7 703 100.4400 -188.4700
1.9536776411e+000 -3.1295440896e+000 -1.1890391937e+001
57 49 60
2 6 728 110.5300 -176.2200 7 720 91.9300 -177.1700
1.9518029510e+000 -3.0493707390e+000 -1.1850735023e+001
89 85 99
2 6 735 110.8700 -172.2900 7 723 92.5000 -173.6500
1.9518029510e+000 -3.0493707390e+000 -1.1850735023e+001
89 85 99
2 6 736 110.8700 -172.2900 7 724 92.5000 -173.6500
2.0196607473e+000 -2.8701531633e+000 -1.1698875245e+001
66 59 74
2 6 747 116.2800 -164.3400 7 739 98.4300 -166.7400
2.0196607473e+000 -2.8701531633e+000 -1.1698875245e+001
66 59 74
2 6 748 116.2800 -164.3400 7 740 98.4300 -166.7400
2.4739891573e+000 -2.5273048594e+000 -1.0411564049e+001
106 99 115
2 6 749 159.5400 -162.6700 7 729 142.3200 -170.4900
2.4739891573e+000 -2.5273048594e+000 -1.0411564049e+001
106 99 115
2 6 750 159.5400 -162.6700 7 730 142.3200 -170.4900
2.3866556814e+000 -2.5535243572e+000 -1.0621556665e+001
64 53 67
2 6 752 150.9400 -161.1800 7 734 133.9300 -168.0300
2.3866556814e+000 -2.5535243572e+000 -1.0621556665e+001
64 53 67
2 6 754 150.9400 -161.1800 7 736 133.9300 -168.0300
1.2373525206e+000 -3.0205767996e+000 -1.3968857807e+001
74 67 78
2 6 761 60.2200 -144.4400 7 752 41.5100 -140.8100
2.3262978978e+000 -1.1116260534e+000 -5.8834003356e+000
197 196 106
2 6 773 262.0800 -128.3200 7 733 257.7500 -168.4000
2.3060382681e+000 -2.0308570731e+000 -1.0869738400e+001
71 60 79
2 6 776 143.1900 -125.2600 7 764 128.1000 -133.3900
2.1609781660e+000 -2.0129488074e+000 -1.1105851813e+001
91 79 87
2 6 778 131.5600 -121.4000 7 767 116.6000 -128.7600
2.1609781660e+000 -2.0129488074e+000 -1.1105851813e+001
91 79 87
2 6 779 131.5600 -121.4000 7 768 116.6000 -128.7600
1.9938074930e+000 -2.0317165578e+000 -1.1650327517e+001
62 50 55
2 6 786 115.9900 -116.6200 7 778 100.7300 -122.1600
2.5104009027e+000 -6.6361150815e-001 -5.3694209171e+000
247 138 75
2 6 800 309.1300 -84.3600 7 756 305.9300 -136.4200
2.5417229164e+000 -2.8497202743e-001 -5.3194286130e+000
234 190 210
2 6 825 316.3100 -37.3700 7 793 316.3400 -95.2300
2.5473566744e+000 -1.9089549061e-001 -5.3446589812e+000
237 193 207
2 6 834 315.8100 -25.2400 7 807 316.4000 -84.1400
-4.6243222771e-001 2.3035263330e-001 -4.6184275815e+000
216 162 175
2 6 865 -77.3900 33.9700 7 858 -25.3100 -27.9700
-7.4002592262e-001 4.5072247022e-001 -4.5974550292e+000
181 161 192
2 6 894 -119.1400 67.4600 7 885 -63.0000 4.6200
2.3778717930e-002 5.6329584866e-001 -5.3870299657e+000
194 171 186
2 6 899 -2.6600 72.6400 7 903 34.3400 18.0500
-9.3931514460e-001 4.9455840300e-001 -4.5806477310e+000
147 197 227
2 6 904 -149.4700 74.0700 7 898 -90.9400 12.3400
9.9413268779e-002 5.7788639113e-001 -5.3860764177e+000
239 225 235
2 6 905 6.9300 74.3600 7 904 43.7200 19.4600
-8.1129349944e-001 6.2162913334e-001 -4.5718572211e+000
235 199 216
2 6 919 -130.4100 93.5200 7 921 -72.0100 29.3400
5.4412232280e-001 8.5568063372e-001 -5.5385947158e+000
204 160 177
2 6 933 62.7600 107.0100 7 947 95.0700 49.4700
-7.1088783438e-001 7.2066759063e-001 -4.5530018650e+000
146 87 107
2 6 936 -115.6800 108.9900 7 939 -57.1300 42.6600
3.9673794794e-001 9.2742202415e-001 -5.5594874489e+000
203 132 150
2 6 943 44.0700 115.4900 7 955 78.2500 58.9400
-8.1609191036e-001 7.9562016634e-001 -4.5637602831e+000
216 161 173
2 6 948 -131.1300 119.8800 7 950 -71.4900 54.2200
4.0533139510e-001 1.0759282877e+000 -5.5782197786e+000
229 192 212
2 6 954 44.8600 133.2700 7 967 80.0500 76.2700
-3.8594249210e+000 3.4482913897e+000 -1.1701137381e+001
144 79 71
2 6 973 -220.4800 200.4700 7 1002 -214.1100 205.3900
-5.2498101243e+000 3.4932933947e+000 -1.1400483469e+001
128 72 58
2 6 977 -302.9100 204.9600 7 1018 -297.7700 214.9600
-5.2498101243e+000 3.4932933947e+000 -1.1400483469e+001
128 72 58
2 6 978 -302.9100 204.9600 7 1019 -297.7700 214.9600
-5.4004733730e+000 3.4817584801e+000 -1.1327679561e+001
126 72 64
2 6 979 -312.8800 205.0700 7 636 -307.8900 215.6100
-5.4004733730e+000 3.4817584801e+000 -1.1327679561e+001
126 72 64
2 6 980 -312.8800 205.0700 7 637 -307.8900 215.6100
-3.2736875717e+000 3.6277634939e+000 -1.1831388263e+001
142 89 80
2 6 983 -185.4900 209.2400 7 1011 -178.8100 212.2500
-3.2736875717e+000 3.6277634939e+000 -1.1831388263e+001
142 89 80
2 6 984 -185.4900 209.2400 7 1012 -178.8100 212.2500
-4.8277892362e+000 3.6841697221e+000 -1.1458240074e+001
134 72 65
2 6 998 -278.1800 215.7700 7 1034 -272.0900 224.3200
-4.7766442073e+000 3.7645430223e+000 -1.1407351169e+001
135 75 58
2 6 1007 -276.4600 221.1600 7 1039 -269.7600 229.7400
-3.4648576778e+000 3.9005275544e+000 -1.1804662703e+001
143 85 86
2 6 1008 -196.1600 224.3900 7 1037 -188.8000 228.4700
6.7535268372e-001 2.7282880269e-001 -5.5176686023e+000
210 33 57
2 6 24 79.2400 34.5200 5 21 81.0600 23.7000
6.7535268372e-001 2.7282880269e-001 -5.5176686023e+000
210 33 57
2 6 25 79.2400 34.5200 5 22 81.0600 23.7000
-7.5739593940e-001 5.4911223909e-001 -4.5794523560e+000
161 183 219
2 6 80 -122.0900 83.1600 5 79 -86.1000 87.6700
2.1230670803e+000 1.1025219914e+000 -5.9361473101e+000
212 176 116
2 6 84 239.0200 126.8000 5 110 224.1400 100.4700
7.8236144590e-001 7.5227170539e-002 -5.7013504331e+000
238 231 239
2 6 98 89.6400 9.1500 5 68 83.5600 -0.8000
9.2231494482e-001 6.2012054020e-001 -5.5239012683e+000
147 17 25
2 6 107 110.0500 77.8300 5 104 114.1400 64.2100
-3.1944032141e+000 3.7059764465e+000 -1.4581875691e+001
28 25 33
2 6 164 -147.0000 176.3000 5 230 -238.9900 220.0500
-3.0210532654e+000 4.0007384997e+000 -1.6602889251e+001
96 85 103
2 6 222 -121.8200 166.7600 5 227 -219.2800 209.9900
2.4812609097e+000 1.8117762407e+000 -5.2272410733e+000
173 157 104
2 6 228 310.3600 229.3700 5 226 312.5400 186.4900
1.9126280774e+000 -1.0167175115e+000 -6.7478975531e+000
203 178 60
2 6 250 189.4600 -102.4000 5 239 142.0900 -111.2500
9.1650097440e-001 -7.1373270957e-002 -5.6019757839e+000
51 9 18
2 6 264 107.6300 -8.8500 5 195 101.4600 -21.0100
3.0010705851e-001 1.2603888024e-001 -5.5956269618e+000
203 42 84
2 6 272 31.6300 15.8600 5 271 30.9200 9.9500
6.6767946030e-001 1.9157564532e-001 -5.6576854705e+000
115 4 13
2 6 276 76.3500 23.5100 5 274 73.4400 14.4300
-5.4582554213e-001 3.8942455653e-001 -4.6137747563e+000
212 160 172
2 6 279 -89.7600 58.2200 5 207 -54.8000 58.1000
-7.6236480132e-001 4.9917397204e-001 -4.5747921114e+000
188 226 254
2 6 283 -123.0700 75.2500 5 216 -87.5300 79.9900
-8.9896672174e-001 6.3316586039e-001 -4.5830961355e+000
243 231 243
2 6 290 -143.0700 95.1700 5 218 -108.1100 104.4900
2.0132999003e+000 -2.2723100638e+000 -1.1704974127e+001
104 96 105
2 6 345 116.3200 -130.1500 5 237 19.3600 -121.9100
1.7925091112e+000 -1.7671883572e+000 -1.2267120903e+001
75 54 61
2 6 349 99.3300 -96.0700 5 353 2.5000 -86.8300
-8.2065064389e-001 -1.7290460543e-001 -5.0321337169e+000
251 253 255
2 6 367 -119.6500 -23.8000 5 376 -111.6600 -22.9500
8.5195260613e-001 7.9224183607e-003 -5.6724799961e+000
222 196 212
2 6 386 98.4900 0.7500 5 382 91.9900 -9.7500
1.0823930875e+000 5.9673707742e-001 -5.4700780462e+000
102 6 13
2 6 406 131.1800 75.2400 5 591 135.1200 59.5100
-9.6916105974e-001 6.9526617357e-001 -4.5449515685e+000
173 111 132
3 6 423 -153.7200 105.8500 5 298 -118.9000 116.8000 8 474 160.2400 35.3400
5.6418210564e-001 9.3750549156e-001 -5.5827861827e+000
153 14 28
3 6 429 64.1400 116.5700 5 295 73.7100 108.3400 8 460 -33.3700 19.1600
-7.5157217951e-001 9.1201832940e-001 -4.6132935968e+000
157 123 142
2 6 431 -119.8500 136.1400 5 444 -79.8700 146.7100
9.8688360954e-001 1.5800255888e+000 -5.7289105247e+000
140 25 36
2 6 442 113.4400 189.2000 5 451 122.5600 177.5900
2.9232435950e+000 -3.1402683725e+000 -9.2485249971e+000
123 117 137
3 6 459 209.2100 -226.0400 5 463 116.5300 -221.7100 8 1162 -28.4900 225.8600
2.9232435950e+000 -3.1402683725e+000 -9.2485249971e+000
123 117 137
3 6 460 209.2100 -226.0400 5 464 116.5300 -221.7100 8 1161 -28.4900 225.8600
2.7012282575e+000 -3.2659462405e+000 -9.8973558103e+000
117 111 132
2 6 463 181.3000 -220.0200 5 467 85.9500 -214.5100
2.2687101691e+000 -3.0042309270e+000 -1.1026375794e+001
108 101 118
2 6 484 138.0000 -182.4600 5 482 40.0200 -175.1400
2.5350427215e+000 -2.5840267021e+000 -1.0210434454e+001
67 55 65
2 6 495 166.4300 -169.5200 5 489 73.7700 -165.1000
2.5350427215e+000 -2.5840267021e+000 -1.0210434454e+001
67 55 65
2 6 496 166.4300 -169.5200 5 490 73.7700 -165.1000
2.3018418232e+000 -2.3527697548e+000 -1.0956522062e+001
73 53 61
2 6 503 141.5800 -144.0300 5 495 47.1300 -137.8800
2.1248194042e+000 -9.1738566310e-001 -6.3257761040e+000
211 187 86
4 6 523 224.2400 -98.8200 5 500 181.4600 -110.9800 8 775 -89.8800 196.8700 4 485 267.0000 -91.5800
2.1865283919e+000 -7.0358863340e-001 -6.2237465176e+000
162 136 39
2 6 534 234.6500 -76.9400 5 351 194.6800 -91.5300
2.1474684667e+000 -6.7109007170e-001 -6.2971136752e+000
164 169 118
2 6 536 227.9400 -72.7000 5 521 187.7900 -86.4600
2.2249222660e+000 -4.7594144687e-001 -6.1058846623e+000
225 194 63
3 6 543 243.5100 -53.3500 5 366 207.0400 -69.7100 4 508 256.4900 -38.7300
2.2279659799e+000 -4.7640870864e-001 -6.1141203909e+000
225 194 63
2 6 544 243.5100 -53.3500 5 367 207.0400 -69.7100
1.4174423136e+000 2.1127060711e-001 -5.5465206101e+000
75 11 12
2 6 579 170.4900 24.9200 5 388 164.3600 9.0900
-4.6845994069e-001 2.4999698747e-001 -4.5951156053e+000
226 174 184
3 6 585 -78.5500 37.1400 5 820 -44.1600 34.6200 8 694 107.0500 110.9200
-8.0040525310e-001 3.7506249934e-001 -4.6258889198e+000
245 237 249
2 6 592 -127.4400 55.6100 5 408 -96.3500 60.1700
2.4736738851e+000 -3.4431542750e+000 -1.0464515470e+001
51 47 63
3 6 674 157.4100 -219.5200 5 470 59.3100 -212.6100 8 1084 15.7000 194.6700
2.9541385121e+000 -2.9735494655e+000 -9.1649892511e+000
104 99 117
2 6 677 213.5000 -216.1100 5 469 122.2600 -212.8600
2.8958332297e+000 -2.9790551686e+000 -9.3249228275e+000
115 100 121
2 6 681 205.9700 -213.0800 5 643 114.2200 -209.2800
2.7604335626e+000 -3.0710594811e+000 -9.6811113923e+000
32 30 45
3 6 683 189.5700 -211.6800 5 644 96.0100 -207.0400 8 1109 -15.3900 205.0700
2.6159273789e+000 -3.1489091330e+000 -1.0166043902e+001
115 109 126
2 6 694 171.4500 -207.0500 5 649 75.7900 -201.0300
2.3351734611e+000 -3.2619049663e+000 -1.0896384970e+001
113 109 127
2 6 701 143.3200 -200.1100 5 658 44.4600 -192.8200
2.3816839805e+000 -2.7921902069e+000 -1.0714946791e+001
116 108 123
2 6 732 149.1200 -174.5800 5 669 53.3600 -168.3800
2.4987763840e+000 -2.4331212688e+000 -1.0258918354e+001
112 104 121
2 6 755 163.5200 -159.0100 5 679 71.5900 -154.6400
2.0358799382e+000 -1.9967882148e+000 -1.1580571781e+001
107 91 101
2 6 787 119.0700 -115.3400 5 714 23.9400 -108.0400
2.0358799382e+000 -1.9967882148e+000 -1.1580571781e+001
107 91 101
2 6 788 119.0700 -115.3400 5 715 23.9400 -108.0400
2.4961775552e+000 -5.5043475566e-001 -5.4152615474e+000
208 105 132
2 6 804 305.2800 -69.6600 5 727 274.2300 -92.0300
2.4961775552e+000 -5.5043475566e-001 -5.4152615474e+000
208 105 132
2 6 805 305.2800 -69.6600 5 728 274.2300 -92.0300
2.5047195025e+000 -5.0276316904e-001 -5.4057632038e+000
209 98 134
2 6 808 306.9000 -63.8800 5 730 276.3900 -86.7300
2.5195779318e+000 -4.2679520718e-001 -5.3961297247e+000
208 95 122
2 6 810 309.3400 -54.4800 5 738 279.5500 -78.2400
2.2501351685e+000 -4.3402269593e-001 -6.0638761538e+000
167 135 16
2 6 816 247.9200 -49.0700 5 747 212.3500 -66.1400
2.2706241693e+000 -1.9100201421e-002 -6.0081495030e+000
167 136 16
2 6 847 252.8200 -2.5500 5 788 222.2600 -22.5800
2.2706241693e+000 -1.9100201421e-002 -6.0081495030e+000
167 136 16
2 6 848 252.8200 -2.5500 5 790 222.2600 -22.5800
9.1729023700e-001 2.9389647634e-002 -5.6226081855e+000
223 194 208
2 6 852 107.3600 3.3500 5 806 101.9300 -8.2100
2.4654651937e+000 8.8403786492e-002 -5.4932782898e+000
184 158 92
2 6 855 298.5300 9.9700 5 796 274.3400 -16.9700
2.2034307318e-001 6.5146146937e-001 -5.3927299801e+000
187 156 176
2 6 910 22.5700 83.7300 5 860 34.5600 79.4900
-6.8163542201e-001 8.9036909197e-001 -4.6242603172e+000
132 93 111
2 6 952 -109.2200 132.7700 5 884 -69.1100 141.4500
-2.4543532506e+000 3.0964234581e+000 -1.1875131410e+001
91 86 95
2 6 961 -139.8100 179.4700 5 627 -217.0500 222.2400
-2.4543532506e+000 3.0964234581e+000 -1.1875131410e+001
91 86 95
2 6 962 -139.8100 179.4700 5 628 -217.0500 222.2400
2.0826026022e+000 5.0543085715e-001 -6.3214622218e+000
149 88 70
2 7 25 230.1000 4.0700 5 29 193.5700 35.9600
-4.0813292405e-001 -2.9103778642e-001 -5.3181040285e+000
158 131 133
2 7 34 -22.5300 -84.1100 5 27 -58.8100 -39.3200
5.1029523808e-001 1.2902101586e+000 -5.7471221736e+000
18 7 6
2 7 61 90.1500 98.2900 5 84 64.1500 151.3000
-2.4525432164e+000 1.6948311808e+000 -1.2234930214e+001
124 104 114
2 7 90 -134.9400 98.5200 5 83 -224.1700 134.1000
1.8789316636e+000 -1.1047960130e+000 -6.7413422580e+000
217 202 91
2 7 98 185.0900 -143.4100 5 57 138.4200 -119.5900
-4.2981439233e-001 -1.4454864285e-001 -5.0099353627e+000
248 206 217
2 7 136 -24.3400 -71.3400 5 193 -53.3400 -23.7200
1.3400328201e+000 1.2371344545e-001 -5.4564137054e+000
131 25 22
2 7 139 182.7500 -40.8500 5 139 159.4900 -2.5000
-8.6187887359e-001 1.9605383279e-001 -4.6326946450e+000
223 160 169
2 7 142 -81.6300 -29.7100 5 101 -109.1300 31.7500
2.6278191679e-001 8.0417431790e-001 -5.5292426767e+000
231 42 72
2 7 156 62.7000 45.0200 5 109 36.6900 97.9300
1.4157662651e+000 1.2968049927e+000 -5.2852700030e+000
201 144 155
2 7 162 207.1600 97.0300 5 160 191.8400 144.2200
1.1549316742e+000 6.3185151540e-002 -5.4390398498e+000
134 59 62
2 7 198 161.9900 -47.2500 5 199 138.5800 -8.1700
9.8776742264e-001 6.1023801144e-002 -5.5235934099e+000
74 10 10
2 7 199 140.5300 -45.6800 5 98 114.9400 -5.8000
7.7036677788e-001 -2.2352632181e+000 -1.2171252314e+001
150 127 126
2 7 246 29.6200 -123.8200 5 240 -55.1800 -110.7400
2.5301085230e+000 -5.2446914079e-001 -5.3572850458e+000
255 62 100
3 7 247 310.2700 -121.4400 5 246 281.8000 -90.2800 8 394 -172.4700 224.9500
-7.3274473050e-001 3.0051335029e-001 -4.6143984128e+000
217 151 166
2 7 269 -62.8600 -16.4000 5 204 -86.3200 46.8900
1.9103191583e+000 -1.0324583739e+000 -6.7432398807e+000
234 210 88
2 7 353 188.4500 -136.9100 5 345 141.9200 -112.6100
2.2029724919e+000 -6.1025388579e-001 -6.1449699375e+000
243 216 79
3 7 358 239.6900 -110.9700 5 356 201.5800 -83.0900 8 530 -112.6100 182.7700
2.2354764594e+000 -5.0709117558e-001 -6.0641672584e+000
188 157 33
3 7 361 247.1600 -102.1300 5 361 210.0300 -74.0700 4 510 260.9000 -37.5400
2.2354764594e+000 -5.0709117558e-001 -6.0641672584e+000
188 157 33
3 7 362 247.1600 -102.1300 5 362 210.0300 -74.0700 4 509 260.9000 -37.5400
1.2303988578e+000 -3.2053589593e-001 -5.3296375586e+000
195 133 135
2 7 363 171.0000 -94.3800 5 180 148.0700 -58.4500
-9.9359108245e-001 2.5875033593e-001 -4.6890186658e+000
233 171 185
2 7 385 -98.9400 -19.3300 5 398 -130.1500 43.9500
-4.7671765491e-001 3.3888513185e-001 -4.6000439953e+000
187 125 131
3 7 387 -26.5600 -12.9100 5 404 -44.1800 48.9800 8 683 104.3700 98.9900
-5.1456823870e-001 4.0478893565e-001 -4.6085129775e+000
149 90 108
3 7 391 -31.2900 -3.7000 5 409 -49.4600 60.5200 8 503 106.8300 88.5500
-8.6406959969e-001 7.8289269616e-001 -4.5610506833e+000
184 119 134
2 7 424 -78.5400 52.7300 5 437 -99.6200 129.1200
2.1437689184e+000 -8.0501912553e-001 -6.2914817595e+000
240 219 94
4 7 521 226.7700 -126.4400 5 348 186.2700 -100.1000 8 766 -96.1600 190.1900 4 489 263.0000 -79.6500
2.1221368063e+000 -8.1212805551e-001 -6.3355164957e+000
185 193 135
2 7 522 223.0300 -126.0400 5 509 181.9900 -100.1500
2.1262418109e+000 -8.1385496831e-001 -6.3447497549e+000
185 193 135
3 7 523 223.0300 -126.0400 5 510 181.9900 -100.1500 4 792 259.5700 -84.7300
2.2108585689e+000 -7.2341780348e-001 -6.1588450443e+000
197 169 49
3 7 525 238.8900 -121.7000 5 350 200.1000 -94.8600 8 771 -108.8100 191.5100
-8.6905718992e-001 2.3388273678e-001 -4.6635263342e+000
255 216 220
2 7 564 -82.0100 -24.0900 5 395 -110.1100 38.1200
2.6012309512e+000 -2.9952641070e+000 -1.0116854144e+001
140 131 150
2 7 682 152.3400 -204.4000 5 657 76.9800 -192.8100
2.5155808196e+000 -2.6348788759e+000 -1.0281434558e+001
128 115 128
2 7 714 146.3200 -179.3200 5 670 70.8100 -166.9900
2.3619903976e+000 -2.7563986951e+000 -1.0755585151e+001
80 68 82
2 7 719 129.5700 -177.2900 5 671 51.7000 -165.5700
2.3046393415e+000 -2.7475685388e+000 -1.0838206226e+001
84 72 87
2 7 721 125.1800 -175.2700 5 673 46.8900 -163.4200
-1.2256200954e+000 -2.8759230442e+000 -1.3010334678e+001
85 46 56
2 7 755 -77.0100 -140.6600 5 339 -171.6900 -129.6000
2.1928201732e+000 -8.5245936699e-001 -6.1971099385e+000
200 173 44
4 7 763 234.5900 -133.5800 5 504 194.9600 -107.2700 8 1094 -101.3700 199.5500 4 796 274.4000 -75.1900
2.1539323872e+000 -8.3739057498e-001 -6.2594645980e+000
196 170 45
2 7 766 228.6600 -130.5400 5 508 188.3200 -104.2500
1.9397077780e+000 -2.0941194511e+000 -1.1840930073e+001
74 49 49
2 7 776 95.6200 -122.9000 5 502 14.3300 -110.1200
2.2242766009e+000 -3.5136294129e-001 -6.1065946266e+000
206 172 32
3 7 806 245.6500 -85.4700 5 533 208.4700 -56.7500 8 1025 -125.3500 163.8900
-6.8513835071e-001 -2.0366461141e-001 -5.0215562094e+000
250 240 251
2 7 813 -57.4100 -77.4200 5 547 -91.9500 -29.0100
-9.0945933051e-001 -2.2001772502e-001 -5.0419946189e+000
155 201 235
2 7 814 -86.3900 -77.3600 5 776 -125.5900 -28.8100
-9.1788725949e-001 -1.7369133964e-001 -4.9961065391e+000
119 141 190
2 7 816 -87.7000 -72.3500 5 377 -125.9800 -22.4700
1.2383621068e+000 -9.1750609021e-002 -5.3366047879e+000
236 173 181
2 7 822 173.7200 -67.4900 5 775 151.6600 -29.4900
-4.4272795004e-001 -3.1244989925e-002 -4.7663838749e+000
255 209 215
2 7 827 -24.8700 -61.3800 5 563 -48.2800 -9.4100
9.0863391952e-001 1.3604322354e-001 -5.6935240816e+000
150 41 66
2 7 854 127.5400 -34.4800 5 815 99.0300 5.3500
-6.5872452531e-001 3.7559914641e-001 -4.6174792041e+000
202 131 146
3 7 874 -51.9000 -6.3400 5 839 -73.1900 57.8700 8 677 128.3000 86.3400
3.4969059836e-001 6.2791760731e-001 -5.3744759982e+000
153 104 124
2 7 910 74.0900 23.9000 5 851 51.4400 74.4900
3.6383991387e-001 6.5224834661e-001 -5.3858075728e+000
247 224 229
2 7 916 75.7700 26.7100 5 601 53.0600 77.4600
-1.0386838784e+000 7.9444934761e-001 -4.6019915978e+000
249 196 203
2 7 951 -102.9000 55.6400 5 883 -128.8200 133.4600
9.0565811732e-001 5.0591936672e-001 -5.4746428061e+000
215 196 204
2 6 106 108.2300 63.3100 8 177 -55.5200 80.4300
1.8954032781e+000 -3.2241953247e+000 -1.2177535815e+001
53 44 53
2 6 490 104.7400 -177.2200 8 713 52.3600 131.3200
2.5547724000e+000 -3.5053204538e+000 -1.0296952958e+001
111 107 131
2 6 655 164.9600 -226.8300 8 1104 11.1100 203.9400
2.2953512149e+000 -3.4740022717e+000 -1.0967687544e+001
56 46 58
2 6 685 139.7500 -211.5600 8 1053 29.4900 179.0300
5.3329555587e-001 1.0681012772e+000 -5.5934292890e+000
142 34 59
2 6 950 60.6400 131.9500 8 866 -35.3100 3.9600
4.9458489121e-001 1.0756778258e+000 -5.5867899155e+000
140 30 54
2 6 953 55.8200 133.0000 8 863 -31.7100 2.0000
1.4092004806e-001 8.8742132287e-001 -5.5640811525e+000
238 44 79
2 7 37 48.5500 56.1300 8 37 15.3000 11.3600
1.6293264372e+000 2.8946554027e+000 -7.3355305494e+000
141 135 154
2 7 66 169.3200 220.8800 8 60 -151.9100 -166.6100
-1.9235030111e+000 1.9981205724e+000 -1.1603893024e+001
121 100 115
2 7 166 -108.9200 117.9400 8 103 167.9300 -199.9600
-2.6371716503e-002 7.5205506125e-001 -5.4738827731e+000
107 3 7
2 7 215 28.7000 41.2400 8 163 38.0400 23.9000
-2.8357671419e+000 1.0310990740e+000 -1.2506290822e+001
116 95 104
2 7 216 -155.4200 62.6700 8 143 231.9400 -162.9700
1.3037615913e+000 1.0334536622e+000 -5.8381647933e+000
215 42 64
2 7 217 172.3300 63.6000 8 164 -105.7300 24.3600
5.1578879121e-002 1.2755671535e+000 -5.7698511989e+000
181 26 39
2 7 224 38.3700 100.2600 8 152 13.4100 -40.9700
1.3657257678e-001 5.6251429210e-001 -5.3829431546e+000
104 39 63
2 7 280 48.4300 17.4500 8 229 26.0600 54.2700
8.5290887078e-001 7.0060276275e-001 -5.5709608277e+000
234 44 79
2 7 289 128.5300 29.4000 8 485 -54.7800 54.5000
4.2363770095e-001 8.6871071541e-001 -5.5503890802e+000
181 35 56
2 7 297 81.3000 51.9800 8 320 -15.8600 23.5100
5.7660989395e-001 1.0812979680e+000 -5.5908061855e+000
188 28 41
2 7 300 99.0600 75.3600 8 315 -40.9000 4.0700
6.0689615051e-001 1.6686041641e+000 -5.8658180684e+000
96 5 3
2 7 320 100.5200 138.8200 8 203 -60.5200 -66.1000
2.6328939191e+000 -3.3500702641e+000 -1.0092817362e+001
128 117 138
2 7 329 152.8000 -226.2300 8 543 1.7900 203.8500
1.1291178490e+000 -2.9338179577e-001 -5.3425904515e+000
244 181 189
2 7 364 158.9500 -90.7100 8 527 -48.7100 174.0200
2.0039967988e-001 5.4487742964e-001 -5.3887571054e+000
150 99 104
2 7 399 55.7000 14.8700 8 488 19.3900 58.0600
1.5237005789e+000 1.2636032820e+000 -5.2838623399e+000
185 130 132
2 7 432 219.1900 91.8800 8 467 -160.1800 27.0500
1.3993853029e-001 1.2207870522e+000 -5.6412516067e+000
116 3 7
2 7 433 49.0800 94.3500 8 311 2.7000 -28.2600
5.1481972425e-001 1.3850883397e+000 -5.8250900204e+000
179 29 36
2 7 436 89.5400 108.5400 8 447 -40.2800 -37.8500
-3.4362642734e-001 1.7338856463e+000 -9.5533496614e+000
6 6 4
2 7 438 -14.9800 110.0400 8 424 71.0400 -142.2300
6.5252649613e-001 1.6564328185e+000 -5.8354614485e+000
211 40 57
2 7 443 106.0200 137.5600 8 445 -65.7800 -62.4800
1.3083278594e+000 2.5110136147e+000 -7.9936853145e+000
19 14 17
2 7 451 126.7700 178.1100 8 294 -94.3900 -147.6300
1.6457895027e+000 -4.6069825368e+000 -1.2980781890e+001
92 88 103
2 7 466 61.9300 -230.2400 8 740 88.4300 168.0500
2.0814710722e+000 -3.9393421294e+000 -1.1642906941e+001
117 113 130
2 7 469 98.0600 -224.2800 8 753 52.5500 178.8400
2.0306043745e+000 -3.2857982762e+000 -1.1736188235e+001
74 62 78
2 7 486 97.0600 -188.1500 8 727 44.5400 146.4700
2.0306043745e+000 -3.2857982762e+000 -1.1736188235e+001
74 62 78
2 7 487 97.0600 -188.1500 8 726 44.5400 146.4700
2.2057424368e+000 -5.5713313544e-001 -6.1444381126e+000
246 219 83
2 7 529 240.4300 -105.6200 8 752 -114.9500 178.5800
-4.9486307705e-001 3.1887124057e-001 -4.5932843872e+000
247 197 208
2 7 568 -29.3000 -15.7500 8 685 107.7400 101.2400
4.6566997201e-001 8.5894365608e-001 -5.5694794245e+000
231 195 215
2 7 595 85.6800 50.5000 8 638 -19.6500 25.2700
-3.4031014128e-001 1.6757296652e+000 -9.5776508691e+000
72 59 60
2 7 606 -15.2100 105.7200 8 576 72.1300 -138.2100
-6.3580879081e-001 1.7330907882e+000 -1.0138365067e+001
14 12 15
2 7 607 -35.3100 107.0500 8 573 93.2400 -152.0100
1.6106510861e+000 2.4108311380e+000 -7.4476633667e+000
114 95 81
2 7 628 162.9900 176.8200 8 579 -130.3200 -126.1500
2.6214634246e+000 -3.3936479362e+000 -1.0162773384e+001
124 118 149
2 7 654 150.7100 -227.1600 8 1102 3.9400 203.5900
2.8676845603e+000 -3.0437752710e+000 -9.4094793019e+000
142 138 159
2 7 659 181.7000 -224.1700 8 1135 -25.4300 214.3000
1.7951478475e+000 -4.2659307905e+000 -1.2525622990e+001
107 103 120
2 7 662 73.7500 -222.8800 8 1031 75.0700 166.7500
2.2929183685e+000 -3.2321713090e+000 -1.0990730300e+001
116 110 129
2 7 687 120.2400 -199.6900 8 1032 25.2400 166.9500
1.8251068772e+000 -3.1753522302e+000 -1.2310565726e+001
110 102 119
2 7 728 81.0800 -172.4500 8 979 55.6000 125.2100
-8.8767937730e-001 3.0007400870e-001 -4.6385966354e+000
229 166 184
2 7 866 -84.3800 -15.0300 8 950 163.7500 86.0900
-5.1590164373e-001 4.3375065178e-001 -4.6374041910e+000
196 138 152
2 7 881 -31.3200 0.9600 8 946 105.8800 83.1800
-6.6273177485e-001 6.7666887227e-001 -4.5514701001e+000
198 130 142
2 7 933 -50.5400 36.0100 8 915 115.5600 49.9900
-9.3280446718e-001 7.1301340248e-001 -4.5367641694e+000
195 122 141
2 7 941 -89.0300 43.3100 8 645 153.5800 34.4400
-7.4773343243e-001 7.3665694665e-001 -4.5402173177e+000
218 164 175
2 7 943 -62.2500 45.2900 8 648 125.2700 38.8600
4.5473597930e-001 9.1585485095e-001 -5.5657270034e+000
234 151 171
2 7 952 84.8600 57.2200 8 887 -20.9300 18.8600
5.8351543899e-001 1.0614328982e+000 -5.5938027332e+000
159 29 51
2 7 962 99.9700 73.1200 8 622 -40.3900 6.4000
4.0335104052e-001 1.0479698482e+000 -5.5759008340e+000
243 209 229
2 7 963 79.6100 72.9600 8 864 -20.5700 2.2900
4.4582213472e-001 1.0625607654e+000 -5.5811005132e+000
225 203 227
2 7 966 84.3800 74.2800 8 862 -25.8500 1.9700
1.1706253483e-001 1.6125358319e+000 -5.8804816385e+000
127 2 0
2 7 985 45.9100 136.0100 8 606 -5.7500 -78.3500
2.5304261382e+000 -2.6234466367e-001 -5.3252746522e+000
227 157 174
2 5 123 287.8800 -60.4400 8 272 -185.1600 203.5400
2.5350338653e+000 -2.6402328576e-001 -5.3328963132e+000
227 157 174
3 5 124 287.8800 -60.4400 8 271 -185.1600 203.5400 4 179 302.1200 45.3200
2.6024900157e+000 -2.0412369704e-001 -5.4904720157e+000
217 37 44
2 5 127 283.4300 -51.5900 8 266 -187.3700 190.8100
2.5558528822e+000 -3.1529884383e-001 -5.2876884491e+000
213 37 57
2 5 177 292.1400 -67.4100 8 277 -186.9400 211.1000
2.5653746363e+000 -2.3452996401e-001 -5.2620128377e+000
215 38 58
2 5 179 296.1500 -58.3800 8 386 -192.4200 205.4600
2.5434151905e+000 -1.7881757870e-001 -5.2999956669e+000
221 180 190
3 5 182 292.0500 -50.8300 8 268 -191.0900 197.9200 4 252 298.5400 54.0100
2.5207366490e+000 -3.8033579638e-002 -5.3190642847e+000
214 39 52
3 5 188 290.5200 -33.8500 8 261 -194.3000 183.4300 4 256 285.9800 61.0900
2.5696104528e+000 1.4305252654e-001 -5.1902934893e+000
220 188 205
3 5 197 307.1500 -14.3700 8 369 -213.0900 174.4800 4 377 283.3600 84.3800
2.5866036758e+000 -1.8336682853e-001 -5.1807714742e+000
210 98 45
2 5 254 305.0800 -53.7100 8 544 -200.2500 205.9400
-3.0528405267e+000 -5.5075667952e-001 -1.4798122546e+001
103 100 125
2 5 272 -251.5100 9.5900 8 597 245.4600 -98.1300
-6.9260783881e-001 6.6828937537e-001 -4.5442921427e+000
220 166 180
2 5 294 -72.7500 107.1800 8 333 120.3000 50.2400
2.8052658945e+000 -2.9808055026e+000 -9.6492453092e+000
87 79 92
2 5 328 100.7500 -202.1300 8 780 -19.7800 201.8400
2.1660935851e+000 -9.9026817040e-001 -6.2400178408e+000
175 148 39
3 5 343 188.7800 -119.8600 8 785 -92.8500 208.1400 4 487 279.5400 -90.2900
2.1865544684e+000 -6.3702928057e-001 -6.2149523337e+000
162 134 36
2 5 355 196.0000 -84.5800 8 757 -108.1700 181.2200
2.2218542849e+000 -5.1463885641e-001 -6.1238880750e+000
213 182 65
2 5 363 205.4600 -73.5500 8 528 -118.4700 176.4500
2.5738725052e+000 -3.1638218540e-001 -5.2102856709e+000
218 37 51
2 5 368 299.8000 -69.0300 8 795 -191.7200 216.0200
-3.0690061021e+000 -5.8098454956e-001 -1.4961623604e+001
105 101 122
2 5 387 -251.0700 8.5100 8 598 245.4600 -98.1300
2.1717051475e+000 5.4568922211e-001 -6.2397552913e+000
135 83 24
2 5 396 206.4100 39.4200 8 495 -150.3700 79.8300
-2.2638856898e+000 3.9923065838e-001 -1.2223558412e+001
30 22 27
2 5 406 -219.9200 55.7000 8 430 212.6200 -115.9500
-2.2638856898e+000 3.9923065838e-001 -1.2223558412e+001
30 22 27
2 5 407 -219.9200 55.7000 8 429 212.6200 -115.9500
4.1751778307e-001 1.1318885575e+000 -5.5869701470e+000
205 168 181
2 5 439 57.8200 135.8900 8 617 -25.3200 -6.8900
4.1751778307e-001 1.1318885575e+000 -5.5869701470e+000
205 168 181
2 5 440 57.8200 135.8900 8 618 -25.3200 -6.8900
9.7456655979e-001 1.6297341806e+000 -5.7058824072e+000
144 21 29
2 5 452 122.4700 184.3200 8 612 -102.6700 -44.8000
2.7191979487e+000 -3.4933399630e+000 -9.8554376861e+000
56 54 64
2 5 457 86.3600 -229.8200 8 1146 -2.3800 219.8100
2.2031568556e+000 -7.7090877080e-001 -6.1682622077e+000
159 131 35
2 5 511 198.3300 -99.4400 8 1086 -106.0900 194.6700
2.2031568556e+000 -7.7090877080e-001 -6.1682622077e+000
159 131 35
2 5 512 198.3300 -99.4400 8 1085 -106.0900 194.6700
2.2412967353e+000 -4.7241648443e-001 -6.0684085150e+000
172 142 32
3 5 529 210.7000 -70.1200 8 1049 -123.4600 176.0300 4 1234 259.1500 -35.2400
2.5594912577e+000 -5.9999480700e-002 -5.2364474768e+000
221 186 200
2 5 541 299.7800 -37.9700 8 1077 -200.9400 190.8700
2.5618427414e+000 -1.4091409207e-002 -5.2166900039e+000
228 178 201
2 5 544 302.1700 -32.7600 8 1070 -204.0900 187.7500
2.5358622332e+000 1.4525790291e-002 -5.2889913087e+000
229 167 175
3 5 548 294.7300 -28.3300 8 1058 -199.5300 180.3900 4 1336 285.0100 67.3200
2.5358622332e+000 1.4525790291e-002 -5.2889913087e+000
229 167 175
3 5 549 294.7300 -28.3300 8 1057 -199.5300 180.3900 4 1337 285.0100 67.3200
2.5730225554e+000 1.7694135687e-001 -5.1716742833e+000
208 42 65
3 5 560 309.3500 -10.5600 8 1045 -216.1100 172.5400 4 887 281.8600 88.0300
2.5878109687e+000 2.7243082756e-001 -5.1505571760e+000
190 71 99
2 5 568 313.6400 0.8600 8 1028 -222.7000 164.8400
2.5878109687e+000 2.7243082756e-001 -5.1505571760e+000
190 71 99
2 5 569 313.6400 0.8600 8 1029 -222.7000 164.8400
-8.8677545810e-001 2.7702790451e-001 -4.6398409113e+000
230 170 184
2 5 586 -112.2400 45.4400 8 952 164.3800 89.0600
-1.8939589280e+000 5.6528471038e-001 -1.1658794617e+001
39 29 37
2 5 595 -198.9300 64.7400 8 587 192.2600 -114.6100
-1.8939589280e+000 5.6528471038e-001 -1.1658794617e+001
39 29 37
2 5 596 -198.9300 64.7400 8 586 192.2600 -114.6100
-7.3992025648e-001 4.5002783229e-001 -4.5920543359e+000
166 140 175
2 5 597 -84.8400 71.5400 8 669 136.6100 74.9300
-1.0681623273e+000 6.3224157325e-001 -4.5650120216e+000
177 111 130
2 5 608 -136.4200 107.9200 8 647 176.6000 38.4600
3.6705574123e-001 9.1226953723e-001 -5.5511367600e+000
147 25 40
2 5 609 50.2900 109.4700 8 885 -11.5600 16.8000
3.9508323991e-001 9.2631449062e-001 -5.5565994960e+000
183 112 129
2 5 611 53.8000 110.7300 8 882 -14.9900 15.9700
5.6865400776e-001 1.0078946545e+000 -5.5845302676e+000
132 8 22
2 5 613 74.9800 117.8300 8 627 -36.2800 11.8200
2.7967248308e+000 -2.8991658941e+000 -9.5543707949e+000
41 31 41
2 5 652 102.5400 -198.8700 8 1097 -22.8300 200.9800
2.1617749652e+000 -8.9796871521e-001 -6.2564008375e+000
205 177 65
2 5 713 188.4300 -110.5400 8 1093 -95.6000 199.5400
2.5402585934e+000 -2.8295885839e-001 -5.3101683992e+000
234 185 202
2 5 748 289.4100 -63.1300 8 1111 -186.0200 206.5900
2.5325804382e+000 -1.8847268759e-001 -5.3179482273e+000
230 182 190
2 5 756 289.4200 -51.8600 8 1089 -189.1200 197.4400
2.5542349811e+000 -3.2188419968e-002 -5.2493493201e+000
190 82 110
3 5 770 298.7900 -34.4600 8 1069 -200.9900 187.3900 4 1338 291.4600 68.1200
2.5542349811e+000 -3.2188419968e-002 -5.2493493201e+000
190 82 110
3 5 771 298.7900 -34.4600 8 1068 -200.9900 187.3900 4 1339 291.4600 68.1200
2.5862170143e+000 1.9510033716e-001 -5.1446126286e+000
250 156 168
2 5 804 312.9300 -8.5300 8 1047 -219.2900 172.5500
2.5862170143e+000 1.9510033716e-001 -5.1446126286e+000
250 156 168
2 5 805 312.9300 -8.5300 8 1046 -219.2900 172.5500
2.5640472015e+000 5.7395745980e-002 -5.2228239263e+000
231 165 179
2 5 134 302.9500 -24.1800 4 261 287.2600 76.1400
2.5640472015e+000 5.7395745980e-002 -5.2228239263e+000
231 165 179
2 5 135 302.9500 -24.1800 4 260 287.2600 76.1400
2.5455824326e+000 -1.7728157801e-001 -5.3023574054e+000
221 180 190
2 5 183 292.0500 -50.8300 4 251 298.5400 54.0100
2.5768853489e+000 -2.1645403480e-003 -5.1860677890e+000
207 46 66
2 5 260 306.2600 -31.8800 4 569 293.9700 75.9100
2.5375782592e+000 -9.8453609824e-002 -5.3056050552e+000
228 185 199
2 5 371 292.1900 -41.5000 4 561 292.1000 58.6900
2.3952677837e+000 -5.5743308043e-001 -5.6994999609e+000
164 134 16
2 5 520 245.7900 -86.6500 4 825 294.2300 -8.7900
2.2346386743e+000 -5.4446307767e-001 -6.0910474024e+000
154 125 24
2 5 527 207.9500 -77.2300 4 810 262.3500 -42.4500
2.5386539041e+000 -3.4097793841e-001 -5.3394119774e+000
229 182 199
2 5 531 286.5800 -69.4600 4 858 307.7900 39.7300
2.2374224618e+000 -2.3070841001e-001 -6.0630152958e+000
164 134 26
2 5 539 213.4800 -44.3900 4 817 243.8700 -17.7000
2.3827304686e+000 -7.0600713593e-001 -5.7623951190e+000
159 131 23
2 5 718 238.8700 -101.7300 4 1237 300.6600 -25.3300
2.4953884740e+000 -4.8958678863e-001 -5.4506612208e+000
206 64 74
2 5 733 272.4600 -84.2800 4 1281 309.7500 19.0700
2.4302801022e+000 -2.4603563719e-001 -5.6004891370e+000
175 143 24
2 5 754 259.4000 -53.6000 4 1291 280.3100 21.9600
2.5509757139e+000 -8.5204250437e-002 -5.2695772054e+000
194 79 112
2 5 762 296.3300 -40.5200 4 1324 293.8900 62.9000
2.5443737492e+000 3.2644905668e-002 -5.2620770523e+000
199 76 92
2 5 782 297.6900 -26.4900 4 1341 285.7000 70.9400
2.5810659096e+000 1.5103987077e-001 -5.1580976249e+000
233 168 187
2 5 799 310.7400 -13.6900 4 1372 285.1500 87.8300
2.5438807018e+000 2.2073330143e-001 -5.2167944820e+000
255 59 95
2 8 137 -212.9300 165.0300 4 148 275.1900 86.5000
2.5747731117e+000 1.0388787058e-002 -5.2591802564e+000
226 168 192
2 8 192 -204.2200 183.2600 4 185 289.8600 70.0500
2.6433531244e+000 3.8463670942e-001 -4.9793573822e+000
250 146 73
2 8 259 -242.1800 164.5900 4 392 282.4100 118.2100
2.6060895709e+000 2.1515280482e-001 -5.1022111521e+000
255 63 106
2 8 368 -224.2000 173.4100 4 384 285.4000 96.9400
2.5872264023e+000 1.3915847805e-001 -5.1193767288e+000
255 65 107
2 8 377 -217.9900 179.2100 4 381 288.3500 90.8100
-7.5575337522e-001 1.0253940328e+000 -9.9665147966e+000
67 52 60
2 8 441 116.5200 -106.2400 4 300 -119.3000 -211.4900
2.4876248121e+000 1.2367373383e+000 -4.7992523658e+000
252 200 98
2 8 944 -281.6200 81.4600 4 1529 223.3600 177.5000
2.5920416457e+000 2.8412241730e-001 -5.1161025229e+000
255 198 213
2 8 1030 -225.3300 165.5600 4 1392 279.2000 99.6600
2.5763589514e+000 2.1785033738e-001 -5.1575764459e+000
247 69 109
2 8 1040 -218.9800 169.5900 4 1373 280.1700 91.7500
