# Bundle file v0.3
9 492
0 0 0
0 0 0
0 0 0
0 0 0
0 0 0
0 0 0
0 0 0
0 0 0
0 0 0
0 0 0
0 0 0
0 0 0
0 0 0
0 0 0
0 0 0
0 0 0
0 0 0
0 0 0
0 0 0
0 0 0
0 0 0
0 0 0
0 0 0
0 0 0
0 0 0
6.8252829636e+002 -1.3902727064e-001 -2.7134203224e-002
9.7111172261e-001 9.5039937592e-002 2.1888223427e-001
-8.5014038503e-002 9.9487171954e-001 -5.4798493817e-002
-2.2296779022e-001 3.4607397035e-002 9.7421131824e-001
1.1589130814e+000 -3.2352726614e-001 1.7637921734e-001
6.8171896594e+002 -1.2345962507e-001 -3.7404034352e-002
9.9997085654e-001 3.4857219674e-003 -6.7923343168e-003
-3.5339433357e-003 9.9996854758e-001 -7.1003588960e-003
6.7673708045e-003 7.1241556916e-003 9.9995172338e-001
-8.7993789435e-002 -3.5378655401e-002 1.1264068657e-001
6.8194327932e+002 -1.3805293164e-001 1.9309495613e-002
9.9736032413e-001 5.4915297727e-002 4.7504672582e-002
-5.2234968355e-002 9.9706711610e-001 -5.5934551696e-002
-5.0437009452e-002 5.3305497541e-002 9.9730368094e-001
4.8055897103e-001 -7.0665946350e-001 -2.7438080705e-001
6.8014974055e+002 -1.3052072288e-001 -1.9261117426e-002
-9.2461437548e-001 -3.4202390723e-001 -1.6765411877e-001
2.8971136922e-001 -9.1722565468e-001 2.7343083393e-001
-2.4729654102e-001 2.0424677545e-001 9.4716824034e-001
-3.7342414653e-001 2.3785325251e+000 -4.7606040709e-001
1.8925157791e+000 -1.1239999658e+000 -6.7715377202e+000
203 182 70
3 6 347 186.6000 -113.1100 7 506 185.2800 -144.2900 5 342 138.2400 -120.9400
2.1694019930e+000 -8.6118310809e-001 -6.2278941215e+000
221 195 83
4 6 526 232.6400 -94.3100 7 513 231.1000 -133.6500 5 506 191.1500 -107.3000 8 776 -98.2500 198.0900
2.1694019930e+000 -8.6118310809e-001 -6.2278941215e+000
221 195 83
4 6 525 232.6400 -94.3100 7 512 231.1000 -133.6500 5 505 191.1500 -107.3000 8 777 -98.2500 198.0900
2.1887706093e+000 -8.5110928004e-001 -6.1902715225e+000
177 153 51
4 6 796 235.9500 -93.7400 7 762 234.5900 -133.5800 5 503 194.9600 -107.2700 8 1095 -101.3700 199.5500
2.1888001644e+000 -7.5062008994e-001 -6.2064173531e+000
214 189 76
4 6 533 235.6400 -82.6300 7 524 234.7100 -123.2100 5 349 195.4300 -96.4200 8 769 -104.5700 190.7000
2.1777745141e+000 -7.8965923654e-001 -6.2118756927e+000
215 192 85
4 6 799 234.1800 -86.7600 7 771 233.2600 -126.9300 5 722 193.5500 -100.3200 8 1082 -102.0100 193.3800
2.5044825887e+000 -4.6520777878e-001 -5.3870492254e+000
226 181 185
3 6 184 308.2200 -59.3600 7 187 306.7600 -113.6100 5 170 278.3900 -82.7800
2.1510745095e+000 -9.5612304369e-001 -6.2707981941e+000
212 189 70
4 6 348 228.6400 -104.2600 7 351 227.0900 -141.5900 5 344 186.2100 -116.0100 8 542 -92.3200 203.0400
2.1974249109e+000 -6.7490000355e-001 -6.1768688068e+000
215 190 73
4 6 350 237.6400 -74.5900 7 357 237.4500 -116.4200 5 352 198.5300 -89.3100 8 531 -109.1600 186.2400
1.8966885992e+000 -1.0857614877e+000 -6.7804969060e+000
41 28 0
3 6 790 186.9300 -109.1500 7 753 185.5800 -140.7200 5 704 138.6900 -116.9400
1.8966885992e+000 -1.0857614877e+000 -6.7804969060e+000
41 28 0
3 6 791 186.9300 -109.1500 7 754 185.5800 -140.7200 5 705 138.6900 -116.9400
2.5167774090e+000 -3.5361362075e-001 -5.3868719999e+000
234 192 195
3 6 549 309.9200 -45.2700 7 531 309.3300 -101.2900 5 530 281.0800 -69.8400
2.5089491236e+000 -4.0299264330e-001 -5.4029716331e+000
240 179 181
3 6 813 308.0100 -51.3500 7 787 307.1300 -106.4500 5 741 278.5100 -75.1800
-8.4451531716e-001 4.9951345658e-001 -4.5729793975e+000
22 27 46
3 6 52 -136.5200 75.6800 7 55 -78.7900 13.0000 5 30 -102.4300 82.8000
-8.4304366807e-001 4.9992600472e-001 -4.5726513341e+000
22 27 46
4 6 53 -136.5200 75.6800 7 56 -78.7900 13.0000 5 31 -102.4300 82.8000 8 77 149.6400 63.8600
-8.4304366807e-001 4.9992600472e-001 -4.5726513341e+000
22 27 46
4 6 54 -136.5200 75.6800 7 57 -78.7900 13.0000 5 32 -102.4300 82.8000 8 76 149.6400 63.8600
-8.1136475868e-001 -2.3688459938e-001 -5.0494454099e+000
23 24 28
3 6 69 -118.7600 -32.0200 7 72 -75.0000 -79.6900 5 44 -112.5200 -31.6400
8.8251013529e-001 5.1348459578e-002 -5.6614990255e+000
210 177 196
3 6 47 101.8400 6.4900 7 51 125.1200 -43.7100 5 46 95.9400 -4.6500
8.8383355443e-002 3.3640498579e-001 -5.5298820567e+000
144 19 27
4 6 51 5.2000 42.7500 7 82 38.7800 -8.4300 5 49 8.8000 40.8200 8 95 43.6400 69.8400
-8.8910113994e-001 6.1209949437e-001 -4.5954954390e+000
201 211 244
4 6 82 -142.6700 92.1100 7 86 -84.0400 29.3100 5 50 -107.6500 101.9400 8 89 152.4300 45.2800
1.0455549232e+000 -9.5651273731e-003 -5.4878346436e+000
173 109 126
3 6 137 125.8900 0.0900 7 102 147.3800 -53.9900 5 67 121.9300 -16.6700
1.0134939714e+000 5.5403777279e-001 -5.5197839929e+000
213 194 208
3 6 77 121.3100 70.0300 7 83 147.1100 11.8300 5 74 123.8500 55.3800
1.0134939714e+000 5.5403777279e-001 -5.5197839929e+000
213 194 208
3 6 78 121.3100 70.0300 7 84 147.1100 11.8300 5 75 123.8500 55.3800
3.8969033502e-001 4.7683906158e-001 -5.4009916101e+000
73 2 3
3 6 104 43.5200 61.2500 7 110 77.2200 6.3200 5 76 52.9600 54.8300
-8.2820838726e-001 3.7484751358e-001 -4.6275089266e+000
190 201 238
3 6 76 -132.4400 56.2900 7 109 -77.1900 -4.1700 5 77 -102.1300 61.2400
4.7933049116e-001 9.7007059313e-001 -5.5639410753e+000
163 18 29
3 6 112 53.8700 121.3600 7 114 87.7000 64.2300 5 111 63.6800 115.4300
2.3234712074e+000 -1.1127111813e+000 -5.8801692091e+000
202 197 105
3 6 130 262.0300 -128.7200 7 131 257.7300 -168.6600 5 116 220.9600 -142.5300
3.2870111511e-002 4.3412276362e-001 -5.4971940011e+000
224 55 95
3 6 142 -1.9600 55.0100 7 202 32.6700 3.5800 5 148 3.8900 54.2200
3.2870111511e-002 4.3412276362e-001 -5.4971940011e+000
224 55 95
3 6 143 -1.9600 55.0100 7 203 32.6700 3.5800 5 149 3.8900 54.2200
8.4262488023e-001 5.4692548864e-001 -5.5204901962e+000
95 0 2
3 6 148 99.7600 69.1500 7 150 127.7900 12.1200 5 150 103.7200 56.8800
-5.3795137009e-001 4.2773807706e-001 -4.6483855760e+000
108 54 70
3 6 147 -88.6900 64.0700 7 148 -35.6400 0.9500 5 151 -54.9600 65.0800
1.8750874947e-001 6.3121798348e-001 -5.4165273968e+000
218 203 221
3 6 152 17.7300 81.4300 7 152 53.7800 25.9700 5 153 28.5700 77.8600
-8.9164701272e-001 4.9934458886e-001 -4.5533248706e+000
17 20 27
3 6 151 -143.7200 76.1100 7 206 -86.2700 12.5800 5 154 -110.0700 84.2400
4.2370436574e-001 1.0597837029e+000 -5.5700405769e+000
171 150 172
4 6 158 46.6800 132.2400 7 160 81.7200 75.0400 5 159 57.8300 127.6300 8 160 -23.6000 0.6600
2.5044825887e+000 -4.6520777878e-001 -5.3870492254e+000
226 181 185
3 6 185 308.2200 -59.3600 7 188 306.7600 -113.6100 5 171 278.3900 -82.7800
9.7184897141e-001 1.5276416191e-001 -5.7187789366e+000
99 3 5
3 6 139 112.1900 19.0000 7 141 133.5200 -32.2400 5 202 104.9900 7.0500
-4.5351986566e-001 2.9897647596e-001 -4.5967766497e+000
156 98 112
4 6 204 -77.4400 45.4100 7 267 -24.4800 -18.2200 5 203 -42.0100 42.7700 8 353 103.7300 103.7400
1.0520600800e+000 6.4117739388e-001 -5.5190535804e+000
45 10 7
3 6 214 125.7400 80.4100 7 151 152.5800 22.0300 5 208 129.4400 65.9400
1.4833674300e-001 5.5995585449e-001 -5.3995170655e+000
82 11 26
3 6 209 12.9700 72.5900 7 281 48.4300 17.4500 5 210 23.3300 69.1700
-5.5325146288e-001 4.6999046827e-001 -4.6378000295e+000
235 181 194
3 6 208 -91.0600 70.9300 7 275 -37.4500 6.7200 5 211 -56.6700 72.0300
-9.3148891786e-001 4.5006779956e-001 -4.5986749538e+000
183 230 255
4 6 280 -149.1700 67.6200 7 276 -91.3800 6.7000 5 215 -117.5900 75.8000 8 340 164.8500 65.2600
9.6862069418e-001 -2.4227023334e-002 -5.6170432176e+000
66 13 22
3 6 384 113.6800 -2.4400 7 377 134.6200 -53.5200 5 264 106.9900 -15.3900
1.2469728002e+000 8.9053654492e-002 -5.5189494477e+000
95 35 39
3 6 269 150.5900 11.3300 7 260 169.3700 -43.5700 5 267 145.0000 -4.7500
1.1254878065e+000 9.5383990061e-002 -5.5728943971e+000
172 101 113
3 6 389 133.9300 11.7800 7 261 154.3400 -41.2100 5 268 128.6500 -2.2500
7.3455920402e-001 1.6057621286e-001 -5.6808145730e+000
111 13 20
3 6 275 83.9800 19.6500 7 265 107.9400 -30.0500 5 273 79.8700 10.4500
2.0707935789e+000 3.3330717534e-001 -6.4331728804e+000
147 111 51
3 6 277 216.2500 35.8300 7 388 224.0600 -12.4600 5 275 184.9800 19.3900
9.2385683538e-001 5.9052847625e-001 -5.5159724068e+000
104 11 16
3 6 282 110.3100 74.3300 7 279 137.0200 16.5700 5 286 114.2200 61.6600
-5.9463663891e-002 5.9138446586e-001 -5.4112212351e+000
106 9 21
3 6 284 -13.8700 76.3700 7 285 23.5400 22.9100 5 287 -3.5000 76.2400
-8.5511738525e-001 4.6802646107e-001 -4.5876391013e+000
255 254 254
4 6 281 -137.4800 70.8400 7 277 -80.3100 8.8500 5 288 -105.0000 77.5100 8 341 153.5300 66.9600
-8.6507509084e-001 7.4247973147e-001 -4.5401292234e+000
224 166 176
4 6 296 -140.0200 113.4000 7 295 -80.4300 48.0300 5 300 -101.7300 123.9500 8 327 143.1400 31.6300
-8.9740266283e-001 7.4065444279e-001 -4.5471767575e+000
227 167 179
3 6 427 -144.8000 112.9700 7 420 -85.1200 47.8800 5 301 -107.0800 124.0500
-1.0035098289e+000 7.3910386090e-001 -4.5547278378e+000
133 74 96
3 6 621 -160.5600 112.1700 7 421 -100.0800 48.4700 5 302 -125.0500 125.9200
4.5352063278e-001 1.1079369917e+000 -5.5628109217e+000
161 21 32
4 6 301 50.6900 138.3900 7 301 85.6600 80.4200 5 303 62.3000 133.5100 8 312 -28.8200 -3.3500
1.5841190448e+000 1.2543491081e+000 -5.3092983589e+000
69 31 28
3 6 220 198.3700 161.6700 7 218 225.5300 90.8900 5 304 208.4600 136.3000
1.5841190448e+000 1.2543491081e+000 -5.3092983589e+000
69 31 28
3 6 221 198.3700 161.6700 7 219 225.5300 90.8900 5 305 208.4600 136.3000
2.6917477630e+000 -2.8384955171e+000 -9.8433995607e+000
59 47 61
3 6 332 182.6200 -192.8900 7 334 163.5400 -201.2600 5 331 89.7800 -189.0300
2.2943745900e+000 -2.2338471775e+000 -1.0839327682e+001
121 117 134
3 6 509 142.7700 -138.2400 7 504 127.0100 -145.6700 5 337 49.5900 -132.9200
9.2886582165e-001 -3.5941489537e-002 -5.6541269627e+000
173 134 153
3 6 380 108.0300 -4.3600 7 376 129.1000 -54.1500 5 379 100.7300 -15.4800
2.1128696806e+000 5.8615349369e-001 -6.3014859967e+000
111 64 25
3 6 403 225.1300 63.6500 7 397 234.4000 12.2900 5 399 198.4400 44.8300
-8.3496319431e-001 4.0365704886e-001 -4.5862219726e+000
165 216 253
3 6 402 -134.6900 61.1200 7 573 -78.2300 -0.4900 5 411 -102.3800 66.4200
-9.5611623302e-001 4.2146318195e-001 -4.5845304892e+000
168 157 198
4 6 597 -152.6200 63.4900 7 882 -95.1300 2.9000 5 417 -122.9700 71.9800 8 667 169.6700 69.4500
-5.9694970648e-001 6.0125994318e-001 -4.5672608455e+000
170 104 126
4 6 416 -99.1700 91.5100 7 407 -42.6600 25.7000 5 422 -59.9800 94.9900 8 490 110.5000 60.5900
-8.8881539675e-001 7.0952595728e-001 -4.5346969991e+000
174 107 127
4 6 424 -144.2600 108.2900 7 592 -84.0400 43.5300 5 430 -106.1400 118.9700 8 476 147.8500 35.3300
-8.8881539675e-001 7.0952595728e-001 -4.5346969991e+000
174 107 127
4 6 425 -144.2600 108.2900 7 593 -84.0400 43.5300 5 431 -106.1400 118.9700 8 475 147.8500 35.3300
1.7002818084e+000 1.3768613512e+000 -5.4566841502e+000
69 30 30
3 6 308 207.4000 172.1400 7 308 232.5700 102.9200 5 446 213.2200 146.8100
2.9782356167e+000 -2.9937018165e+000 -9.1326140805e+000
56 47 63
3 6 676 215.9600 -218.4400 7 650 195.3000 -228.2500 5 466 124.6100 -215.4300
2.5194022319e+000 -2.8929472177e+000 -1.0258259737e+001
103 99 121
3 6 482 164.3700 -188.9100 7 689 145.7200 -195.7800 5 479 69.7800 -183.4000
2.2692707628e+000 -3.0027863205e+000 -1.1035212292e+001
108 101 118
3 6 485 138.0000 -182.4600 7 707 119.4700 -186.1400 5 483 40.0200 -175.1400
1.7518905574e+000 -3.3835235407e+000 -1.2559222143e+001
97 90 106
4 6 486 93.8900 -180.3500 7 489 74.5900 -179.1000 5 486 -11.1600 -169.6500 8 706 63.6900 127.9100
2.6087428578e+000 -2.5656596755e+000 -1.0072026653e+001
119 113 129
3 6 493 173.5700 -170.8800 7 713 155.9600 -179.5600 5 488 81.5200 -166.8300
2.3837366570e+000 -2.5498214780e+000 -1.0615691618e+001
64 53 67
3 6 753 150.9400 -161.1800 7 735 133.9300 -168.0300 5 492 56.9800 -155.7900
2.2959648427e+000 -2.3494085801e+000 -1.0950485259e+001
73 53 61
3 6 504 141.5800 -144.0300 7 748 124.7300 -150.7400 5 496 47.1300 -137.8800
2.2490323933e+000 -2.3559983399e+000 -1.1009603529e+001
124 120 134
3 6 505 137.8000 -143.6800 7 498 121.4700 -149.9600 5 497 43.2700 -137.3900
2.2490323933e+000 -2.3559983399e+000 -1.1009603529e+001
124 120 134
3 6 506 137.8000 -143.6800 7 497 121.4700 -149.9600 5 498 43.2700 -137.3900
2.4908747434e+000 -5.6915269047e-001 -5.4580839485e+000
240 183 194
3 6 537 302.5600 -71.4400 7 775 300.5200 -123.4800 5 515 270.6700 -93.1100
2.5090928399e+000 -5.3516732915e-001 -5.3975949775e+000
243 196 214
3 6 538 307.9800 -67.9600 7 779 306.0100 -121.2400 5 517 277.0600 -90.6400
2.5170279995e+000 -4.5223523764e-001 -5.3761249847e+000
234 171 187
3 6 541 310.3000 -57.8500 7 784 308.8300 -112.4200 5 523 280.5600 -81.5800
2.1930031445e+000 -5.8158516956e-001 -6.1815664061e+000
177 147 41
4 6 807 237.2500 -64.3000 7 788 237.7000 -106.8100 5 524 199.0300 -79.4900 8 1052 -111.8700 178.3800
2.5207043783e+000 -4.0016493861e-001 -5.3467411992e+000
237 187 201
3 6 355 312.4100 -51.6000 7 528 311.5200 -107.4000 5 528 283.6500 -75.9800
9.7544651656e-001 1.3818777161e-002 -5.6180279765e+000
171 124 141
3 6 851 114.4000 1.7200 7 835 135.7400 -49.2400 5 562 108.2900 -10.2400
-4.8013377862e-001 -3.1258938688e-002 -4.7380486370e+000
226 178 187
3 6 379 -79.0300 -4.8600 7 828 -30.5200 -61.1300 5 564 -54.6900 -8.4000
-4.3187894640e-001 8.8602748145e-002 -4.6559615379e+000
157 101 112
3 6 576 -73.0800 13.0200 7 840 -23.2000 -46.7300 5 574 -43.3900 9.1800
-4.3187894640e-001 8.8602748145e-002 -4.6559615379e+000
157 101 112
3 6 575 -73.0800 13.0200 7 841 -23.2000 -46.7300 5 575 -43.3900 9.1800
-8.6926143528e-001 8.1738296998e-002 -4.6198500738e+000
215 151 168
4 6 574 -139.1800 12.3200 7 844 -84.6100 -45.1900 5 577 -113.5400 13.9600 8 965 170.8700 114.6500
-4.3905388777e-001 2.4519953372e-001 -4.6086181905e+000
157 99 111
4 6 584 -74.9300 37.0000 7 861 -23.0000 -25.6100 5 580 -40.9000 33.9900 8 693 104.0700 110.5000
1.3621446358e-001 5.8802709251e-001 -5.3818560742e+000
233 218 229
4 6 606 11.2800 76.3100 7 907 47.6200 21.0100 5 598 22.7300 73.1900 8 917 25.0200 50.4100
1.6398653035e-001 6.0701640992e-001 -5.3817399606e+000
229 219 231
4 6 607 14.9400 78.6900 7 909 51.1400 23.0000 5 599 26.8000 75.4900 8 652 21.3600 49.1400
-8.4133840359e-001 6.2602672199e-001 -4.5702473239e+000
241 217 230
3 6 615 -136.0600 95.0200 7 924 -77.2200 31.0200 5 607 -100.0000 103.6300
3.9855861401e-001 9.2020921401e-001 -5.5504741477e+000
203 132 150
4 6 944 44.0700 115.4900 7 956 78.2500 58.9400 5 610 53.8000 110.7300 8 883 -14.9900 15.9700
-8.4643989866e-001 7.1303915498e-001 -4.5367866926e+000
178 107 123
4 6 620 -137.5100 108.8700 7 591 -77.8800 43.7000 5 614 -98.8400 118.7900 8 646 141.8800 36.5900
-9.2589366146e-001 7.2411899123e-001 -4.5360818372e+000
232 172 179
3 6 939 -149.9000 110.2100 7 944 -88.9800 46.0800 5 616 -112.0400 122.2000
4.5426352858e-001 1.0309491040e+000 -5.5613067862e+000
151 23 55
4 6 625 50.6300 128.9000 7 604 85.1300 71.4400 5 618 61.5700 123.6100 8 621 -25.9600 5.1900
2.7286841020e+000 -3.2745923357e+000 -9.7715994161e+000
111 102 121
4 6 663 185.4800 -223.4100 7 649 164.8300 -229.7500 5 636 90.3100 -218.4400 8 1126 -8.4000 212.2300
2.4187329780e+000 -3.5869030398e+000 -1.0657757790e+001
100 95 113
3 6 659 151.1500 -224.7100 7 656 130.3400 -227.1100 5 638 51.5400 -217.1000
2.5147908813e+000 -3.4325566574e+000 -1.0425779394e+001
114 111 129
4 6 673 160.5800 -219.8500 7 660 140.0400 -223.6700 5 640 62.5900 -213.1400 8 1087 12.7100 196.0700
2.5303384455e+000 -3.1008636136e+000 -1.0334658254e+001
117 106 126
3 6 700 163.5300 -200.7800 7 678 144.1600 -206.2900 5 654 67.5100 -194.8700
2.4295504120e+000 -2.8831148898e+000 -1.0556567711e+001
57 46 60
3 6 720 154.2200 -183.0900 7 699 135.9300 -188.8600 5 663 58.6100 -177.0100
2.0741977961e+000 -2.1981772611e+000 -1.1418439349e+001
107 92 111
3 6 771 122.9100 -128.8300 7 760 107.3300 -134.7700 5 700 27.4000 -122.0500
1.8811209108e+000 -2.3650190032e+000 -1.2086680422e+001
97 86 99
3 6 769 105.4300 -131.0700 7 761 89.0900 -134.0200 5 701 6.5000 -122.1600
2.1807897319e+000 -7.9042870205e-001 -6.2179695797e+000
215 192 85
3 6 798 234.1800 -86.7600 7 770 233.2600 -126.9300 5 721 193.5500 -100.3200
2.5003591889e+000 -4.7993732363e-001 -5.4199917830e+000
234 189 195
3 6 809 305.8500 -60.8100 7 783 304.5400 -114.4700 5 734 275.4500 -83.8100
-7.7123277873e-002 5.6273083756e-001 -5.3782073790e+000
209 176 193
3 6 900 -16.4700 73.1100 7 905 21.9100 19.4200 5 850 -5.4000 72.9200
1.5666231892e+000 1.0417070085e+000 -5.2206174429e+000
159 96 109
3 6 627 199.9600 136.6100 7 960 225.4200 66.1800 5 877 210.1800 111.0600
5.7537411604e-001 9.6973287827e-001 -5.5740500116e+000
212 136 155
4 6 949 65.7600 120.9300 7 958 98.6100 63.3400 5 878 74.6300 113.9600 8 884 -36.2200 15.7800
2.5379198434e-003 5.0601442666e-001 -5.4653400436e+000
243 238 244
2 6 26 -5.8100 64.9600 7 26 29.9300 12.2700
1.9685202465e+000 8.0810287336e-001 -6.2652413645e+000
193 133 142
2 6 29 210.3700 88.3500 7 27 224.1500 35.7400
2.0886507458e+000 -6.1499324655e-001 -6.3442702397e+000
219 186 70
2 6 44 220.6900 -65.8500 7 48 220.9800 -106.9700
-4.7147040238e-002 2.9250376323e-001 -5.5546198248e+000
235 234 243
2 6 49 -12.2800 36.9800 7 81 22.0800 -11.7900
2.4739804339e-002 1.4650753892e+000 -5.8853999187e+000
161 16 26
2 6 61 -1.4300 173.2500 7 64 33.4700 120.4700
-3.0300509647e-002 1.7910468079e-001 -5.7195362723e+000
198 31 51
2 6 72 -9.8500 22.1800 7 143 21.8300 -23.3500
1.3334904177e+000 2.0094151665e-001 -5.5680752458e+000
188 119 130
2 6 73 160.0900 25.2900 7 79 178.1400 -30.7300
1.4198599848e+000 3.1771585603e-001 -5.7126637249e+000
65 8 8
2 6 75 166.2800 38.6800 7 80 183.6900 -16.3900
1.2647497626e+000 1.2134507677e+000 -5.3820640411e+000
184 138 151
2 6 85 155.8700 155.1400 7 89 185.3700 88.1200
-2.9973666720e+000 3.1344399306e+000 -1.2141883358e+001
24 22 27
2 6 86 -167.2900 177.5200 7 126 -161.1400 181.1900
-2.9973666720e+000 3.1344399306e+000 -1.2141883358e+001
24 22 27
2 6 87 -167.2900 177.5200 7 127 -161.1400 181.1900
-1.2629307257e+000 -2.8996339213e+000 -1.2554016119e+001
63 59 70
2 6 92 -68.4900 -153.3200 7 68 -81.2800 -149.2700
-9.1287538859e-002 6.7716317565e-001 -5.4381723664e+000
193 32 49
3 6 108 -17.5500 87.3300 7 113 20.9400 33.5300 8 121 49.6900 30.4400
2.3248959350e+000 -1.1141151201e+000 -5.8836088511e+000
202 197 105
2 6 129 262.0300 -128.7200 7 130 257.7300 -168.6600
1.1808753908e+000 1.1772922485e-001 -5.5627996725e+000
189 123 137
2 6 138 141.0900 14.7900 7 140 161.0400 -39.2400
3.0202969906e-001 4.9874482739e-001 -5.4116555158e+000
230 208 219
2 6 146 32.6400 64.5400 7 205 66.2500 9.1900
-7.6548780971e-002 5.4555899087e-001 -5.4832297951e+000
221 208 222
2 6 150 -15.6700 69.9000 7 209 20.4800 17.4600
-8.7444547980e-002 6.7261147266e-001 -5.4037318569e+000
195 34 51
2 6 153 -17.5200 87.0000 7 154 21.0100 32.8000
1.1909958045e+000 1.2831589986e+000 -5.9684851618e+000
157 20 30
2 6 161 132.4700 148.4200 7 118 158.1100 91.7400
1.5610830796e+000 1.4001880306e+000 -5.4210123709e+000
168 118 129
2 6 163 191.5700 176.7500 7 163 218.6300 107.2600
8.1725458368e-001 -4.9396285455e+000 -1.4723345036e+001
42 42 51
2 6 170 37.3000 -223.5900 7 179 14.2800 -213.7900
2.3765650671e+000 -3.6173987845e+000 -1.0838485839e+001
38 34 49
3 6 172 146.0200 -222.8500 7 175 125.2300 -224.8800 8 265 26.7000 190.6500
2.3765650671e+000 -3.6173987845e+000 -1.0838485839e+001
38 34 49
3 6 173 146.0200 -222.8500 7 176 125.2300 -224.8800 8 264 26.7000 190.6500
2.9808460057e+000 -2.8924176377e+000 -9.0882441286e+000
60 49 64
2 6 174 217.3900 -212.3100 7 177 197.1000 -222.7500
2.4028553850e+000 -2.0167073957e+000 -8.2037172595e+000
188 174 148
2 6 177 195.3900 -165.5900 7 182 182.8700 -183.3700
4.7340613168e-001 -3.2366476407e+000 -1.3085380200e+001
105 81 64
2 6 178 24.1400 -165.5800 7 183 7.6400 -161.5000
2.5241465265e+000 -3.4535084199e-001 -5.3525247687e+000
224 181 193
2 6 186 312.7800 -44.4500 7 189 311.9800 -101.2200
2.5241465265e+000 -3.4535084199e-001 -5.3525247687e+000
224 181 193
2 6 187 312.7800 -44.4500 7 190 311.9800 -101.2200
2.6579801281e+000 -3.1718359527e+000 -9.9697089116e+000
53 42 51
3 6 233 177.5300 -212.5200 7 231 157.5200 -218.7800 8 541 -4.3700 199.5400
2.6516598817e+000 -3.1629988245e+000 -9.9450064317e+000
53 42 51
2 6 234 177.5300 -212.5200 7 232 157.5200 -218.7800
1.7274996154e+000 -3.6638968385e+000 -1.2510301299e+001
10 10 12
2 6 235 92.8200 -195.9600 7 337 72.6700 -193.7500
1.7404220020e+000 -3.6918344554e+000 -1.2598664791e+001
10 10 12
3 6 236 92.8200 -195.9600 7 338 72.6700 -193.7500 8 518 69.2300 140.2600
2.2898862631e+000 -1.9178301438e+000 -8.4969584789e+000
178 170 140
2 6 241 180.2700 -152.2000 7 236 168.6500 -169.1200
1.5111185191e+000 -2.5846969813e+000 -1.2484677723e+001
110 83 65
2 6 244 82.0000 -138.6500 7 239 65.5000 -139.4700
1.3774361972e+000 -2.5297350383e+000 -1.2472706314e+001
18 29 45
2 6 245 74.8600 -135.7700 7 240 58.7800 -136.6200
2.0286176227e+000 -2.1454948409e+000 -1.1556247756e+001
54 40 42
2 6 248 118.8900 -124.3800 7 243 103.3500 -129.8000
2.4899198041e+000 -5.7375317637e-001 -5.3926807234e+000
225 192 209
3 6 255 305.7600 -72.8600 7 355 303.9200 -125.6600 8 800 -165.6700 226.1100
5.7650911446e-001 1.2259176204e-001 -5.6913819489e+000
211 42 80
2 6 271 64.4500 15.3400 7 380 90.1700 -33.7200
-8.8544454530e-001 5.7045052375e-001 -4.5724659597e+000
179 225 255
2 6 288 -142.3500 86.7600 7 288 -84.3800 23.2300
-7.9495578410e-001 7.3172625098e-001 -4.5265572218e+000
225 165 176
3 6 295 -130.6700 111.6300 7 293 -70.7200 45.9400 8 330 132.3600 36.5300
-9.4114093831e-001 7.5910585097e-001 -4.5379772848e+000
152 97 120
3 6 297 -152.0100 115.6000 7 296 -91.1300 51.0200 8 324 153.4500 25.9500
1.7013355972e+000 1.3764336815e+000 -5.4595115623e+000
69 30 30
2 6 307 207.4000 172.1400 7 307 232.5700 102.9200
6.1431953238e-001 1.6643279338e+000 -5.8824970533e+000
69 1 0
2 6 314 67.0300 195.3800 7 319 100.5200 138.8200
2.3150897670e+000 -3.8728201696e+000 -1.0939960804e+001
84 79 97
2 6 318 140.6700 -236.1600 7 459 119.3700 -236.4100
2.5204000317e+000 -3.2855668119e+000 -1.0431532419e+001
98 89 106
3 6 327 160.9800 -210.7600 7 331 141.1800 -214.7700 8 532 9.6000 188.8900
2.8394177031e+000 -2.8383048780e+000 -9.3765586959e+000
56 43 54
2 6 329 201.4100 -202.3600 7 332 182.0100 -212.0600
2.6918583446e+000 -2.8374346125e+000 -9.8439266327e+000
59 47 61
2 6 331 182.6200 -192.8900 7 333 163.5400 -201.2600
2.4950268092e+000 -2.9526458741e+000 -1.0427112666e+001
59 52 64
2 6 333 160.2200 -189.6200 7 335 141.2600 -195.6000
2.4950268092e+000 -2.9526458741e+000 -1.0427112666e+001
59 52 64
2 6 334 160.2200 -189.6200 7 336 141.2600 -195.6000
1.5674149795e+000 -3.2285630361e+000 -1.3125317356e+001
81 74 84
2 6 336 80.8300 -164.6200 7 349 61.6100 -162.5500
1.6306750134e+000 -2.7618167656e+000 -1.2681436618e+001
47 38 45
2 6 340 87.1900 -145.7600 7 502 69.4700 -146.0400
1.9458904457e+000 -2.3043292676e+000 -1.1729584446e+001
52 42 42
2 6 343 112.1600 -131.7900 7 511 96.4900 -135.7700
1.8976893834e+000 -1.1275636228e+000 -6.7896813382e+000
203 182 70
2 6 346 186.6000 -113.1100 7 505 185.2800 -144.2900
2.4941819318e+000 -5.7625690331e-001 -5.4006798391e+000
228 196 213
2 6 351 305.8900 -73.0700 7 354 303.9200 -125.6600
2.5301717284e+000 -3.4167024449e-001 -5.3298006403e+000
245 190 207
2 6 359 314.6300 -44.2700 7 530 314.0700 -101.2500
5.6532952589e-001 -2.7140675296e-001 -5.6778072829e+000
123 6 14
2 6 362 62.8900 -32.9700 7 365 86.4400 -78.1600
5.6532952589e-001 -2.7140675296e-001 -5.6778072829e+000
123 6 14
2 6 363 62.8900 -32.9700 7 366 86.4400 -78.1600
2.1263669258e+000 -2.6519015403e-001 -6.1637629270e+000
114 69 10
2 6 365 231.1500 -29.3600 7 543 234.6700 -75.4600
-8.4048565629e-001 -1.8967586377e-001 -5.0014141445e+000
35 44 92
2 6 366 -123.8900 -25.6400 7 368 -78.9400 -74.5700
-5.0130354490e-001 -8.4470057435e-002 -4.7747516553e+000
229 178 190
2 6 376 -81.2200 -12.2400 7 547 -34.0900 -67.5800
1.2092483389e+000 1.8178499550e-001 -5.6027509763e+000
173 95 107
2 6 392 143.7400 22.7300 7 381 163.2700 -31.7000
5.0553970085e-001 2.1768667153e-001 -5.6712259719e+000
124 4 14
2 6 393 56.0700 27.1200 7 383 83.2000 -22.8000
2.0972531366e+000 2.7901340581e-001 -6.4176590706e+000
84 49 7
2 6 395 219.5900 30.1500 7 386 226.4700 -17.7900
-3.4837806171e-001 4.1013348737e-001 -4.6428567720e+000
207 155 168
2 6 401 -60.7700 61.2600 7 571 -8.9000 -2.6100
2.1609229222e+000 6.1087078234e-001 -6.2951267083e+000
176 139 90
2 6 404 230.3300 66.5900 7 398 239.6800 14.3700
3.9448328743e-001 5.4351062365e-001 -5.4632847690e+000
154 28 45
2 6 405 43.7900 69.2900 7 579 76.9900 14.5000
-5.7083542197e-001 5.5282771034e-001 -4.5882288978e+000
189 126 143
2 6 408 -94.9600 83.6700 7 400 -39.2400 18.6900
-5.7083542197e-001 5.5282771034e-001 -4.5882288978e+000
189 126 143
2 6 409 -94.9600 83.6700 7 401 -39.2400 18.6900
-7.3347472322e-001 5.6450575759e-001 -4.6104180953e+000
247 228 240
2 6 411 -118.8600 84.9300 7 403 -62.0900 21.7100
3.2038814291e-001 6.7146161265e-001 -5.3309976627e+000
219 197 209
2 6 412 35.3800 87.8200 7 584 71.3000 29.8300
4.6481445155e-001 6.8911275407e-001 -5.3897822430e+000
246 224 228
2 6 414 53.3600 88.8200 7 410 87.9300 31.3300
4.6481445155e-001 6.8911275407e-001 -5.3897822430e+000
246 224 228
2 6 415 53.3600 88.8200 7 411 87.9300 31.3300
-5.9653321021e-001 6.0169243614e-001 -4.5678778341e+000
170 104 126
2 6 417 -99.1700 91.5100 7 408 -42.6600 25.7000
2.5489646083e-002 7.8100199915e-001 -5.5048085093e+000
175 25 37
2 6 419 -2.8300 99.0400 7 416 34.2100 45.0700
-6.8054679029e-001 6.6179576833e-001 -4.5464981224e+000
233 177 193
2 6 421 -112.3700 101.0100 7 413 -54.2900 34.9400
5.2370364661e-001 8.3743058085e-001 -5.5720824795e+000
127 24 35
2 6 422 59.5900 104.8200 7 418 91.4500 48.0700
-9.8208807777e-001 7.1250590747e-001 -4.5510467733e+000
229 167 180
2 6 426 -157.5200 108.3900 7 415 -97.2600 44.4900
4.4786517423e-001 1.1086993911e+000 -5.5544769260e+000
155 24 37
2 6 432 50.1600 138.7100 7 430 85.0700 80.6000
1.2273249219e+000 1.0901362158e+000 -5.2014182532e+000
184 132 143
2 6 433 156.3300 144.2500 7 429 187.0600 74.8500
1.5145821168e+000 1.5533710217e+000 -5.5319235575e+000
98 65 48
2 6 443 181.6900 191.9200 7 441 210.1200 124.2500
2.7974936598e+000 -3.1035699591e+000 -9.5686866223e+000
52 45 57
3 6 465 194.2200 -216.4900 7 658 173.8300 -224.2000 8 1124 -18.1800 211.2300
2.4194488571e+000 -3.3792301717e+000 -1.0625197852e+001
105 97 118
3 6 466 151.9900 -212.6200 7 478 131.8900 -215.9400 8 763 18.6800 186.3400
2.8110380810e+000 -2.9646848639e+000 -9.5609301153e+000
118 111 128
3 6 468 195.5200 -207.0900 7 671 175.8700 -215.8000 8 1108 -21.9400 204.4600
2.1522120527e+000 -3.4805293549e+000 -1.1321983624e+001
85 77 96
2 6 469 127.1700 -205.7500 7 480 107.3900 -206.7500
2.0977281911e+000 -3.4325084274e+000 -1.1495160258e+001
39 35 49
3 6 471 122.3000 -199.8000 7 482 102.6500 -200.8700 8 735 42.3100 160.3800
2.7691297428e+000 -2.7350845666e+000 -9.6303770480e+000
57 41 47
2 6 479 191.8500 -190.1200 7 483 173.0500 -199.6100
2.7691297428e+000 -2.7350845666e+000 -9.6303770480e+000
57 41 47
2 6 480 191.8500 -190.1200 7 484 173.0500 -199.6100
2.3827420004e+000 -2.8617079622e+000 -1.0767735964e+001
57 46 55
2 6 488 148.4600 -178.2100 7 710 130.2600 -183.3600
1.6186115002e+000 -3.4323068178e+000 -1.2896998163e+001
88 85 103
2 6 489 84.7200 -178.1100 7 491 65.0500 -175.9100
2.4414594076e+000 -2.1172222574e+000 -8.1557643087e+000
187 177 143
2 6 492 199.3700 -174.7300 7 485 186.2200 -192.0400
1.6766961486e+000 -3.0569980507e+000 -1.2690422921e+001
54 48 60
2 6 498 89.3100 -161.3500 7 494 70.8300 -160.6300
2.2917894550e+000 -1.9916685512e+000 -8.4459423861e+000
113 98 80
2 6 501 181.4100 -158.9000 7 490 169.3300 -175.7000
2.0846326485e+000 -2.3868415552e+000 -1.1511230598e+001
63 47 56
2 6 507 122.2000 -139.2300 7 507 106.2400 -143.5900
1.9336978148e+000 -2.2300099919e+000 -1.1941660681e+001
61 47 49
2 6 515 109.7400 -125.0700 7 518 93.8300 -128.9800
1.7702857798e+000 -2.1315060085e+000 -1.2342826622e+001
62 47 49
2 6 519 97.3700 -115.5200 7 781 81.8000 -118.3800
2.1881585994e+000 -8.3575993643e-001 -6.2589823057e+000
214 191 78
2 6 528 233.2600 -91.1200 7 516 232.1800 -130.3400
2.1425009842e+000 -8.4373890175e-001 -6.3172214827e+000
216 192 86
2 6 529 226.5100 -91.0500 7 517 225.4900 -129.7100
2.4938301752e+000 -6.0076685557e-001 -5.4675504710e+000
221 70 104
2 6 535 302.3400 -75.1200 7 772 299.9700 -126.6700
2.4960170598e+000 -5.2027190506e-001 -5.4433498115e+000
240 180 193
2 6 540 304.0700 -65.4800 7 780 302.3500 -118.4300
2.0465974136e+000 -5.3651651449e-001 -6.4981840151e+000
228 191 78
2 6 542 211.3600 -56.0000 7 792 212.3500 -96.1600
2.2363929679e+000 -4.4978677075e-001 -6.1202203625e+000
229 196 57
2 6 547 244.3700 -50.2200 7 533 245.5100 -95.2500
2.2363929679e+000 -4.4978677075e-001 -6.1202203625e+000
229 196 57
2 6 548 244.3700 -50.2200 7 534 245.5100 -95.2500
2.1841017383e+000 -3.3945245815e-001 -6.1706931638e+000
98 62 2
2 6 554 236.9700 -37.5900 7 808 239.4100 -83.0000
2.1584724375e+000 -3.0152681516e-001 -6.1757676454e+000
121 76 14
2 6 556 234.1000 -33.3400 7 811 237.0300 -79.0200
2.5338036728e+000 -2.3094905799e-001 -5.3472156602e+000
240 192 195
2 6 557 314.3500 -30.0700 7 541 314.6000 -88.3900
-4.6997950896e-001 9.8460486266e-003 -4.6942165437e+000
218 170 181
2 6 569 -78.1200 1.3800 7 832 -29.0600 -56.5600
-4.0679758744e-001 1.7994036195e-001 -4.6435506209e+000
225 164 172
2 6 581 -69.4400 26.9200 7 558 -19.0400 -34.4700
2.1168141728e+000 2.9319173670e-001 -6.3673703729e+000
176 139 48
3 6 582 223.2500 31.6200 7 567 230.2300 -16.6200 8 682 -132.1800 95.1400
-3.1600950569e-001 4.5572514710e-001 -4.7110705482e+000
220 191 199
2 6 599 -54.8200 67.3200 7 577 -4.6100 3.8400
-9.7654310857e-001 4.6371704579e-001 -4.6011102853e+000
173 160 196
2 6 601 -155.4500 69.8100 7 578 -97.3400 9.2200
4.0080131285e-001 6.3128584435e-001 -5.4008355302e+000
243 214 219
2 6 608 45.2200 81.4400 7 582 79.4300 24.6400
1.8567215185e-001 6.7762935798e-001 -5.4295011067e+000
71 6 13
2 6 611 17.5800 87.1600 7 586 53.4900 31.6000
-9.2578862218e-001 6.0200121492e-001 -4.5688551097e+000
242 226 244
2 6 613 -148.6100 91.4200 7 919 -89.8000 28.1800
-8.5132575595e-001 6.8775104282e-001 -4.5377040306e+000
228 165 173
2 6 617 -138.4700 104.9700 7 588 -78.6700 40.0400
-9.0619455296e-001 7.7081474319e-001 -4.5528583773e+000
157 100 122
2 6 624 -146.0100 117.2200 7 597 -85.8900 52.3100
1.0867244651e-001 1.4573670049e+000 -5.8424404261e+000
108 2 1
2 6 629 7.7300 172.9700 7 610 44.0700 120.1700
-3.8716284606e+000 3.9049853948e+000 -1.1764072083e+001
147 93 86
2 6 638 -219.2900 225.4000 7 1040 -212.5700 230.5300
2.1879915676e+000 -3.9075227977e+000 -1.1269744887e+001
51 45 59
2 6 649 129.3400 -231.3900 7 645 108.0500 -230.9200
2.2293506164e+000 -3.8536248012e+000 -1.1158896167e+001
89 87 105
2 6 650 132.9800 -230.5900 7 647 111.9900 -230.3700
9.6908805004e-001 -5.0589441476e+000 -1.4630726188e+001
49 48 57
2 6 651 44.4100 -230.3700 7 666 20.9900 -220.4800
2.5575070852e+000 -3.5048977022e+000 -1.0310169292e+001
111 107 131
2 6 656 164.9600 -226.8300 7 646 144.0100 -230.4600
2.2174353280e+000 -3.7372476864e+000 -1.1117842744e+001
88 85 102
2 6 660 132.9600 -224.5500 7 657 112.2500 -225.0100
2.6719016146e+000 -3.3233104558e+000 -9.9907438577e+000
59 54 71
3 6 669 177.7700 -221.9900 7 653 157.1800 -227.3700 8 784 -1.8500 206.5800
2.3696970356e+000 -3.4597130978e+000 -1.0834686186e+001
99 95 118
3 6 680 146.0300 -213.5300 7 672 125.6900 -215.8600 8 1062 24.3600 183.3800
2.2931146295e+000 -3.4686272968e+000 -1.0967922739e+001
56 46 58
3 6 684 139.7500 -211.5600 7 674 119.4700 -213.4200 8 1054 29.4900 179.0300
2.5844703388e+000 -3.2156259021e+000 -1.0212434290e+001
63 47 57
2 6 687 168.7500 -210.4400 7 673 148.6500 -215.7900
2.3445151640e+000 -3.2599637108e+000 -1.0768617844e+001
53 46 61
2 6 698 145.5500 -202.6500 7 679 126.1300 -206.0200
2.5002443362e+000 -3.1285147364e+000 -1.0401776041e+001
68 58 74
2 6 699 160.5300 -201.3300 7 677 141.2000 -206.3300
2.1336280677e+000 -3.3891303565e+000 -1.1422065048e+001
88 81 97
2 6 703 125.2000 -198.6300 7 685 105.5600 -199.9000
1.6103429826e+000 -3.8316204850e+000 -1.2927938599e+001
36 26 32
3 6 705 83.7200 -198.2300 7 692 63.1400 -194.6700 8 995 78.4200 137.1800
2.4884840156e+000 -3.0574558238e+000 -1.0466833138e+001
101 93 110
2 6 708 158.9400 -195.6400 7 684 139.8900 -200.7800
1.9556518353e+000 -3.4722381376e+000 -1.1942220951e+001
52 47 68
2 6 709 109.9400 -194.6600 7 690 90.2300 -194.3500
1.9556518353e+000 -3.4722381376e+000 -1.1942220951e+001
52 47 68
2 6 710 109.9400 -194.6600 7 691 90.2300 -194.3500
2.6389512491e+000 -2.7962070826e+000 -9.9651079432e+000
46 34 46
2 6 715 177.0200 -187.9400 7 688 158.4000 -195.9900
2.0753522993e+000 -3.2571804917e+000 -1.1651867310e+001
90 78 86
2 6 716 119.6400 -187.2600 7 702 100.4400 -188.4700
2.0753522993e+000 -3.2571804917e+000 -1.1651867310e+001
90 78 86
2 6 717 119.6400 -187.2600 7 703 100.4400 -188.4700
1.9538490195e+000 -3.1279785299e+000 -1.1897344636e+001
57 49 60
2 6 728 110.5300 -176.2200 7 720 91.9300 -177.1700
1.9519371903e+000 -3.0478520450e+000 -1.1857520180e+001
89 85 99
2 6 735 110.8700 -172.2900 7 723 92.5000 -173.6500
1.9519371903e+000 -3.0478520450e+000 -1.1857520180e+001
89 85 99
2 6 736 110.8700 -172.2900 7 724 92.5000 -173.6500
2.0196294908e+000 -2.8686877137e+000 -1.1705180784e+001
66 59 74
2 6 747 116.2800 -164.3400 7 739 98.4300 -166.7400
2.0196294908e+000 -2.8686877137e+000 -1.1705180784e+001
66 59 74
2 6 748 116.2800 -164.3400 7 740 98.4300 -166.7400
2.4729613906e+000 -2.5251590073e+000 -1.0414441749e+001
106 99 115
2 6 749 159.5400 -162.6700 7 729 142.3200 -170.4900
2.4729613906e+000 -2.5251590073e+000 -1.0414441749e+001
106 99 115
2 6 750 159.5400 -162.6700 7 730 142.3200 -170.4900
2.3858180367e+000 -2.5515142343e+000 -1.0624901900e+001
64 53 67
2 6 752 150.9400 -161.1800 7 734 133.9300 -168.0300
2.3858180367e+000 -2.5515142343e+000 -1.0624901900e+001
64 53 67
2 6 754 150.9400 -161.1800 7 736 133.9300 -168.0300
1.2380289282e+000 -3.0212202710e+000 -1.3983572364e+001
74 67 78
2 6 761 60.2200 -144.4400 7 752 41.5100 -140.8100
2.3233617385e+000 -1.1100684964e+000 -5.8796027126e+000
197 196 106
2 6 773 262.0800 -128.3200 7 733 257.7500 -168.4000
2.3051051679e+000 -2.0297653290e+000 -1.0873365365e+001
71 60 79
2 6 776 143.1900 -125.2600 7 764 128.1000 -133.3900
2.1602815214e+000 -2.0120577527e+000 -1.1109983998e+001
91 79 87
2 6 778 131.5600 -121.4000 7 767 116.6000 -128.7600
2.1602815214e+000 -2.0120577527e+000 -1.1109983998e+001
91 79 87
2 6 779 131.5600 -121.4000 7 768 116.6000 -128.7600
1.9934253504e+000 -2.0311855558e+000 -1.1656027794e+001
62 50 55
2 6 786 115.9900 -116.6200 7 778 100.7300 -122.1600
2.5062708355e+000 -6.6329101431e-001 -5.3652494721e+000
247 138 75
2 6 800 309.1300 -84.3600 7 756 305.9300 -136.4200
2.5372144581e+000 -2.8597883869e-001 -5.3151061764e+000
234 190 210
2 6 825 316.3100 -37.3700 7 793 316.3400 -95.2300
2.5427839383e+000 -1.9224312017e-001 -5.3402890671e+000
237 193 207
2 6 834 315.8100 -25.2400 7 807 316.4000 -84.1400
-4.5549936620e-001 2.2631719125e-001 -4.6124884107e+000
216 162 175
2 6 865 -77.3900 33.9700 7 858 -25.3100 -27.9700
-7.3193317189e-001 4.4562415707e-001 -4.5911949476e+000
181 161 192
2 6 894 -119.1400 67.4600 7 885 -63.0000 4.6200
2.8123872919e-002 5.5818511411e-001 -5.3804000770e+000
194 171 186
2 6 899 -2.6600 72.6400 7 903 34.3400 18.0500
-9.3034954812e-001 4.8919201518e-001 -4.5742574244e+000
147 197 227
2 6 904 -149.4700 74.0700 7 898 -90.9400 12.3400
1.0345405890e-001 5.7274586491e-001 -5.3795144878e+000
239 225 235
2 6 905 6.9300 74.3600 7 904 43.7200 19.4600
-8.0292435030e-001 6.1575056235e-001 -4.5655405178e+000
235 199 216
2 6 919 -130.4100 93.5200 7 921 -72.0100 29.3400
5.4626992436e-001 8.4965962318e-001 -5.5321815936e+000
204 160 177
2 6 933 62.7600 107.0100 7 947 95.0700 49.4700
-7.0297768592e-001 7.1438572767e-001 -4.5467620532e+000
146 87 107
2 6 936 -115.6800 108.9900 7 939 -57.1300 42.6600
3.9941934455e-001 9.2106745415e-001 -5.5528772657e+000
203 132 150
2 6 943 44.0700 115.4900 7 955 78.2500 58.9400
-8.0775606479e-001 7.8897565811e-001 -4.5574210507e+000
216 161 173
2 6 948 -131.1300 119.8800 7 950 -71.4900 54.2200
4.0791930925e-001 1.0690023877e+000 -5.5715385006e+000
229 192 212
2 6 954 44.8600 133.2700 7 967 80.0500 76.2700
-3.8616013925e+000 3.4459311812e+000 -1.1724362849e+001
144 79 71
2 6 973 -220.4800 200.4700 7 1002 -214.1100 205.3900
-5.2585404909e+000 3.4939929161e+000 -1.1432640947e+001
128 72 58
2 6 977 -302.9100 204.9600 7 1018 -297.7700 214.9600
-5.2585404909e+000 3.4939929161e+000 -1.1432640947e+001
128 72 58
2 6 978 -302.9100 204.9600 7 1019 -297.7700 214.9600
-5.4101472468e+000 3.4828043444e+000 -1.1360642713e+001
126 72 64
2 6 979 -312.8800 205.0700 7 636 -307.8900 215.6100
-5.4101472468e+000 3.4828043444e+000 -1.1360642713e+001
126 72 64
2 6 980 -312.8800 205.0700 7 637 -307.8900 215.6100
-3.2749325543e+000 3.6250802210e+000 -1.1853083904e+001
142 89 80
2 6 983 -185.4900 209.2400 7 1011 -178.8100 212.2500
-3.2749325543e+000 3.6250802210e+000 -1.1853083904e+001
142 89 80
2 6 984 -185.4900 209.2400 7 1012 -178.8100 212.2500
-4.8346770444e+000 3.6845414433e+000 -1.1488613978e+001
134 72 65
2 6 998 -278.1800 215.7700 7 1034 -272.0900 224.3200
-4.7834757421e+000 3.7650752089e+000 -1.1437621136e+001
135 75 58
2 6 1007 -276.4600 221.1600 7 1039 -269.7600 229.7400
-3.4672000421e+000 3.8989150537e+000 -1.1829035878e+001
143 85 86
2 6 1008 -196.1600 224.3900 7 1037 -188.8000 228.4700
6.7729365811e-001 2.6910202777e-001 -5.5121158117e+000
210 33 57
2 6 24 79.2400 34.5200 5 21 81.0600 23.7000
6.7729365811e-001 2.6910202777e-001 -5.5121158117e+000
210 33 57
2 6 25 79.2400 34.5200 5 22 81.0600 23.7000
-7.4920509849e-001 5.4357633676e-001 -4.5729016023e+000
161 183 219
2 6 80 -122.0900 83.1600 5 79 -86.1000 87.6700
2.1203287238e+000 1.0967940404e+000 -5.9331626500e+000
212 176 116
2 6 84 239.0200 126.8000 5 110 224.1400 100.4700
7.8396491452e-001 7.2300702090e-002 -5.6959264741e+000
238 231 239
2 6 98 89.6400 9.1500 5 68 83.5600 -0.8000
9.2328592727e-001 6.1519563001e-001 -5.5189436215e+000
147 17 25
2 6 107 110.0500 77.8300 5 104 114.1400 64.2100
-3.2054514771e+000 3.7134252206e+000 -1.4644940574e+001
28 25 33
2 6 164 -147.0000 176.3000 5 230 -238.9900 220.0500
-3.0328313657e+000 4.0089470696e+000 -1.6674660133e+001
96 85 103
2 6 222 -121.8200 166.7600 5 227 -219.2800 209.9900
2.4761866789e+000 1.8033665037e+000 -5.2214427061e+000
173 157 104
2 6 228 310.3600 229.3700 5 226 312.5400 186.4900
1.9114216854e+000 -1.0159531006e+000 -6.7450567268e+000
203 178 60
2 6 250 189.4600 -102.4000 5 239 142.0900 -111.2500
9.1773513300e-001 -7.3692894844e-002 -5.5969824906e+000
51 9 18
2 6 264 107.6300 -8.8500 5 195 101.4600 -21.0100
3.0343397175e-001 1.2273378445e-001 -5.5889830712e+000
203 42 84
2 6 272 31.6300 15.8600 5 271 30.9200 9.9500
6.6963969659e-001 1.8816104700e-001 -5.6519855636e+000
115 4 13
2 6 276 76.3500 23.5100 5 274 73.4400 14.4300
-5.3851973292e-001 3.8464959099e-001 -4.6071809866e+000
212 160 172
2 6 279 -89.7600 58.2200 5 207 -54.8000 58.1000
-7.5412578504e-001 4.9385111519e-001 -4.5682338863e+000
188 226 254
2 6 283 -123.0700 75.2500 5 216 -87.5300 79.9900
-8.9022655022e-001 6.2725449160e-001 -4.5766599432e+000
243 231 243
2 6 290 -143.0700 95.1700 5 218 -108.1100 104.4900
2.0129880274e+000 -2.2716237358e+000 -1.1711098180e+001
104 96 105
2 6 345 116.3200 -130.1500 5 237 19.3600 -121.9100
1.7921685366e+000 -1.7674835928e+000 -1.2274068642e+001
75 54 61
2 6 349 99.3300 -96.0700 5 353 2.5000 -86.8300
-8.1224470947e-001 -1.7534893941e-001 -5.0245269345e+000
251 253 255
2 6 367 -119.6500 -23.8000 5 376 -111.6600 -22.9500
8.5335878151e-001 5.2769969862e-003 -5.6672756786e+000
222 196 212
2 6 386 98.4900 0.7500 5 382 91.9900 -9.7500
1.0828598810e+000 5.9198572100e-001 -5.4655589985e+000
102 6 13
2 6 406 131.1800 75.2400 5 591 135.1200 59.5100
-9.6010154000e-001 6.8902383645e-001 -4.5382844726e+000
173 111 132
3 6 423 -153.7200 105.8500 5 298 -118.9000 116.8000 8 474 160.2400 35.3400
5.6603420875e-001 9.3094320172e-001 -5.5755711081e+000
153 14 28
3 6 429 64.1400 116.5700 5 295 73.7100 108.3400 8 460 -33.3700 19.1600
-7.4361560260e-001 9.0499925744e-001 -4.6069730812e+000
157 123 142
2 6 431 -119.8500 136.1400 5 444 -79.8700 146.7100
9.8723419817e-001 1.5717102477e+000 -5.7235452534e+000
140 25 36
2 6 442 113.4400 189.2000 5 451 122.5600 177.5900
2.9209758611e+000 -3.1358156583e+000 -9.2483520400e+000
123 117 137
3 6 459 209.2100 -226.0400 5 463 116.5300 -221.7100 8 1162 -28.4900 225.8600
2.9209758611e+000 -3.1358156583e+000 -9.2483520400e+000
123 117 137
3 6 460 209.2100 -226.0400 5 464 116.5300 -221.7100 8 1161 -28.4900 225.8600
2.7002316875e+000 -3.2623694658e+000 -9.8999105039e+000
117 111 132
2 6 463 181.3000 -220.0200 5 467 85.9500 -214.5100
2.2683125030e+000 -3.0019653475e+000 -1.1030917379e+001
108 101 118
2 6 484 138.0000 -182.4600 5 482 40.0200 -175.1400
2.5342638970e+000 -2.5819795983e+000 -1.0214463214e+001
67 55 65
2 6 495 166.4300 -169.5200 5 489 73.7700 -165.1000
2.5342638970e+000 -2.5819795983e+000 -1.0214463214e+001
67 55 65
2 6 496 166.4300 -169.5200 5 490 73.7700 -165.1000
2.3013307391e+000 -2.3515819729e+000 -1.0961865520e+001
73 53 61
2 6 503 141.5800 -144.0300 5 495 47.1300 -137.8800
2.1230807915e+000 -9.1718696354e-001 -6.3222392115e+000
211 187 86
3 6 523 224.2400 -98.8200 5 500 181.4600 -110.9800 8 775 -89.8800 196.8700
2.1844783424e+000 -7.0358658118e-001 -6.2213947271e+000
162 136 39
2 6 534 234.6500 -76.9400 5 351 194.6800 -91.5300
2.1455498325e+000 -6.7122478345e-001 -6.2948086925e+000
164 169 118
2 6 536 227.9400 -72.7000 5 521 187.7900 -86.4600
2.2257408617e+000 -4.7708480458e-001 -6.1119377928e+000
225 194 63
2 6 543 243.5100 -53.3500 5 366 207.0400 -69.7100
2.2257408617e+000 -4.7708480458e-001 -6.1119377928e+000
225 194 63
2 6 544 243.5100 -53.3500 5 367 207.0400 -69.7100
1.4170372942e+000 2.0810454687e-001 -5.5428492014e+000
75 11 12
2 6 579 170.4900 24.9200 5 388 164.3600 9.0900
-4.6144767070e-001 2.4589523405e-001 -4.5891309025e+000
226 174 184
3 6 585 -78.5500 37.1400 5 820 -44.1600 34.6200 8 694 107.0500 110.9200
-7.9198638697e-001 3.7026873627e-001 -4.6191766541e+000
245 237 249
2 6 592 -127.4400 55.6100 5 408 -96.3500 60.1700
2.4726392501e+000 -3.4392214719e+000 -1.0466159053e+001
51 47 63
3 6 674 157.4100 -219.5200 5 470 59.3100 -212.6100 8 1084 15.7000 194.6700
2.9526582627e+000 -2.9700268376e+000 -9.1670100854e+000
104 99 117
2 6 677 213.5000 -216.1100 5 469 122.2600 -212.8600
2.8944782894e+000 -2.9756436238e+000 -9.3271938500e+000
115 100 121
2 6 681 205.9700 -213.0800 5 643 114.2200 -209.2800
2.7584740863e+000 -3.0669887936e+000 -9.6813561632e+000
32 30 45
3 6 683 189.5700 -211.6800 5 644 96.0100 -207.0400 8 1109 -15.3900 205.0700
2.6151059636e+000 -3.1457993863e+000 -1.0169332298e+001
115 109 126
2 6 694 171.4500 -207.0500 5 649 75.7900 -201.0300
2.3347329875e+000 -3.2591059823e+000 -1.0900435470e+001
113 109 127
2 6 701 143.3200 -200.1100 5 658 44.4600 -192.8200
2.3811368438e+000 -2.7900946974e+000 -1.0719400137e+001
116 108 123
2 6 732 149.1200 -174.5800 5 669 53.3600 -168.3800
2.4980199608e+000 -2.4313720786e+000 -1.0263138488e+001
112 104 121
2 6 755 163.5200 -159.0100 5 679 71.5900 -154.6400
2.0354717451e+000 -1.9964395045e+000 -1.1586604338e+001
107 91 101
2 6 787 119.0700 -115.3400 5 714 23.9400 -108.0400
2.0354717451e+000 -1.9964395045e+000 -1.1586604338e+001
107 91 101
2 6 788 119.0700 -115.3400 5 715 23.9400 -108.0400
2.4925085823e+000 -5.5052399626e-001 -5.4120042737e+000
208 105 132
2 6 804 305.2800 -69.6600 5 727 274.2300 -92.0300
2.4925085823e+000 -5.5052399626e-001 -5.4120042737e+000
208 105 132
2 6 805 305.2800 -69.6600 5 728 274.2300 -92.0300
2.5010140985e+000 -5.0301382612e-001 -5.4025395830e+000
209 98 134
2 6 808 306.9000 -63.8800 5 730 276.3900 -86.7300
2.5158139179e+000 -4.2730370970e-001 -5.3929591869e+000
208 95 122
2 6 810 309.3400 -54.4800 5 738 279.5500 -78.2400
2.2478201697e+000 -4.3481344406e-001 -6.0617022984e+000
167 135 16
2 6 816 247.9200 -49.0700 5 747 212.3500 -66.1400
2.2681381412e+000 -2.1176234822e-002 -6.0061318739e+000
167 136 16
2 6 847 252.8200 -2.5500 5 788 222.2600 -22.5800
2.2681381412e+000 -2.1176234822e-002 -6.0061318739e+000
167 136 16
2 6 848 252.8200 -2.5500 5 790 222.2600 -22.5800
9.1848576727e-001 2.6689297373e-002 -5.6176254673e+000
223 194 208
2 6 852 107.3600 3.3500 5 806 101.9300 -8.2100
2.4619405068e+000 8.6098507964e-002 -5.4906201862e+000
184 158 92
2 6 855 298.5300 9.9700 5 796 274.3400 -16.9700
2.2387320453e-001 6.4600163026e-001 -5.3862034034e+000
187 156 176
2 6 910 22.5700 83.7300 5 860 34.5600 79.4900
-6.7396945110e-001 8.8344281837e-001 -4.6178845418e+000
132 93 111
2 6 952 -109.2200 132.7700 5 884 -69.1100 141.4500
-2.4559620023e+000 3.0952087533e+000 -1.1901738693e+001
91 86 95
2 6 961 -139.8100 179.4700 5 627 -217.0500 222.2400
-2.4559620023e+000 3.0952087533e+000 -1.1901738693e+001
91 86 95
2 6 962 -139.8100 179.4700 5 628 -217.0500 222.2400
2.0809244914e+000 5.0148719910e-001 -6.3200167555e+000
149 88 70
2 7 25 230.1000 4.0700 5 29 193.5700 35.9600
-4.0166257783e-001 -2.9276779262e-001 -5.3104774534e+000
158 131 133
2 7 34 -22.5300 -84.1100 5 27 -58.8100 -39.3200
5.1267285453e-001 1.2827074143e+000 -5.7419801171e+000
18 7 6
2 7 61 90.1500 98.2900 5 84 64.1500 151.3000
-2.4523668945e+000 1.6909337058e+000 -1.2258082426e+001
124 104 114
2 7 90 -134.9400 98.5200 5 83 -224.1700 134.1000
1.8775580416e+000 -1.1036119931e+000 -6.7376364178e+000
217 202 91
2 7 98 185.0900 -143.4100 5 57 138.4200 -119.5900
-4.2310939849e-001 -1.4686101281e-001 -5.0026424453e+000
248 206 217
2 7 136 -24.3400 -71.3400 5 193 -53.3400 -23.7200
1.3397120003e+000 1.2077513788e-001 -5.4521541400e+000
131 25 22
2 7 139 182.7500 -40.8500 5 139 159.4900 -2.5000
-8.5312759155e-001 1.9206662831e-001 -4.6259932231e+000
223 160 169
2 7 142 -81.6300 -29.7100 5 101 -109.1300 31.7500
2.6619117669e-001 7.9819656545e-001 -5.5234212613e+000
231 42 72
2 7 156 62.7000 45.0200 5 109 36.6900 97.9300
1.4147376879e+000 1.2894719268e+000 -5.2806787155e+000
201 144 155
2 7 162 207.1600 97.0300 5 160 191.8400 144.2200
1.1552255185e+000 6.0425560246e-002 -5.4343899951e+000
134 59 62
2 7 198 161.9900 -47.2500 5 199 138.5800 -8.1700
9.8865539973e-001 5.8211187961e-002 -5.5186277164e+000
74 10 10
2 7 199 140.5300 -45.6800 5 98 114.9400 -5.8000
7.7143946819e-001 -2.2349873084e+000 -1.2175601797e+001
150 127 126
2 7 246 29.6200 -123.8200 5 240 -55.1800 -110.7400
2.5246856719e+000 -5.2431039305e-001 -5.3516811958e+000
255 62 100
3 7 247 310.2700 -121.4400 5 246 281.8000 -90.2800 8 394 -172.4700 224.9500
-7.2458596245e-001 2.9611587655e-001 -4.6076780802e+000
217 151 166
2 7 269 -62.8600 -16.4000 5 204 -86.3200 46.8900
1.9088946615e+000 -1.0315370798e+000 -6.7397585269e+000
234 210 88
2 7 353 188.4500 -136.9100 5 345 141.9200 -112.6100
2.1991312553e+000 -6.1010052928e-001 -6.1393352645e+000
243 216 79
3 7 358 239.6900 -110.9700 5 356 201.5800 -83.0900 8 530 -112.6100 182.7700
2.2424359601e+000 -5.1076083651e-001 -6.0790261231e+000
188 157 33
2 7 361 247.1600 -102.1300 5 361 210.0300 -74.0700
2.2424359601e+000 -5.1076083651e-001 -6.0790261231e+000
188 157 33
2 7 362 247.1600 -102.1300 5 362 210.0300 -74.0700
1.2303770011e+000 -3.2168804879e-001 -5.3246896055e+000
195 133 135
2 7 363 171.0000 -94.3800 5 180 148.0700 -58.4500
-9.8436548029e-001 2.5443464398e-001 -4.6823480922e+000
233 171 185
2 7 385 -98.9400 -19.3300 5 398 -130.1500 43.9500
-4.6969038645e-001 3.3440623663e-001 -4.5940054552e+000
187 125 131
3 7 387 -26.5600 -12.9100 5 404 -44.1800 48.9800 8 683 104.3700 98.9900
-5.0740483123e-001 4.0000760006e-001 -4.6023721256e+000
149 90 108
3 7 391 -31.2900 -3.7000 5 409 -49.4600 60.5200 8 503 106.8300 88.5500
-8.5552498923e-001 7.7633910772e-001 -4.5542936331e+000
184 119 134
2 7 424 -78.5400 52.7300 5 437 -99.6200 129.1200
2.1345862168e+000 -8.0081011753e-001 -6.2753338805e+000
240 219 94
3 7 521 226.7700 -126.4400 5 348 186.2700 -100.1000 8 766 -96.1600 190.1900
2.1200242041e+000 -8.1176494267e-001 -6.3323863322e+000
185 193 135
2 7 522 223.0300 -126.0400 5 509 181.9900 -100.1500
2.1200242041e+000 -8.1176494267e-001 -6.3323863322e+000
185 193 135
2 7 523 223.0300 -126.0400 5 510 181.9900 -100.1500
2.2070510310e+000 -7.2284856091e-001 -6.1532247888e+000
197 169 49
3 7 525 238.8900 -121.7000 5 350 200.1000 -94.8600 8 771 -108.8100 191.5100
-8.6031736232e-001 2.2972603793e-001 -4.6567870779e+000
255 216 220
2 7 564 -82.0100 -24.0900 5 395 -110.1100 38.1200
2.6005369684e+000 -2.9924562331e+000 -1.0120449754e+001
140 131 150
2 7 682 152.3400 -204.4000 5 657 76.9800 -192.8100
2.5150193152e+000 -2.6328917234e+000 -1.0285841885e+001
128 115 128
2 7 714 146.3200 -179.3200 5 670 70.8100 -166.9900
2.3616710952e+000 -2.7545309246e+000 -1.0760646190e+001
80 68 82
2 7 719 129.5700 -177.2900 5 671 51.7000 -165.5700
2.3043674628e+000 -2.7457511195e+000 -1.0843280303e+001
84 72 87
2 7 721 125.1800 -175.2700 5 673 46.8900 -163.4200
-1.2228919061e+000 -2.8796220611e+000 -1.3027272542e+001
85 46 56
2 7 755 -77.0100 -140.6600 5 339 -171.6900 -129.6000
2.1881373359e+000 -8.5081725325e-001 -6.1893075502e+000
200 173 44
3 7 763 234.5900 -133.5800 5 504 194.9600 -107.2700 8 1094 -101.3700 199.5500
2.1516724466e+000 -8.3689276184e-001 -6.2562352042e+000
196 170 45
2 7 766 228.6600 -130.5400 5 508 188.3200 -104.2500
1.9399948289e+000 -2.0942490565e+000 -1.1849632980e+001
74 49 49
2 7 776 95.6200 -122.9000 5 502 14.3300 -110.1200
2.2202042868e+000 -3.5215698534e-001 -6.1008954672e+000
206 172 32
3 7 806 245.6500 -85.4700 5 533 208.4700 -56.7500 8 1025 -125.3500 163.8900
-6.7730014768e-001 -2.0586002778e-001 -5.0142694734e+000
250 240 251
2 7 813 -57.4100 -77.4200 5 547 -91.9500 -29.0100
-9.0069575891e-001 -2.2230664029e-001 -5.0349498790e+000
155 201 235
2 7 814 -86.3900 -77.3600 5 776 -125.5900 -28.8100
-9.0906710459e-001 -1.7616887889e-001 -4.9891075733e+000
119 141 190
2 7 816 -87.7000 -72.3500 5 377 -125.9800 -22.4700
1.2383258148e+000 -9.3845419089e-002 -5.3319238098e+000
236 173 181
2 7 822 173.7200 -67.4900 5 775 151.6600 -29.4900
-4.3584930767e-001 -3.4036031536e-002 -4.7594495117e+000
255 209 215
2 7 827 -24.8700 -61.3800 5 563 -48.2800 -9.4100
9.0981650737e-001 1.3289617251e-001 -5.6884906395e+000
150 41 66
2 7 854 127.5400 -34.4800 5 815 99.0300 5.3500
-6.5093107518e-001 3.7089487601e-001 -4.6111606605e+000
202 131 146
3 7 874 -51.9000 -6.3400 5 839 -73.1900 57.8700 8 677 128.3000 86.3400
3.5283145177e-001 6.2261635859e-001 -5.3686855854e+000
153 104 124
2 7 910 74.0900 23.9000 5 851 51.4400 74.4900
3.6692217962e-001 6.4686030974e-001 -5.3800641002e+000
247 224 229
2 7 916 75.7700 26.7100 5 601 53.0600 77.4600
-1.0294559158e+000 7.8783385621e-001 -4.5951791424e+000
249 196 203
2 7 951 -102.9000 55.6400 5 883 -128.8200 133.4600
9.0640651122e-001 5.0128168708e-001 -5.4682076166e+000
215 196 204
2 6 106 108.2300 63.3100 8 177 -55.5200 80.4300
1.8950873455e+000 -3.2214624741e+000 -1.2180606790e+001
53 44 53
2 6 490 104.7400 -177.2200 8 713 52.3600 131.3200
2.5536939236e+000 -3.5012926344e+000 -1.0298570353e+001
111 107 131
2 6 655 164.9600 -226.8300 8 1104 11.1100 203.9400
2.2946595074e+000 -3.4703595496e+000 -1.0969833473e+001
56 46 58
2 6 685 139.7500 -211.5600 8 1053 29.4900 179.0300
5.3524758182e-001 1.0610088257e+000 -5.5855969122e+000
142 34 59
2 6 950 60.6400 131.9500 8 866 -35.3100 3.9600
4.9669738602e-001 1.0685364379e+000 -5.5789210573e+000
140 30 54
2 6 953 55.8200 133.0000 8 863 -31.7100 2.0000
1.4443383382e-001 8.8107936540e-001 -5.5555621885e+000
238 44 79
2 7 37 48.5500 56.1300 8 37 15.3000 11.3600
1.6258555597e+000 2.8823105851e+000 -7.3235774645e+000
141 135 154
2 7 66 169.3200 220.8800 8 60 -151.9100 -166.6100
-1.9199657505e+000 1.9915620860e+000 -1.1601540105e+001
121 100 115
2 7 166 -108.9200 117.9400 8 103 167.9300 -199.9600
-2.2022262190e-002 7.4620277460e-001 -5.4656325026e+000
107 3 7
2 7 215 28.7000 41.2400 8 163 38.0400 23.9000
-2.8325668909e+000 1.0259840030e+000 -1.2507655124e+001
116 95 104
2 7 216 -155.4200 62.6700 8 143 231.9400 -162.9700
1.3021855714e+000 1.0269868853e+000 -5.8299403785e+000
215 42 64
2 7 217 172.3300 63.6000 8 164 -105.7300 24.3600
5.5185688793e-002 1.2676119636e+000 -5.7601145452e+000
181 26 39
2 7 224 38.3700 100.2600 8 152 13.4100 -40.9700
1.4036520601e-001 5.5747609003e-001 -5.3754355227e+000
104 39 63
2 7 280 48.4300 17.4500 8 229 26.0600 54.2700
8.5351181236e-001 6.9526645780e-001 -5.5635380646e+000
234 44 79
2 7 289 128.5300 29.4000 8 485 -54.7800 54.5000
4.2595315597e-001 8.6253202418e-001 -5.5422479705e+000
181 35 56
2 7 297 81.3000 51.9800 8 320 -15.8600 23.5100
5.7812568367e-001 1.0742764778e+000 -5.5823419876e+000
188 28 41
2 7 300 99.0600 75.3600 8 315 -40.9000 4.0700
6.0786852578e-001 1.6591896723e+000 -5.8558115848e+000
96 5 3
2 7 320 100.5200 138.8200 8 203 -60.5200 -66.1000
2.6312674754e+000 -3.3456343861e+000 -1.0093202670e+001
128 117 138
2 7 329 152.8000 -226.2300 8 543 1.7900 203.8500
1.1292959749e+000 -2.9475114950e-001 -5.3372531643e+000
244 181 189
2 7 364 158.9500 -90.7100 8 527 -48.7100 174.0200
2.0392640305e-001 5.3993317896e-001 -5.3813379245e+000
150 99 104
2 7 399 55.7000 14.8700 8 488 19.3900 58.0600
1.5212176122e+000 1.2560171929e+000 -5.2767016065e+000
185 130 132
2 7 432 219.1900 91.8800 8 467 -160.1800 27.0500
1.4325085013e-001 1.2130388997e+000 -5.6319784001e+000
116 3 7
2 7 433 49.0800 94.3500 8 311 2.7000 -28.2600
5.1633614740e-001 1.3768414096e+000 -5.8154851835e+000
179 29 36
2 7 436 89.5400 108.5400 8 447 -40.2800 -37.8500
-3.4085587192e-001 1.7262467120e+000 -9.5396676051e+000
6 6 4
2 7 438 -14.9800 110.0400 8 424 71.0400 -142.2300
6.5331840055e-001 1.6470703426e+000 -5.8255806170e+000
211 40 57
2 7 443 106.0200 137.5600 8 445 -65.7800 -62.4800
1.3057608736e+000 2.5001638128e+000 -7.9805040978e+000
19 14 17
2 7 451 126.7700 178.1100 8 294 -94.3900 -147.6300
1.6461744132e+000 -4.6032422463e+000 -1.2986438620e+001
92 88 103
2 7 466 61.9300 -230.2400 8 740 88.4300 168.0500
2.0810861293e+000 -3.9351059868e+000 -1.1645524506e+001
117 113 130
2 7 469 98.0600 -224.2800 8 753 52.5500 178.8400
2.0296917625e+000 -3.2819453770e+000 -1.1737134157e+001
74 62 78
2 7 486 97.0600 -188.1500 8 727 44.5400 146.4700
2.0296917625e+000 -3.2819453770e+000 -1.1737134157e+001
74 62 78
2 7 487 97.0600 -188.1500 8 726 44.5400 146.4700
2.2020306241e+000 -5.5728630585e-001 -6.1388756780e+000
246 219 83
2 7 529 240.4300 -105.6200 8 752 -114.9500 178.5800
-4.8778838373e-001 3.1444846252e-001 -4.5873647593e+000
247 197 208
2 7 568 -29.3000 -15.7500 8 685 107.7400 101.2400
4.6780292940e-001 8.5282662165e-001 -5.5613547807e+000
231 195 215
2 7 595 85.6800 50.5000 8 638 -19.6500 25.2700
-3.3754665225e-001 1.6682775184e+000 -9.5638886124e+000
72 59 60
2 7 606 -15.2100 105.7200 8 576 72.1300 -138.2100
-6.3258622246e-001 1.7258006440e+000 -1.0125672196e+001
14 12 15
2 7 607 -35.3100 107.0500 8 573 93.2400 -152.0100
1.6070240349e+000 2.4000106153e+000 -7.4351800426e+000
114 95 81
2 7 628 162.9900 176.8200 8 579 -130.3200 -126.1500
2.6199042440e+000 -3.3892082612e+000 -1.0163315431e+001
124 118 149
2 7 654 150.7100 -227.1600 8 1102 3.9400 203.5900
2.8653157799e+000 -3.0394128276e+000 -9.4089558418e+000
142 138 159
2 7 659 181.7000 -224.1700 8 1135 -25.4300 214.3000
1.7952233647e+000 -4.2619889359e+000 -1.2529880997e+001
107 103 120
2 7 662 73.7500 -222.8800 8 1031 75.0700 166.7500
2.2916487602e+000 -3.2281116848e+000 -1.0991173821e+001
116 110 129
2 7 687 120.2400 -199.6900 8 1032 25.2400 166.9500
1.8242884328e+000 -3.1717529489e+000 -1.2311482831e+001
110 102 119
2 7 728 81.0800 -172.4500 8 979 55.6000 125.2100
-8.7893857155e-001 2.9560405862e-001 -4.6320366165e+000
229 166 184
2 7 866 -84.3800 -15.0300 8 950 163.7500 86.0900
-5.0879418129e-001 4.2883691076e-001 -4.6312312729e+000
196 138 152
2 7 881 -31.3200 0.9600 8 946 105.8800 83.1800
-6.5498653991e-001 6.7061522060e-001 -4.5450938672e+000
198 130 142
2 7 933 -50.5400 36.0100 8 915 115.5600 49.9900
-9.2387535984e-001 7.0668779795e-001 -4.5301003947e+000
195 122 141
2 7 941 -89.0300 43.3100 8 645 153.5800 34.4400
-7.3962054237e-001 7.3030126332e-001 -4.5337127869e+000
218 164 175
2 7 943 -62.2500 45.2900 8 648 125.2700 38.8600
4.5688367569e-001 9.0949162580e-001 -5.5574958580e+000
234 151 171
2 7 952 84.8600 57.2200 8 887 -20.9300 18.8600
5.8501265601e-001 1.0545002093e+000 -5.5853779197e+000
159 29 51
2 7 962 99.9700 73.1200 8 622 -40.3900 6.4000
4.0563915557e-001 1.0410286260e+000 -5.5673517016e+000
243 209 229
2 7 963 79.6100 72.9600 8 864 -20.5700 2.2900
4.4791617980e-001 1.0555727608e+000 -5.5725567362e+000
225 203 227
2 7 966 84.3800 74.2800 8 862 -25.8500 1.9700
1.2018418323e-001 1.6032026767e+000 -5.8701111760e+000
127 2 0
2 7 985 45.9100 136.0100 8 606 -5.7500 -78.3500
2.5240888120e+000 -2.6299190124e-001 -5.3189167318e+000
227 157 174
2 5 123 287.8800 -60.4400 8 272 -185.1600 203.5400
2.5240888120e+000 -2.6299190124e-001 -5.3189167318e+000
227 157 174
2 5 124 287.8800 -60.4400 8 271 -185.1600 203.5400
2.5958698502e+000 -2.0501228262e-001 -5.4839794119e+000
217 37 44
2 5 127 283.4300 -51.5900 8 266 -187.3700 190.8100
2.5494241369e+000 -3.1570647641e-001 -5.2813178201e+000
213 37 57
2 5 177 292.1400 -67.4100 8 277 -186.9400 211.1000
2.5588553176e+000 -2.3526235454e-001 -5.2556348922e+000
215 38 58
2 5 179 296.1500 -58.3800 8 386 -192.4200 205.4600
2.5290100774e+000 -1.7685182826e-001 -5.2830880503e+000
221 180 190
2 5 182 292.0500 -50.8300 8 268 -191.0900 197.9200
2.5067734663e+000 -3.7115400996e-002 -5.3022264447e+000
214 39 52
2 5 188 290.5200 -33.8500 8 261 -194.3000 183.4300
2.5659203007e+000 1.3990685594e-001 -5.1879776628e+000
220 188 205
2 5 197 307.1500 -14.3700 8 369 -213.0900 174.4800
2.5799448330e+000 -1.8428515197e-001 -5.1743876460e+000
210 98 45
2 5 254 305.0800 -53.7100 8 544 -200.2500 205.9400
-3.0532868171e+000 -5.5632070804e-001 -1.4815287471e+001
103 100 125
2 5 272 -251.5100 9.5900 8 597 245.4600 -98.1300
-6.8472640095e-001 6.6229601129e-001 -4.5378200516e+000
220 166 180
2 5 294 -72.7500 107.1800 8 333 120.3000 50.2400
2.8021455957e+000 -2.9759007030e+000 -9.6473608223e+000
87 79 92
2 5 328 100.7500 -202.1300 8 780 -19.7800 201.8400
2.1431761203e+000 -9.7616942285e-001 -6.1988699012e+000
175 148 39
2 5 343 188.7800 -119.8600 8 785 -92.8500 208.1400
2.1821468609e+000 -6.3655495179e-001 -6.2084639786e+000
162 134 36
2 5 355 196.0000 -84.5800 8 757 -108.1700 181.2200
2.2172063055e+000 -5.1460044927e-001 -6.1174039988e+000
213 182 65
2 5 363 205.4600 -73.5500 8 528 -118.4700 176.4500
2.5673519646e+000 -3.1676170110e-001 -5.2039243277e+000
218 37 51
2 5 368 299.8000 -69.0300 8 795 -191.7200 216.0200
-3.0697260399e+000 -5.8661886722e-001 -1.4979902347e+001
105 101 122
2 5 387 -251.0700 8.5100 8 598 245.4600 -98.1300
2.1668476844e+000 5.4143300850e-001 -6.2328160792e+000
135 83 24
2 5 396 206.4100 39.4200 8 495 -150.3700 79.8300
-2.2603531569e+000 3.9395398674e-001 -1.2226259807e+001
30 22 27
2 5 406 -219.9200 55.7000 8 430 212.6200 -115.9500
-2.2603531569e+000 3.9395398674e-001 -1.2226259807e+001
30 22 27
2 5 407 -219.9200 55.7000 8 429 212.6200 -115.9500
4.1982368839e-001 1.1243888834e+000 -5.5793788621e+000
205 168 181
2 5 439 57.8200 135.8900 8 617 -25.3200 -6.8900
4.1982368839e-001 1.1243888834e+000 -5.5793788621e+000
205 168 181
2 5 440 57.8200 135.8900 8 618 -25.3200 -6.8900
9.7412593697e-001 1.6204307172e+000 -5.6977463417e+000
144 21 29
2 5 452 122.4700 184.3200 8 612 -102.6700 -44.8000
2.7171446354e+000 -3.4882848532e+000 -9.8551109223e+000
56 54 64
2 5 457 86.3600 -229.8200 8 1146 -2.3800 219.8100
2.1987345240e+000 -7.6989132973e-001 -6.1617966674e+000
159 131 35
2 5 511 198.3300 -99.4400 8 1086 -106.0900 194.6700
2.1987345240e+000 -7.6989132973e-001 -6.1617966674e+000
159 131 35
2 5 512 198.3300 -99.4400 8 1085 -106.0900 194.6700
2.2375722899e+000 -4.7302273184e-001 -6.0647359373e+000
172 142 32
2 5 529 210.7000 -70.1200 8 1049 -123.4600 176.0300
2.5528885790e+000 -6.1454466390e-002 -5.2300414239e+000
221 186 200
2 5 541 299.7800 -37.9700 8 1077 -200.9400 190.8700
2.5551995445e+000 -1.5733546538e-002 -5.2102746882e+000
228 178 201
2 5 544 302.1700 -32.7600 8 1070 -204.0900 187.7500
2.5297162401e+000 1.2656678861e-002 -5.2834096211e+000
229 167 175
2 5 548 294.7300 -28.3300 8 1058 -199.5300 180.3900
2.5297162401e+000 1.2656678861e-002 -5.2834096211e+000
229 167 175
2 5 549 294.7300 -28.3300 8 1057 -199.5300 180.3900
2.5708364327e+000 1.7297701187e-001 -5.1694114797e+000
208 42 65
2 5 560 309.3500 -10.5600 8 1045 -216.1100 172.5400
2.5808735630e+000 2.6961371590e-001 -5.1439887977e+000
190 71 99
2 5 568 313.6400 0.8600 8 1028 -222.7000 164.8400
2.5808735630e+000 2.6961371590e-001 -5.1439887977e+000
190 71 99
2 5 569 313.6400 0.8600 8 1029 -222.7000 164.8400
-8.7800729308e-001 2.7266359995e-001 -4.6332266023e+000
230 170 184
2 5 586 -112.2400 45.4400 8 952 164.3800 89.0600
-1.8898564350e+000 5.5987143198e-001 -1.1659036015e+001
39 29 37
2 5 595 -198.9300 64.7400 8 587 192.2600 -114.6100
-1.8898564350e+000 5.5987143198e-001 -1.1659036015e+001
39 29 37
2 5 596 -198.9300 64.7400 8 586 192.2600 -114.6100
-7.3178062979e-001 4.4497112678e-001 -4.5856397773e+000
166 140 175
2 5 597 -84.8400 71.5400 8 669 136.6100 74.9300
-1.0587282808e+000 6.2630210688e-001 -4.5579324331e+000
177 111 130
2 5 608 -136.4200 107.9200 8 647 176.6000 38.4600
3.6971252687e-001 9.0566880748e-001 -5.5438222905e+000
147 25 40
2 5 609 50.2900 109.4700 8 885 -11.5600 16.8000
3.9760949179e-001 9.1966539966e-001 -5.5492851058e+000
183 112 129
2 5 611 53.8000 110.7300 8 882 -14.9900 15.9700
5.7037278601e-001 1.0009699555e+000 -5.5772134365e+000
132 8 22
2 5 613 74.9800 117.8300 8 627 -36.2800 11.8200
2.7934619013e+000 -2.8942681923e+000 -9.5521144962e+000
41 31 41
2 5 652 102.5400 -198.8700 8 1097 -22.8300 200.9800
2.1576205840e+000 -8.9651586985e-001 -6.2499265632e+000
205 177 65
2 5 713 188.4300 -110.5400 8 1093 -95.6000 199.5400
2.5338820520e+000 -2.8351149003e-001 -5.3038011590e+000
234 185 202
2 5 748 289.4100 -63.1300 8 1111 -186.0200 206.5900
2.5261867555e+000 -1.8942200381e-001 -5.3115724553e+000
230 182 190
2 5 756 289.4200 -51.8600 8 1089 -189.1200 197.4400
2.5472861439e+000 -3.3631029549e-002 -5.2425930764e+000
190 82 110
2 5 770 298.7900 -34.4600 8 1069 -200.9900 187.3900
2.5472861439e+000 -3.3631029549e-002 -5.2425930764e+000
190 82 110
2 5 771 298.7900 -34.4600 8 1068 -200.9900 187.3900
2.5793293286e+000 1.9260753644e-001 -5.1380959437e+000
250 156 168
2 5 804 312.9300 -8.5300 8 1047 -219.2900 172.5500
2.5793293286e+000 1.9260753644e-001 -5.1380959437e+000
250 156 168
2 5 805 312.9300 -8.5300 8 1046 -219.2900 172.5500
